 --- BIN FILE READ: SEQFULL_clean
  12306 INCLUDE 'SEQFULL_clean';
  12307   PROCEDURE BETAFUNC;
  12308     VARIABLE WHERE 100;
  12309     VARIABLE GAMMA 1;
  12310     VARIABLE RFFLAG 1;
  12311     VARIABLE NSEQ 1;
  12312     VARIABLE VRF 1 1 1;
  12313     VARIABLE FREQ 1;
  12314     VARIABLE HNUM 1;
  12315     VARIABLE RFFLAG 1;
  12316     VARIABLE KS 1 2;
  12317     VARIABLE X 1 2;
  12318     VARIABLE XS 1 2;
  12319     VARIABLE MAPPARAMS 1 6;
  12320     VARIABLE MAPARR 1000 6 1281;
  12321     VARIABLE SPNRARR 1000 3 3 1281;
  12322     VARIABLE F 100 6;
  12323     VARIABLE A 100 2;
  12324     VARIABLE B 100 2;
  12325     VARIABLE G 100 2;
  12326     VARIABLE R 100 2;
  12327     VARIABLE MU 100 2;
  12328     VARIABLE EL 1;
  12329     VARIABLE EL0 1;
  12330     VARIABLE EL1 1;
  12331     VARIABLE PCL 2 2;
  12332     VARIABLE PID 1;
  12333     PROCEDURE PICK INDEX;
  12334       VARIABLE I 1;
  12335       VARIABLE J 1;
  12336       LOOP I 1 TWOND;
  12337         MSC(I) := MAPARR(I, INDEX);
  12338         ENDLOOP;
  12339       LOOP I 1 3;
  12340         LOOP J 1 3;
  12341           SSCR(I,J) := SPNRARR(I,J,INDEX) + 0*DD(1);
  12342           ENDLOOP;
  12343         ENDLOOP;
  12344       ENDPROCEDURE;
  12345     PROCEDURE MAKEMAP FROM TO START;
  12346       VARIABLE J 1;
  12347       WRITE 6 '* '&ST(START);
  12348       LMAPS START MAPARR SPNRARR; %LMAPS:10018
  12349       LOOP J (START+1) TO;
  12350         WRITE 6 '**       '&ST(J);
  12351         PICK J; %PICK:12333
  12352         LOCSET 0 0 0 0 0 0; %LOCSET: 1059
  12353         UPDATE 1 1; %UPDATE: 1206
  12354         ENDLOOP;
  12355       LOOP J FROM (START-1);
  12356         WRITE 6 '**       '&ST(J);
  12357         PICK J; %PICK:12333
  12358         LOCSET 0 0 0 0 0 0; %LOCSET: 1059
  12359         UPDATE 1 1; %UPDATE: 1206
  12360         ENDLOOP;
  12361       ENDPROCEDURE;
  12362     GAMMA := 1.14;
  12363     RFFLAG := 1;
  12364     NSEQ := 586;
  12365     GROUTF 'img/dump/TR' 1;
  12366     OV 3 2 0; %OV:  914
  12367     SET_FOR_DEUTERONS GAMMA; %SET_FOR_DEUTERONS:10482
  12368     LATTICE MAPPARAMS MAPARR SPNRARR; %LATTICE:10501
  12369     IF RFFLAG=1;
  12370       UM; %UM: 1433
  12371       RF VRF 0 FREQ 0 0.05; %RF: 8653
  12372       INSERT 1 MAPARR SPNRARR NSEQ; %INSERT:10145
  12373       NSEQ := NSEQ + 1;
  12374       ENDIF;
  12375     EL0 := 1;
  12376     EL1 := NSEQ;
  12377     OPENF 3617 'BETA.dat' 'REPLACE';
  12378     OPENF 3618 'MU.dat' 'REPLACE';
  12379     WRITE 3617 '# EL BX-RE BX-IM BY-RE BY-IM';
  12380     LOOP EL EL0 EL1;
  12381       MAKEMAP EL0 EL1 EL; %MAKEMAP:12345
  12382       OPENF 935 'MAP'&MRK(EL) 'REPLACE'; %MRK: 9679
  12383       PM 935; %PM: 1519
  12384       CLOSEF 935;
  12385       GT MAP F MU A B G R; %GT: 3588
  12386       B(1) := CM(CONS(B(1)));
  12387       B(2) := CM(CONS(B(2)));
  12388       MU(1) := CM(CONS(MU(1)));
  12389       MU(2) := CM(CONS(MU(2)));
  12390       WRITE 3617 SF(EL,'(I6)')&SF(B(1)|1,'(E15.7)')&SF(B(1)|2,'(E15.7)
                  ')&SF(B(2)|1,'(E15.7)')&SF(B(2)|2,'(E15.7)'); %SF:  230 %SF:
                    230 %SF:  230 %SF:  230 %SF:  230
  12391       WRITE 3618 SF(EL,'(I6)')&SF(MU(1)|1,'(E15.7)')&SF(MU(1)|2,'(E15.
                  7)')&SF(MU(2)|1,'(E15.7)')&SF(MU(2)|2,'(E15.7)'); %SF:  230 
                  %SF:  230 %SF:  230 %SF:  230 %SF:  230
  12392       ENDLOOP;
  12393     CLOSEF 3617;
  12394     CLOSEF 3618;
  12395     ENDPROCEDURE;
  12396   PROCEDURE RUN;
  12397     BETAFUNC; %BETAFUNC:12307
  12398     ENDPROCEDURE;
  12399   RUN; %RUN:12396
