 --- BIN FILE READ: elements
  10454 INCLUDE 'elements';
  10455   FUNCTION FACCLEN DUMMY;
  10456     FACCLEN := 503;
  10457     ENDFUNCTION;
  10458   FUNCTION FEKIN MOM         RESTMASS      ;
  10459     FEKIN := SQRT(SQR(MOM) + SQR(RESTMASS)) - RESTMASS;
  10460     ENDFUNCTION;
  10461   FUNCTION FMOM EKIN       RESTMASS      ;
  10462     FMOM := SQRT(SQR(EKIN)+2*EKIN*RESTMASS);
  10463     ENDFUNCTION;
  10464   PROCEDURE SET_FOR_PROTONS Y;
  10465     VARIABLE RESTMASSAMU 1;
  10466     VARIABLE RESTMASSMEV 1;
  10467     VARIABLE EKIN 1;
  10468     VARIABLE GAMMA 1;
  10469     VARIABLE BETA 1;
  10470     GAMMA := Y;
  10471     RESTMASSAMU := 1.00728;
  10472     RESTMASSMEV := RESTMASSAMU*AMUMEV;
  10473     BETA := SQRT(GAMMA*GAMMA - 1)/GAMMA;
  10474     EKIN := (GAMMA-1)*RESTMASSMEV;
  10475     RP EKIN RESTMASSAMU 1; %RP: 6282
  10476     RPS 1 1.792847; %RPS: 6359
  10477     WRITE 6 '++++++++++ SETTING UP FOR PROTONS:';
  10478     WRITE 6 'EKIN [MeV]          GAMMA          BETA';
  10479     WRITE 6 SF(EKIN, '(F15.7)')&SF(GAMMA, '(F15.7)')&SF(BETA, '(F15.7)
                  '); %SF:  230 %SF:  230 %SF:  230
  10480     WRITE 6 '+++++++++++++++++++++++++++++++++++';
  10481     ENDPROCEDURE;
  10482   PROCEDURE SET_FOR_DEUTERONS Y;
  10483     VARIABLE RESTMASSAMU 1;
  10484     VARIABLE RESTMASSMEV 1;
  10485     VARIABLE EKIN 1;
  10486     VARIABLE GAMMA 1;
  10487     VARIABLE BETA 1;
  10488     GAMMA := Y;
  10489     RESTMASSAMU := 2.01410;
  10490     RESTMASSMEV := RESTMASSAMU*AMUMEV;
  10491     BETA := SQRT(GAMMA*GAMMA - 1)/GAMMA;
  10492     EKIN := (GAMMA-1)*RESTMASSMEV;
  10493     RP EKIN RESTMASSAMU 1; %RP: 6282
  10494     RPS 1 -.142987; %RPS: 6359
  10495     WRITE 6 '++++++++++ SETTING UP FOR DEUTERONS:';
  10496     WRITE 6 'EKIN [MeV]          GAMMA          BETA';
  10497     WRITE 6 SF(EKIN, '(F15.7)')&SF(GAMMA, '(F15.7)')&SF(BETA, '(F15.7)
                  '); %SF:  230 %SF:  230 %SF:  230
  10498     WRITE 6 '+++++++++++++++++++++++++++++++++++';
  10499     ENDPROCEDURE;
 --- BIN FILE WRITTEN: header
  10500   SAVE 'header';
