 --- BIN FILE READ: header
  10500 INCLUDE 'header';
  10501   PROCEDURE LATTICE MAPPARAMS MAPARR SPNRARR ;
  10502     VARIABLE MB2LMARR 1 3;
  10503     VARIABLE NMB2LMARR 1;
  10504     VARIABLE MCQ0MARR 1 2;
  10505     VARIABLE NMCQ0MARR 1;
  10506     VARIABLE MCS0MARR 1 3;
  10507     VARIABLE NMCS0MARR 1;
  10508     VARIABLE MCS1MARR 1 3;
  10509     VARIABLE NMCS1MARR 1;
  10510     VARIABLE MCS2MARR 1 3;
  10511     VARIABLE NMCS2MARR 1;
  10512     VARIABLE MCO0MARR 1 4;
  10513     VARIABLE NMCO0MARR 1;
  10514     VARIABLE MCO3MARR 1 4;
  10515     VARIABLE NMCO3MARR 1;
  10516     VARIABLE BBE 1;
  10517     BBE := 0.695;
  10518     MB2LMARR(1) := 0;
  10519     MB2LMARR(2) := 0;
  10520     MB2LMARR(3) := 0;
  10521     NMB2LMARR := 3;
  10522     MCQ0MARR(1) := 0;
  10523     MCQ0MARR(2) := 0;
  10524     NMCQ0MARR := 2;
  10525     MCS0MARR(1) := 0;
  10526     MCS0MARR(2) := 0;
  10527     MCS0MARR(3) := 0;
  10528     NMCS0MARR := 3;
  10529     MCS1MARR(1) := 0;
  10530     MCS1MARR(2) := 0;
  10531     MCS1MARR(3) := -0.8199998015;
  10532     NMCS1MARR := 3;
  10533     MCS2MARR(1) := 0;
  10534     MCS2MARR(2) := 0;
  10535     MCS2MARR(3) := 0.4400000434;
  10536     NMCS2MARR := 3;
  10537     MCO0MARR(1) := 0;
  10538     MCO0MARR(2) := 0;
  10539     MCO0MARR(3) := 0;
  10540     MCO0MARR(4) := 0;
  10541     NMCO0MARR := 4;
  10542     MCO3MARR(1) := 0;
  10543     MCO3MARR(2) := 0;
  10544     MCO3MARR(3) := 0;
  10545     MCO3MARR(4) := 4.000008775;
  10546     NMCO3MARR := 4;
  10547     UM; %UM: 1433
  10548     QUAD 0.69 0 0.3171374291 ; %QUAD:10214
  10549     SMAPS 1 MAPARR SPNRARR; %SMAPS:10006
  10550     UM; %UM: 1433
  10551     DL 0.1 ; %DL: 6515
  10552     SMAPS 2 MAPARR SPNRARR; %SMAPS:10006
  10553     UM; %UM: 1433
  10554     KICK 0.15 0 0 ; %KICK:10393
  10555     SMAPS 3 MAPARR SPNRARR; %SMAPS:10006
  10556     UM; %UM: 1433
  10557     KICK 0.15 0 0 ; %KICK:10393
  10558     SMAPS 4 MAPARR SPNRARR; %SMAPS:10006
  10559     UM; %UM: 1433
  10560     DL 0.11787 ; %DL: 6515
  10561     SMAPS 5 MAPARR SPNRARR; %SMAPS:10006
  10562     UM; %UM: 1433
  10563     QUAD 0.785 0 -0.226233033 ; %QUAD:10214
  10564     SMAPS 6 MAPARR SPNRARR; %SMAPS:10006
  10565     UM; %UM: 1433
  10566     DL 0.085 ; %DL: 6515
  10567     SMAPS 7 MAPARR SPNRARR; %SMAPS:10006
  10568     UM; %UM: 1433
  10569     DL 0.215 ; %DL: 6515
  10570     SMAPS 8 MAPARR SPNRARR; %SMAPS:10006
  10571     UM; %UM: 1433
  10572     SBEND 1.94 0.07853981588 0 0.03926990817 0.03586152553 0.039269908
                  17 0.03586152553 0.5 0.5 ; %SBEND:10279
  10573     SMAPS 9 MAPARR SPNRARR; %SMAPS:10006
  10574     UM; %UM: 1433
  10575     DL 0.3 ; %DL: 6515
  10576     SMAPS 10 MAPARR SPNRARR; %SMAPS:10006
  10577     UM; %UM: 1433
  10578     SBEND 1.94 0.07853981588 0 0.03926990817 0.03586152553 0.039269908
                  17 0.03586152553 0.5 0.5 ; %SBEND:10279
  10579     SMAPS 11 MAPARR SPNRARR; %SMAPS:10006
  10580     UM; %UM: 1433
  10581     DL 0.3365 ; %DL: 6515
  10582     SMAPS 12 MAPARR SPNRARR; %SMAPS:10006
  10583     UM; %UM: 1433
  10584     KICK 0.15 0 0 ; %KICK:10393
  10585     SMAPS 13 MAPARR SPNRARR; %SMAPS:10006
  10586     UM; %UM: 1433
  10587     KICK 0.15 0 0 ; %KICK:10393
  10588     SMAPS 14 MAPARR SPNRARR; %SMAPS:10006
  10589     UM; %UM: 1433
  10590     DL 0.076 ; %DL: 6515
  10591     SMAPS 15 MAPARR SPNRARR; %SMAPS:10006
  10592     UM; %UM: 1433
  10593     QUAD 0.375 0 0.5001124874 ; %QUAD:10214
  10594     SMAPS 16 MAPARR SPNRARR; %SMAPS:10006
  10595     UM; %UM: 1433
  10596     DL 5.1815 ; %DL: 6515
  10597     SMAPS 17 MAPARR SPNRARR; %SMAPS:10006
  10598     UM; %UM: 1433
  10599     KICK 0.15 0 0 ; %KICK:10393
  10600     SMAPS 18 MAPARR SPNRARR; %SMAPS:10006
  10601     UM; %UM: 1433
  10602     KICK 0.15 0 0 ; %KICK:10393
  10603     SMAPS 19 MAPARR SPNRARR; %SMAPS:10006
  10604     UM; %UM: 1433
  10605     DL 0.076 ; %DL: 6515
  10606     SMAPS 20 MAPARR SPNRARR; %SMAPS:10006
  10607     UM; %UM: 1433
  10608     QUAD 0.235 0 -0.4914664358 ; %QUAD:10214
  10609     SMAPS 21 MAPARR SPNRARR; %SMAPS:10006
  10610     UM; %UM: 1433
  10611     QUAD 0.235 0 -0.4914664358 ; %QUAD:10214
  10612     SMAPS 22 MAPARR SPNRARR; %SMAPS:10006
  10613     UM; %UM: 1433
  10614     DL 5.144 ; %DL: 6515
  10615     SMAPS 23 MAPARR SPNRARR; %SMAPS:10006
  10616     UM; %UM: 1433
  10617     KICK 0.15 0 0 ; %KICK:10393
  10618     SMAPS 24 MAPARR SPNRARR; %SMAPS:10006
  10619     UM; %UM: 1433
  10620     KICK 0.15 0 0 ; %KICK:10393
  10621     SMAPS 25 MAPARR SPNRARR; %SMAPS:10006
  10622     UM; %UM: 1433
  10623     DL 0.076 ; %DL: 6515
  10624     SMAPS 26 MAPARR SPNRARR; %SMAPS:10006
  10625     UM; %UM: 1433
  10626     QUAD 0.45 0 0.5131702161 ; %QUAD:10214
  10627     SMAPS 27 MAPARR SPNRARR; %SMAPS:10006
  10628     UM; %UM: 1433
  10629     DL 0.675 ; %DL: 6515
  10630     SMAPS 28 MAPARR SPNRARR; %SMAPS:10006
  10631     UM; %UM: 1433
  10632     SBEND 1.94 0.07853981588 0 0.03926990817 0.03586152553 0.039269908
                  17 0.03586152553 0.5 0.5 ; %SBEND:10279
  10633     SMAPS 29 MAPARR SPNRARR; %SMAPS:10006
  10634     UM; %UM: 1433
  10635     DL 0.3 ; %DL: 6515
  10636     SMAPS 30 MAPARR SPNRARR; %SMAPS:10006
  10637     UM; %UM: 1433
  10638     SBEND 1.94 0.07853981588 0 0.03926990817 0.03586152553 0.039269908
                  17 0.03586152553 0.5 0.5 ; %SBEND:10279
  10639     SMAPS 31 MAPARR SPNRARR; %SMAPS:10006
  10640     UM; %UM: 1433
  10641     DL 0.289 ; %DL: 6515
  10642     SMAPS 32 MAPARR SPNRARR; %SMAPS:10006
  10643     UM; %UM: 1433
  10644     KICK 0.15 0 0 ; %KICK:10393
  10645     SMAPS 33 MAPARR SPNRARR; %SMAPS:10006
  10646     UM; %UM: 1433
  10647     KICK 0.15 0 0 ; %KICK:10393
  10648     SMAPS 34 MAPARR SPNRARR; %SMAPS:10006
  10649     UM; %UM: 1433
  10650     DL 0.076 ; %DL: 6515
  10651     SMAPS 35 MAPARR SPNRARR; %SMAPS:10006
  10652     UM; %UM: 1433
  10653     QUAD 0.235 0 -0.4914664358 ; %QUAD:10214
  10654     SMAPS 36 MAPARR SPNRARR; %SMAPS:10006
  10655     UM; %UM: 1433
  10656     QUAD 0.235 0 -0.4914664358 ; %QUAD:10214
  10657     SMAPS 37 MAPARR SPNRARR; %SMAPS:10006
  10658     UM; %UM: 1433
  10659     DL 0.665 ; %DL: 6515
  10660     SMAPS 38 MAPARR SPNRARR; %SMAPS:10006
  10661     UM; %UM: 1433
  10662     SBEND 1.94 0.07853981588 0 0.03926990817 0.03586152553 0.039269908
                  17 0.03586152553 0.5 0.5 ; %SBEND:10279
  10663     SMAPS 39 MAPARR SPNRARR; %SMAPS:10006
  10664     UM; %UM: 1433
  10665     DL 0.3 ; %DL: 6515
  10666     SMAPS 40 MAPARR SPNRARR; %SMAPS:10006
  10667     UM; %UM: 1433
  10668     SBEND 1.94 0.07853981588 0 0.03926990817 0.03586152553 0.039269908
                  17 0.03586152553 0.5 0.5 ; %SBEND:10279
  10669     SMAPS 41 MAPARR SPNRARR; %SMAPS:10006
  10670     UM; %UM: 1433
  10671     DL 0.289 ; %DL: 6515
  10672     SMAPS 42 MAPARR SPNRARR; %SMAPS:10006
  10673     UM; %UM: 1433
  10674     KICK 0.15 0 0 ; %KICK:10393
  10675     SMAPS 43 MAPARR SPNRARR; %SMAPS:10006
  10676     UM; %UM: 1433
  10677     KICK 0.15 0 0 ; %KICK:10393
  10678     SMAPS 44 MAPARR SPNRARR; %SMAPS:10006
  10679     UM; %UM: 1433
  10680     DL 0.076 ; %DL: 6515
  10681     SMAPS 45 MAPARR SPNRARR; %SMAPS:10006
  10682     UM; %UM: 1433
  10683     QUAD 0.235 0 0.5110640912 ; %QUAD:10214
  10684     SMAPS 46 MAPARR SPNRARR; %SMAPS:10006
  10685     UM; %UM: 1433
  10686     QUAD 0.235 0 0.5110640912 ; %QUAD:10214
  10687     SMAPS 47 MAPARR SPNRARR; %SMAPS:10006
  10688     UM; %UM: 1433
  10689     DL 0.665 ; %DL: 6515
  10690     SMAPS 48 MAPARR SPNRARR; %SMAPS:10006
  10691     UM; %UM: 1433
  10692     SBEND 1.94 0.07853981588 0 0.03926990817 0.03586152553 0.039269908
                  17 0.03586152553 0.5 0.5 ; %SBEND:10279
  10693     SMAPS 49 MAPARR SPNRARR; %SMAPS:10006
  10694     UM; %UM: 1433
  10695     DL 0.3 ; %DL: 6515
  10696     SMAPS 50 MAPARR SPNRARR; %SMAPS:10006
  10697     UM; %UM: 1433
  10698     SBEND 1.94 0.07853981588 0 0.03926990817 0.03586152553 0.039269908
                  17 0.03586152553 0.5 0.5 ; %SBEND:10279
  10699     SMAPS 51 MAPARR SPNRARR; %SMAPS:10006
  10700     UM; %UM: 1433
  10701     DL 0.289 ; %DL: 6515
  10702     SMAPS 52 MAPARR SPNRARR; %SMAPS:10006
  10703     UM; %UM: 1433
  10704     KICK 0.15 0 0 ; %KICK:10393
  10705     SMAPS 53 MAPARR SPNRARR; %SMAPS:10006
  10706     UM; %UM: 1433
  10707     KICK 0.15 0 0 ; %KICK:10393
  10708     SMAPS 54 MAPARR SPNRARR; %SMAPS:10006
  10709     UM; %UM: 1433
  10710     DL 0.076 ; %DL: 6515
  10711     SMAPS 55 MAPARR SPNRARR; %SMAPS:10006
  10712     UM; %UM: 1433
  10713     QUAD 0.235 0 -0.4914664358 ; %QUAD:10214
  10714     SMAPS 56 MAPARR SPNRARR; %SMAPS:10006
  10715     UM; %UM: 1433
  10716     QUAD 0.235 0 -0.4914664358 ; %QUAD:10214
  10717     SMAPS 57 MAPARR SPNRARR; %SMAPS:10006
  10718     UM; %UM: 1433
  10719     DL 0.665 ; %DL: 6515
  10720     SMAPS 58 MAPARR SPNRARR; %SMAPS:10006
  10721     UM; %UM: 1433
  10722     SBEND 1.94 0.07853981588 0 0.03926990817 0.03586152553 0.039269908
                  17 0.03586152553 0.5 0.5 ; %SBEND:10279
  10723     SMAPS 59 MAPARR SPNRARR; %SMAPS:10006
  10724     UM; %UM: 1433
  10725     DL 0.3 ; %DL: 6515
  10726     SMAPS 60 MAPARR SPNRARR; %SMAPS:10006
  10727     UM; %UM: 1433
  10728     SBEND 1.94 0.07853981588 0 0.03926990817 0.03586152553 0.039269908
                  17 0.03586152553 0.5 0.5 ; %SBEND:10279
  10729     SMAPS 61 MAPARR SPNRARR; %SMAPS:10006
  10730     UM; %UM: 1433
  10731     DL 0.289 ; %DL: 6515
  10732     SMAPS 62 MAPARR SPNRARR; %SMAPS:10006
  10733     UM; %UM: 1433
  10734     KICK 0.15 0 0 ; %KICK:10393
  10735     SMAPS 63 MAPARR SPNRARR; %SMAPS:10006
  10736     UM; %UM: 1433
  10737     KICK 0.15 0 0 ; %KICK:10393
  10738     SMAPS 64 MAPARR SPNRARR; %SMAPS:10006
  10739     UM; %UM: 1433
  10740     DL 0.076 ; %DL: 6515
  10741     SMAPS 65 MAPARR SPNRARR; %SMAPS:10006
  10742     UM; %UM: 1433
  10743     QUAD 0.235 0 0.5110640912 ; %QUAD:10214
  10744     SMAPS 66 MAPARR SPNRARR; %SMAPS:10006
  10745     UM; %UM: 1433
  10746     QUAD 0.235 0 0.5110640912 ; %QUAD:10214
  10747     SMAPS 67 MAPARR SPNRARR; %SMAPS:10006
  10748     UM; %UM: 1433
  10749     DL 0.665 ; %DL: 6515
  10750     SMAPS 68 MAPARR SPNRARR; %SMAPS:10006
  10751     UM; %UM: 1433
  10752     SBEND 1.94 0.07853981588 0 0.03926990817 0.03586152553 0.039269908
                  17 0.03586152553 0.5 0.5 ; %SBEND:10279
  10753     SMAPS 69 MAPARR SPNRARR; %SMAPS:10006
  10754     UM; %UM: 1433
  10755     DL 0.3 ; %DL: 6515
  10756     SMAPS 70 MAPARR SPNRARR; %SMAPS:10006
  10757     UM; %UM: 1433
  10758     SBEND 1.94 0.07853981588 0 0.03926990817 0.03586152553 0.039269908
                  17 0.03586152553 0.5 0.5 ; %SBEND:10279
  10759     SMAPS 71 MAPARR SPNRARR; %SMAPS:10006
  10760     UM; %UM: 1433
  10761     DL 0.289 ; %DL: 6515
  10762     SMAPS 72 MAPARR SPNRARR; %SMAPS:10006
  10763     UM; %UM: 1433
  10764     KICK 0.15 0 0 ; %KICK:10393
  10765     SMAPS 73 MAPARR SPNRARR; %SMAPS:10006
  10766     UM; %UM: 1433
  10767     KICK 0.15 0 0 ; %KICK:10393
  10768     SMAPS 74 MAPARR SPNRARR; %SMAPS:10006
  10769     UM; %UM: 1433
  10770     DL 0.076 ; %DL: 6515
  10771     SMAPS 75 MAPARR SPNRARR; %SMAPS:10006
  10772     UM; %UM: 1433
  10773     QUAD 0.235 0 -0.4914664358 ; %QUAD:10214
  10774     SMAPS 76 MAPARR SPNRARR; %SMAPS:10006
  10775     UM; %UM: 1433
  10776     QUAD 0.235 0 -0.4914664358 ; %QUAD:10214
  10777     SMAPS 77 MAPARR SPNRARR; %SMAPS:10006
  10778     UM; %UM: 1433
  10779     DL 0.665 ; %DL: 6515
  10780     SMAPS 78 MAPARR SPNRARR; %SMAPS:10006
  10781     UM; %UM: 1433
  10782     SBEND 1.94 0.07853981588 0 0.03926990817 0.03586152553 0.039269908
                  17 0.03586152553 0.5 0.5 ; %SBEND:10279
  10783     SMAPS 79 MAPARR SPNRARR; %SMAPS:10006
  10784     UM; %UM: 1433
  10785     DL 0.3 ; %DL: 6515
  10786     SMAPS 80 MAPARR SPNRARR; %SMAPS:10006
  10787     UM; %UM: 1433
  10788     SBEND 1.94 0.07853981588 0 0.03926990817 0.03586152553 0.039269908
                  17 0.03586152553 0.5 0.5 ; %SBEND:10279
  10789     SMAPS 81 MAPARR SPNRARR; %SMAPS:10006
  10790     UM; %UM: 1433
  10791     DL 0.289 ; %DL: 6515
  10792     SMAPS 82 MAPARR SPNRARR; %SMAPS:10006
  10793     UM; %UM: 1433
  10794     KICK 0.15 0 0 ; %KICK:10393
  10795     SMAPS 83 MAPARR SPNRARR; %SMAPS:10006
  10796     UM; %UM: 1433
  10797     KICK 0.15 0 0 ; %KICK:10393
  10798     SMAPS 84 MAPARR SPNRARR; %SMAPS:10006
  10799     UM; %UM: 1433
  10800     DL 0.076 ; %DL: 6515
  10801     SMAPS 85 MAPARR SPNRARR; %SMAPS:10006
  10802     UM; %UM: 1433
  10803     QUAD 0.235 0 0.5110640912 ; %QUAD:10214
  10804     SMAPS 86 MAPARR SPNRARR; %SMAPS:10006
  10805     UM; %UM: 1433
  10806     QUAD 0.235 0 0.5110640912 ; %QUAD:10214
  10807     SMAPS 87 MAPARR SPNRARR; %SMAPS:10006
  10808     UM; %UM: 1433
  10809     DL 0.665 ; %DL: 6515
  10810     SMAPS 88 MAPARR SPNRARR; %SMAPS:10006
  10811     UM; %UM: 1433
  10812     SBEND 1.94 0.07853981588 0 0.03926990817 0.03586152553 0.039269908
                  17 0.03586152553 0.5 0.5 ; %SBEND:10279
  10813     SMAPS 89 MAPARR SPNRARR; %SMAPS:10006
  10814     UM; %UM: 1433
  10815     DL 0.3 ; %DL: 6515
  10816     SMAPS 90 MAPARR SPNRARR; %SMAPS:10006
  10817     UM; %UM: 1433
  10818     SBEND 1.94 0.07853981588 0 0.03926990817 0.03586152553 0.039269908
                  17 0.03586152553 0.5 0.5 ; %SBEND:10279
  10819     SMAPS 91 MAPARR SPNRARR; %SMAPS:10006
  10820     UM; %UM: 1433
  10821     DL 0.289 ; %DL: 6515
  10822     SMAPS 92 MAPARR SPNRARR; %SMAPS:10006
  10823     UM; %UM: 1433
  10824     KICK 0.15 0 0 ; %KICK:10393
  10825     SMAPS 93 MAPARR SPNRARR; %SMAPS:10006
  10826     UM; %UM: 1433
  10827     KICK 0.15 0 0 ; %KICK:10393
  10828     SMAPS 94 MAPARR SPNRARR; %SMAPS:10006
  10829     UM; %UM: 1433
  10830     DL 0.076 ; %DL: 6515
  10831     SMAPS 95 MAPARR SPNRARR; %SMAPS:10006
  10832     UM; %UM: 1433
  10833     QUAD 0.235 0 -0.4914664358 ; %QUAD:10214
  10834     SMAPS 96 MAPARR SPNRARR; %SMAPS:10006
  10835     UM; %UM: 1433
  10836     QUAD 0.235 0 -0.4914664358 ; %QUAD:10214
  10837     SMAPS 97 MAPARR SPNRARR; %SMAPS:10006
  10838     UM; %UM: 1433
  10839     DL 0.665 ; %DL: 6515
  10840     SMAPS 98 MAPARR SPNRARR; %SMAPS:10006
  10841     UM; %UM: 1433
  10842     SBEND 1.94 0.07853981588 0 0.03926990817 0.03586152553 0.039269908
                  17 0.03586152553 0.5 0.5 ; %SBEND:10279
  10843     SMAPS 99 MAPARR SPNRARR; %SMAPS:10006
  10844     UM; %UM: 1433
  10845     DL 0.3 ; %DL: 6515
  10846     SMAPS 100 MAPARR SPNRARR; %SMAPS:10006
  10847     UM; %UM: 1433
  10848     SBEND 1.94 0.07853981588 0 0.03926990817 0.03586152553 0.039269908
                  17 0.03586152553 0.5 0.5 ; %SBEND:10279
  10849     SMAPS 101 MAPARR SPNRARR; %SMAPS:10006
  10850     UM; %UM: 1433
  10851     DL 0.289 ; %DL: 6515
  10852     SMAPS 102 MAPARR SPNRARR; %SMAPS:10006
  10853     UM; %UM: 1433
  10854     KICK 0.15 0 0 ; %KICK:10393
  10855     SMAPS 103 MAPARR SPNRARR; %SMAPS:10006
  10856     UM; %UM: 1433
  10857     KICK 0.15 0 0 ; %KICK:10393
  10858     SMAPS 104 MAPARR SPNRARR; %SMAPS:10006
  10859     UM; %UM: 1433
  10860     DL 0.076 ; %DL: 6515
  10861     SMAPS 105 MAPARR SPNRARR; %SMAPS:10006
  10862     UM; %UM: 1433
  10863     QUAD 0.235 0 0.5110640912 ; %QUAD:10214
  10864     SMAPS 106 MAPARR SPNRARR; %SMAPS:10006
  10865     UM; %UM: 1433
  10866     QUAD 0.235 0 0.5110640912 ; %QUAD:10214
  10867     SMAPS 107 MAPARR SPNRARR; %SMAPS:10006
  10868     UM; %UM: 1433
  10869     DL 0.665 ; %DL: 6515
  10870     SMAPS 108 MAPARR SPNRARR; %SMAPS:10006
  10871     UM; %UM: 1433
  10872     SBEND 1.94 0.07853981588 0 0.03926990817 0.03586152553 0.039269908
                  17 0.03586152553 0.5 0.5 ; %SBEND:10279
  10873     SMAPS 109 MAPARR SPNRARR; %SMAPS:10006
  10874     UM; %UM: 1433
  10875     DL 0.3 ; %DL: 6515
  10876     SMAPS 110 MAPARR SPNRARR; %SMAPS:10006
  10877     UM; %UM: 1433
  10878     SBEND 1.94 0.07853981588 0 0.03926990817 0.03586152553 0.039269908
                  17 0.03586152553 0.5 0.5 ; %SBEND:10279
  10879     SMAPS 111 MAPARR SPNRARR; %SMAPS:10006
  10880     UM; %UM: 1433
  10881     DL 0.289 ; %DL: 6515
  10882     SMAPS 112 MAPARR SPNRARR; %SMAPS:10006
  10883     UM; %UM: 1433
  10884     KICK 0.15 0 0 ; %KICK:10393
  10885     SMAPS 113 MAPARR SPNRARR; %SMAPS:10006
  10886     UM; %UM: 1433
  10887     KICK 0.15 0 0 ; %KICK:10393
  10888     SMAPS 114 MAPARR SPNRARR; %SMAPS:10006
  10889     UM; %UM: 1433
  10890     DL 0.076 ; %DL: 6515
  10891     SMAPS 115 MAPARR SPNRARR; %SMAPS:10006
  10892     UM; %UM: 1433
  10893     QUAD 0.235 0 -0.4914664358 ; %QUAD:10214
  10894     SMAPS 116 MAPARR SPNRARR; %SMAPS:10006
  10895     UM; %UM: 1433
  10896     QUAD 0.235 0 -0.4914664358 ; %QUAD:10214
  10897     SMAPS 117 MAPARR SPNRARR; %SMAPS:10006
  10898     UM; %UM: 1433
  10899     DL 0.665 ; %DL: 6515
  10900     SMAPS 118 MAPARR SPNRARR; %SMAPS:10006
  10901     UM; %UM: 1433
  10902     SBEND 1.94 0.07853981588 0 0.03926990817 0.03586152553 0.039269908
                  17 0.03586152553 0.5 0.5 ; %SBEND:10279
  10903     SMAPS 119 MAPARR SPNRARR; %SMAPS:10006
  10904     UM; %UM: 1433
  10905     DL 0.3 ; %DL: 6515
  10906     SMAPS 120 MAPARR SPNRARR; %SMAPS:10006
  10907     UM; %UM: 1433
  10908     SBEND 1.94 0.07853981588 0 0.03926990817 0.03586152553 0.039269908
                  17 0.03586152553 0.5 0.5 ; %SBEND:10279
  10909     SMAPS 121 MAPARR SPNRARR; %SMAPS:10006
  10910     UM; %UM: 1433
  10911     DL 0.289 ; %DL: 6515
  10912     SMAPS 122 MAPARR SPNRARR; %SMAPS:10006
  10913     UM; %UM: 1433
  10914     KICK 0.15 0 0 ; %KICK:10393
  10915     SMAPS 123 MAPARR SPNRARR; %SMAPS:10006
  10916     UM; %UM: 1433
  10917     KICK 0.15 0 0 ; %KICK:10393
  10918     SMAPS 124 MAPARR SPNRARR; %SMAPS:10006
  10919     UM; %UM: 1433
  10920     DL 0.076 ; %DL: 6515
  10921     SMAPS 125 MAPARR SPNRARR; %SMAPS:10006
  10922     UM; %UM: 1433
  10923     QUAD 0.235 0 0.5110640912 ; %QUAD:10214
  10924     SMAPS 126 MAPARR SPNRARR; %SMAPS:10006
  10925     UM; %UM: 1433
  10926     QUAD 0.235 0 0.5110640912 ; %QUAD:10214
  10927     SMAPS 127 MAPARR SPNRARR; %SMAPS:10006
  10928     UM; %UM: 1433
  10929     DL 0.665 ; %DL: 6515
  10930     SMAPS 128 MAPARR SPNRARR; %SMAPS:10006
  10931     UM; %UM: 1433
  10932     SBEND 1.94 0.07853981588 0 0.03926990817 0.03586152553 0.039269908
                  17 0.03586152553 0.5 0.5 ; %SBEND:10279
  10933     SMAPS 129 MAPARR SPNRARR; %SMAPS:10006
  10934     UM; %UM: 1433
  10935     DL 0.3 ; %DL: 6515
  10936     SMAPS 130 MAPARR SPNRARR; %SMAPS:10006
  10937     UM; %UM: 1433
  10938     SBEND 1.94 0.07853981588 0 0.03926990817 0.03586152553 0.039269908
                  17 0.03586152553 0.5 0.5 ; %SBEND:10279
  10939     SMAPS 131 MAPARR SPNRARR; %SMAPS:10006
  10940     UM; %UM: 1433
  10941     DL 0.289 ; %DL: 6515
  10942     SMAPS 132 MAPARR SPNRARR; %SMAPS:10006
  10943     UM; %UM: 1433
  10944     KICK 0.15 0 0 ; %KICK:10393
  10945     SMAPS 133 MAPARR SPNRARR; %SMAPS:10006
  10946     UM; %UM: 1433
  10947     KICK 0.15 0 0 ; %KICK:10393
  10948     SMAPS 134 MAPARR SPNRARR; %SMAPS:10006
  10949     UM; %UM: 1433
  10950     DL 0.076 ; %DL: 6515
  10951     SMAPS 135 MAPARR SPNRARR; %SMAPS:10006
  10952     UM; %UM: 1433
  10953     QUAD 0.235 0 -0.4914664358 ; %QUAD:10214
  10954     SMAPS 136 MAPARR SPNRARR; %SMAPS:10006
  10955     UM; %UM: 1433
  10956     QUAD 0.235 0 -0.4914664358 ; %QUAD:10214
  10957     SMAPS 137 MAPARR SPNRARR; %SMAPS:10006
  10958     UM; %UM: 1433
  10959     DL 0.665 ; %DL: 6515
  10960     SMAPS 138 MAPARR SPNRARR; %SMAPS:10006
  10961     UM; %UM: 1433
  10962     SBEND 1.94 0.07853981588 0 0.03926990817 0.03586152553 0.039269908
                  17 0.03586152553 0.5 0.5 ; %SBEND:10279
  10963     SMAPS 139 MAPARR SPNRARR; %SMAPS:10006
  10964     UM; %UM: 1433
  10965     DL 0.3 ; %DL: 6515
  10966     SMAPS 140 MAPARR SPNRARR; %SMAPS:10006
  10967     UM; %UM: 1433
  10968     SBEND 1.94 0.07853981588 0 0.03926990817 0.03586152553 0.039269908
                  17 0.03586152553 0.5 0.5 ; %SBEND:10279
  10969     SMAPS 141 MAPARR SPNRARR; %SMAPS:10006
  10970     UM; %UM: 1433
  10971     DL 0.289 ; %DL: 6515
  10972     SMAPS 142 MAPARR SPNRARR; %SMAPS:10006
  10973     UM; %UM: 1433
  10974     KICK 0.15 0 0 ; %KICK:10393
  10975     SMAPS 143 MAPARR SPNRARR; %SMAPS:10006
  10976     UM; %UM: 1433
  10977     KICK 0.15 0 0 ; %KICK:10393
  10978     SMAPS 144 MAPARR SPNRARR; %SMAPS:10006
  10979     UM; %UM: 1433
  10980     DL 0.076 ; %DL: 6515
  10981     SMAPS 145 MAPARR SPNRARR; %SMAPS:10006
  10982     UM; %UM: 1433
  10983     QUAD 0.235 0 0.5110640912 ; %QUAD:10214
  10984     SMAPS 146 MAPARR SPNRARR; %SMAPS:10006
  10985     UM; %UM: 1433
  10986     QUAD 0.235 0 0.5110640912 ; %QUAD:10214
  10987     SMAPS 147 MAPARR SPNRARR; %SMAPS:10006
  10988     UM; %UM: 1433
  10989     DL 0.665 ; %DL: 6515
  10990     SMAPS 148 MAPARR SPNRARR; %SMAPS:10006
  10991     UM; %UM: 1433
  10992     SBEND 1.94 0.07853981588 0 0.03926990817 0.03586152553 0.039269908
                  17 0.03586152553 0.5 0.5 ; %SBEND:10279
  10993     SMAPS 149 MAPARR SPNRARR; %SMAPS:10006
  10994     UM; %UM: 1433
  10995     DL 0.3 ; %DL: 6515
  10996     SMAPS 150 MAPARR SPNRARR; %SMAPS:10006
  10997     UM; %UM: 1433
  10998     SBEND 1.94 0.07853981588 0 0.03926990817 0.03586152553 0.039269908
                  17 0.03586152553 0.5 0.5 ; %SBEND:10279
  10999     SMAPS 151 MAPARR SPNRARR; %SMAPS:10006
  11000     UM; %UM: 1433
  11001     DL 0.289 ; %DL: 6515
  11002     SMAPS 152 MAPARR SPNRARR; %SMAPS:10006
  11003     UM; %UM: 1433
  11004     KICK 0.15 0 0 ; %KICK:10393
  11005     SMAPS 153 MAPARR SPNRARR; %SMAPS:10006
  11006     UM; %UM: 1433
  11007     KICK 0.15 0 0 ; %KICK:10393
  11008     SMAPS 154 MAPARR SPNRARR; %SMAPS:10006
  11009     UM; %UM: 1433
  11010     DL 0.076 ; %DL: 6515
  11011     SMAPS 155 MAPARR SPNRARR; %SMAPS:10006
  11012     UM; %UM: 1433
  11013     QUAD 0.235 0 -0.4914664358 ; %QUAD:10214
  11014     SMAPS 156 MAPARR SPNRARR; %SMAPS:10006
  11015     UM; %UM: 1433
  11016     QUAD 0.235 0 -0.4914664358 ; %QUAD:10214
  11017     SMAPS 157 MAPARR SPNRARR; %SMAPS:10006
  11018     UM; %UM: 1433
  11019     DL 0.665 ; %DL: 6515
  11020     SMAPS 158 MAPARR SPNRARR; %SMAPS:10006
  11021     UM; %UM: 1433
  11022     SBEND 1.94 0.07853981588 0 0.03926990817 0.03586152553 0.039269908
                  17 0.03586152553 0.5 0.5 ; %SBEND:10279
  11023     SMAPS 159 MAPARR SPNRARR; %SMAPS:10006
  11024     UM; %UM: 1433
  11025     DL 0.3 ; %DL: 6515
  11026     SMAPS 160 MAPARR SPNRARR; %SMAPS:10006
  11027     UM; %UM: 1433
  11028     SBEND 1.94 0.07853981588 0 0.03926990817 0.03586152553 0.039269908
                  17 0.03586152553 0.5 0.5 ; %SBEND:10279
  11029     SMAPS 161 MAPARR SPNRARR; %SMAPS:10006
  11030     UM; %UM: 1433
  11031     DL 0.289 ; %DL: 6515
  11032     SMAPS 162 MAPARR SPNRARR; %SMAPS:10006
  11033     UM; %UM: 1433
  11034     KICK 0.15 0 0 ; %KICK:10393
  11035     SMAPS 163 MAPARR SPNRARR; %SMAPS:10006
  11036     UM; %UM: 1433
  11037     KICK 0.15 0 0 ; %KICK:10393
  11038     SMAPS 164 MAPARR SPNRARR; %SMAPS:10006
  11039     UM; %UM: 1433
  11040     DL 0.076 ; %DL: 6515
  11041     SMAPS 165 MAPARR SPNRARR; %SMAPS:10006
  11042     UM; %UM: 1433
  11043     QUAD 0.235 0 0.5110640912 ; %QUAD:10214
  11044     SMAPS 166 MAPARR SPNRARR; %SMAPS:10006
  11045     UM; %UM: 1433
  11046     QUAD 0.235 0 0.5110640912 ; %QUAD:10214
  11047     SMAPS 167 MAPARR SPNRARR; %SMAPS:10006
  11048     UM; %UM: 1433
  11049     DL 0.665 ; %DL: 6515
  11050     SMAPS 168 MAPARR SPNRARR; %SMAPS:10006
  11051     UM; %UM: 1433
  11052     SBEND 1.94 0.07853981588 0 0.03926990817 0.03586152553 0.039269908
                  17 0.03586152553 0.5 0.5 ; %SBEND:10279
  11053     SMAPS 169 MAPARR SPNRARR; %SMAPS:10006
  11054     UM; %UM: 1433
  11055     DL 0.3 ; %DL: 6515
  11056     SMAPS 170 MAPARR SPNRARR; %SMAPS:10006
  11057     UM; %UM: 1433
  11058     SBEND 1.94 0.07853981588 0 0.03926990817 0.03586152553 0.039269908
                  17 0.03586152553 0.5 0.5 ; %SBEND:10279
  11059     SMAPS 171 MAPARR SPNRARR; %SMAPS:10006
  11060     UM; %UM: 1433
  11061     DL 0.289 ; %DL: 6515
  11062     SMAPS 172 MAPARR SPNRARR; %SMAPS:10006
  11063     UM; %UM: 1433
  11064     KICK 0.15 0 0 ; %KICK:10393
  11065     SMAPS 173 MAPARR SPNRARR; %SMAPS:10006
  11066     UM; %UM: 1433
  11067     KICK 0.15 0 0 ; %KICK:10393
  11068     SMAPS 174 MAPARR SPNRARR; %SMAPS:10006
  11069     UM; %UM: 1433
  11070     DL 0.076 ; %DL: 6515
  11071     SMAPS 175 MAPARR SPNRARR; %SMAPS:10006
  11072     UM; %UM: 1433
  11073     QUAD 0.235 0 -0.4914664358 ; %QUAD:10214
  11074     SMAPS 176 MAPARR SPNRARR; %SMAPS:10006
  11075     UM; %UM: 1433
  11076     QUAD 0.235 0 -0.4914664358 ; %QUAD:10214
  11077     SMAPS 177 MAPARR SPNRARR; %SMAPS:10006
  11078     UM; %UM: 1433
  11079     DL 0.665 ; %DL: 6515
  11080     SMAPS 178 MAPARR SPNRARR; %SMAPS:10006
  11081     UM; %UM: 1433
  11082     SBEND 1.94 0.07853981588 0 0.03926990817 0.03586152553 0.039269908
                  17 0.03586152553 0.5 0.5 ; %SBEND:10279
  11083     SMAPS 179 MAPARR SPNRARR; %SMAPS:10006
  11084     UM; %UM: 1433
  11085     DL 0.3 ; %DL: 6515
  11086     SMAPS 180 MAPARR SPNRARR; %SMAPS:10006
  11087     UM; %UM: 1433
  11088     SBEND 1.94 0.07853981588 0 0.03926990817 0.03586152553 0.039269908
                  17 0.03586152553 0.5 0.5 ; %SBEND:10279
  11089     SMAPS 181 MAPARR SPNRARR; %SMAPS:10006
  11090     UM; %UM: 1433
  11091     DL 0.289 ; %DL: 6515
  11092     SMAPS 182 MAPARR SPNRARR; %SMAPS:10006
  11093     UM; %UM: 1433
  11094     KICK 0.15 0 0 ; %KICK:10393
  11095     SMAPS 183 MAPARR SPNRARR; %SMAPS:10006
  11096     UM; %UM: 1433
  11097     KICK 0.15 0 0 ; %KICK:10393
  11098     SMAPS 184 MAPARR SPNRARR; %SMAPS:10006
  11099     UM; %UM: 1433
  11100     DL 0.076 ; %DL: 6515
  11101     SMAPS 185 MAPARR SPNRARR; %SMAPS:10006
  11102     UM; %UM: 1433
  11103     QUAD 0.235 0 0.5110640912 ; %QUAD:10214
  11104     SMAPS 186 MAPARR SPNRARR; %SMAPS:10006
  11105     UM; %UM: 1433
  11106     QUAD 0.235 0 0.5110640912 ; %QUAD:10214
  11107     SMAPS 187 MAPARR SPNRARR; %SMAPS:10006
  11108     UM; %UM: 1433
  11109     DL 0.665 ; %DL: 6515
  11110     SMAPS 188 MAPARR SPNRARR; %SMAPS:10006
  11111     UM; %UM: 1433
  11112     SBEND 1.94 0.07853981588 0 0.03926990817 0.03586152553 0.039269908
                  17 0.03586152553 0.5 0.5 ; %SBEND:10279
  11113     SMAPS 189 MAPARR SPNRARR; %SMAPS:10006
  11114     UM; %UM: 1433
  11115     DL 0.3 ; %DL: 6515
  11116     SMAPS 190 MAPARR SPNRARR; %SMAPS:10006
  11117     UM; %UM: 1433
  11118     SBEND 1.94 0.07853981588 0 0.03926990817 0.03586152553 0.039269908
                  17 0.03586152553 0.5 0.5 ; %SBEND:10279
  11119     SMAPS 191 MAPARR SPNRARR; %SMAPS:10006
  11120     UM; %UM: 1433
  11121     DL 0.289 ; %DL: 6515
  11122     SMAPS 192 MAPARR SPNRARR; %SMAPS:10006
  11123     UM; %UM: 1433
  11124     KICK 0.15 0 0 ; %KICK:10393
  11125     SMAPS 193 MAPARR SPNRARR; %SMAPS:10006
  11126     UM; %UM: 1433
  11127     KICK 0.15 0 0 ; %KICK:10393
  11128     SMAPS 194 MAPARR SPNRARR; %SMAPS:10006
  11129     UM; %UM: 1433
  11130     DL 0.076 ; %DL: 6515
  11131     SMAPS 195 MAPARR SPNRARR; %SMAPS:10006
  11132     UM; %UM: 1433
  11133     QUAD 0.235 0 -0.4914664358 ; %QUAD:10214
  11134     SMAPS 196 MAPARR SPNRARR; %SMAPS:10006
  11135     UM; %UM: 1433
  11136     QUAD 0.235 0 -0.4914664358 ; %QUAD:10214
  11137     SMAPS 197 MAPARR SPNRARR; %SMAPS:10006
  11138     UM; %UM: 1433
  11139     DL 0.665 ; %DL: 6515
  11140     SMAPS 198 MAPARR SPNRARR; %SMAPS:10006
  11141     UM; %UM: 1433
  11142     SBEND 1.94 0.07853981588 0 0.03926990817 0.03586152553 0.039269908
                  17 0.03586152553 0.5 0.5 ; %SBEND:10279
  11143     SMAPS 199 MAPARR SPNRARR; %SMAPS:10006
  11144     UM; %UM: 1433
  11145     DL 0.3 ; %DL: 6515
  11146     SMAPS 200 MAPARR SPNRARR; %SMAPS:10006
  11147     UM; %UM: 1433
  11148     SBEND 1.94 0.07853981588 0 0.03926990817 0.03586152553 0.039269908
                  17 0.03586152553 0.5 0.5 ; %SBEND:10279
  11149     SMAPS 201 MAPARR SPNRARR; %SMAPS:10006
  11150     UM; %UM: 1433
  11151     DL 0.299 ; %DL: 6515
  11152     SMAPS 202 MAPARR SPNRARR; %SMAPS:10006
  11153     UM; %UM: 1433
  11154     KICK 0.15 0 0 ; %KICK:10393
  11155     SMAPS 203 MAPARR SPNRARR; %SMAPS:10006
  11156     UM; %UM: 1433
  11157     KICK 0.15 0 0 ; %KICK:10393
  11158     SMAPS 204 MAPARR SPNRARR; %SMAPS:10006
  11159     UM; %UM: 1433
  11160     DL 0.076 ; %DL: 6515
  11161     SMAPS 205 MAPARR SPNRARR; %SMAPS:10006
  11162     UM; %UM: 1433
  11163     QUAD 0.45 0 0.5131702161 ; %QUAD:10214
  11164     SMAPS 206 MAPARR SPNRARR; %SMAPS:10006
  11165     UM; %UM: 1433
  11166     DL 5.144 ; %DL: 6515
  11167     SMAPS 207 MAPARR SPNRARR; %SMAPS:10006
  11168     UM; %UM: 1433
  11169     KICK 0.15 0 0 ; %KICK:10393
  11170     SMAPS 208 MAPARR SPNRARR; %SMAPS:10006
  11171     UM; %UM: 1433
  11172     KICK 0.15 0 0 ; %KICK:10393
  11173     SMAPS 209 MAPARR SPNRARR; %SMAPS:10006
  11174     UM; %UM: 1433
  11175     DL 0.076 ; %DL: 6515
  11176     SMAPS 210 MAPARR SPNRARR; %SMAPS:10006
  11177     UM; %UM: 1433
  11178     QUAD 0.235 0 -0.4914664358 ; %QUAD:10214
  11179     SMAPS 211 MAPARR SPNRARR; %SMAPS:10006
  11180     UM; %UM: 1433
  11181     QUAD 0.235 0 -0.4914664358 ; %QUAD:10214
  11182     SMAPS 212 MAPARR SPNRARR; %SMAPS:10006
  11183     UM; %UM: 1433
  11184     DL 5.1815 ; %DL: 6515
  11185     SMAPS 213 MAPARR SPNRARR; %SMAPS:10006
  11186     UM; %UM: 1433
  11187     KICK 0.15 0 0 ; %KICK:10393
  11188     SMAPS 214 MAPARR SPNRARR; %SMAPS:10006
  11189     UM; %UM: 1433
  11190     KICK 0.15 0 0 ; %KICK:10393
  11191     SMAPS 215 MAPARR SPNRARR; %SMAPS:10006
  11192     UM; %UM: 1433
  11193     DL 0.076 ; %DL: 6515
  11194     SMAPS 216 MAPARR SPNRARR; %SMAPS:10006
  11195     UM; %UM: 1433
  11196     QUAD 0.375 0 0.5001124874 ; %QUAD:10214
  11197     SMAPS 217 MAPARR SPNRARR; %SMAPS:10006
  11198     UM; %UM: 1433
  11199     DL 0.7125 ; %DL: 6515
  11200     SMAPS 218 MAPARR SPNRARR; %SMAPS:10006
  11201     UM; %UM: 1433
  11202     SBEND 1.94 0.07853981588 0 0.03926990817 0.03586152553 0.039269908
                  17 0.03586152553 0.5 0.5 ; %SBEND:10279
  11203     SMAPS 219 MAPARR SPNRARR; %SMAPS:10006
  11204     UM; %UM: 1433
  11205     DL 0.3 ; %DL: 6515
  11206     SMAPS 220 MAPARR SPNRARR; %SMAPS:10006
  11207     UM; %UM: 1433
  11208     SBEND 1.94 0.07853981588 0 0.03926990817 0.03586152553 0.039269908
                  17 0.03586152553 0.5 0.5 ; %SBEND:10279
  11209     SMAPS 221 MAPARR SPNRARR; %SMAPS:10006
  11210     UM; %UM: 1433
  11211     DL 0.215 ; %DL: 6515
  11212     SMAPS 222 MAPARR SPNRARR; %SMAPS:10006
  11213     UM; %UM: 1433
  11214     DL 0.085 ; %DL: 6515
  11215     SMAPS 223 MAPARR SPNRARR; %SMAPS:10006
  11216     UM; %UM: 1433
  11217     QUAD 0.785 0 -0.226233033 ; %QUAD:10214
  11218     SMAPS 224 MAPARR SPNRARR; %SMAPS:10006
  11219     UM; %UM: 1433
  11220     DL 0.11787 ; %DL: 6515
  11221     SMAPS 225 MAPARR SPNRARR; %SMAPS:10006
  11222     UM; %UM: 1433
  11223     KICK 0.15 0 0 ; %KICK:10393
  11224     SMAPS 226 MAPARR SPNRARR; %SMAPS:10006
  11225     UM; %UM: 1433
  11226     KICK 0.15 0 0 ; %KICK:10393
  11227     SMAPS 227 MAPARR SPNRARR; %SMAPS:10006
  11228     UM; %UM: 1433
  11229     DL 0.1 ; %DL: 6515
  11230     SMAPS 228 MAPARR SPNRARR; %SMAPS:10006
  11231     UM; %UM: 1433
  11232     QUAD 0.69 0 0.3171374291 ; %QUAD:10214
  11233     SMAPS 229 MAPARR SPNRARR; %SMAPS:10006
  11234     UM; %UM: 1433
  11235     DL 1.3422 ; %DL: 6515
  11236     SMAPS 230 MAPARR SPNRARR; %SMAPS:10006
  11237     UM; %UM: 1433
  11238     QUAD 0.235 0 -0.5528006412 ; %QUAD:10214
  11239     SMAPS 231 MAPARR SPNRARR; %SMAPS:10006
  11240     UM; %UM: 1433
  11241     QUAD 0.235 0 -0.5528006412 ; %QUAD:10214
  11242     SMAPS 232 MAPARR SPNRARR; %SMAPS:10006
  11243     UM; %UM: 1433
  11244     DL 5.90875 ; %DL: 6515
  11245     SMAPS 233 MAPARR SPNRARR; %SMAPS:10006
  11246     UM; %UM: 1433
  11247     QUAD 0.235 0 0.4937228226 ; %QUAD:10214
  11248     SMAPS 234 MAPARR SPNRARR; %SMAPS:10006
  11249     UM; %UM: 1433
  11250     QUAD 0.235 0 0.4937228226 ; %QUAD:10214
  11251     SMAPS 235 MAPARR SPNRARR; %SMAPS:10006
  11252     UM; %UM: 1433
  11253     DL 5.90875 ; %DL: 6515
  11254     SMAPS 236 MAPARR SPNRARR; %SMAPS:10006
  11255     UM; %UM: 1433
  11256     QUAD 0.235 0 -0.5528006412 ; %QUAD:10214
  11257     SMAPS 237 MAPARR SPNRARR; %SMAPS:10006
  11258     UM; %UM: 1433
  11259     QUAD 0.235 0 -0.5528006412 ; %QUAD:10214
  11260     SMAPS 238 MAPARR SPNRARR; %SMAPS:10006
  11261     UM; %UM: 1433
  11262     DL 5.90875 ; %DL: 6515
  11263     SMAPS 239 MAPARR SPNRARR; %SMAPS:10006
  11264     UM; %UM: 1433
  11265     QUAD 0.235 0 0.4937228226 ; %QUAD:10214
  11266     SMAPS 240 MAPARR SPNRARR; %SMAPS:10006
  11267     UM; %UM: 1433
  11268     QUAD 0.235 0 0.4937228226 ; %QUAD:10214
  11269     SMAPS 241 MAPARR SPNRARR; %SMAPS:10006
  11270     UM; %UM: 1433
  11271     DL 5.90875 ; %DL: 6515
  11272     SMAPS 242 MAPARR SPNRARR; %SMAPS:10006
  11273     UM; %UM: 1433
  11274     QUAD 0.235 0 -0.5528006412 ; %QUAD:10214
  11275     SMAPS 243 MAPARR SPNRARR; %SMAPS:10006
  11276     UM; %UM: 1433
  11277     QUAD 0.235 0 -0.5528006412 ; %QUAD:10214
  11278     SMAPS 244 MAPARR SPNRARR; %SMAPS:10006
  11279     UM; %UM: 1433
  11280     DL 0.4166853 ; %DL: 6515
  11281     SMAPS 245 MAPARR SPNRARR; %SMAPS:10006
  11282     UM; %UM: 1433
  11283     WIEN 5.0753794 BBE 100 0; %WIEN:10427
  11284     SMAPS 246 MAPARR SPNRARR; %SMAPS:10006
  11285     UM; %UM: 1433
  11286     DL 0.4166853 ; %DL: 6515
  11287     SMAPS 247 MAPARR SPNRARR; %SMAPS:10006
  11288     UM; %UM: 1433
  11289     QUAD 0.235 0 0.4937228226 ; %QUAD:10214
  11290     SMAPS 248 MAPARR SPNRARR; %SMAPS:10006
  11291     UM; %UM: 1433
  11292     QUAD 0.235 0 0.4937228226 ; %QUAD:10214
  11293     SMAPS 249 MAPARR SPNRARR; %SMAPS:10006
  11294     UM; %UM: 1433
  11295     DL 0.4166853 ; %DL: 6515
  11296     SMAPS 250 MAPARR SPNRARR; %SMAPS:10006
  11297     UM; %UM: 1433
  11298     WIEN 5.0753794 BBE 100 0; %WIEN:10427
  11299     SMAPS 251 MAPARR SPNRARR; %SMAPS:10006
  11300     UM; %UM: 1433
  11301     DL 0.4166853 ; %DL: 6515
  11302     SMAPS 252 MAPARR SPNRARR; %SMAPS:10006
  11303     UM; %UM: 1433
  11304     QUAD 0.235 0 -0.5528006412 ; %QUAD:10214
  11305     SMAPS 253 MAPARR SPNRARR; %SMAPS:10006
  11306     UM; %UM: 1433
  11307     QUAD 0.235 0 -0.5528006412 ; %QUAD:10214
  11308     SMAPS 254 MAPARR SPNRARR; %SMAPS:10006
  11309     UM; %UM: 1433
  11310     DL 0.4166853 ; %DL: 6515
  11311     SMAPS 255 MAPARR SPNRARR; %SMAPS:10006
  11312     UM; %UM: 1433
  11313     WIEN 5.0753794 BBE 100 0; %WIEN:10427
  11314     SMAPS 256 MAPARR SPNRARR; %SMAPS:10006
  11315     UM; %UM: 1433
  11316     DL 0.4166853 ; %DL: 6515
  11317     SMAPS 257 MAPARR SPNRARR; %SMAPS:10006
  11318     UM; %UM: 1433
  11319     QUAD 0.235 0 0.4937228226 ; %QUAD:10214
  11320     SMAPS 258 MAPARR SPNRARR; %SMAPS:10006
  11321     UM; %UM: 1433
  11322     QUAD 0.235 0 0.4937228226 ; %QUAD:10214
  11323     SMAPS 259 MAPARR SPNRARR; %SMAPS:10006
  11324     UM; %UM: 1433
  11325     DL 0.4166853 ; %DL: 6515
  11326     SMAPS 260 MAPARR SPNRARR; %SMAPS:10006
  11327     UM; %UM: 1433
  11328     WIEN 5.0753794 BBE 100 0; %WIEN:10427
  11329     SMAPS 261 MAPARR SPNRARR; %SMAPS:10006
  11330     UM; %UM: 1433
  11331     DL 0.4166853 ; %DL: 6515
  11332     SMAPS 262 MAPARR SPNRARR; %SMAPS:10006
  11333     UM; %UM: 1433
  11334     QUAD 0.235 0 -0.5528006412 ; %QUAD:10214
  11335     SMAPS 263 MAPARR SPNRARR; %SMAPS:10006
  11336     UM; %UM: 1433
  11337     QUAD 0.235 0 -0.5528006412 ; %QUAD:10214
  11338     SMAPS 264 MAPARR SPNRARR; %SMAPS:10006
  11339     UM; %UM: 1433
  11340     DL 0.4166853 ; %DL: 6515
  11341     SMAPS 265 MAPARR SPNRARR; %SMAPS:10006
  11342     UM; %UM: 1433
  11343     WIEN 5.0753794 BBE 100 0; %WIEN:10427
  11344     SMAPS 266 MAPARR SPNRARR; %SMAPS:10006
  11345     UM; %UM: 1433
  11346     DL 0.4166853 ; %DL: 6515
  11347     SMAPS 267 MAPARR SPNRARR; %SMAPS:10006
  11348     UM; %UM: 1433
  11349     QUAD 0.235 0 0.4937228226 ; %QUAD:10214
  11350     SMAPS 268 MAPARR SPNRARR; %SMAPS:10006
  11351     UM; %UM: 1433
  11352     QUAD 0.235 0 0.4937228226 ; %QUAD:10214
  11353     SMAPS 269 MAPARR SPNRARR; %SMAPS:10006
  11354     UM; %UM: 1433
  11355     DL 0.4166853 ; %DL: 6515
  11356     SMAPS 270 MAPARR SPNRARR; %SMAPS:10006
  11357     UM; %UM: 1433
  11358     WIEN 5.0753794 BBE 100 0; %WIEN:10427
  11359     SMAPS 271 MAPARR SPNRARR; %SMAPS:10006
  11360     UM; %UM: 1433
  11361     DL 0.4166853 ; %DL: 6515
  11362     SMAPS 272 MAPARR SPNRARR; %SMAPS:10006
  11363     UM; %UM: 1433
  11364     QUAD 0.235 0 -0.5528006412 ; %QUAD:10214
  11365     SMAPS 273 MAPARR SPNRARR; %SMAPS:10006
  11366     UM; %UM: 1433
  11367     QUAD 0.235 0 -0.5528006412 ; %QUAD:10214
  11368     SMAPS 274 MAPARR SPNRARR; %SMAPS:10006
  11369     UM; %UM: 1433
  11370     DL 5.90875 ; %DL: 6515
  11371     SMAPS 275 MAPARR SPNRARR; %SMAPS:10006
  11372     UM; %UM: 1433
  11373     QUAD 0.235 0 0.4937228226 ; %QUAD:10214
  11374     SMAPS 276 MAPARR SPNRARR; %SMAPS:10006
  11375     UM; %UM: 1433
  11376     QUAD 0.235 0 0.4937228226 ; %QUAD:10214
  11377     SMAPS 277 MAPARR SPNRARR; %SMAPS:10006
  11378     UM; %UM: 1433
  11379     DL 5.90875 ; %DL: 6515
  11380     SMAPS 278 MAPARR SPNRARR; %SMAPS:10006
  11381     UM; %UM: 1433
  11382     QUAD 0.235 0 -0.5528006412 ; %QUAD:10214
  11383     SMAPS 279 MAPARR SPNRARR; %SMAPS:10006
  11384     UM; %UM: 1433
  11385     QUAD 0.235 0 -0.5528006412 ; %QUAD:10214
  11386     SMAPS 280 MAPARR SPNRARR; %SMAPS:10006
  11387     UM; %UM: 1433
  11388     DL 5.90875 ; %DL: 6515
  11389     SMAPS 281 MAPARR SPNRARR; %SMAPS:10006
  11390     UM; %UM: 1433
  11391     QUAD 0.235 0 0.4937228226 ; %QUAD:10214
  11392     SMAPS 282 MAPARR SPNRARR; %SMAPS:10006
  11393     UM; %UM: 1433
  11394     QUAD 0.235 0 0.4937228226 ; %QUAD:10214
  11395     SMAPS 283 MAPARR SPNRARR; %SMAPS:10006
  11396     UM; %UM: 1433
  11397     DL 5.90875 ; %DL: 6515
  11398     SMAPS 284 MAPARR SPNRARR; %SMAPS:10006
  11399     UM; %UM: 1433
  11400     QUAD 0.235 0 -0.5528006412 ; %QUAD:10214
  11401     SMAPS 285 MAPARR SPNRARR; %SMAPS:10006
  11402     UM; %UM: 1433
  11403     QUAD 0.235 0 -0.5528006412 ; %QUAD:10214
  11404     SMAPS 286 MAPARR SPNRARR; %SMAPS:10006
  11405     UM; %UM: 1433
  11406     DL 5.90875 ; %DL: 6515
  11407     SMAPS 287 MAPARR SPNRARR; %SMAPS:10006
  11408     UM; %UM: 1433
  11409     QUAD 0.235 0 0.4937228226 ; %QUAD:10214
  11410     SMAPS 288 MAPARR SPNRARR; %SMAPS:10006
  11411     UM; %UM: 1433
  11412     QUAD 0.235 0 0.4937228226 ; %QUAD:10214
  11413     SMAPS 289 MAPARR SPNRARR; %SMAPS:10006
  11414     UM; %UM: 1433
  11415     DL 5.90875 ; %DL: 6515
  11416     SMAPS 290 MAPARR SPNRARR; %SMAPS:10006
  11417     UM; %UM: 1433
  11418     QUAD 0.235 0 -0.5528006412 ; %QUAD:10214
  11419     SMAPS 291 MAPARR SPNRARR; %SMAPS:10006
  11420     UM; %UM: 1433
  11421     QUAD 0.235 0 -0.5528006412 ; %QUAD:10214
  11422     SMAPS 292 MAPARR SPNRARR; %SMAPS:10006
  11423     UM; %UM: 1433
  11424     DL 1.3422 ; %DL: 6515
  11425     SMAPS 293 MAPARR SPNRARR; %SMAPS:10006
  11426     UM; %UM: 1433
  11427     QUAD 0.69 0 0.3171374291 ; %QUAD:10214
  11428     SMAPS 294 MAPARR SPNRARR; %SMAPS:10006
  11429     UM; %UM: 1433
  11430     DL 0.1 ; %DL: 6515
  11431     SMAPS 295 MAPARR SPNRARR; %SMAPS:10006
  11432     UM; %UM: 1433
  11433     KICK 0.15 0 0 ; %KICK:10393
  11434     SMAPS 296 MAPARR SPNRARR; %SMAPS:10006
  11435     UM; %UM: 1433
  11436     KICK 0.15 0 0 ; %KICK:10393
  11437     SMAPS 297 MAPARR SPNRARR; %SMAPS:10006
  11438     UM; %UM: 1433
  11439     DL 0.11787 ; %DL: 6515
  11440     SMAPS 298 MAPARR SPNRARR; %SMAPS:10006
  11441     UM; %UM: 1433
  11442     QUAD 0.785 0 -0.226233033 ; %QUAD:10214
  11443     SMAPS 299 MAPARR SPNRARR; %SMAPS:10006
  11444     UM; %UM: 1433
  11445     DL 0.085 ; %DL: 6515
  11446     SMAPS 300 MAPARR SPNRARR; %SMAPS:10006
  11447     UM; %UM: 1433
  11448     DL 0.215 ; %DL: 6515
  11449     SMAPS 301 MAPARR SPNRARR; %SMAPS:10006
  11450     UM; %UM: 1433
  11451     SBEND 1.94 0.07853981588 0 0.03926990817 0.03586152553 0.039269908
                  17 0.03586152553 0.5 0.5 ; %SBEND:10279
  11452     SMAPS 302 MAPARR SPNRARR; %SMAPS:10006
  11453     UM; %UM: 1433
  11454     DL 0.3 ; %DL: 6515
  11455     SMAPS 303 MAPARR SPNRARR; %SMAPS:10006
  11456     UM; %UM: 1433
  11457     SBEND 1.94 0.07853981588 0 0.03926990817 0.03586152553 0.039269908
                  17 0.03586152553 0.5 0.5 ; %SBEND:10279
  11458     SMAPS 304 MAPARR SPNRARR; %SMAPS:10006
  11459     UM; %UM: 1433
  11460     DL 0.3365 ; %DL: 6515
  11461     SMAPS 305 MAPARR SPNRARR; %SMAPS:10006
  11462     UM; %UM: 1433
  11463     KICK 0.15 0 0 ; %KICK:10393
  11464     SMAPS 306 MAPARR SPNRARR; %SMAPS:10006
  11465     UM; %UM: 1433
  11466     KICK 0.15 0 0 ; %KICK:10393
  11467     SMAPS 307 MAPARR SPNRARR; %SMAPS:10006
  11468     UM; %UM: 1433
  11469     DL 0.076 ; %DL: 6515
  11470     SMAPS 308 MAPARR SPNRARR; %SMAPS:10006
  11471     UM; %UM: 1433
  11472     QUAD 0.375 0 0.5001124874 ; %QUAD:10214
  11473     SMAPS 309 MAPARR SPNRARR; %SMAPS:10006
  11474     UM; %UM: 1433
  11475     DL 5.1815 ; %DL: 6515
  11476     SMAPS 310 MAPARR SPNRARR; %SMAPS:10006
  11477     UM; %UM: 1433
  11478     KICK 0.15 0 0 ; %KICK:10393
  11479     SMAPS 311 MAPARR SPNRARR; %SMAPS:10006
  11480     UM; %UM: 1433
  11481     KICK 0.15 0 0 ; %KICK:10393
  11482     SMAPS 312 MAPARR SPNRARR; %SMAPS:10006
  11483     UM; %UM: 1433
  11484     DL 0.076 ; %DL: 6515
  11485     SMAPS 313 MAPARR SPNRARR; %SMAPS:10006
  11486     UM; %UM: 1433
  11487     QUAD 0.235 0 -0.4914664358 ; %QUAD:10214
  11488     SMAPS 314 MAPARR SPNRARR; %SMAPS:10006
  11489     UM; %UM: 1433
  11490     QUAD 0.235 0 -0.4914664358 ; %QUAD:10214
  11491     SMAPS 315 MAPARR SPNRARR; %SMAPS:10006
  11492     UM; %UM: 1433
  11493     DL 5.144 ; %DL: 6515
  11494     SMAPS 316 MAPARR SPNRARR; %SMAPS:10006
  11495     UM; %UM: 1433
  11496     KICK 0.15 0 0 ; %KICK:10393
  11497     SMAPS 317 MAPARR SPNRARR; %SMAPS:10006
  11498     UM; %UM: 1433
  11499     KICK 0.15 0 0 ; %KICK:10393
  11500     SMAPS 318 MAPARR SPNRARR; %SMAPS:10006
  11501     UM; %UM: 1433
  11502     DL 0.076 ; %DL: 6515
  11503     SMAPS 319 MAPARR SPNRARR; %SMAPS:10006
  11504     UM; %UM: 1433
  11505     QUAD 0.45 0 0.5131702161 ; %QUAD:10214
  11506     SMAPS 320 MAPARR SPNRARR; %SMAPS:10006
  11507     UM; %UM: 1433
  11508     DL 0.675 ; %DL: 6515
  11509     SMAPS 321 MAPARR SPNRARR; %SMAPS:10006
  11510     UM; %UM: 1433
  11511     SBEND 1.94 0.07853981588 0 0.03926990817 0.03586152553 0.039269908
                  17 0.03586152553 0.5 0.5 ; %SBEND:10279
  11512     SMAPS 322 MAPARR SPNRARR; %SMAPS:10006
  11513     UM; %UM: 1433
  11514     DL 0.3 ; %DL: 6515
  11515     SMAPS 323 MAPARR SPNRARR; %SMAPS:10006
  11516     UM; %UM: 1433
  11517     SBEND 1.94 0.07853981588 0 0.03926990817 0.03586152553 0.039269908
                  17 0.03586152553 0.5 0.5 ; %SBEND:10279
  11518     SMAPS 324 MAPARR SPNRARR; %SMAPS:10006
  11519     UM; %UM: 1433
  11520     DL 0.289 ; %DL: 6515
  11521     SMAPS 325 MAPARR SPNRARR; %SMAPS:10006
  11522     UM; %UM: 1433
  11523     KICK 0.15 0 0 ; %KICK:10393
  11524     SMAPS 326 MAPARR SPNRARR; %SMAPS:10006
  11525     UM; %UM: 1433
  11526     KICK 0.15 0 0 ; %KICK:10393
  11527     SMAPS 327 MAPARR SPNRARR; %SMAPS:10006
  11528     UM; %UM: 1433
  11529     DL 0.076 ; %DL: 6515
  11530     SMAPS 328 MAPARR SPNRARR; %SMAPS:10006
  11531     UM; %UM: 1433
  11532     QUAD 0.235 0 -0.4914664358 ; %QUAD:10214
  11533     SMAPS 329 MAPARR SPNRARR; %SMAPS:10006
  11534     UM; %UM: 1433
  11535     QUAD 0.235 0 -0.4914664358 ; %QUAD:10214
  11536     SMAPS 330 MAPARR SPNRARR; %SMAPS:10006
  11537     UM; %UM: 1433
  11538     DL 0.665 ; %DL: 6515
  11539     SMAPS 331 MAPARR SPNRARR; %SMAPS:10006
  11540     UM; %UM: 1433
  11541     SBEND 1.94 0.07853981588 0 0.03926990817 0.03586152553 0.039269908
                  17 0.03586152553 0.5 0.5 ; %SBEND:10279
  11542     SMAPS 332 MAPARR SPNRARR; %SMAPS:10006
  11543     UM; %UM: 1433
  11544     DL 0.3 ; %DL: 6515
  11545     SMAPS 333 MAPARR SPNRARR; %SMAPS:10006
  11546     UM; %UM: 1433
  11547     SBEND 1.94 0.07853981588 0 0.03926990817 0.03586152553 0.039269908
                  17 0.03586152553 0.5 0.5 ; %SBEND:10279
  11548     SMAPS 334 MAPARR SPNRARR; %SMAPS:10006
  11549     UM; %UM: 1433
  11550     DL 0.289 ; %DL: 6515
  11551     SMAPS 335 MAPARR SPNRARR; %SMAPS:10006
  11552     UM; %UM: 1433
  11553     KICK 0.15 0 0 ; %KICK:10393
  11554     SMAPS 336 MAPARR SPNRARR; %SMAPS:10006
  11555     UM; %UM: 1433
  11556     KICK 0.15 0 0 ; %KICK:10393
  11557     SMAPS 337 MAPARR SPNRARR; %SMAPS:10006
  11558     UM; %UM: 1433
  11559     DL 0.076 ; %DL: 6515
  11560     SMAPS 338 MAPARR SPNRARR; %SMAPS:10006
  11561     UM; %UM: 1433
  11562     QUAD 0.235 0 0.5110640912 ; %QUAD:10214
  11563     SMAPS 339 MAPARR SPNRARR; %SMAPS:10006
  11564     UM; %UM: 1433
  11565     QUAD 0.235 0 0.5110640912 ; %QUAD:10214
  11566     SMAPS 340 MAPARR SPNRARR; %SMAPS:10006
  11567     UM; %UM: 1433
  11568     DL 0.665 ; %DL: 6515
  11569     SMAPS 341 MAPARR SPNRARR; %SMAPS:10006
  11570     UM; %UM: 1433
  11571     SBEND 1.94 0.07853981588 0 0.03926990817 0.03586152553 0.039269908
                  17 0.03586152553 0.5 0.5 ; %SBEND:10279
  11572     SMAPS 342 MAPARR SPNRARR; %SMAPS:10006
  11573     UM; %UM: 1433
  11574     DL 0.3 ; %DL: 6515
  11575     SMAPS 343 MAPARR SPNRARR; %SMAPS:10006
  11576     UM; %UM: 1433
  11577     SBEND 1.94 0.07853981588 0 0.03926990817 0.03586152553 0.039269908
                  17 0.03586152553 0.5 0.5 ; %SBEND:10279
  11578     SMAPS 344 MAPARR SPNRARR; %SMAPS:10006
  11579     UM; %UM: 1433
  11580     DL 0.289 ; %DL: 6515
  11581     SMAPS 345 MAPARR SPNRARR; %SMAPS:10006
  11582     UM; %UM: 1433
  11583     KICK 0.15 0 0 ; %KICK:10393
  11584     SMAPS 346 MAPARR SPNRARR; %SMAPS:10006
  11585     UM; %UM: 1433
  11586     KICK 0.15 0 0 ; %KICK:10393
  11587     SMAPS 347 MAPARR SPNRARR; %SMAPS:10006
  11588     UM; %UM: 1433
  11589     DL 0.076 ; %DL: 6515
  11590     SMAPS 348 MAPARR SPNRARR; %SMAPS:10006
  11591     UM; %UM: 1433
  11592     QUAD 0.235 0 -0.4914664358 ; %QUAD:10214
  11593     SMAPS 349 MAPARR SPNRARR; %SMAPS:10006
  11594     UM; %UM: 1433
  11595     QUAD 0.235 0 -0.4914664358 ; %QUAD:10214
  11596     SMAPS 350 MAPARR SPNRARR; %SMAPS:10006
  11597     UM; %UM: 1433
  11598     DL 0.665 ; %DL: 6515
  11599     SMAPS 351 MAPARR SPNRARR; %SMAPS:10006
  11600     UM; %UM: 1433
  11601     SBEND 1.94 0.07853981588 0 0.03926990817 0.03586152553 0.039269908
                  17 0.03586152553 0.5 0.5 ; %SBEND:10279
  11602     SMAPS 352 MAPARR SPNRARR; %SMAPS:10006
  11603     UM; %UM: 1433
  11604     DL 0.3 ; %DL: 6515
  11605     SMAPS 353 MAPARR SPNRARR; %SMAPS:10006
  11606     UM; %UM: 1433
  11607     SBEND 1.94 0.07853981588 0 0.03926990817 0.03586152553 0.039269908
                  17 0.03586152553 0.5 0.5 ; %SBEND:10279
  11608     SMAPS 354 MAPARR SPNRARR; %SMAPS:10006
  11609     UM; %UM: 1433
  11610     DL 0.289 ; %DL: 6515
  11611     SMAPS 355 MAPARR SPNRARR; %SMAPS:10006
  11612     UM; %UM: 1433
  11613     KICK 0.15 0 0 ; %KICK:10393
  11614     SMAPS 356 MAPARR SPNRARR; %SMAPS:10006
  11615     UM; %UM: 1433
  11616     KICK 0.15 0 0 ; %KICK:10393
  11617     SMAPS 357 MAPARR SPNRARR; %SMAPS:10006
  11618     UM; %UM: 1433
  11619     DL 0.076 ; %DL: 6515
  11620     SMAPS 358 MAPARR SPNRARR; %SMAPS:10006
  11621     UM; %UM: 1433
  11622     QUAD 0.235 0 0.5110640912 ; %QUAD:10214
  11623     SMAPS 359 MAPARR SPNRARR; %SMAPS:10006
  11624     UM; %UM: 1433
  11625     QUAD 0.235 0 0.5110640912 ; %QUAD:10214
  11626     SMAPS 360 MAPARR SPNRARR; %SMAPS:10006
  11627     UM; %UM: 1433
  11628     DL 0.665 ; %DL: 6515
  11629     SMAPS 361 MAPARR SPNRARR; %SMAPS:10006
  11630     UM; %UM: 1433
  11631     SBEND 1.94 0.07853981588 0 0.03926990817 0.03586152553 0.039269908
                  17 0.03586152553 0.5 0.5 ; %SBEND:10279
  11632     SMAPS 362 MAPARR SPNRARR; %SMAPS:10006
  11633     UM; %UM: 1433
  11634     DL 0.3 ; %DL: 6515
  11635     SMAPS 363 MAPARR SPNRARR; %SMAPS:10006
  11636     UM; %UM: 1433
  11637     SBEND 1.94 0.07853981588 0 0.03926990817 0.03586152553 0.039269908
                  17 0.03586152553 0.5 0.5 ; %SBEND:10279
  11638     SMAPS 364 MAPARR SPNRARR; %SMAPS:10006
  11639     UM; %UM: 1433
  11640     DL 0.289 ; %DL: 6515
  11641     SMAPS 365 MAPARR SPNRARR; %SMAPS:10006
  11642     UM; %UM: 1433
  11643     KICK 0.15 0 0 ; %KICK:10393
  11644     SMAPS 366 MAPARR SPNRARR; %SMAPS:10006
  11645     UM; %UM: 1433
  11646     KICK 0.15 0 0 ; %KICK:10393
  11647     SMAPS 367 MAPARR SPNRARR; %SMAPS:10006
  11648     UM; %UM: 1433
  11649     DL 0.076 ; %DL: 6515
  11650     SMAPS 368 MAPARR SPNRARR; %SMAPS:10006
  11651     UM; %UM: 1433
  11652     QUAD 0.235 0 -0.4914664358 ; %QUAD:10214
  11653     SMAPS 369 MAPARR SPNRARR; %SMAPS:10006
  11654     UM; %UM: 1433
  11655     QUAD 0.235 0 -0.4914664358 ; %QUAD:10214
  11656     SMAPS 370 MAPARR SPNRARR; %SMAPS:10006
  11657     UM; %UM: 1433
  11658     DL 0.665 ; %DL: 6515
  11659     SMAPS 371 MAPARR SPNRARR; %SMAPS:10006
  11660     UM; %UM: 1433
  11661     SBEND 1.94 0.07853981588 0 0.03926990817 0.03586152553 0.039269908
                  17 0.03586152553 0.5 0.5 ; %SBEND:10279
  11662     SMAPS 372 MAPARR SPNRARR; %SMAPS:10006
  11663     UM; %UM: 1433
  11664     DL 0.3 ; %DL: 6515
  11665     SMAPS 373 MAPARR SPNRARR; %SMAPS:10006
  11666     UM; %UM: 1433
  11667     SBEND 1.94 0.07853981588 0 0.03926990817 0.03586152553 0.039269908
                  17 0.03586152553 0.5 0.5 ; %SBEND:10279
  11668     SMAPS 374 MAPARR SPNRARR; %SMAPS:10006
  11669     UM; %UM: 1433
  11670     DL 0.289 ; %DL: 6515
  11671     SMAPS 375 MAPARR SPNRARR; %SMAPS:10006
  11672     UM; %UM: 1433
  11673     KICK 0.15 0 0 ; %KICK:10393
  11674     SMAPS 376 MAPARR SPNRARR; %SMAPS:10006
  11675     UM; %UM: 1433
  11676     KICK 0.15 0 0 ; %KICK:10393
  11677     SMAPS 377 MAPARR SPNRARR; %SMAPS:10006
  11678     UM; %UM: 1433
  11679     DL 0.076 ; %DL: 6515
  11680     SMAPS 378 MAPARR SPNRARR; %SMAPS:10006
  11681     UM; %UM: 1433
  11682     QUAD 0.235 0 0.5110640912 ; %QUAD:10214
  11683     SMAPS 379 MAPARR SPNRARR; %SMAPS:10006
  11684     UM; %UM: 1433
  11685     QUAD 0.235 0 0.5110640912 ; %QUAD:10214
  11686     SMAPS 380 MAPARR SPNRARR; %SMAPS:10006
  11687     UM; %UM: 1433
  11688     DL 0.665 ; %DL: 6515
  11689     SMAPS 381 MAPARR SPNRARR; %SMAPS:10006
  11690     UM; %UM: 1433
  11691     SBEND 1.94 0.07853981588 0 0.03926990817 0.03586152553 0.039269908
                  17 0.03586152553 0.5 0.5 ; %SBEND:10279
  11692     SMAPS 382 MAPARR SPNRARR; %SMAPS:10006
  11693     UM; %UM: 1433
  11694     DL 0.3 ; %DL: 6515
  11695     SMAPS 383 MAPARR SPNRARR; %SMAPS:10006
  11696     UM; %UM: 1433
  11697     SBEND 1.94 0.07853981588 0 0.03926990817 0.03586152553 0.039269908
                  17 0.03586152553 0.5 0.5 ; %SBEND:10279
  11698     SMAPS 384 MAPARR SPNRARR; %SMAPS:10006
  11699     UM; %UM: 1433
  11700     DL 0.289 ; %DL: 6515
  11701     SMAPS 385 MAPARR SPNRARR; %SMAPS:10006
  11702     UM; %UM: 1433
  11703     KICK 0.15 0 0 ; %KICK:10393
  11704     SMAPS 386 MAPARR SPNRARR; %SMAPS:10006
  11705     UM; %UM: 1433
  11706     KICK 0.15 0 0 ; %KICK:10393
  11707     SMAPS 387 MAPARR SPNRARR; %SMAPS:10006
  11708     UM; %UM: 1433
  11709     DL 0.076 ; %DL: 6515
  11710     SMAPS 388 MAPARR SPNRARR; %SMAPS:10006
  11711     UM; %UM: 1433
  11712     QUAD 0.235 0 -0.4914664358 ; %QUAD:10214
  11713     SMAPS 389 MAPARR SPNRARR; %SMAPS:10006
  11714     UM; %UM: 1433
  11715     QUAD 0.235 0 -0.4914664358 ; %QUAD:10214
  11716     SMAPS 390 MAPARR SPNRARR; %SMAPS:10006
  11717     UM; %UM: 1433
  11718     DL 0.665 ; %DL: 6515
  11719     SMAPS 391 MAPARR SPNRARR; %SMAPS:10006
  11720     UM; %UM: 1433
  11721     SBEND 1.94 0.07853981588 0 0.03926990817 0.03586152553 0.039269908
                  17 0.03586152553 0.5 0.5 ; %SBEND:10279
  11722     SMAPS 392 MAPARR SPNRARR; %SMAPS:10006
  11723     UM; %UM: 1433
  11724     DL 0.3 ; %DL: 6515
  11725     SMAPS 393 MAPARR SPNRARR; %SMAPS:10006
  11726     UM; %UM: 1433
  11727     SBEND 1.94 0.07853981588 0 0.03926990817 0.03586152553 0.039269908
                  17 0.03586152553 0.5 0.5 ; %SBEND:10279
  11728     SMAPS 394 MAPARR SPNRARR; %SMAPS:10006
  11729     UM; %UM: 1433
  11730     DL 0.289 ; %DL: 6515
  11731     SMAPS 395 MAPARR SPNRARR; %SMAPS:10006
  11732     UM; %UM: 1433
  11733     KICK 0.15 0 0 ; %KICK:10393
  11734     SMAPS 396 MAPARR SPNRARR; %SMAPS:10006
  11735     UM; %UM: 1433
  11736     KICK 0.15 0 0 ; %KICK:10393
  11737     SMAPS 397 MAPARR SPNRARR; %SMAPS:10006
  11738     UM; %UM: 1433
  11739     DL 0.076 ; %DL: 6515
  11740     SMAPS 398 MAPARR SPNRARR; %SMAPS:10006
  11741     UM; %UM: 1433
  11742     QUAD 0.235 0 0.5110640912 ; %QUAD:10214
  11743     SMAPS 399 MAPARR SPNRARR; %SMAPS:10006
  11744     UM; %UM: 1433
  11745     QUAD 0.235 0 0.5110640912 ; %QUAD:10214
  11746     SMAPS 400 MAPARR SPNRARR; %SMAPS:10006
  11747     UM; %UM: 1433
  11748     DL 0.665 ; %DL: 6515
  11749     SMAPS 401 MAPARR SPNRARR; %SMAPS:10006
  11750     UM; %UM: 1433
  11751     SBEND 1.94 0.07853981588 0 0.03926990817 0.03586152553 0.039269908
                  17 0.03586152553 0.5 0.5 ; %SBEND:10279
  11752     SMAPS 402 MAPARR SPNRARR; %SMAPS:10006
  11753     UM; %UM: 1433
  11754     DL 0.3 ; %DL: 6515
  11755     SMAPS 403 MAPARR SPNRARR; %SMAPS:10006
  11756     UM; %UM: 1433
  11757     SBEND 1.94 0.07853981588 0 0.03926990817 0.03586152553 0.039269908
                  17 0.03586152553 0.5 0.5 ; %SBEND:10279
  11758     SMAPS 404 MAPARR SPNRARR; %SMAPS:10006
  11759     UM; %UM: 1433
  11760     DL 0.289 ; %DL: 6515
  11761     SMAPS 405 MAPARR SPNRARR; %SMAPS:10006
  11762     UM; %UM: 1433
  11763     KICK 0.15 0 0 ; %KICK:10393
  11764     SMAPS 406 MAPARR SPNRARR; %SMAPS:10006
  11765     UM; %UM: 1433
  11766     KICK 0.15 0 0 ; %KICK:10393
  11767     SMAPS 407 MAPARR SPNRARR; %SMAPS:10006
  11768     UM; %UM: 1433
  11769     DL 0.076 ; %DL: 6515
  11770     SMAPS 408 MAPARR SPNRARR; %SMAPS:10006
  11771     UM; %UM: 1433
  11772     QUAD 0.235 0 -0.4914664358 ; %QUAD:10214
  11773     SMAPS 409 MAPARR SPNRARR; %SMAPS:10006
  11774     UM; %UM: 1433
  11775     QUAD 0.235 0 -0.4914664358 ; %QUAD:10214
  11776     SMAPS 410 MAPARR SPNRARR; %SMAPS:10006
  11777     UM; %UM: 1433
  11778     DL 0.665 ; %DL: 6515
  11779     SMAPS 411 MAPARR SPNRARR; %SMAPS:10006
  11780     UM; %UM: 1433
  11781     SBEND 1.94 0.07853981588 0 0.03926990817 0.03586152553 0.039269908
                  17 0.03586152553 0.5 0.5 ; %SBEND:10279
  11782     SMAPS 412 MAPARR SPNRARR; %SMAPS:10006
  11783     UM; %UM: 1433
  11784     DL 0.3 ; %DL: 6515
  11785     SMAPS 413 MAPARR SPNRARR; %SMAPS:10006
  11786     UM; %UM: 1433
  11787     SBEND 1.94 0.07853981588 0 0.03926990817 0.03586152553 0.039269908
                  17 0.03586152553 0.5 0.5 ; %SBEND:10279
  11788     SMAPS 414 MAPARR SPNRARR; %SMAPS:10006
  11789     UM; %UM: 1433
  11790     DL 0.289 ; %DL: 6515
  11791     SMAPS 415 MAPARR SPNRARR; %SMAPS:10006
  11792     UM; %UM: 1433
  11793     KICK 0.15 0 0 ; %KICK:10393
  11794     SMAPS 416 MAPARR SPNRARR; %SMAPS:10006
  11795     UM; %UM: 1433
  11796     KICK 0.15 0 0 ; %KICK:10393
  11797     SMAPS 417 MAPARR SPNRARR; %SMAPS:10006
  11798     UM; %UM: 1433
  11799     DL 0.076 ; %DL: 6515
  11800     SMAPS 418 MAPARR SPNRARR; %SMAPS:10006
  11801     UM; %UM: 1433
  11802     QUAD 0.235 0 0.5110640912 ; %QUAD:10214
  11803     SMAPS 419 MAPARR SPNRARR; %SMAPS:10006
  11804     UM; %UM: 1433
  11805     QUAD 0.235 0 0.5110640912 ; %QUAD:10214
  11806     SMAPS 420 MAPARR SPNRARR; %SMAPS:10006
  11807     UM; %UM: 1433
  11808     DL 0.665 ; %DL: 6515
  11809     SMAPS 421 MAPARR SPNRARR; %SMAPS:10006
  11810     UM; %UM: 1433
  11811     SBEND 1.94 0.07853981588 0 0.03926990817 0.03586152553 0.039269908
                  17 0.03586152553 0.5 0.5 ; %SBEND:10279
  11812     SMAPS 422 MAPARR SPNRARR; %SMAPS:10006
  11813     UM; %UM: 1433
  11814     DL 0.3 ; %DL: 6515
  11815     SMAPS 423 MAPARR SPNRARR; %SMAPS:10006
  11816     UM; %UM: 1433
  11817     SBEND 1.94 0.07853981588 0 0.03926990817 0.03586152553 0.039269908
                  17 0.03586152553 0.5 0.5 ; %SBEND:10279
  11818     SMAPS 424 MAPARR SPNRARR; %SMAPS:10006
  11819     UM; %UM: 1433
  11820     DL 0.289 ; %DL: 6515
  11821     SMAPS 425 MAPARR SPNRARR; %SMAPS:10006
  11822     UM; %UM: 1433
  11823     KICK 0.15 0 0 ; %KICK:10393
  11824     SMAPS 426 MAPARR SPNRARR; %SMAPS:10006
  11825     UM; %UM: 1433
  11826     KICK 0.15 0 0 ; %KICK:10393
  11827     SMAPS 427 MAPARR SPNRARR; %SMAPS:10006
  11828     UM; %UM: 1433
  11829     DL 0.076 ; %DL: 6515
  11830     SMAPS 428 MAPARR SPNRARR; %SMAPS:10006
  11831     UM; %UM: 1433
  11832     QUAD 0.235 0 -0.4914664358 ; %QUAD:10214
  11833     SMAPS 429 MAPARR SPNRARR; %SMAPS:10006
  11834     UM; %UM: 1433
  11835     QUAD 0.235 0 -0.4914664358 ; %QUAD:10214
  11836     SMAPS 430 MAPARR SPNRARR; %SMAPS:10006
  11837     UM; %UM: 1433
  11838     DL 0.665 ; %DL: 6515
  11839     SMAPS 431 MAPARR SPNRARR; %SMAPS:10006
  11840     UM; %UM: 1433
  11841     SBEND 1.94 0.07853981588 0 0.03926990817 0.03586152553 0.039269908
                  17 0.03586152553 0.5 0.5 ; %SBEND:10279
  11842     SMAPS 432 MAPARR SPNRARR; %SMAPS:10006
  11843     UM; %UM: 1433
  11844     DL 0.3 ; %DL: 6515
  11845     SMAPS 433 MAPARR SPNRARR; %SMAPS:10006
  11846     UM; %UM: 1433
  11847     SBEND 1.94 0.07853981588 0 0.03926990817 0.03586152553 0.039269908
                  17 0.03586152553 0.5 0.5 ; %SBEND:10279
  11848     SMAPS 434 MAPARR SPNRARR; %SMAPS:10006
  11849     UM; %UM: 1433
  11850     DL 0.289 ; %DL: 6515
  11851     SMAPS 435 MAPARR SPNRARR; %SMAPS:10006
  11852     UM; %UM: 1433
  11853     KICK 0.15 0 0 ; %KICK:10393
  11854     SMAPS 436 MAPARR SPNRARR; %SMAPS:10006
  11855     UM; %UM: 1433
  11856     KICK 0.15 0 0 ; %KICK:10393
  11857     SMAPS 437 MAPARR SPNRARR; %SMAPS:10006
  11858     UM; %UM: 1433
  11859     DL 0.076 ; %DL: 6515
  11860     SMAPS 438 MAPARR SPNRARR; %SMAPS:10006
  11861     UM; %UM: 1433
  11862     QUAD 0.235 0 0.5110640912 ; %QUAD:10214
  11863     SMAPS 439 MAPARR SPNRARR; %SMAPS:10006
  11864     UM; %UM: 1433
  11865     QUAD 0.235 0 0.5110640912 ; %QUAD:10214
  11866     SMAPS 440 MAPARR SPNRARR; %SMAPS:10006
  11867     UM; %UM: 1433
  11868     DL 0.665 ; %DL: 6515
  11869     SMAPS 441 MAPARR SPNRARR; %SMAPS:10006
  11870     UM; %UM: 1433
  11871     SBEND 1.94 0.07853981588 0 0.03926990817 0.03586152553 0.039269908
                  17 0.03586152553 0.5 0.5 ; %SBEND:10279
  11872     SMAPS 442 MAPARR SPNRARR; %SMAPS:10006
  11873     UM; %UM: 1433
  11874     DL 0.3 ; %DL: 6515
  11875     SMAPS 443 MAPARR SPNRARR; %SMAPS:10006
  11876     UM; %UM: 1433
  11877     SBEND 1.94 0.07853981588 0 0.03926990817 0.03586152553 0.039269908
                  17 0.03586152553 0.5 0.5 ; %SBEND:10279
  11878     SMAPS 444 MAPARR SPNRARR; %SMAPS:10006
  11879     UM; %UM: 1433
  11880     DL 0.289 ; %DL: 6515
  11881     SMAPS 445 MAPARR SPNRARR; %SMAPS:10006
  11882     UM; %UM: 1433
  11883     KICK 0.15 0 0 ; %KICK:10393
  11884     SMAPS 446 MAPARR SPNRARR; %SMAPS:10006
  11885     UM; %UM: 1433
  11886     KICK 0.15 0 0 ; %KICK:10393
  11887     SMAPS 447 MAPARR SPNRARR; %SMAPS:10006
  11888     UM; %UM: 1433
  11889     DL 0.076 ; %DL: 6515
  11890     SMAPS 448 MAPARR SPNRARR; %SMAPS:10006
  11891     UM; %UM: 1433
  11892     QUAD 0.235 0 -0.4914664358 ; %QUAD:10214
  11893     SMAPS 449 MAPARR SPNRARR; %SMAPS:10006
  11894     UM; %UM: 1433
  11895     QUAD 0.235 0 -0.4914664358 ; %QUAD:10214
  11896     SMAPS 450 MAPARR SPNRARR; %SMAPS:10006
  11897     UM; %UM: 1433
  11898     DL 0.665 ; %DL: 6515
  11899     SMAPS 451 MAPARR SPNRARR; %SMAPS:10006
  11900     UM; %UM: 1433
  11901     SBEND 1.94 0.07853981588 0 0.03926990817 0.03586152553 0.039269908
                  17 0.03586152553 0.5 0.5 ; %SBEND:10279
  11902     SMAPS 452 MAPARR SPNRARR; %SMAPS:10006
  11903     UM; %UM: 1433
  11904     DL 0.3 ; %DL: 6515
  11905     SMAPS 453 MAPARR SPNRARR; %SMAPS:10006
  11906     UM; %UM: 1433
  11907     SBEND 1.94 0.07853981588 0 0.03926990817 0.03586152553 0.039269908
                  17 0.03586152553 0.5 0.5 ; %SBEND:10279
  11908     SMAPS 454 MAPARR SPNRARR; %SMAPS:10006
  11909     UM; %UM: 1433
  11910     DL 0.289 ; %DL: 6515
  11911     SMAPS 455 MAPARR SPNRARR; %SMAPS:10006
  11912     UM; %UM: 1433
  11913     KICK 0.15 0 0 ; %KICK:10393
  11914     SMAPS 456 MAPARR SPNRARR; %SMAPS:10006
  11915     UM; %UM: 1433
  11916     KICK 0.15 0 0 ; %KICK:10393
  11917     SMAPS 457 MAPARR SPNRARR; %SMAPS:10006
  11918     UM; %UM: 1433
  11919     DL 0.076 ; %DL: 6515
  11920     SMAPS 458 MAPARR SPNRARR; %SMAPS:10006
  11921     UM; %UM: 1433
  11922     QUAD 0.235 0 0.5110640912 ; %QUAD:10214
  11923     SMAPS 459 MAPARR SPNRARR; %SMAPS:10006
  11924     UM; %UM: 1433
  11925     QUAD 0.235 0 0.5110640912 ; %QUAD:10214
  11926     SMAPS 460 MAPARR SPNRARR; %SMAPS:10006
  11927     UM; %UM: 1433
  11928     DL 0.665 ; %DL: 6515
  11929     SMAPS 461 MAPARR SPNRARR; %SMAPS:10006
  11930     UM; %UM: 1433
  11931     SBEND 1.94 0.07853981588 0 0.03926990817 0.03586152553 0.039269908
                  17 0.03586152553 0.5 0.5 ; %SBEND:10279
  11932     SMAPS 462 MAPARR SPNRARR; %SMAPS:10006
  11933     UM; %UM: 1433
  11934     DL 0.3 ; %DL: 6515
  11935     SMAPS 463 MAPARR SPNRARR; %SMAPS:10006
  11936     UM; %UM: 1433
  11937     SBEND 1.94 0.07853981588 0 0.03926990817 0.03586152553 0.039269908
                  17 0.03586152553 0.5 0.5 ; %SBEND:10279
  11938     SMAPS 464 MAPARR SPNRARR; %SMAPS:10006
  11939     UM; %UM: 1433
  11940     DL 0.289 ; %DL: 6515
  11941     SMAPS 465 MAPARR SPNRARR; %SMAPS:10006
  11942     UM; %UM: 1433
  11943     KICK 0.15 0 0 ; %KICK:10393
  11944     SMAPS 466 MAPARR SPNRARR; %SMAPS:10006
  11945     UM; %UM: 1433
  11946     KICK 0.15 0 0 ; %KICK:10393
  11947     SMAPS 467 MAPARR SPNRARR; %SMAPS:10006
  11948     UM; %UM: 1433
  11949     DL 0.076 ; %DL: 6515
  11950     SMAPS 468 MAPARR SPNRARR; %SMAPS:10006
  11951     UM; %UM: 1433
  11952     QUAD 0.235 0 -0.4914664358 ; %QUAD:10214
  11953     SMAPS 469 MAPARR SPNRARR; %SMAPS:10006
  11954     UM; %UM: 1433
  11955     QUAD 0.235 0 -0.4914664358 ; %QUAD:10214
  11956     SMAPS 470 MAPARR SPNRARR; %SMAPS:10006
  11957     UM; %UM: 1433
  11958     DL 0.665 ; %DL: 6515
  11959     SMAPS 471 MAPARR SPNRARR; %SMAPS:10006
  11960     UM; %UM: 1433
  11961     SBEND 1.94 0.07853981588 0 0.03926990817 0.03586152553 0.039269908
                  17 0.03586152553 0.5 0.5 ; %SBEND:10279
  11962     SMAPS 472 MAPARR SPNRARR; %SMAPS:10006
  11963     UM; %UM: 1433
  11964     DL 0.3 ; %DL: 6515
  11965     SMAPS 473 MAPARR SPNRARR; %SMAPS:10006
  11966     UM; %UM: 1433
  11967     SBEND 1.94 0.07853981588 0 0.03926990817 0.03586152553 0.039269908
                  17 0.03586152553 0.5 0.5 ; %SBEND:10279
  11968     SMAPS 474 MAPARR SPNRARR; %SMAPS:10006
  11969     UM; %UM: 1433
  11970     DL 0.289 ; %DL: 6515
  11971     SMAPS 475 MAPARR SPNRARR; %SMAPS:10006
  11972     UM; %UM: 1433
  11973     KICK 0.15 0 0 ; %KICK:10393
  11974     SMAPS 476 MAPARR SPNRARR; %SMAPS:10006
  11975     UM; %UM: 1433
  11976     KICK 0.15 0 0 ; %KICK:10393
  11977     SMAPS 477 MAPARR SPNRARR; %SMAPS:10006
  11978     UM; %UM: 1433
  11979     DL 0.076 ; %DL: 6515
  11980     SMAPS 478 MAPARR SPNRARR; %SMAPS:10006
  11981     UM; %UM: 1433
  11982     QUAD 0.235 0 0.5110640912 ; %QUAD:10214
  11983     SMAPS 479 MAPARR SPNRARR; %SMAPS:10006
  11984     UM; %UM: 1433
  11985     QUAD 0.235 0 0.5110640912 ; %QUAD:10214
  11986     SMAPS 480 MAPARR SPNRARR; %SMAPS:10006
  11987     UM; %UM: 1433
  11988     DL 0.665 ; %DL: 6515
  11989     SMAPS 481 MAPARR SPNRARR; %SMAPS:10006
  11990     UM; %UM: 1433
  11991     SBEND 1.94 0.07853981588 0 0.03926990817 0.03586152553 0.039269908
                  17 0.03586152553 0.5 0.5 ; %SBEND:10279
  11992     SMAPS 482 MAPARR SPNRARR; %SMAPS:10006
  11993     UM; %UM: 1433
  11994     DL 0.3 ; %DL: 6515
  11995     SMAPS 483 MAPARR SPNRARR; %SMAPS:10006
  11996     UM; %UM: 1433
  11997     SBEND 1.94 0.07853981588 0 0.03926990817 0.03586152553 0.039269908
                  17 0.03586152553 0.5 0.5 ; %SBEND:10279
  11998     SMAPS 484 MAPARR SPNRARR; %SMAPS:10006
  11999     UM; %UM: 1433
  12000     DL 0.289 ; %DL: 6515
  12001     SMAPS 485 MAPARR SPNRARR; %SMAPS:10006
  12002     UM; %UM: 1433
  12003     KICK 0.15 0 0 ; %KICK:10393
  12004     SMAPS 486 MAPARR SPNRARR; %SMAPS:10006
  12005     UM; %UM: 1433
  12006     KICK 0.15 0 0 ; %KICK:10393
  12007     SMAPS 487 MAPARR SPNRARR; %SMAPS:10006
  12008     UM; %UM: 1433
  12009     DL 0.076 ; %DL: 6515
  12010     SMAPS 488 MAPARR SPNRARR; %SMAPS:10006
  12011     UM; %UM: 1433
  12012     QUAD 0.235 0 -0.4914664358 ; %QUAD:10214
  12013     SMAPS 489 MAPARR SPNRARR; %SMAPS:10006
  12014     UM; %UM: 1433
  12015     QUAD 0.235 0 -0.4914664358 ; %QUAD:10214
  12016     SMAPS 490 MAPARR SPNRARR; %SMAPS:10006
  12017     UM; %UM: 1433
  12018     DL 0.665 ; %DL: 6515
  12019     SMAPS 491 MAPARR SPNRARR; %SMAPS:10006
  12020     UM; %UM: 1433
  12021     SBEND 1.94 0.07853981588 0 0.03926990817 0.03586152553 0.039269908
                  17 0.03586152553 0.5 0.5 ; %SBEND:10279
  12022     SMAPS 492 MAPARR SPNRARR; %SMAPS:10006
  12023     UM; %UM: 1433
  12024     DL 0.3 ; %DL: 6515
  12025     SMAPS 493 MAPARR SPNRARR; %SMAPS:10006
  12026     UM; %UM: 1433
  12027     SBEND 1.94 0.07853981588 0 0.03926990817 0.03586152553 0.039269908
                  17 0.03586152553 0.5 0.5 ; %SBEND:10279
  12028     SMAPS 494 MAPARR SPNRARR; %SMAPS:10006
  12029     UM; %UM: 1433
  12030     DL 0.299 ; %DL: 6515
  12031     SMAPS 495 MAPARR SPNRARR; %SMAPS:10006
  12032     UM; %UM: 1433
  12033     KICK 0.15 0 0 ; %KICK:10393
  12034     SMAPS 496 MAPARR SPNRARR; %SMAPS:10006
  12035     UM; %UM: 1433
  12036     KICK 0.15 0 0 ; %KICK:10393
  12037     SMAPS 497 MAPARR SPNRARR; %SMAPS:10006
  12038     UM; %UM: 1433
  12039     DL 0.076 ; %DL: 6515
  12040     SMAPS 498 MAPARR SPNRARR; %SMAPS:10006
  12041     UM; %UM: 1433
  12042     QUAD 0.45 0 0.5131702161 ; %QUAD:10214
  12043     SMAPS 499 MAPARR SPNRARR; %SMAPS:10006
  12044     UM; %UM: 1433
  12045     DL 5.144 ; %DL: 6515
  12046     SMAPS 500 MAPARR SPNRARR; %SMAPS:10006
  12047     UM; %UM: 1433
  12048     KICK 0.15 0 0 ; %KICK:10393
  12049     SMAPS 501 MAPARR SPNRARR; %SMAPS:10006
  12050     UM; %UM: 1433
  12051     KICK 0.15 0 0 ; %KICK:10393
  12052     SMAPS 502 MAPARR SPNRARR; %SMAPS:10006
  12053     UM; %UM: 1433
  12054     DL 0.076 ; %DL: 6515
  12055     SMAPS 503 MAPARR SPNRARR; %SMAPS:10006
  12056     UM; %UM: 1433
  12057     QUAD 0.235 0 -0.4914664358 ; %QUAD:10214
  12058     SMAPS 504 MAPARR SPNRARR; %SMAPS:10006
  12059     UM; %UM: 1433
  12060     QUAD 0.235 0 -0.4914664358 ; %QUAD:10214
  12061     SMAPS 505 MAPARR SPNRARR; %SMAPS:10006
  12062     UM; %UM: 1433
  12063     DL 5.1815 ; %DL: 6515
  12064     SMAPS 506 MAPARR SPNRARR; %SMAPS:10006
  12065     UM; %UM: 1433
  12066     KICK 0.15 0 0 ; %KICK:10393
  12067     SMAPS 507 MAPARR SPNRARR; %SMAPS:10006
  12068     UM; %UM: 1433
  12069     KICK 0.15 0 0 ; %KICK:10393
  12070     SMAPS 508 MAPARR SPNRARR; %SMAPS:10006
  12071     UM; %UM: 1433
  12072     DL 0.076 ; %DL: 6515
  12073     SMAPS 509 MAPARR SPNRARR; %SMAPS:10006
  12074     UM; %UM: 1433
  12075     QUAD 0.375 0 0.5001124874 ; %QUAD:10214
  12076     SMAPS 510 MAPARR SPNRARR; %SMAPS:10006
  12077     UM; %UM: 1433
  12078     DL 0.7125 ; %DL: 6515
  12079     SMAPS 511 MAPARR SPNRARR; %SMAPS:10006
  12080     UM; %UM: 1433
  12081     SBEND 1.94 0.07853981588 0 0.03926990817 0.03586152553 0.039269908
                  17 0.03586152553 0.5 0.5 ; %SBEND:10279
  12082     SMAPS 512 MAPARR SPNRARR; %SMAPS:10006
  12083     UM; %UM: 1433
  12084     DL 0.3 ; %DL: 6515
  12085     SMAPS 513 MAPARR SPNRARR; %SMAPS:10006
  12086     UM; %UM: 1433
  12087     SBEND 1.94 0.07853981588 0 0.03926990817 0.03586152553 0.039269908
                  17 0.03586152553 0.5 0.5 ; %SBEND:10279
  12088     SMAPS 514 MAPARR SPNRARR; %SMAPS:10006
  12089     UM; %UM: 1433
  12090     DL 0.215 ; %DL: 6515
  12091     SMAPS 515 MAPARR SPNRARR; %SMAPS:10006
  12092     UM; %UM: 1433
  12093     DL 0.085 ; %DL: 6515
  12094     SMAPS 516 MAPARR SPNRARR; %SMAPS:10006
  12095     UM; %UM: 1433
  12096     QUAD 0.785 0 -0.226233033 ; %QUAD:10214
  12097     SMAPS 517 MAPARR SPNRARR; %SMAPS:10006
  12098     UM; %UM: 1433
  12099     DL 0.11787 ; %DL: 6515
  12100     SMAPS 518 MAPARR SPNRARR; %SMAPS:10006
  12101     UM; %UM: 1433
  12102     KICK 0.15 0 0 ; %KICK:10393
  12103     SMAPS 519 MAPARR SPNRARR; %SMAPS:10006
  12104     UM; %UM: 1433
  12105     KICK 0.15 0 0 ; %KICK:10393
  12106     SMAPS 520 MAPARR SPNRARR; %SMAPS:10006
  12107     UM; %UM: 1433
  12108     DL 0.1 ; %DL: 6515
  12109     SMAPS 521 MAPARR SPNRARR; %SMAPS:10006
  12110     UM; %UM: 1433
  12111     QUAD 0.69 0 0.3171374291 ; %QUAD:10214
  12112     SMAPS 522 MAPARR SPNRARR; %SMAPS:10006
  12113     UM; %UM: 1433
  12114     DL 1.3422 ; %DL: 6515
  12115     SMAPS 523 MAPARR SPNRARR; %SMAPS:10006
  12116     UM; %UM: 1433
  12117     QUAD 0.235 0 -0.5528006412 ; %QUAD:10214
  12118     SMAPS 524 MAPARR SPNRARR; %SMAPS:10006
  12119     UM; %UM: 1433
  12120     QUAD 0.235 0 -0.5528006412 ; %QUAD:10214
  12121     SMAPS 525 MAPARR SPNRARR; %SMAPS:10006
  12122     UM; %UM: 1433
  12123     DL 5.90875 ; %DL: 6515
  12124     SMAPS 526 MAPARR SPNRARR; %SMAPS:10006
  12125     UM; %UM: 1433
  12126     QUAD 0.235 0 0.4937228226 ; %QUAD:10214
  12127     SMAPS 527 MAPARR SPNRARR; %SMAPS:10006
  12128     UM; %UM: 1433
  12129     QUAD 0.235 0 0.4937228226 ; %QUAD:10214
  12130     SMAPS 528 MAPARR SPNRARR; %SMAPS:10006
  12131     UM; %UM: 1433
  12132     DL 5.90875 ; %DL: 6515
  12133     SMAPS 529 MAPARR SPNRARR; %SMAPS:10006
  12134     UM; %UM: 1433
  12135     QUAD 0.235 0 -0.5528006412 ; %QUAD:10214
  12136     SMAPS 530 MAPARR SPNRARR; %SMAPS:10006
  12137     UM; %UM: 1433
  12138     QUAD 0.235 0 -0.5528006412 ; %QUAD:10214
  12139     SMAPS 531 MAPARR SPNRARR; %SMAPS:10006
  12140     UM; %UM: 1433
  12141     DL 5.90875 ; %DL: 6515
  12142     SMAPS 532 MAPARR SPNRARR; %SMAPS:10006
  12143     UM; %UM: 1433
  12144     QUAD 0.235 0 0.4937228226 ; %QUAD:10214
  12145     SMAPS 533 MAPARR SPNRARR; %SMAPS:10006
  12146     UM; %UM: 1433
  12147     QUAD 0.235 0 0.4937228226 ; %QUAD:10214
  12148     SMAPS 534 MAPARR SPNRARR; %SMAPS:10006
  12149     UM; %UM: 1433
  12150     DL 5.90875 ; %DL: 6515
  12151     SMAPS 535 MAPARR SPNRARR; %SMAPS:10006
  12152     UM; %UM: 1433
  12153     QUAD 0.235 0 -0.5528006412 ; %QUAD:10214
  12154     SMAPS 536 MAPARR SPNRARR; %SMAPS:10006
  12155     UM; %UM: 1433
  12156     QUAD 0.235 0 -0.5528006412 ; %QUAD:10214
  12157     SMAPS 537 MAPARR SPNRARR; %SMAPS:10006
  12158     UM; %UM: 1433
  12159     DL 0.4166853 ; %DL: 6515
  12160     SMAPS 538 MAPARR SPNRARR; %SMAPS:10006
  12161     UM; %UM: 1433
  12162     WIEN 5.0753794 BBE 100 0; %WIEN:10427
  12163     SMAPS 539 MAPARR SPNRARR; %SMAPS:10006
  12164     UM; %UM: 1433
  12165     DL 0.4166853 ; %DL: 6515
  12166     SMAPS 540 MAPARR SPNRARR; %SMAPS:10006
  12167     UM; %UM: 1433
  12168     QUAD 0.235 0 0.4937228226 ; %QUAD:10214
  12169     SMAPS 541 MAPARR SPNRARR; %SMAPS:10006
  12170     UM; %UM: 1433
  12171     QUAD 0.235 0 0.4937228226 ; %QUAD:10214
  12172     SMAPS 542 MAPARR SPNRARR; %SMAPS:10006
  12173     UM; %UM: 1433
  12174     DL 0.4166853 ; %DL: 6515
  12175     SMAPS 543 MAPARR SPNRARR; %SMAPS:10006
  12176     UM; %UM: 1433
  12177     WIEN 5.0753794 BBE 100 0; %WIEN:10427
  12178     SMAPS 544 MAPARR SPNRARR; %SMAPS:10006
  12179     UM; %UM: 1433
  12180     DL 0.4166853 ; %DL: 6515
  12181     SMAPS 545 MAPARR SPNRARR; %SMAPS:10006
  12182     UM; %UM: 1433
  12183     QUAD 0.235 0 -0.5528006412 ; %QUAD:10214
  12184     SMAPS 546 MAPARR SPNRARR; %SMAPS:10006
  12185     UM; %UM: 1433
  12186     QUAD 0.235 0 -0.5528006412 ; %QUAD:10214
  12187     SMAPS 547 MAPARR SPNRARR; %SMAPS:10006
  12188     UM; %UM: 1433
  12189     DL 0.4166853 ; %DL: 6515
  12190     SMAPS 548 MAPARR SPNRARR; %SMAPS:10006
  12191     UM; %UM: 1433
  12192     WIEN 5.0753794 BBE 100 0; %WIEN:10427
  12193     SMAPS 549 MAPARR SPNRARR; %SMAPS:10006
  12194     UM; %UM: 1433
  12195     DL 0.4166853 ; %DL: 6515
  12196     SMAPS 550 MAPARR SPNRARR; %SMAPS:10006
  12197     UM; %UM: 1433
  12198     QUAD 0.235 0 0.4937228226 ; %QUAD:10214
  12199     SMAPS 551 MAPARR SPNRARR; %SMAPS:10006
  12200     UM; %UM: 1433
  12201     QUAD 0.235 0 0.4937228226 ; %QUAD:10214
  12202     SMAPS 552 MAPARR SPNRARR; %SMAPS:10006
  12203     UM; %UM: 1433
  12204     DL 0.4166853 ; %DL: 6515
  12205     SMAPS 553 MAPARR SPNRARR; %SMAPS:10006
  12206     UM; %UM: 1433
  12207     WIEN 5.0753794 BBE 100 0; %WIEN:10427
  12208     SMAPS 554 MAPARR SPNRARR; %SMAPS:10006
  12209     UM; %UM: 1433
  12210     DL 0.4166853 ; %DL: 6515
  12211     SMAPS 555 MAPARR SPNRARR; %SMAPS:10006
  12212     UM; %UM: 1433
  12213     QUAD 0.235 0 -0.5528006412 ; %QUAD:10214
  12214     SMAPS 556 MAPARR SPNRARR; %SMAPS:10006
  12215     UM; %UM: 1433
  12216     QUAD 0.235 0 -0.5528006412 ; %QUAD:10214
  12217     SMAPS 557 MAPARR SPNRARR; %SMAPS:10006
  12218     UM; %UM: 1433
  12219     DL 0.4166853 ; %DL: 6515
  12220     SMAPS 558 MAPARR SPNRARR; %SMAPS:10006
  12221     UM; %UM: 1433
  12222     WIEN 5.0753794 BBE 100 0; %WIEN:10427
  12223     SMAPS 559 MAPARR SPNRARR; %SMAPS:10006
  12224     UM; %UM: 1433
  12225     DL 0.4166853 ; %DL: 6515
  12226     SMAPS 560 MAPARR SPNRARR; %SMAPS:10006
  12227     UM; %UM: 1433
  12228     QUAD 0.235 0 0.4937228226 ; %QUAD:10214
  12229     SMAPS 561 MAPARR SPNRARR; %SMAPS:10006
  12230     UM; %UM: 1433
  12231     QUAD 0.235 0 0.4937228226 ; %QUAD:10214
  12232     SMAPS 562 MAPARR SPNRARR; %SMAPS:10006
  12233     UM; %UM: 1433
  12234     DL 0.4166853 ; %DL: 6515
  12235     SMAPS 563 MAPARR SPNRARR; %SMAPS:10006
  12236     UM; %UM: 1433
  12237     WIEN 5.0753794 BBE 100 0; %WIEN:10427
  12238     SMAPS 564 MAPARR SPNRARR; %SMAPS:10006
  12239     UM; %UM: 1433
  12240     DL 0.4166853 ; %DL: 6515
  12241     SMAPS 565 MAPARR SPNRARR; %SMAPS:10006
  12242     UM; %UM: 1433
  12243     QUAD 0.235 0 -0.5528006412 ; %QUAD:10214
  12244     SMAPS 566 MAPARR SPNRARR; %SMAPS:10006
  12245     UM; %UM: 1433
  12246     QUAD 0.235 0 -0.5528006412 ; %QUAD:10214
  12247     SMAPS 567 MAPARR SPNRARR; %SMAPS:10006
  12248     UM; %UM: 1433
  12249     DL 5.90875 ; %DL: 6515
  12250     SMAPS 568 MAPARR SPNRARR; %SMAPS:10006
  12251     UM; %UM: 1433
  12252     QUAD 0.235 0 0.4937228226 ; %QUAD:10214
  12253     SMAPS 569 MAPARR SPNRARR; %SMAPS:10006
  12254     UM; %UM: 1433
  12255     QUAD 0.235 0 0.4937228226 ; %QUAD:10214
  12256     SMAPS 570 MAPARR SPNRARR; %SMAPS:10006
  12257     UM; %UM: 1433
  12258     DL 5.90875 ; %DL: 6515
  12259     SMAPS 571 MAPARR SPNRARR; %SMAPS:10006
  12260     UM; %UM: 1433
  12261     QUAD 0.235 0 -0.5528006412 ; %QUAD:10214
  12262     SMAPS 572 MAPARR SPNRARR; %SMAPS:10006
  12263     UM; %UM: 1433
  12264     QUAD 0.235 0 -0.5528006412 ; %QUAD:10214
  12265     SMAPS 573 MAPARR SPNRARR; %SMAPS:10006
  12266     UM; %UM: 1433
  12267     DL 5.90875 ; %DL: 6515
  12268     SMAPS 574 MAPARR SPNRARR; %SMAPS:10006
  12269     UM; %UM: 1433
  12270     QUAD 0.235 0 0.4937228226 ; %QUAD:10214
  12271     SMAPS 575 MAPARR SPNRARR; %SMAPS:10006
  12272     UM; %UM: 1433
  12273     QUAD 0.235 0 0.4937228226 ; %QUAD:10214
  12274     SMAPS 576 MAPARR SPNRARR; %SMAPS:10006
  12275     UM; %UM: 1433
  12276     DL 5.90875 ; %DL: 6515
  12277     SMAPS 577 MAPARR SPNRARR; %SMAPS:10006
  12278     UM; %UM: 1433
  12279     QUAD 0.235 0 -0.5528006412 ; %QUAD:10214
  12280     SMAPS 578 MAPARR SPNRARR; %SMAPS:10006
  12281     UM; %UM: 1433
  12282     QUAD 0.235 0 -0.5528006412 ; %QUAD:10214
  12283     SMAPS 579 MAPARR SPNRARR; %SMAPS:10006
  12284     UM; %UM: 1433
  12285     DL 5.90875 ; %DL: 6515
  12286     SMAPS 580 MAPARR SPNRARR; %SMAPS:10006
  12287     UM; %UM: 1433
  12288     QUAD 0.235 0 0.4937228226 ; %QUAD:10214
  12289     SMAPS 581 MAPARR SPNRARR; %SMAPS:10006
  12290     UM; %UM: 1433
  12291     QUAD 0.235 0 0.4937228226 ; %QUAD:10214
  12292     SMAPS 582 MAPARR SPNRARR; %SMAPS:10006
  12293     UM; %UM: 1433
  12294     DL 5.90875 ; %DL: 6515
  12295     SMAPS 583 MAPARR SPNRARR; %SMAPS:10006
  12296     UM; %UM: 1433
  12297     QUAD 0.235 0 -0.5528006412 ; %QUAD:10214
  12298     SMAPS 584 MAPARR SPNRARR; %SMAPS:10006
  12299     UM; %UM: 1433
  12300     QUAD 0.235 0 -0.5528006412 ; %QUAD:10214
  12301     SMAPS 585 MAPARR SPNRARR; %SMAPS:10006
  12302     UM; %UM: 1433
  12303     DL 1.3422 ; %DL: 6515
  12304     SMAPS 586 MAPARR SPNRARR; %SMAPS:10006
  12305     ENDPROCEDURE;
 --- BIN FILE WRITTEN: SEQFULL_clean
  12306   SAVE 'SEQFULL_clean';
