 --- BIN FILE READ: SEQFULL
  14356 INCLUDE 'SEQFULL';
  14357   PROCEDURE BETAFUNC;
  14358     VARIABLE WHERE 100;
  14359     VARIABLE GAMMA 1;
  14360     VARIABLE RFFLAG 1;
  14361     VARIABLE NSEQ 1;
  14362     VARIABLE VRF 1 1 1;
  14363     VARIABLE FREQ 1;
  14364     VARIABLE HNUM 1;
  14365     VARIABLE RFFLAG 1;
  14366     VARIABLE KS 1 2;
  14367     VARIABLE X 1 2;
  14368     VARIABLE XS 1 2;
  14369     VARIABLE MAPPARAMS 1 6;
  14370     VARIABLE MAPARR 1000 6 1281;
  14371     VARIABLE SPNRARR 1000 3 3 1281;
  14372     VARIABLE F 100 6;
  14373     VARIABLE A 100 2;
  14374     VARIABLE B 100 2;
  14375     VARIABLE G 100 2;
  14376     VARIABLE R 100 2;
  14377     VARIABLE MU 100 2;
  14378     VARIABLE EL 1;
  14379     VARIABLE EL0 1;
  14380     VARIABLE EL1 1;
  14381     VARIABLE PCL 2 2;
  14382     VARIABLE PID 1;
  14383     PROCEDURE PICK INDEX;
  14384       VARIABLE I 1;
  14385       VARIABLE J 1;
  14386       LOOP I 1 TWOND;
  14387         MSC(I) := MAPARR(I, INDEX);
  14388         ENDLOOP;
  14389       LOOP I 1 3;
  14390         LOOP J 1 3;
  14391           SSCR(I,J) := SPNRARR(I,J,INDEX) + 0*DD(1);
  14392           ENDLOOP;
  14393         ENDLOOP;
  14394       ENDPROCEDURE;
  14395     PROCEDURE MAKEMAP FROM TO START;
  14396       VARIABLE J 1;
  14397       WRITE 6 '* '&ST(START);
  14398       LMAPS START MAPARR SPNRARR; %LMAPS:10018
  14399       LOOP J (START+1) TO;
  14400         WRITE 6 '**       '&ST(J);
  14401         PICK J; %PICK:14383
  14402         LOCSET 0 0 0 0 0 0; %LOCSET: 1059
  14403         UPDATE 1 1; %UPDATE: 1206
  14404         ENDLOOP;
  14405       LOOP J FROM (START-1);
  14406         WRITE 6 '**       '&ST(J);
  14407         PICK J; %PICK:14383
  14408         LOCSET 0 0 0 0 0 0; %LOCSET: 1059
  14409         UPDATE 1 1; %UPDATE: 1206
  14410         ENDLOOP;
  14411       ENDPROCEDURE;
  14412     GAMMA := 1.14;
  14413     RFFLAG := 1;
  14414     NSEQ := 1280;
  14415     GROUTF 'img/dump/TR' 1;
  14416     OV 3 2 0; %OV:  914
  14417     SET_FOR_DEUTERONS GAMMA; %SET_FOR_DEUTERONS:10452
  14418     LATTICE MAPPARAMS MAPARR SPNRARR; %LATTICE:10471
  14419     IF RFFLAG=1;
  14420       UM; %UM: 1433
  14421       RF VRF 0 FREQ 0 0.05; %RF: 8653
  14422       INSERT 1 MAPARR SPNRARR NSEQ; %INSERT:10145
  14423       NSEQ := NSEQ + 1;
  14424       ENDIF;
  14425     EL0 := 1;
  14426     EL1 := NSEQ;
  14427     OPENF 3617 'BETA.dat' 'REPLACE';
  14428     OPENF 3618 'MU.dat' 'REPLACE';
  14429     WRITE 3617 '# EL BX-RE BX-IM BY-RE BY-IM';
  14430     LOOP EL EL0 EL1;
  14431       MAKEMAP EL0 EL1 EL; %MAKEMAP:14395
  14432       OPENF 935 'MAP'&MRK(EL) 'REPLACE'; %MRK: 9679
  14433       PM 935; %PM: 1519
  14434       CLOSEF 935;
  14435       GT MAP F MU A B G R; %GT: 3588
  14436       B(1) := CM(CONS(B(1)));
  14437       B(2) := CM(CONS(B(2)));
  14438       MU(1) := CM(CONS(MU(1)));
  14439       MU(2) := CM(CONS(MU(2)));
  14440       WRITE 3617 SF(EL,'(I6)')&SF(B(1)|1,'(E15.7)')&SF(B(1)|2,'(E15.7)
                  ')&SF(B(2)|1,'(E15.7)')&SF(B(2)|2,'(E15.7)'); %SF:  230 %SF:
                    230 %SF:  230 %SF:  230 %SF:  230
  14441       WRITE 3618 SF(EL,'(I6)')&SF(MU(1)|1,'(E15.7)')&SF(MU(1)|2,'(E15.
                  7)')&SF(MU(2)|1,'(E15.7)')&SF(MU(2)|2,'(E15.7)'); %SF:  230 
                  %SF:  230 %SF:  230 %SF:  230 %SF:  230
  14442       ENDLOOP;
  14443     CLOSEF 3617;
  14444     CLOSEF 3618;
  14445     ENDPROCEDURE;
  14446   PROCEDURE RUN;
  14447     BETAFUNC; %BETAFUNC:14357
  14448     ENDPROCEDURE;
  14449   RUN; %RUN:14446
