 --- BIN FILE READ: FULL_SEX_CLEAR_5_fam
  11163 INCLUDE 'FULL_SEX_CLEAR_5_fam';
  11164   PROCEDURE MAIN;
  11165     VARIABLE WHERE 100;
  11166     VARIABLE MRKR 10;
  11167     VARIABLE GAMMA 1;
  11168     VARIABLE MAPSE 1;
  11169     VARIABLE MU 800;
  11170     VARIABLE NBAR 800 3;
  11171     VARIABLE EL 1;
  11172     VARIABLE PNUM 1;
  11173     VARIABLE PSI0_DEG 1;
  11174     VARIABLE NTURN 1;
  11175     VARIABLE TUNE 800 3;
  11176     VARIABLE MU_TP 800 3;
  11177     VARIABLE CHROM_X 1;
  11178     VARIABLE CHROM_Y 1;
  11179     VARIABLE SGX1 1;
  11180     VARIABLE SGX2 1;
  11181     VARIABLE SGY1 1;
  11182     VARIABLE SGY2 1;
  11183     VARIABLE EB1 1;
  11184     VARIABLE A 100 2 ;
  11185     VARIABLE B 100 2 ;
  11186     VARIABLE G 100 2 ;
  11187     VARIABLE R 100 2 ;
  11188     VARIABLE F 100 6 ;
  11189     GROUTF 'img/dump/TR' 1;
  11190     GAMMA := 1.12792344429;
  11191     NTURN := 3000000;
  11192     PSI0_DEG := 45;
  11193     PNUM := 10;
  11194     MRKR := 'FULL_45';
  11195     OV 3 2 1; %OV:  969
  11196     SET_FOR_DEUTERONS GAMMA; %SET_FOR_DEUTERONS:10561
  11197     EB1 := 99.04;
  11198     SGX1 :=  0.3975288447497761E-002;
  11199     SGX2 :=  0.3885686150937240E-002;
  11200     SGY1  :=  -.7860046789335846E-002;
  11201     SGY2  :=  -.7860046789335846E-002;
  11202     LATTICE SGX1 SGX2 SGY1 SGY2 EB1 1; %LATTICE:10580
  11203     PM 6; %PM: 1574
  11204     WRITE 6 '++++++++++ Magnetic Rigidity';
  11205     WRITE 6 CONS(CHIM);
  11206     TP MU_TP ; %TP: 3955
  11207     WRITE 6 'DELTA DEPENDENT TUNES' MU_TP(1) MU_TP(2) ;
  11208     CHROM_X:= (MU_TP(1)|(0&0&0&0&1))*(1+1/GAMMA);
  11209     CHROM_Y:= (MU_TP(2)|(0&0&0&0&1))*(1+1/GAMMA);
  11210     WRITE 6 'CHROM_X' CHROM_X 'CHROM_Y' CHROM_Y;
  11211     LOOP EL 1 3;
  11212       OPENF 3618 'dat/'&MRKR&'/MU_TP'&MRK(EL)&'_'&MRKR&'.dat' 'REPLACE
                  '; %MRK: 9786
  11213       WRITE 3618 MU_TP(EL);
  11214       CLOSEF 3618;
  11215       ENDLOOP;
  11216     GT MAP F MU_TP A B G R ; %GT: 3643
  11217     WRITE 6 ' DELTA DEPENDENT ALPHAS ' A(1) A(2) ;
  11218     ENDPROCEDURE;
  11219   PROCEDURE RUN;
  11220     MAIN; %MAIN:11164
  11221     ENDPROCEDURE;
  11222   RUN; %RUN:11219
