 --- BIN FILE READ: SEQFULL
  14499 INCLUDE 'SEQFULL';
  14500   PROCEDURE INJECT;
  14501     CR; %CR:  947
  14502     SR 0 0 0 0 0 0 0 0 1; %SR: 2082
  14503     SSR 0 0 1; %SSR: 2197
  14504     SR 1E-3 0 0 0 0 0 0 0 1; %SR: 2082
  14505     SSR 0 0 1; %SSR: 2197
  14506     SR 0 0 0 0 0 1E-4 0 0 1; %SR: 2082
  14507     SSR 0 0 1; %SSR: 2197
  14508     SR .5E-3 0 0 0 0 0 0 0 1; %SR: 2082
  14509     SSR 0 0 1; %SSR: 2197
  14510     SR 0 0 .5E-3 0 0 0 0 0 1; %SR: 2082
  14511     SSR 0 0 1; %SSR: 2197
  14512     ENDPROCEDURE;
  14513   PROCEDURE INJECT1 NUM;
  14514     VARIABLE X 100;
  14515     VARIABLE I 1;
  14516     CR; %CR:  947
  14517     X := LINSPACE(-1E-3, 1E-3, NUM); %LINSPACE: 9840
  14518     LOOP I 1 NUM;
  14519       SR X|I 0 0 0 0 0 0 0 1; %SR: 2082
  14520       SSR 0 0 1; %SSR: 2197
  14521       SR 0 0 X|I 0 0 0 0 0 1; %SR: 2082
  14522       SSR 0 0 1; %SSR: 2197
  14523       SR 0 0 0 0 0 (X|I)/10 0 0 1; %SR: 2082
  14524       SSR 0 0 1; %SSR: 2197
  14525       ENDLOOP;
  14526     ENDPROCEDURE;
  14527   PROCEDURE INJECT_SPIN NUM;
  14528     VARIABLE T 100;
  14529     VARIABLE C 100;
  14530     VARIABLE S 100;
  14531     VARIABLE I 1;
  14532     T := LINSPACE(0, 2*PI, NUM); %LINSPACE: 9840
  14533     C := COS(T);
  14534     S := SIN(T);
  14535     CR; %CR:  947
  14536     LOOP I 1 NUM;
  14537       SR 0 0 0 0 0 0 0 0 1; %SR: 2082
  14538       SSR C|I S|I 0; %SSR: 2197
  14539       SR 0 0 0 0 0 0 0 0 1; %SR: 2082
  14540       SSR C|I 0 S|I; %SSR: 2197
  14541       SR 0 0 0 0 0 0 0 0 1; %SR: 2082
  14542       SSR 0 C|I S|I; %SSR: 2197
  14543       ENDLOOP;
  14544     ENDPROCEDURE;
  14545   PROCEDURE RUN;
  14546     VARIABLE WHERE 100;
  14547     VARIABLE MAPPARAMS 1 6;
  14548     VARIABLE MAPARR 1000 6 1290;
  14549     VARIABLE SPNRARR 1000 3 3 1290;
  14550     GROUTF 'img/dump/TR' 1;
  14551     OV 3 3 0; %OV:  969
  14552     DAEPS 1E-12;
  14553     SET_FOR_DEUTERONS 1.129; %SET_FOR_DEUTERONS:10561
  14554     LATTICE MAPPARAMS MAPARR SPNRARR; %LATTICE:10580
  14555     INJECT1 10; %INJECT1:14513
  14556     OPENF 924 'TRPRAY_SEQ.dat' 'REPLACE';
  14557     OPENF 925 'TRPSPI_SEQ.dat' 'REPLACE';
  14558     TREL MAPARR SPNRARR 1 1290 30 924 925; %TREL:10140
  14559     CLOSEF 924;
  14560     CLOSEF 925;
  14561     ENDPROCEDURE;
  14562   RUN; %RUN:14545
