 --- BIN FILE READ: header
  10579 INCLUDE 'header';
  10580   PROCEDURE LATTICE SEXTGX1 SEXTGX2 SEXTGY1 SEXTGY2 EB1 RFFLAG;
  10581     VARIABLE VRF 1 1 1;
  10582     VARIABLE FREQ 1;
  10583     VARIABLE HNUM 1;
  10584     VARIABLE MB2LMARR 1 3;
  10585     VARIABLE NMB2LMARR 1;
  10586     VARIABLE MCQ0MARR 1 2;
  10587     VARIABLE NMCQ0MARR 1;
  10588     VARIABLE MCS0MARR 1 3;
  10589     VARIABLE NMCS0MARR 1;
  10590     VARIABLE MCS1MARR 1 3;
  10591     VARIABLE NMCS1MARR 1;
  10592     VARIABLE MCS2MARR 1 3;
  10593     VARIABLE NMCS2MARR 1;
  10594     VARIABLE MCO0MARR 1 4;
  10595     VARIABLE NMCO0MARR 1;
  10596     VARIABLE MCO3MARR 1 4;
  10597     VARIABLE NMCO3MARR 1;
  10598     VARIABLE EBE 1;
  10599     VARIABLE BBE 1;
  10600     VARIABLE SF1 1;
  10601     VARIABLE SF2 1;
  10602     VARIABLE SD1 1;
  10603     VARIABLE SD2 1;
  10604     VARIABLE LEN_S 1;
  10605     VARIABLE A 1;
  10606     EBE := EB1;
  10607     A := 0.05;
  10608     LEN_S := 0.30;
  10609     SF1:= SEXTGX1;
  10610     SF2:= SEXTGX2;
  10611     SD1:= SEXTGY1;
  10612     SD2:= SEXTGY2;
  10613     HNUM := 66;
  10614     VRF(1, 1) := 100/HNUM;
  10615     FREQ := HNUM*REVFREQ(FACCLEN(1)); %REVFREQ: 9907 %FACCLEN:10534
  10616     WRITE 6 '********************************************';
  10617     WRITE 6 '*      FS NICA BYPASS 2 SEP 2022 (CW)      *';
  10618     WRITE 6 '********************************************';
  10619     WRITE 6 'REVOLUTION FREQUENCY: '&ST(REVFREQ(FACCLEN(1))/1E6)&' MHZ
                  '; %REVFREQ: 9907 %FACCLEN:10534
  10620     WRITE 6 'RF FREQUENCY: '&ST(FREQ/1E6)&' MHZ';
  10621     UM; %UM: 1488
  10622     CR; %CR:  947
  10623     IF RFFLAG=1;
  10624       RF VRF 0 FREQ 0 0.05; %RF: 8697
  10625       ENDIF;
  10626     QUAD 0.69 0 0.3171374291 ; %QUAD:10321
  10627     DL 0.1 ; %DL: 6559
  10628     DL 0.3 ; %DL: 6559
  10629     DL 0.11787 ; %DL: 6559
  10630     QUAD 0.785 0 -0.226233033 ; %QUAD:10321
  10631     DL 0.085 ; %DL: 6559
  10632     DL 0.215 ; %DL: 6559
  10633     SBEND 1.94 0.07853981588 0 0.03926990817 0.03586152553 0.039269908
                  17 0.03586152553 0.5 0.5 ; %SBEND:10385
  10634     DL 0.3 ; %DL: 6559
  10635     SBEND 1.94 0.07853981588 0 0.03926990817 0.03586152553 0.039269908
                  17 0.03586152553 0.5 0.5 ; %SBEND:10385
  10636     DL 0.3365 ; %DL: 6559
  10637     DL 0.3 ; %DL: 6559
  10638     DL 0.076 ; %DL: 6559
  10639     QUAD 0.375 0 0.5001124874 ; %QUAD:10321
  10640     DL 5.1815 ; %DL: 6559
  10641     DL 0.3 ; %DL: 6559
  10642     DL 0.076 ; %DL: 6559
  10643     QUAD 0.235 0 -0.4914664358 ; %QUAD:10321
  10644     QUAD 0.235 0 -0.4914664358 ; %QUAD:10321
  10645     DL 5.144 ; %DL: 6559
  10646     DL 0.3 ; %DL: 6559
  10647     DL 0.076 ; %DL: 6559
  10648     QUAD 0.45 0 0.5131702161 ; %QUAD:10321
  10649     DL 0.675 ; %DL: 6559
  10650     SBEND 1.94 0.07853981588 0 0.03926990817 0.03586152553 0.039269908
                  17 0.03586152553 0.5 0.5 ; %SBEND:10385
  10651     DL 0.3 ; %DL: 6559
  10652     SBEND 1.94 0.07853981588 0 0.03926990817 0.03586152553 0.039269908
                  17 0.03586152553 0.5 0.5 ; %SBEND:10385
  10653     DL 0.289 ; %DL: 6559
  10654     MH LEN_S SD1 0.05; %MH: 7153
  10655     DL 0.076 ; %DL: 6559
  10656     QUAD 0.235 0 -0.4914664358 ; %QUAD:10321
  10657     QUAD 0.235 0 -0.4914664358 ; %QUAD:10321
  10658     DL 0.665 ; %DL: 6559
  10659     SBEND 1.94 0.07853981588 0 0.03926990817 0.03586152553 0.039269908
                  17 0.03586152553 0.5 0.5 ; %SBEND:10385
  10660     DL 0.3 ; %DL: 6559
  10661     SBEND 1.94 0.07853981588 0 0.03926990817 0.03586152553 0.039269908
                  17 0.03586152553 0.5 0.5 ; %SBEND:10385
  10662     DL 0.289 ; %DL: 6559
  10663     MH LEN_S SF1 0.05; %MH: 7153
  10664     DL 0.076 ; %DL: 6559
  10665     QUAD 0.235 0 0.5110640912 ; %QUAD:10321
  10666     QUAD 0.235 0 0.5110640912 ; %QUAD:10321
  10667     DL 0.665 ; %DL: 6559
  10668     SBEND 1.94 0.07853981588 0 0.03926990817 0.03586152553 0.039269908
                  17 0.03586152553 0.5 0.5 ; %SBEND:10385
  10669     DL 0.3 ; %DL: 6559
  10670     SBEND 1.94 0.07853981588 0 0.03926990817 0.03586152553 0.039269908
                  17 0.03586152553 0.5 0.5 ; %SBEND:10385
  10671     DL 0.289 ; %DL: 6559
  10672     MH LEN_S SD2 0.05; %MH: 7153
  10673     DL 0.076 ; %DL: 6559
  10674     QUAD 0.235 0 -0.4914664358 ; %QUAD:10321
  10675     QUAD 0.235 0 -0.4914664358 ; %QUAD:10321
  10676     DL 0.665 ; %DL: 6559
  10677     SBEND 1.94 0.07853981588 0 0.03926990817 0.03586152553 0.039269908
                  17 0.03586152553 0.5 0.5 ; %SBEND:10385
  10678     DL 0.3 ; %DL: 6559
  10679     SBEND 1.94 0.07853981588 0 0.03926990817 0.03586152553 0.039269908
                  17 0.03586152553 0.5 0.5 ; %SBEND:10385
  10680     DL 0.289 ; %DL: 6559
  10681     MH LEN_S SF2 0.05; %MH: 7153
  10682     DL 0.076 ; %DL: 6559
  10683     QUAD 0.235 0 0.5110640912 ; %QUAD:10321
  10684     QUAD 0.235 0 0.5110640912 ; %QUAD:10321
  10685     DL 0.665 ; %DL: 6559
  10686     SBEND 1.94 0.07853981588 0 0.03926990817 0.03586152553 0.039269908
                  17 0.03586152553 0.5 0.5 ; %SBEND:10385
  10687     DL 0.3 ; %DL: 6559
  10688     SBEND 1.94 0.07853981588 0 0.03926990817 0.03586152553 0.039269908
                  17 0.03586152553 0.5 0.5 ; %SBEND:10385
  10689     DL 0.289 ; %DL: 6559
  10690     MH LEN_S SD1 0.05; %MH: 7153
  10691     DL 0.076 ; %DL: 6559
  10692     QUAD 0.235 0 -0.4914664358 ; %QUAD:10321
  10693     QUAD 0.235 0 -0.4914664358 ; %QUAD:10321
  10694     DL 0.665 ; %DL: 6559
  10695     SBEND 1.94 0.07853981588 0 0.03926990817 0.03586152553 0.039269908
                  17 0.03586152553 0.5 0.5 ; %SBEND:10385
  10696     DL 0.3 ; %DL: 6559
  10697     SBEND 1.94 0.07853981588 0 0.03926990817 0.03586152553 0.039269908
                  17 0.03586152553 0.5 0.5 ; %SBEND:10385
  10698     DL 0.289 ; %DL: 6559
  10699     MH LEN_S SF1 0.05; %MH: 7153
  10700     DL 0.076 ; %DL: 6559
  10701     QUAD 0.235 0 0.5110640912 ; %QUAD:10321
  10702     QUAD 0.235 0 0.5110640912 ; %QUAD:10321
  10703     DL 0.665 ; %DL: 6559
  10704     SBEND 1.94 0.07853981588 0 0.03926990817 0.03586152553 0.039269908
                  17 0.03586152553 0.5 0.5 ; %SBEND:10385
  10705     DL 0.3 ; %DL: 6559
  10706     SBEND 1.94 0.07853981588 0 0.03926990817 0.03586152553 0.039269908
                  17 0.03586152553 0.5 0.5 ; %SBEND:10385
  10707     DL 0.289 ; %DL: 6559
  10708     MH LEN_S SD2 0.05; %MH: 7153
  10709     DL 0.076 ; %DL: 6559
  10710     QUAD 0.235 0 -0.4914664358 ; %QUAD:10321
  10711     QUAD 0.235 0 -0.4914664358 ; %QUAD:10321
  10712     DL 0.665 ; %DL: 6559
  10713     SBEND 1.94 0.07853981588 0 0.03926990817 0.03586152553 0.039269908
                  17 0.03586152553 0.5 0.5 ; %SBEND:10385
  10714     DL 0.3 ; %DL: 6559
  10715     SBEND 1.94 0.07853981588 0 0.03926990817 0.03586152553 0.039269908
                  17 0.03586152553 0.5 0.5 ; %SBEND:10385
  10716     DL 0.289 ; %DL: 6559
  10717     MH LEN_S SF2 0.05; %MH: 7153
  10718     DL 0.076 ; %DL: 6559
  10719     QUAD 0.235 0 0.5110640912 ; %QUAD:10321
  10720     QUAD 0.235 0 0.5110640912 ; %QUAD:10321
  10721     DL 0.665 ; %DL: 6559
  10722     SBEND 1.94 0.07853981588 0 0.03926990817 0.03586152553 0.039269908
                  17 0.03586152553 0.5 0.5 ; %SBEND:10385
  10723     DL 0.3 ; %DL: 6559
  10724     SBEND 1.94 0.07853981588 0 0.03926990817 0.03586152553 0.039269908
                  17 0.03586152553 0.5 0.5 ; %SBEND:10385
  10725     DL 0.289 ; %DL: 6559
  10726     MH LEN_S SD1 0.05; %MH: 7153
  10727     DL 0.076 ; %DL: 6559
  10728     QUAD 0.235 0 -0.4914664358 ; %QUAD:10321
  10729     QUAD 0.235 0 -0.4914664358 ; %QUAD:10321
  10730     DL 0.665 ; %DL: 6559
  10731     SBEND 1.94 0.07853981588 0 0.03926990817 0.03586152553 0.039269908
                  17 0.03586152553 0.5 0.5 ; %SBEND:10385
  10732     DL 0.3 ; %DL: 6559
  10733     SBEND 1.94 0.07853981588 0 0.03926990817 0.03586152553 0.039269908
                  17 0.03586152553 0.5 0.5 ; %SBEND:10385
  10734     DL 0.289 ; %DL: 6559
  10735     MH LEN_S SF1 0.05; %MH: 7153
  10736     DL 0.076 ; %DL: 6559
  10737     QUAD 0.235 0 0.5110640912 ; %QUAD:10321
  10738     QUAD 0.235 0 0.5110640912 ; %QUAD:10321
  10739     DL 0.665 ; %DL: 6559
  10740     SBEND 1.94 0.07853981588 0 0.03926990817 0.03586152553 0.039269908
                  17 0.03586152553 0.5 0.5 ; %SBEND:10385
  10741     DL 0.3 ; %DL: 6559
  10742     SBEND 1.94 0.07853981588 0 0.03926990817 0.03586152553 0.039269908
                  17 0.03586152553 0.5 0.5 ; %SBEND:10385
  10743     DL 0.289 ; %DL: 6559
  10744     MH LEN_S SD2 0.05; %MH: 7153
  10745     DL 0.076 ; %DL: 6559
  10746     QUAD 0.235 0 -0.4914664358 ; %QUAD:10321
  10747     QUAD 0.235 0 -0.4914664358 ; %QUAD:10321
  10748     DL 0.665 ; %DL: 6559
  10749     SBEND 1.94 0.07853981588 0 0.03926990817 0.03586152553 0.039269908
                  17 0.03586152553 0.5 0.5 ; %SBEND:10385
  10750     DL 0.3 ; %DL: 6559
  10751     SBEND 1.94 0.07853981588 0 0.03926990817 0.03586152553 0.039269908
                  17 0.03586152553 0.5 0.5 ; %SBEND:10385
  10752     DL 0.289 ; %DL: 6559
  10753     MH LEN_S SF2 0.05; %MH: 7153
  10754     DL 0.076 ; %DL: 6559
  10755     QUAD 0.235 0 0.5110640912 ; %QUAD:10321
  10756     QUAD 0.235 0 0.5110640912 ; %QUAD:10321
  10757     DL 0.665 ; %DL: 6559
  10758     SBEND 1.94 0.07853981588 0 0.03926990817 0.03586152553 0.039269908
                  17 0.03586152553 0.5 0.5 ; %SBEND:10385
  10759     DL 0.3 ; %DL: 6559
  10760     SBEND 1.94 0.07853981588 0 0.03926990817 0.03586152553 0.039269908
                  17 0.03586152553 0.5 0.5 ; %SBEND:10385
  10761     DL 0.289 ; %DL: 6559
  10762     MH LEN_S SD1 0.05; %MH: 7153
  10763     DL 0.076 ; %DL: 6559
  10764     QUAD 0.235 0 -0.4914664358 ; %QUAD:10321
  10765     QUAD 0.235 0 -0.4914664358 ; %QUAD:10321
  10766     DL 0.665 ; %DL: 6559
  10767     SBEND 1.94 0.07853981588 0 0.03926990817 0.03586152553 0.039269908
                  17 0.03586152553 0.5 0.5 ; %SBEND:10385
  10768     DL 0.3 ; %DL: 6559
  10769     SBEND 1.94 0.07853981588 0 0.03926990817 0.03586152553 0.039269908
                  17 0.03586152553 0.5 0.5 ; %SBEND:10385
  10770     DL 0.289 ; %DL: 6559
  10771     MH LEN_S SF1 0.05; %MH: 7153
  10772     DL 0.076 ; %DL: 6559
  10773     QUAD 0.235 0 0.5110640912 ; %QUAD:10321
  10774     QUAD 0.235 0 0.5110640912 ; %QUAD:10321
  10775     DL 0.665 ; %DL: 6559
  10776     SBEND 1.94 0.07853981588 0 0.03926990817 0.03586152553 0.039269908
                  17 0.03586152553 0.5 0.5 ; %SBEND:10385
  10777     DL 0.3 ; %DL: 6559
  10778     SBEND 1.94 0.07853981588 0 0.03926990817 0.03586152553 0.039269908
                  17 0.03586152553 0.5 0.5 ; %SBEND:10385
  10779     DL 0.289 ; %DL: 6559
  10780     MH LEN_S SD2 0.05; %MH: 7153
  10781     DL 0.076 ; %DL: 6559
  10782     QUAD 0.235 0 -0.4914664358 ; %QUAD:10321
  10783     QUAD 0.235 0 -0.4914664358 ; %QUAD:10321
  10784     DL 0.665 ; %DL: 6559
  10785     SBEND 1.94 0.07853981588 0 0.03926990817 0.03586152553 0.039269908
                  17 0.03586152553 0.5 0.5 ; %SBEND:10385
  10786     DL 0.3 ; %DL: 6559
  10787     SBEND 1.94 0.07853981588 0 0.03926990817 0.03586152553 0.039269908
                  17 0.03586152553 0.5 0.5 ; %SBEND:10385
  10788     DL 0.289 ; %DL: 6559
  10789     MH LEN_S SF2 0.05; %MH: 7153
  10790     DL 0.076 ; %DL: 6559
  10791     QUAD 0.235 0 0.5110640912 ; %QUAD:10321
  10792     QUAD 0.235 0 0.5110640912 ; %QUAD:10321
  10793     DL 0.665 ; %DL: 6559
  10794     SBEND 1.94 0.07853981588 0 0.03926990817 0.03586152553 0.039269908
                  17 0.03586152553 0.5 0.5 ; %SBEND:10385
  10795     DL 0.3 ; %DL: 6559
  10796     SBEND 1.94 0.07853981588 0 0.03926990817 0.03586152553 0.039269908
                  17 0.03586152553 0.5 0.5 ; %SBEND:10385
  10797     DL 0.289 ; %DL: 6559
  10798     DL 0.3 ; %DL: 6559
  10799     DL 0.076 ; %DL: 6559
  10800     QUAD 0.235 0 -0.4914664358 ; %QUAD:10321
  10801     QUAD 0.235 0 -0.4914664358 ; %QUAD:10321
  10802     DL 0.665 ; %DL: 6559
  10803     SBEND 1.94 0.07853981588 0 0.03926990817 0.03586152553 0.039269908
                  17 0.03586152553 0.5 0.5 ; %SBEND:10385
  10804     DL 0.3 ; %DL: 6559
  10805     SBEND 1.94 0.07853981588 0 0.03926990817 0.03586152553 0.039269908
                  17 0.03586152553 0.5 0.5 ; %SBEND:10385
  10806     DL 0.299 ; %DL: 6559
  10807     DL 0.3 ; %DL: 6559
  10808     DL 0.076 ; %DL: 6559
  10809     QUAD 0.45 0 0.5131702161 ; %QUAD:10321
  10810     DL 5.144 ; %DL: 6559
  10811     DL 0.3 ; %DL: 6559
  10812     DL 0.076 ; %DL: 6559
  10813     QUAD 0.235 0 -0.4914664358 ; %QUAD:10321
  10814     QUAD 0.235 0 -0.4914664358 ; %QUAD:10321
  10815     DL 5.1815 ; %DL: 6559
  10816     DL 0.3 ; %DL: 6559
  10817     DL 0.076 ; %DL: 6559
  10818     QUAD 0.375 0 0.5001124874 ; %QUAD:10321
  10819     DL 0.7125 ; %DL: 6559
  10820     SBEND 1.94 0.07853981588 0 0.03926990817 0.03586152553 0.039269908
                  17 0.03586152553 0.5 0.5 ; %SBEND:10385
  10821     DL 0.3 ; %DL: 6559
  10822     SBEND 1.94 0.07853981588 0 0.03926990817 0.03586152553 0.039269908
                  17 0.03586152553 0.5 0.5 ; %SBEND:10385
  10823     DL 0.215 ; %DL: 6559
  10824     DL 0.085 ; %DL: 6559
  10825     QUAD 0.785 0 -0.226233033 ; %QUAD:10321
  10826     DL 0.11787 ; %DL: 6559
  10827     DL 0.3 ; %DL: 6559
  10828     DL 0.1 ; %DL: 6559
  10829     QUAD 0.69 0 0.3171374291 ; %QUAD:10321
  10830     DL 1.3422 ; %DL: 6559
  10831     QUAD 0.235 0 -0.5528006412 ; %QUAD:10321
  10832     QUAD 0.235 0 -0.5528006412 ; %QUAD:10321
  10833     DL 5.90875 ; %DL: 6559
  10834     QUAD 0.235 0 0.4937228226 ; %QUAD:10321
  10835     QUAD 0.235 0 0.4937228226 ; %QUAD:10321
  10836     DL 5.90875 ; %DL: 6559
  10837     QUAD 0.235 0 -0.5528006412 ; %QUAD:10321
  10838     QUAD 0.235 0 -0.5528006412 ; %QUAD:10321
  10839     DL 5.90875 ; %DL: 6559
  10840     QUAD 0.235 0 0.4937228226 ; %QUAD:10321
  10841     QUAD 0.235 0 0.4937228226 ; %QUAD:10321
  10842     DL 5.90875 ; %DL: 6559
  10843     QUAD 0.235 0 -0.5528006412 ; %QUAD:10321
  10844     QUAD 0.235 0 -0.5528006412 ; %QUAD:10321
  10845     DL 0.4166853 ; %DL: 6559
  10846     WIEN 5.0753794 BBE EBE 0; %WIEN:10506
  10847     DL 0.4166853 ; %DL: 6559
  10848     QUAD 0.235 0 0.4937228226 ; %QUAD:10321
  10849     QUAD 0.235 0 0.4937228226 ; %QUAD:10321
  10850     DL 0.4166853 ; %DL: 6559
  10851     WIEN 5.0753794 BBE EBE 0; %WIEN:10506
  10852     DL 0.4166853 ; %DL: 6559
  10853     QUAD 0.235 0 -0.5528006412 ; %QUAD:10321
  10854     QUAD 0.235 0 -0.5528006412 ; %QUAD:10321
  10855     DL 0.4166853 ; %DL: 6559
  10856     WIEN 5.0753794 BBE EBE 0; %WIEN:10506
  10857     DL 0.4166853 ; %DL: 6559
  10858     QUAD 0.235 0 0.4937228226 ; %QUAD:10321
  10859     QUAD 0.235 0 0.4937228226 ; %QUAD:10321
  10860     DL 0.4166853 ; %DL: 6559
  10861     WIEN 5.0753794 BBE EBE 0; %WIEN:10506
  10862     DL 0.4166853 ; %DL: 6559
  10863     QUAD 0.235 0 -0.5528006412 ; %QUAD:10321
  10864     QUAD 0.235 0 -0.5528006412 ; %QUAD:10321
  10865     DL 0.4166853 ; %DL: 6559
  10866     WIEN 5.0753794 BBE EBE 0; %WIEN:10506
  10867     DL 0.4166853 ; %DL: 6559
  10868     QUAD 0.235 0 0.4937228226 ; %QUAD:10321
  10869     QUAD 0.235 0 0.4937228226 ; %QUAD:10321
  10870     DL 0.4166853 ; %DL: 6559
  10871     WIEN 5.0753794 BBE EBE 0; %WIEN:10506
  10872     DL 0.4166853 ; %DL: 6559
  10873     QUAD 0.235 0 -0.5528006412 ; %QUAD:10321
  10874     QUAD 0.235 0 -0.5528006412 ; %QUAD:10321
  10875     DL 5.90875 ; %DL: 6559
  10876     QUAD 0.235 0 0.4937228226 ; %QUAD:10321
  10877     QUAD 0.235 0 0.4937228226 ; %QUAD:10321
  10878     DL 5.90875 ; %DL: 6559
  10879     QUAD 0.235 0 -0.5528006412 ; %QUAD:10321
  10880     QUAD 0.235 0 -0.5528006412 ; %QUAD:10321
  10881     DL 5.90875 ; %DL: 6559
  10882     QUAD 0.235 0 0.4937228226 ; %QUAD:10321
  10883     QUAD 0.235 0 0.4937228226 ; %QUAD:10321
  10884     DL 5.90875 ; %DL: 6559
  10885     QUAD 0.235 0 -0.5528006412 ; %QUAD:10321
  10886     QUAD 0.235 0 -0.5528006412 ; %QUAD:10321
  10887     DL 5.90875 ; %DL: 6559
  10888     QUAD 0.235 0 0.4937228226 ; %QUAD:10321
  10889     QUAD 0.235 0 0.4937228226 ; %QUAD:10321
  10890     DL 5.90875 ; %DL: 6559
  10891     QUAD 0.235 0 -0.5528006412 ; %QUAD:10321
  10892     QUAD 0.235 0 -0.5528006412 ; %QUAD:10321
  10893     DL 1.3422 ; %DL: 6559
  10894     QUAD 0.69 0 0.3171374291 ; %QUAD:10321
  10895     DL 0.1 ; %DL: 6559
  10896     DL 0.3 ; %DL: 6559
  10897     DL 0.11787 ; %DL: 6559
  10898     QUAD 0.785 0 -0.226233033 ; %QUAD:10321
  10899     DL 0.085 ; %DL: 6559
  10900     DL 0.215 ; %DL: 6559
  10901     SBEND 1.94 0.07853981588 0 0.03926990817 0.03586152553 0.039269908
                  17 0.03586152553 0.5 0.5 ; %SBEND:10385
  10902     DL 0.3 ; %DL: 6559
  10903     SBEND 1.94 0.07853981588 0 0.03926990817 0.03586152553 0.039269908
                  17 0.03586152553 0.5 0.5 ; %SBEND:10385
  10904     DL 0.3365 ; %DL: 6559
  10905     DL 0.3 ; %DL: 6559
  10906     DL 0.076 ; %DL: 6559
  10907     QUAD 0.375 0 0.5001124874 ; %QUAD:10321
  10908     DL 5.1815 ; %DL: 6559
  10909     DL 0.3 ; %DL: 6559
  10910     DL 0.076 ; %DL: 6559
  10911     QUAD 0.235 0 -0.4914664358 ; %QUAD:10321
  10912     QUAD 0.235 0 -0.4914664358 ; %QUAD:10321
  10913     DL 5.144 ; %DL: 6559
  10914     DL 0.3 ; %DL: 6559
  10915     DL 0.076 ; %DL: 6559
  10916     QUAD 0.45 0 0.5131702161 ; %QUAD:10321
  10917     DL 0.675 ; %DL: 6559
  10918     SBEND 1.94 0.07853981588 0 0.03926990817 0.03586152553 0.039269908
                  17 0.03586152553 0.5 0.5 ; %SBEND:10385
  10919     DL 0.3 ; %DL: 6559
  10920     SBEND 1.94 0.07853981588 0 0.03926990817 0.03586152553 0.039269908
                  17 0.03586152553 0.5 0.5 ; %SBEND:10385
  10921     DL 0.289 ; %DL: 6559
  10922     MH LEN_S SD1 0.05; %MH: 7153
  10923     DL 0.076 ; %DL: 6559
  10924     QUAD 0.235 0 -0.4914664358 ; %QUAD:10321
  10925     QUAD 0.235 0 -0.4914664358 ; %QUAD:10321
  10926     DL 0.665 ; %DL: 6559
  10927     SBEND 1.94 0.07853981588 0 0.03926990817 0.03586152553 0.039269908
                  17 0.03586152553 0.5 0.5 ; %SBEND:10385
  10928     DL 0.3 ; %DL: 6559
  10929     SBEND 1.94 0.07853981588 0 0.03926990817 0.03586152553 0.039269908
                  17 0.03586152553 0.5 0.5 ; %SBEND:10385
  10930     DL 0.289 ; %DL: 6559
  10931     MH LEN_S SF1 0.05; %MH: 7153
  10932     DL 0.076 ; %DL: 6559
  10933     QUAD 0.235 0 0.5110640912 ; %QUAD:10321
  10934     QUAD 0.235 0 0.5110640912 ; %QUAD:10321
  10935     DL 0.665 ; %DL: 6559
  10936     SBEND 1.94 0.07853981588 0 0.03926990817 0.03586152553 0.039269908
                  17 0.03586152553 0.5 0.5 ; %SBEND:10385
  10937     DL 0.3 ; %DL: 6559
  10938     SBEND 1.94 0.07853981588 0 0.03926990817 0.03586152553 0.039269908
                  17 0.03586152553 0.5 0.5 ; %SBEND:10385
  10939     DL 0.289 ; %DL: 6559
  10940     MH LEN_S SD2 0.05; %MH: 7153
  10941     DL 0.076 ; %DL: 6559
  10942     QUAD 0.235 0 -0.4914664358 ; %QUAD:10321
  10943     QUAD 0.235 0 -0.4914664358 ; %QUAD:10321
  10944     DL 0.665 ; %DL: 6559
  10945     SBEND 1.94 0.07853981588 0 0.03926990817 0.03586152553 0.039269908
                  17 0.03586152553 0.5 0.5 ; %SBEND:10385
  10946     DL 0.3 ; %DL: 6559
  10947     SBEND 1.94 0.07853981588 0 0.03926990817 0.03586152553 0.039269908
                  17 0.03586152553 0.5 0.5 ; %SBEND:10385
  10948     DL 0.289 ; %DL: 6559
  10949     MH LEN_S SF2 0.05; %MH: 7153
  10950     DL 0.076 ; %DL: 6559
  10951     QUAD 0.235 0 0.5110640912 ; %QUAD:10321
  10952     QUAD 0.235 0 0.5110640912 ; %QUAD:10321
  10953     DL 0.665 ; %DL: 6559
  10954     SBEND 1.94 0.07853981588 0 0.03926990817 0.03586152553 0.039269908
                  17 0.03586152553 0.5 0.5 ; %SBEND:10385
  10955     DL 0.3 ; %DL: 6559
  10956     SBEND 1.94 0.07853981588 0 0.03926990817 0.03586152553 0.039269908
                  17 0.03586152553 0.5 0.5 ; %SBEND:10385
  10957     DL 0.289 ; %DL: 6559
  10958     MH LEN_S SD1 0.05; %MH: 7153
  10959     DL 0.076 ; %DL: 6559
  10960     QUAD 0.235 0 -0.4914664358 ; %QUAD:10321
  10961     QUAD 0.235 0 -0.4914664358 ; %QUAD:10321
  10962     DL 0.665 ; %DL: 6559
  10963     SBEND 1.94 0.07853981588 0 0.03926990817 0.03586152553 0.039269908
                  17 0.03586152553 0.5 0.5 ; %SBEND:10385
  10964     DL 0.3 ; %DL: 6559
  10965     SBEND 1.94 0.07853981588 0 0.03926990817 0.03586152553 0.039269908
                  17 0.03586152553 0.5 0.5 ; %SBEND:10385
  10966     DL 0.289 ; %DL: 6559
  10967     MH LEN_S SF1 0.05; %MH: 7153
  10968     DL 0.076 ; %DL: 6559
  10969     QUAD 0.235 0 0.5110640912 ; %QUAD:10321
  10970     QUAD 0.235 0 0.5110640912 ; %QUAD:10321
  10971     DL 0.665 ; %DL: 6559
  10972     SBEND 1.94 0.07853981588 0 0.03926990817 0.03586152553 0.039269908
                  17 0.03586152553 0.5 0.5 ; %SBEND:10385
  10973     DL 0.3 ; %DL: 6559
  10974     SBEND 1.94 0.07853981588 0 0.03926990817 0.03586152553 0.039269908
                  17 0.03586152553 0.5 0.5 ; %SBEND:10385
  10975     DL 0.289 ; %DL: 6559
  10976     MH LEN_S SD2 0.05; %MH: 7153
  10977     DL 0.076 ; %DL: 6559
  10978     QUAD 0.235 0 -0.4914664358 ; %QUAD:10321
  10979     QUAD 0.235 0 -0.4914664358 ; %QUAD:10321
  10980     DL 0.665 ; %DL: 6559
  10981     SBEND 1.94 0.07853981588 0 0.03926990817 0.03586152553 0.039269908
                  17 0.03586152553 0.5 0.5 ; %SBEND:10385
  10982     DL 0.3 ; %DL: 6559
  10983     SBEND 1.94 0.07853981588 0 0.03926990817 0.03586152553 0.039269908
                  17 0.03586152553 0.5 0.5 ; %SBEND:10385
  10984     DL 0.289 ; %DL: 6559
  10985     MH LEN_S SF2 0.05; %MH: 7153
  10986     DL 0.076 ; %DL: 6559
  10987     QUAD 0.235 0 0.5110640912 ; %QUAD:10321
  10988     QUAD 0.235 0 0.5110640912 ; %QUAD:10321
  10989     DL 0.665 ; %DL: 6559
  10990     SBEND 1.94 0.07853981588 0 0.03926990817 0.03586152553 0.039269908
                  17 0.03586152553 0.5 0.5 ; %SBEND:10385
  10991     DL 0.3 ; %DL: 6559
  10992     SBEND 1.94 0.07853981588 0 0.03926990817 0.03586152553 0.039269908
                  17 0.03586152553 0.5 0.5 ; %SBEND:10385
  10993     DL 0.289 ; %DL: 6559
  10994     MH LEN_S SD1 0.05; %MH: 7153
  10995     DL 0.076 ; %DL: 6559
  10996     QUAD 0.235 0 -0.4914664358 ; %QUAD:10321
  10997     QUAD 0.235 0 -0.4914664358 ; %QUAD:10321
  10998     DL 0.665 ; %DL: 6559
  10999     SBEND 1.94 0.07853981588 0 0.03926990817 0.03586152553 0.039269908
                  17 0.03586152553 0.5 0.5 ; %SBEND:10385
  11000     DL 0.3 ; %DL: 6559
  11001     SBEND 1.94 0.07853981588 0 0.03926990817 0.03586152553 0.039269908
                  17 0.03586152553 0.5 0.5 ; %SBEND:10385
  11002     DL 0.289 ; %DL: 6559
  11003     MH LEN_S SF1 0.05; %MH: 7153
  11004     DL 0.076 ; %DL: 6559
  11005     QUAD 0.235 0 0.5110640912 ; %QUAD:10321
  11006     QUAD 0.235 0 0.5110640912 ; %QUAD:10321
  11007     DL 0.665 ; %DL: 6559
  11008     SBEND 1.94 0.07853981588 0 0.03926990817 0.03586152553 0.039269908
                  17 0.03586152553 0.5 0.5 ; %SBEND:10385
  11009     DL 0.3 ; %DL: 6559
  11010     SBEND 1.94 0.07853981588 0 0.03926990817 0.03586152553 0.039269908
                  17 0.03586152553 0.5 0.5 ; %SBEND:10385
  11011     DL 0.289 ; %DL: 6559
  11012     MH LEN_S SD2 0.05; %MH: 7153
  11013     DL 0.076 ; %DL: 6559
  11014     QUAD 0.235 0 -0.4914664358 ; %QUAD:10321
  11015     QUAD 0.235 0 -0.4914664358 ; %QUAD:10321
  11016     DL 0.665 ; %DL: 6559
  11017     SBEND 1.94 0.07853981588 0 0.03926990817 0.03586152553 0.039269908
                  17 0.03586152553 0.5 0.5 ; %SBEND:10385
  11018     DL 0.3 ; %DL: 6559
  11019     SBEND 1.94 0.07853981588 0 0.03926990817 0.03586152553 0.039269908
                  17 0.03586152553 0.5 0.5 ; %SBEND:10385
  11020     DL 0.289 ; %DL: 6559
  11021     MH LEN_S SF2 0.05; %MH: 7153
  11022     DL 0.076 ; %DL: 6559
  11023     QUAD 0.235 0 0.5110640912 ; %QUAD:10321
  11024     QUAD 0.235 0 0.5110640912 ; %QUAD:10321
  11025     DL 0.665 ; %DL: 6559
  11026     SBEND 1.94 0.07853981588 0 0.03926990817 0.03586152553 0.039269908
                  17 0.03586152553 0.5 0.5 ; %SBEND:10385
  11027     DL 0.3 ; %DL: 6559
  11028     SBEND 1.94 0.07853981588 0 0.03926990817 0.03586152553 0.039269908
                  17 0.03586152553 0.5 0.5 ; %SBEND:10385
  11029     DL 0.289 ; %DL: 6559
  11030     MH LEN_S SD1 0.05; %MH: 7153
  11031     DL 0.076 ; %DL: 6559
  11032     QUAD 0.235 0 -0.4914664358 ; %QUAD:10321
  11033     QUAD 0.235 0 -0.4914664358 ; %QUAD:10321
  11034     DL 0.665 ; %DL: 6559
  11035     SBEND 1.94 0.07853981588 0 0.03926990817 0.03586152553 0.039269908
                  17 0.03586152553 0.5 0.5 ; %SBEND:10385
  11036     DL 0.3 ; %DL: 6559
  11037     SBEND 1.94 0.07853981588 0 0.03926990817 0.03586152553 0.039269908
                  17 0.03586152553 0.5 0.5 ; %SBEND:10385
  11038     DL 0.289 ; %DL: 6559
  11039     MH LEN_S SF1 0.05; %MH: 7153
  11040     DL 0.076 ; %DL: 6559
  11041     QUAD 0.235 0 0.5110640912 ; %QUAD:10321
  11042     QUAD 0.235 0 0.5110640912 ; %QUAD:10321
  11043     DL 0.665 ; %DL: 6559
  11044     SBEND 1.94 0.07853981588 0 0.03926990817 0.03586152553 0.039269908
                  17 0.03586152553 0.5 0.5 ; %SBEND:10385
  11045     DL 0.3 ; %DL: 6559
  11046     SBEND 1.94 0.07853981588 0 0.03926990817 0.03586152553 0.039269908
                  17 0.03586152553 0.5 0.5 ; %SBEND:10385
  11047     DL 0.289 ; %DL: 6559
  11048     MH LEN_S SD2 0.05; %MH: 7153
  11049     DL 0.076 ; %DL: 6559
  11050     QUAD 0.235 0 -0.4914664358 ; %QUAD:10321
  11051     QUAD 0.235 0 -0.4914664358 ; %QUAD:10321
  11052     DL 0.665 ; %DL: 6559
  11053     SBEND 1.94 0.07853981588 0 0.03926990817 0.03586152553 0.039269908
                  17 0.03586152553 0.5 0.5 ; %SBEND:10385
  11054     DL 0.3 ; %DL: 6559
  11055     SBEND 1.94 0.07853981588 0 0.03926990817 0.03586152553 0.039269908
                  17 0.03586152553 0.5 0.5 ; %SBEND:10385
  11056     DL 0.289 ; %DL: 6559
  11057     MH LEN_S SF2 0.05; %MH: 7153
  11058     DL 0.076 ; %DL: 6559
  11059     QUAD 0.235 0 0.5110640912 ; %QUAD:10321
  11060     QUAD 0.235 0 0.5110640912 ; %QUAD:10321
  11061     DL 0.665 ; %DL: 6559
  11062     SBEND 1.94 0.07853981588 0 0.03926990817 0.03586152553 0.039269908
                  17 0.03586152553 0.5 0.5 ; %SBEND:10385
  11063     DL 0.3 ; %DL: 6559
  11064     SBEND 1.94 0.07853981588 0 0.03926990817 0.03586152553 0.039269908
                  17 0.03586152553 0.5 0.5 ; %SBEND:10385
  11065     DL 0.289 ; %DL: 6559
  11066     DL 0.3 ; %DL: 6559
  11067     DL 0.076 ; %DL: 6559
  11068     QUAD 0.235 0 -0.4914664358 ; %QUAD:10321
  11069     QUAD 0.235 0 -0.4914664358 ; %QUAD:10321
  11070     DL 0.665 ; %DL: 6559
  11071     SBEND 1.94 0.07853981588 0 0.03926990817 0.03586152553 0.039269908
                  17 0.03586152553 0.5 0.5 ; %SBEND:10385
  11072     DL 0.3 ; %DL: 6559
  11073     SBEND 1.94 0.07853981588 0 0.03926990817 0.03586152553 0.039269908
                  17 0.03586152553 0.5 0.5 ; %SBEND:10385
  11074     DL 0.299 ; %DL: 6559
  11075     DL 0.3 ; %DL: 6559
  11076     DL 0.076 ; %DL: 6559
  11077     QUAD 0.45 0 0.5131702161 ; %QUAD:10321
  11078     DL 5.144 ; %DL: 6559
  11079     DL 0.3 ; %DL: 6559
  11080     DL 0.076 ; %DL: 6559
  11081     QUAD 0.235 0 -0.4914664358 ; %QUAD:10321
  11082     QUAD 0.235 0 -0.4914664358 ; %QUAD:10321
  11083     DL 5.1815 ; %DL: 6559
  11084     DL 0.3 ; %DL: 6559
  11085     DL 0.076 ; %DL: 6559
  11086     QUAD 0.375 0 0.5001124874 ; %QUAD:10321
  11087     DL 0.7125 ; %DL: 6559
  11088     SBEND 1.94 0.07853981588 0 0.03926990817 0.03586152553 0.039269908
                  17 0.03586152553 0.5 0.5 ; %SBEND:10385
  11089     DL 0.3 ; %DL: 6559
  11090     SBEND 1.94 0.07853981588 0 0.03926990817 0.03586152553 0.039269908
                  17 0.03586152553 0.5 0.5 ; %SBEND:10385
  11091     DL 0.215 ; %DL: 6559
  11092     DL 0.085 ; %DL: 6559
  11093     QUAD 0.785 0 -0.226233033 ; %QUAD:10321
  11094     DL 0.11787 ; %DL: 6559
  11095     DL 0.3 ; %DL: 6559
  11096     DL 0.1 ; %DL: 6559
  11097     QUAD 0.69 0 0.3171374291 ; %QUAD:10321
  11098     DL 1.3422 ; %DL: 6559
  11099     QUAD 0.235 0 -0.5528006412 ; %QUAD:10321
  11100     QUAD 0.235 0 -0.5528006412 ; %QUAD:10321
  11101     DL 5.90875 ; %DL: 6559
  11102     QUAD 0.235 0 0.4937228226 ; %QUAD:10321
  11103     QUAD 0.235 0 0.4937228226 ; %QUAD:10321
  11104     DL 5.90875 ; %DL: 6559
  11105     QUAD 0.235 0 -0.5528006412 ; %QUAD:10321
  11106     QUAD 0.235 0 -0.5528006412 ; %QUAD:10321
  11107     DL 5.90875 ; %DL: 6559
  11108     QUAD 0.235 0 0.4937228226 ; %QUAD:10321
  11109     QUAD 0.235 0 0.4937228226 ; %QUAD:10321
  11110     DL 5.90875 ; %DL: 6559
  11111     QUAD 0.235 0 -0.5528006412 ; %QUAD:10321
  11112     QUAD 0.235 0 -0.5528006412 ; %QUAD:10321
  11113     DL 0.4166853 ; %DL: 6559
  11114     WIEN 5.0753794 BBE EBE 0; %WIEN:10506
  11115     DL 0.4166853 ; %DL: 6559
  11116     QUAD 0.235 0 0.4937228226 ; %QUAD:10321
  11117     QUAD 0.235 0 0.4937228226 ; %QUAD:10321
  11118     DL 0.4166853 ; %DL: 6559
  11119     WIEN 5.0753794 BBE EBE 0; %WIEN:10506
  11120     DL 0.4166853 ; %DL: 6559
  11121     QUAD 0.235 0 -0.5528006412 ; %QUAD:10321
  11122     QUAD 0.235 0 -0.5528006412 ; %QUAD:10321
  11123     DL 0.4166853 ; %DL: 6559
  11124     WIEN 5.0753794 BBE EBE 0; %WIEN:10506
  11125     DL 0.4166853 ; %DL: 6559
  11126     QUAD 0.235 0 0.4937228226 ; %QUAD:10321
  11127     QUAD 0.235 0 0.4937228226 ; %QUAD:10321
  11128     DL 0.4166853 ; %DL: 6559
  11129     WIEN 5.0753794 BBE EBE 0; %WIEN:10506
  11130     DL 0.4166853 ; %DL: 6559
  11131     QUAD 0.235 0 -0.5528006412 ; %QUAD:10321
  11132     QUAD 0.235 0 -0.5528006412 ; %QUAD:10321
  11133     DL 0.4166853 ; %DL: 6559
  11134     WIEN 5.0753794 BBE EBE 0; %WIEN:10506
  11135     DL 0.4166853 ; %DL: 6559
  11136     QUAD 0.235 0 0.4937228226 ; %QUAD:10321
  11137     QUAD 0.235 0 0.4937228226 ; %QUAD:10321
  11138     DL 0.4166853 ; %DL: 6559
  11139     WIEN 5.0753794 BBE EBE 0; %WIEN:10506
  11140     DL 0.4166853 ; %DL: 6559
  11141     QUAD 0.235 0 -0.5528006412 ; %QUAD:10321
  11142     QUAD 0.235 0 -0.5528006412 ; %QUAD:10321
  11143     DL 5.90875 ; %DL: 6559
  11144     QUAD 0.235 0 0.4937228226 ; %QUAD:10321
  11145     QUAD 0.235 0 0.4937228226 ; %QUAD:10321
  11146     DL 5.90875 ; %DL: 6559
  11147     QUAD 0.235 0 -0.5528006412 ; %QUAD:10321
  11148     QUAD 0.235 0 -0.5528006412 ; %QUAD:10321
  11149     DL 5.90875 ; %DL: 6559
  11150     QUAD 0.235 0 0.4937228226 ; %QUAD:10321
  11151     QUAD 0.235 0 0.4937228226 ; %QUAD:10321
  11152     DL 5.90875 ; %DL: 6559
  11153     QUAD 0.235 0 -0.5528006412 ; %QUAD:10321
  11154     QUAD 0.235 0 -0.5528006412 ; %QUAD:10321
  11155     DL 5.90875 ; %DL: 6559
  11156     QUAD 0.235 0 0.4937228226 ; %QUAD:10321
  11157     QUAD 0.235 0 0.4937228226 ; %QUAD:10321
  11158     DL 5.90875 ; %DL: 6559
  11159     QUAD 0.235 0 -0.5528006412 ; %QUAD:10321
  11160     QUAD 0.235 0 -0.5528006412 ; %QUAD:10321
  11161     DL 1.3422 ; %DL: 6559
  11162     ENDPROCEDURE;
 --- BIN FILE WRITTEN: FULL_SEX_CLEAR_5_fam
  11163   SAVE 'FULL_SEX_CLEAR_5_fam';
