 --- BIN FILE READ: header
  10579 INCLUDE 'header';
  10580   PROCEDURE LATTICE SEXTGX1 SEXTGX2 SEXTGY EB1 RFFLAG;
  10581     VARIABLE VRF 1 1 1;
  10582     VARIABLE FREQ 1;
  10583     VARIABLE HNUM 1;
  10584     VARIABLE MB2LMARR 1 3;
  10585     VARIABLE NMB2LMARR 1;
  10586     VARIABLE MCQ0MARR 1 2;
  10587     VARIABLE NMCQ0MARR 1;
  10588     VARIABLE MCS0MARR 1 3;
  10589     VARIABLE NMCS0MARR 1;
  10590     VARIABLE MCS1MARR 1 3;
  10591     VARIABLE NMCS1MARR 1;
  10592     VARIABLE MCS2MARR 1 3;
  10593     VARIABLE NMCS2MARR 1;
  10594     VARIABLE MCO0MARR 1 4;
  10595     VARIABLE NMCO0MARR 1;
  10596     VARIABLE MCO3MARR 1 4;
  10597     VARIABLE NMCO3MARR 1;
  10598     VARIABLE EBE 1;
  10599     VARIABLE BBE 1;
  10600     VARIABLE LEN_S 1;
  10601     VARIABLE SF1 1;
  10602     VARIABLE SF2 1;
  10603     VARIABLE SD 1;
  10604     VARIABLE A 1;
  10605     EBE := EB1;
  10606     A := 0.05;
  10607     LEN_S := 0.30;
  10608     SF1:= SEXTGX1;
  10609     SF2:= SEXTGX2;
  10610     SD:= SEXTGY;
  10611     HNUM := 66;
  10612     VRF(1, 1) := 100/HNUM;
  10613     FREQ := HNUM*REVFREQ(FACCLEN(1)); %REVFREQ: 9907 %FACCLEN:10534
  10614     WRITE 6 '********************************************';
  10615     WRITE 6 '*      FS NICA BYPASS 2 SEP 2022 (CW)      *';
  10616     WRITE 6 '********************************************';
  10617     WRITE 6 'REVOLUTION FREQUENCY: '&ST(REVFREQ(FACCLEN(1))/1E6)&' MHZ
                  '; %REVFREQ: 9907 %FACCLEN:10534
  10618     WRITE 6 'RF FREQUENCY: '&ST(FREQ/1E6)&' MHZ';
  10619     UM; %UM: 1488
  10620     CR; %CR:  947
  10621     IF RFFLAG=1;
  10622       RF VRF 0 FREQ 0 0.05; %RF: 8697
  10623       ENDIF;
  10624     QUAD 0.69 0 0.3171374291 ; %QUAD:10321
  10625     DL 0.1 ; %DL: 6559
  10626     DL 0.3 ; %DL: 6559
  10627     DL 0.11787 ; %DL: 6559
  10628     QUAD 0.785 0 -0.226233033 ; %QUAD:10321
  10629     DL 0.085 ; %DL: 6559
  10630     DL 0.215 ; %DL: 6559
  10631     SBEND 1.94 0.07853981588 0 0.03926990817 0.03586152553 0.039269908
                  17 0.03586152553 0.5 0.5 ; %SBEND:10385
  10632     DL 0.3 ; %DL: 6559
  10633     SBEND 1.94 0.07853981588 0 0.03926990817 0.03586152553 0.039269908
                  17 0.03586152553 0.5 0.5 ; %SBEND:10385
  10634     DL 0.3365 ; %DL: 6559
  10635     DL 0.3 ; %DL: 6559
  10636     DL 0.076 ; %DL: 6559
  10637     QUAD 0.375 0 0.5001124874 ; %QUAD:10321
  10638     DL 5.1815 ; %DL: 6559
  10639     DL 0.3 ; %DL: 6559
  10640     DL 0.076 ; %DL: 6559
  10641     QUAD 0.235 0 -0.4914664358 ; %QUAD:10321
  10642     QUAD 0.235 0 -0.4914664358 ; %QUAD:10321
  10643     DL 5.144 ; %DL: 6559
  10644     DL 0.3 ; %DL: 6559
  10645     DL 0.076 ; %DL: 6559
  10646     QUAD 0.45 0 0.5131702161 ; %QUAD:10321
  10647     DL 0.675 ; %DL: 6559
  10648     SBEND 1.94 0.07853981588 0 0.03926990817 0.03586152553 0.039269908
                  17 0.03586152553 0.5 0.5 ; %SBEND:10385
  10649     DL 0.3 ; %DL: 6559
  10650     SBEND 1.94 0.07853981588 0 0.03926990817 0.03586152553 0.039269908
                  17 0.03586152553 0.5 0.5 ; %SBEND:10385
  10651     DL 0.289 ; %DL: 6559
  10652     MH LEN_S SD 0.05; %MH: 7153
  10653     DL 0.076 ; %DL: 6559
  10654     QUAD 0.235 0 -0.4914664358 ; %QUAD:10321
  10655     QUAD 0.235 0 -0.4914664358 ; %QUAD:10321
  10656     DL 0.665 ; %DL: 6559
  10657     SBEND 1.94 0.07853981588 0 0.03926990817 0.03586152553 0.039269908
                  17 0.03586152553 0.5 0.5 ; %SBEND:10385
  10658     DL 0.3 ; %DL: 6559
  10659     SBEND 1.94 0.07853981588 0 0.03926990817 0.03586152553 0.039269908
                  17 0.03586152553 0.5 0.5 ; %SBEND:10385
  10660     DL 0.289 ; %DL: 6559
  10661     MH LEN_S SF1 0.05; %MH: 7153
  10662     DL 0.076 ; %DL: 6559
  10663     QUAD 0.235 0 0.5110640912 ; %QUAD:10321
  10664     QUAD 0.235 0 0.5110640912 ; %QUAD:10321
  10665     DL 0.665 ; %DL: 6559
  10666     SBEND 1.94 0.07853981588 0 0.03926990817 0.03586152553 0.039269908
                  17 0.03586152553 0.5 0.5 ; %SBEND:10385
  10667     DL 0.3 ; %DL: 6559
  10668     SBEND 1.94 0.07853981588 0 0.03926990817 0.03586152553 0.039269908
                  17 0.03586152553 0.5 0.5 ; %SBEND:10385
  10669     DL 0.289 ; %DL: 6559
  10670     MH LEN_S SD 0.05; %MH: 7153
  10671     DL 0.076 ; %DL: 6559
  10672     QUAD 0.235 0 -0.4914664358 ; %QUAD:10321
  10673     QUAD 0.235 0 -0.4914664358 ; %QUAD:10321
  10674     DL 0.665 ; %DL: 6559
  10675     SBEND 1.94 0.07853981588 0 0.03926990817 0.03586152553 0.039269908
                  17 0.03586152553 0.5 0.5 ; %SBEND:10385
  10676     DL 0.3 ; %DL: 6559
  10677     SBEND 1.94 0.07853981588 0 0.03926990817 0.03586152553 0.039269908
                  17 0.03586152553 0.5 0.5 ; %SBEND:10385
  10678     DL 0.289 ; %DL: 6559
  10679     MH LEN_S SF2 0.05; %MH: 7153
  10680     DL 0.076 ; %DL: 6559
  10681     QUAD 0.235 0 0.5110640912 ; %QUAD:10321
  10682     QUAD 0.235 0 0.5110640912 ; %QUAD:10321
  10683     DL 0.665 ; %DL: 6559
  10684     SBEND 1.94 0.07853981588 0 0.03926990817 0.03586152553 0.039269908
                  17 0.03586152553 0.5 0.5 ; %SBEND:10385
  10685     DL 0.3 ; %DL: 6559
  10686     SBEND 1.94 0.07853981588 0 0.03926990817 0.03586152553 0.039269908
                  17 0.03586152553 0.5 0.5 ; %SBEND:10385
  10687     DL 0.289 ; %DL: 6559
  10688     MH LEN_S SD 0.05; %MH: 7153
  10689     DL 0.076 ; %DL: 6559
  10690     QUAD 0.235 0 -0.4914664358 ; %QUAD:10321
  10691     QUAD 0.235 0 -0.4914664358 ; %QUAD:10321
  10692     DL 0.665 ; %DL: 6559
  10693     SBEND 1.94 0.07853981588 0 0.03926990817 0.03586152553 0.039269908
                  17 0.03586152553 0.5 0.5 ; %SBEND:10385
  10694     DL 0.3 ; %DL: 6559
  10695     SBEND 1.94 0.07853981588 0 0.03926990817 0.03586152553 0.039269908
                  17 0.03586152553 0.5 0.5 ; %SBEND:10385
  10696     DL 0.289 ; %DL: 6559
  10697     MH LEN_S SF1 0.05; %MH: 7153
  10698     DL 0.076 ; %DL: 6559
  10699     QUAD 0.235 0 0.5110640912 ; %QUAD:10321
  10700     QUAD 0.235 0 0.5110640912 ; %QUAD:10321
  10701     DL 0.665 ; %DL: 6559
  10702     SBEND 1.94 0.07853981588 0 0.03926990817 0.03586152553 0.039269908
                  17 0.03586152553 0.5 0.5 ; %SBEND:10385
  10703     DL 0.3 ; %DL: 6559
  10704     SBEND 1.94 0.07853981588 0 0.03926990817 0.03586152553 0.039269908
                  17 0.03586152553 0.5 0.5 ; %SBEND:10385
  10705     DL 0.289 ; %DL: 6559
  10706     MH LEN_S SD 0.05; %MH: 7153
  10707     DL 0.076 ; %DL: 6559
  10708     QUAD 0.235 0 -0.4914664358 ; %QUAD:10321
  10709     QUAD 0.235 0 -0.4914664358 ; %QUAD:10321
  10710     DL 0.665 ; %DL: 6559
  10711     SBEND 1.94 0.07853981588 0 0.03926990817 0.03586152553 0.039269908
                  17 0.03586152553 0.5 0.5 ; %SBEND:10385
  10712     DL 0.3 ; %DL: 6559
  10713     SBEND 1.94 0.07853981588 0 0.03926990817 0.03586152553 0.039269908
                  17 0.03586152553 0.5 0.5 ; %SBEND:10385
  10714     DL 0.289 ; %DL: 6559
  10715     MH LEN_S SF2 0.05; %MH: 7153
  10716     DL 0.076 ; %DL: 6559
  10717     QUAD 0.235 0 0.5110640912 ; %QUAD:10321
  10718     QUAD 0.235 0 0.5110640912 ; %QUAD:10321
  10719     DL 0.665 ; %DL: 6559
  10720     SBEND 1.94 0.07853981588 0 0.03926990817 0.03586152553 0.039269908
                  17 0.03586152553 0.5 0.5 ; %SBEND:10385
  10721     DL 0.3 ; %DL: 6559
  10722     SBEND 1.94 0.07853981588 0 0.03926990817 0.03586152553 0.039269908
                  17 0.03586152553 0.5 0.5 ; %SBEND:10385
  10723     DL 0.289 ; %DL: 6559
  10724     MH LEN_S SD 0.05; %MH: 7153
  10725     DL 0.076 ; %DL: 6559
  10726     QUAD 0.235 0 -0.4914664358 ; %QUAD:10321
  10727     QUAD 0.235 0 -0.4914664358 ; %QUAD:10321
  10728     DL 0.665 ; %DL: 6559
  10729     SBEND 1.94 0.07853981588 0 0.03926990817 0.03586152553 0.039269908
                  17 0.03586152553 0.5 0.5 ; %SBEND:10385
  10730     DL 0.3 ; %DL: 6559
  10731     SBEND 1.94 0.07853981588 0 0.03926990817 0.03586152553 0.039269908
                  17 0.03586152553 0.5 0.5 ; %SBEND:10385
  10732     DL 0.289 ; %DL: 6559
  10733     MH LEN_S SF1 0.05; %MH: 7153
  10734     DL 0.076 ; %DL: 6559
  10735     QUAD 0.235 0 0.5110640912 ; %QUAD:10321
  10736     QUAD 0.235 0 0.5110640912 ; %QUAD:10321
  10737     DL 0.665 ; %DL: 6559
  10738     SBEND 1.94 0.07853981588 0 0.03926990817 0.03586152553 0.039269908
                  17 0.03586152553 0.5 0.5 ; %SBEND:10385
  10739     DL 0.3 ; %DL: 6559
  10740     SBEND 1.94 0.07853981588 0 0.03926990817 0.03586152553 0.039269908
                  17 0.03586152553 0.5 0.5 ; %SBEND:10385
  10741     DL 0.289 ; %DL: 6559
  10742     MH LEN_S SD 0.05; %MH: 7153
  10743     DL 0.076 ; %DL: 6559
  10744     QUAD 0.235 0 -0.4914664358 ; %QUAD:10321
  10745     QUAD 0.235 0 -0.4914664358 ; %QUAD:10321
  10746     DL 0.665 ; %DL: 6559
  10747     SBEND 1.94 0.07853981588 0 0.03926990817 0.03586152553 0.039269908
                  17 0.03586152553 0.5 0.5 ; %SBEND:10385
  10748     DL 0.3 ; %DL: 6559
  10749     SBEND 1.94 0.07853981588 0 0.03926990817 0.03586152553 0.039269908
                  17 0.03586152553 0.5 0.5 ; %SBEND:10385
  10750     DL 0.289 ; %DL: 6559
  10751     MH LEN_S SF2 0.05; %MH: 7153
  10752     DL 0.076 ; %DL: 6559
  10753     QUAD 0.235 0 0.5110640912 ; %QUAD:10321
  10754     QUAD 0.235 0 0.5110640912 ; %QUAD:10321
  10755     DL 0.665 ; %DL: 6559
  10756     SBEND 1.94 0.07853981588 0 0.03926990817 0.03586152553 0.039269908
                  17 0.03586152553 0.5 0.5 ; %SBEND:10385
  10757     DL 0.3 ; %DL: 6559
  10758     SBEND 1.94 0.07853981588 0 0.03926990817 0.03586152553 0.039269908
                  17 0.03586152553 0.5 0.5 ; %SBEND:10385
  10759     DL 0.289 ; %DL: 6559
  10760     MH LEN_S SD 0.05; %MH: 7153
  10761     DL 0.076 ; %DL: 6559
  10762     QUAD 0.235 0 -0.4914664358 ; %QUAD:10321
  10763     QUAD 0.235 0 -0.4914664358 ; %QUAD:10321
  10764     DL 0.665 ; %DL: 6559
  10765     SBEND 1.94 0.07853981588 0 0.03926990817 0.03586152553 0.039269908
                  17 0.03586152553 0.5 0.5 ; %SBEND:10385
  10766     DL 0.3 ; %DL: 6559
  10767     SBEND 1.94 0.07853981588 0 0.03926990817 0.03586152553 0.039269908
                  17 0.03586152553 0.5 0.5 ; %SBEND:10385
  10768     DL 0.289 ; %DL: 6559
  10769     MH LEN_S SF1 0.05; %MH: 7153
  10770     DL 0.076 ; %DL: 6559
  10771     QUAD 0.235 0 0.5110640912 ; %QUAD:10321
  10772     QUAD 0.235 0 0.5110640912 ; %QUAD:10321
  10773     DL 0.665 ; %DL: 6559
  10774     SBEND 1.94 0.07853981588 0 0.03926990817 0.03586152553 0.039269908
                  17 0.03586152553 0.5 0.5 ; %SBEND:10385
  10775     DL 0.3 ; %DL: 6559
  10776     SBEND 1.94 0.07853981588 0 0.03926990817 0.03586152553 0.039269908
                  17 0.03586152553 0.5 0.5 ; %SBEND:10385
  10777     DL 0.289 ; %DL: 6559
  10778     MH LEN_S SD 0.05; %MH: 7153
  10779     DL 0.076 ; %DL: 6559
  10780     QUAD 0.235 0 -0.4914664358 ; %QUAD:10321
  10781     QUAD 0.235 0 -0.4914664358 ; %QUAD:10321
  10782     DL 0.665 ; %DL: 6559
  10783     SBEND 1.94 0.07853981588 0 0.03926990817 0.03586152553 0.039269908
                  17 0.03586152553 0.5 0.5 ; %SBEND:10385
  10784     DL 0.3 ; %DL: 6559
  10785     SBEND 1.94 0.07853981588 0 0.03926990817 0.03586152553 0.039269908
                  17 0.03586152553 0.5 0.5 ; %SBEND:10385
  10786     DL 0.289 ; %DL: 6559
  10787     MH LEN_S SF2 0.05; %MH: 7153
  10788     DL 0.076 ; %DL: 6559
  10789     QUAD 0.235 0 0.5110640912 ; %QUAD:10321
  10790     QUAD 0.235 0 0.5110640912 ; %QUAD:10321
  10791     DL 0.665 ; %DL: 6559
  10792     SBEND 1.94 0.07853981588 0 0.03926990817 0.03586152553 0.039269908
                  17 0.03586152553 0.5 0.5 ; %SBEND:10385
  10793     DL 0.3 ; %DL: 6559
  10794     SBEND 1.94 0.07853981588 0 0.03926990817 0.03586152553 0.039269908
                  17 0.03586152553 0.5 0.5 ; %SBEND:10385
  10795     DL 0.289 ; %DL: 6559
  10796     DL 0.3 ; %DL: 6559
  10797     DL 0.076 ; %DL: 6559
  10798     QUAD 0.235 0 -0.4914664358 ; %QUAD:10321
  10799     QUAD 0.235 0 -0.4914664358 ; %QUAD:10321
  10800     DL 0.665 ; %DL: 6559
  10801     SBEND 1.94 0.07853981588 0 0.03926990817 0.03586152553 0.039269908
                  17 0.03586152553 0.5 0.5 ; %SBEND:10385
  10802     DL 0.3 ; %DL: 6559
  10803     SBEND 1.94 0.07853981588 0 0.03926990817 0.03586152553 0.039269908
                  17 0.03586152553 0.5 0.5 ; %SBEND:10385
  10804     DL 0.299 ; %DL: 6559
  10805     DL 0.3 ; %DL: 6559
  10806     DL 0.076 ; %DL: 6559
  10807     QUAD 0.45 0 0.5131702161 ; %QUAD:10321
  10808     DL 5.144 ; %DL: 6559
  10809     DL 0.3 ; %DL: 6559
  10810     DL 0.076 ; %DL: 6559
  10811     QUAD 0.235 0 -0.4914664358 ; %QUAD:10321
  10812     QUAD 0.235 0 -0.4914664358 ; %QUAD:10321
  10813     DL 5.1815 ; %DL: 6559
  10814     DL 0.3 ; %DL: 6559
  10815     DL 0.076 ; %DL: 6559
  10816     QUAD 0.375 0 0.5001124874 ; %QUAD:10321
  10817     DL 0.7125 ; %DL: 6559
  10818     SBEND 1.94 0.07853981588 0 0.03926990817 0.03586152553 0.039269908
                  17 0.03586152553 0.5 0.5 ; %SBEND:10385
  10819     DL 0.3 ; %DL: 6559
  10820     SBEND 1.94 0.07853981588 0 0.03926990817 0.03586152553 0.039269908
                  17 0.03586152553 0.5 0.5 ; %SBEND:10385
  10821     DL 0.215 ; %DL: 6559
  10822     DL 0.085 ; %DL: 6559
  10823     QUAD 0.785 0 -0.226233033 ; %QUAD:10321
  10824     DL 0.11787 ; %DL: 6559
  10825     DL 0.3 ; %DL: 6559
  10826     DL 0.1 ; %DL: 6559
  10827     QUAD 0.69 0 0.3171374291 ; %QUAD:10321
  10828     DL 1.3422 ; %DL: 6559
  10829     QUAD 0.235 0 -0.5528006412 ; %QUAD:10321
  10830     QUAD 0.235 0 -0.5528006412 ; %QUAD:10321
  10831     DL 5.90875 ; %DL: 6559
  10832     QUAD 0.235 0 0.4937228226 ; %QUAD:10321
  10833     QUAD 0.235 0 0.4937228226 ; %QUAD:10321
  10834     DL 5.90875 ; %DL: 6559
  10835     QUAD 0.235 0 -0.5528006412 ; %QUAD:10321
  10836     QUAD 0.235 0 -0.5528006412 ; %QUAD:10321
  10837     DL 5.90875 ; %DL: 6559
  10838     QUAD 0.235 0 0.4937228226 ; %QUAD:10321
  10839     QUAD 0.235 0 0.4937228226 ; %QUAD:10321
  10840     DL 5.90875 ; %DL: 6559
  10841     QUAD 0.235 0 -0.5528006412 ; %QUAD:10321
  10842     QUAD 0.235 0 -0.5528006412 ; %QUAD:10321
  10843     DL 0.4166853 ; %DL: 6559
  10844     WIEN 5.0753794 BBE EBE 0; %WIEN:10506
  10845     DL 0.4166853 ; %DL: 6559
  10846     QUAD 0.235 0 0.4937228226 ; %QUAD:10321
  10847     QUAD 0.235 0 0.4937228226 ; %QUAD:10321
  10848     DL 0.4166853 ; %DL: 6559
  10849     WIEN 5.0753794 BBE EBE 0; %WIEN:10506
  10850     DL 0.4166853 ; %DL: 6559
  10851     QUAD 0.235 0 -0.5528006412 ; %QUAD:10321
  10852     QUAD 0.235 0 -0.5528006412 ; %QUAD:10321
  10853     DL 0.4166853 ; %DL: 6559
  10854     WIEN 5.0753794 BBE EBE 0; %WIEN:10506
  10855     DL 0.4166853 ; %DL: 6559
  10856     QUAD 0.235 0 0.4937228226 ; %QUAD:10321
  10857     QUAD 0.235 0 0.4937228226 ; %QUAD:10321
  10858     DL 0.4166853 ; %DL: 6559
  10859     WIEN 5.0753794 BBE EBE 0; %WIEN:10506
  10860     DL 0.4166853 ; %DL: 6559
  10861     QUAD 0.235 0 -0.5528006412 ; %QUAD:10321
  10862     QUAD 0.235 0 -0.5528006412 ; %QUAD:10321
  10863     DL 0.4166853 ; %DL: 6559
  10864     WIEN 5.0753794 BBE EBE 0; %WIEN:10506
  10865     DL 0.4166853 ; %DL: 6559
  10866     QUAD 0.235 0 0.4937228226 ; %QUAD:10321
  10867     QUAD 0.235 0 0.4937228226 ; %QUAD:10321
  10868     DL 0.4166853 ; %DL: 6559
  10869     WIEN 5.0753794 BBE EBE 0; %WIEN:10506
  10870     DL 0.4166853 ; %DL: 6559
  10871     QUAD 0.235 0 -0.5528006412 ; %QUAD:10321
  10872     QUAD 0.235 0 -0.5528006412 ; %QUAD:10321
  10873     DL 5.90875 ; %DL: 6559
  10874     QUAD 0.235 0 0.4937228226 ; %QUAD:10321
  10875     QUAD 0.235 0 0.4937228226 ; %QUAD:10321
  10876     DL 5.90875 ; %DL: 6559
  10877     QUAD 0.235 0 -0.5528006412 ; %QUAD:10321
  10878     QUAD 0.235 0 -0.5528006412 ; %QUAD:10321
  10879     DL 5.90875 ; %DL: 6559
  10880     QUAD 0.235 0 0.4937228226 ; %QUAD:10321
  10881     QUAD 0.235 0 0.4937228226 ; %QUAD:10321
  10882     DL 5.90875 ; %DL: 6559
  10883     QUAD 0.235 0 -0.5528006412 ; %QUAD:10321
  10884     QUAD 0.235 0 -0.5528006412 ; %QUAD:10321
  10885     DL 5.90875 ; %DL: 6559
  10886     QUAD 0.235 0 0.4937228226 ; %QUAD:10321
  10887     QUAD 0.235 0 0.4937228226 ; %QUAD:10321
  10888     DL 5.90875 ; %DL: 6559
  10889     QUAD 0.235 0 -0.5528006412 ; %QUAD:10321
  10890     QUAD 0.235 0 -0.5528006412 ; %QUAD:10321
  10891     DL 1.3422 ; %DL: 6559
  10892     QUAD 0.69 0 0.3171374291 ; %QUAD:10321
  10893     DL 0.1 ; %DL: 6559
  10894     DL 0.3 ; %DL: 6559
  10895     DL 0.11787 ; %DL: 6559
  10896     QUAD 0.785 0 -0.226233033 ; %QUAD:10321
  10897     DL 0.085 ; %DL: 6559
  10898     DL 0.215 ; %DL: 6559
  10899     SBEND 1.94 0.07853981588 0 0.03926990817 0.03586152553 0.039269908
                  17 0.03586152553 0.5 0.5 ; %SBEND:10385
  10900     DL 0.3 ; %DL: 6559
  10901     SBEND 1.94 0.07853981588 0 0.03926990817 0.03586152553 0.039269908
                  17 0.03586152553 0.5 0.5 ; %SBEND:10385
  10902     DL 0.3365 ; %DL: 6559
  10903     DL 0.3 ; %DL: 6559
  10904     DL 0.076 ; %DL: 6559
  10905     QUAD 0.375 0 0.5001124874 ; %QUAD:10321
  10906     DL 5.1815 ; %DL: 6559
  10907     DL 0.3 ; %DL: 6559
  10908     DL 0.076 ; %DL: 6559
  10909     QUAD 0.235 0 -0.4914664358 ; %QUAD:10321
  10910     QUAD 0.235 0 -0.4914664358 ; %QUAD:10321
  10911     DL 5.144 ; %DL: 6559
  10912     DL 0.3 ; %DL: 6559
  10913     DL 0.076 ; %DL: 6559
  10914     QUAD 0.45 0 0.5131702161 ; %QUAD:10321
  10915     DL 0.675 ; %DL: 6559
  10916     SBEND 1.94 0.07853981588 0 0.03926990817 0.03586152553 0.039269908
                  17 0.03586152553 0.5 0.5 ; %SBEND:10385
  10917     DL 0.3 ; %DL: 6559
  10918     SBEND 1.94 0.07853981588 0 0.03926990817 0.03586152553 0.039269908
                  17 0.03586152553 0.5 0.5 ; %SBEND:10385
  10919     DL 0.289 ; %DL: 6559
  10920     MH LEN_S SD 0.05; %MH: 7153
  10921     DL 0.076 ; %DL: 6559
  10922     QUAD 0.235 0 -0.4914664358 ; %QUAD:10321
  10923     QUAD 0.235 0 -0.4914664358 ; %QUAD:10321
  10924     DL 0.665 ; %DL: 6559
  10925     SBEND 1.94 0.07853981588 0 0.03926990817 0.03586152553 0.039269908
                  17 0.03586152553 0.5 0.5 ; %SBEND:10385
  10926     DL 0.3 ; %DL: 6559
  10927     SBEND 1.94 0.07853981588 0 0.03926990817 0.03586152553 0.039269908
                  17 0.03586152553 0.5 0.5 ; %SBEND:10385
  10928     DL 0.289 ; %DL: 6559
  10929     MH LEN_S SF1 0.05; %MH: 7153
  10930     DL 0.076 ; %DL: 6559
  10931     QUAD 0.235 0 0.5110640912 ; %QUAD:10321
  10932     QUAD 0.235 0 0.5110640912 ; %QUAD:10321
  10933     DL 0.665 ; %DL: 6559
  10934     SBEND 1.94 0.07853981588 0 0.03926990817 0.03586152553 0.039269908
                  17 0.03586152553 0.5 0.5 ; %SBEND:10385
  10935     DL 0.3 ; %DL: 6559
  10936     SBEND 1.94 0.07853981588 0 0.03926990817 0.03586152553 0.039269908
                  17 0.03586152553 0.5 0.5 ; %SBEND:10385
  10937     DL 0.289 ; %DL: 6559
  10938     MH LEN_S SD 0.05; %MH: 7153
  10939     DL 0.076 ; %DL: 6559
  10940     QUAD 0.235 0 -0.4914664358 ; %QUAD:10321
  10941     QUAD 0.235 0 -0.4914664358 ; %QUAD:10321
  10942     DL 0.665 ; %DL: 6559
  10943     SBEND 1.94 0.07853981588 0 0.03926990817 0.03586152553 0.039269908
                  17 0.03586152553 0.5 0.5 ; %SBEND:10385
  10944     DL 0.3 ; %DL: 6559
  10945     SBEND 1.94 0.07853981588 0 0.03926990817 0.03586152553 0.039269908
                  17 0.03586152553 0.5 0.5 ; %SBEND:10385
  10946     DL 0.289 ; %DL: 6559
  10947     MH LEN_S SF2 0.05; %MH: 7153
  10948     DL 0.076 ; %DL: 6559
  10949     QUAD 0.235 0 0.5110640912 ; %QUAD:10321
  10950     QUAD 0.235 0 0.5110640912 ; %QUAD:10321
  10951     DL 0.665 ; %DL: 6559
  10952     SBEND 1.94 0.07853981588 0 0.03926990817 0.03586152553 0.039269908
                  17 0.03586152553 0.5 0.5 ; %SBEND:10385
  10953     DL 0.3 ; %DL: 6559
  10954     SBEND 1.94 0.07853981588 0 0.03926990817 0.03586152553 0.039269908
                  17 0.03586152553 0.5 0.5 ; %SBEND:10385
  10955     DL 0.289 ; %DL: 6559
  10956     MH LEN_S SD 0.05; %MH: 7153
  10957     DL 0.076 ; %DL: 6559
  10958     QUAD 0.235 0 -0.4914664358 ; %QUAD:10321
  10959     QUAD 0.235 0 -0.4914664358 ; %QUAD:10321
  10960     DL 0.665 ; %DL: 6559
  10961     SBEND 1.94 0.07853981588 0 0.03926990817 0.03586152553 0.039269908
                  17 0.03586152553 0.5 0.5 ; %SBEND:10385
  10962     DL 0.3 ; %DL: 6559
  10963     SBEND 1.94 0.07853981588 0 0.03926990817 0.03586152553 0.039269908
                  17 0.03586152553 0.5 0.5 ; %SBEND:10385
  10964     DL 0.289 ; %DL: 6559
  10965     MH LEN_S SF1 0.05; %MH: 7153
  10966     DL 0.076 ; %DL: 6559
  10967     QUAD 0.235 0 0.5110640912 ; %QUAD:10321
  10968     QUAD 0.235 0 0.5110640912 ; %QUAD:10321
  10969     DL 0.665 ; %DL: 6559
  10970     SBEND 1.94 0.07853981588 0 0.03926990817 0.03586152553 0.039269908
                  17 0.03586152553 0.5 0.5 ; %SBEND:10385
  10971     DL 0.3 ; %DL: 6559
  10972     SBEND 1.94 0.07853981588 0 0.03926990817 0.03586152553 0.039269908
                  17 0.03586152553 0.5 0.5 ; %SBEND:10385
  10973     DL 0.289 ; %DL: 6559
  10974     MH LEN_S SD 0.05; %MH: 7153
  10975     DL 0.076 ; %DL: 6559
  10976     QUAD 0.235 0 -0.4914664358 ; %QUAD:10321
  10977     QUAD 0.235 0 -0.4914664358 ; %QUAD:10321
  10978     DL 0.665 ; %DL: 6559
  10979     SBEND 1.94 0.07853981588 0 0.03926990817 0.03586152553 0.039269908
                  17 0.03586152553 0.5 0.5 ; %SBEND:10385
  10980     DL 0.3 ; %DL: 6559
  10981     SBEND 1.94 0.07853981588 0 0.03926990817 0.03586152553 0.039269908
                  17 0.03586152553 0.5 0.5 ; %SBEND:10385
  10982     DL 0.289 ; %DL: 6559
  10983     MH LEN_S SF2 0.05; %MH: 7153
  10984     DL 0.076 ; %DL: 6559
  10985     QUAD 0.235 0 0.5110640912 ; %QUAD:10321
  10986     QUAD 0.235 0 0.5110640912 ; %QUAD:10321
  10987     DL 0.665 ; %DL: 6559
  10988     SBEND 1.94 0.07853981588 0 0.03926990817 0.03586152553 0.039269908
                  17 0.03586152553 0.5 0.5 ; %SBEND:10385
  10989     DL 0.3 ; %DL: 6559
  10990     SBEND 1.94 0.07853981588 0 0.03926990817 0.03586152553 0.039269908
                  17 0.03586152553 0.5 0.5 ; %SBEND:10385
  10991     DL 0.289 ; %DL: 6559
  10992     MH LEN_S SD 0.05; %MH: 7153
  10993     DL 0.076 ; %DL: 6559
  10994     QUAD 0.235 0 -0.4914664358 ; %QUAD:10321
  10995     QUAD 0.235 0 -0.4914664358 ; %QUAD:10321
  10996     DL 0.665 ; %DL: 6559
  10997     SBEND 1.94 0.07853981588 0 0.03926990817 0.03586152553 0.039269908
                  17 0.03586152553 0.5 0.5 ; %SBEND:10385
  10998     DL 0.3 ; %DL: 6559
  10999     SBEND 1.94 0.07853981588 0 0.03926990817 0.03586152553 0.039269908
                  17 0.03586152553 0.5 0.5 ; %SBEND:10385
  11000     DL 0.289 ; %DL: 6559
  11001     MH LEN_S SF1 0.05; %MH: 7153
  11002     DL 0.076 ; %DL: 6559
  11003     QUAD 0.235 0 0.5110640912 ; %QUAD:10321
  11004     QUAD 0.235 0 0.5110640912 ; %QUAD:10321
  11005     DL 0.665 ; %DL: 6559
  11006     SBEND 1.94 0.07853981588 0 0.03926990817 0.03586152553 0.039269908
                  17 0.03586152553 0.5 0.5 ; %SBEND:10385
  11007     DL 0.3 ; %DL: 6559
  11008     SBEND 1.94 0.07853981588 0 0.03926990817 0.03586152553 0.039269908
                  17 0.03586152553 0.5 0.5 ; %SBEND:10385
  11009     DL 0.289 ; %DL: 6559
  11010     MH LEN_S SD 0.05; %MH: 7153
  11011     DL 0.076 ; %DL: 6559
  11012     QUAD 0.235 0 -0.4914664358 ; %QUAD:10321
  11013     QUAD 0.235 0 -0.4914664358 ; %QUAD:10321
  11014     DL 0.665 ; %DL: 6559
  11015     SBEND 1.94 0.07853981588 0 0.03926990817 0.03586152553 0.039269908
                  17 0.03586152553 0.5 0.5 ; %SBEND:10385
  11016     DL 0.3 ; %DL: 6559
  11017     SBEND 1.94 0.07853981588 0 0.03926990817 0.03586152553 0.039269908
                  17 0.03586152553 0.5 0.5 ; %SBEND:10385
  11018     DL 0.289 ; %DL: 6559
  11019     MH LEN_S SF2 0.05; %MH: 7153
  11020     DL 0.076 ; %DL: 6559
  11021     QUAD 0.235 0 0.5110640912 ; %QUAD:10321
  11022     QUAD 0.235 0 0.5110640912 ; %QUAD:10321
  11023     DL 0.665 ; %DL: 6559
  11024     SBEND 1.94 0.07853981588 0 0.03926990817 0.03586152553 0.039269908
                  17 0.03586152553 0.5 0.5 ; %SBEND:10385
  11025     DL 0.3 ; %DL: 6559
  11026     SBEND 1.94 0.07853981588 0 0.03926990817 0.03586152553 0.039269908
                  17 0.03586152553 0.5 0.5 ; %SBEND:10385
  11027     DL 0.289 ; %DL: 6559
  11028     MH LEN_S SD 0.05; %MH: 7153
  11029     DL 0.076 ; %DL: 6559
  11030     QUAD 0.235 0 -0.4914664358 ; %QUAD:10321
  11031     QUAD 0.235 0 -0.4914664358 ; %QUAD:10321
  11032     DL 0.665 ; %DL: 6559
  11033     SBEND 1.94 0.07853981588 0 0.03926990817 0.03586152553 0.039269908
                  17 0.03586152553 0.5 0.5 ; %SBEND:10385
  11034     DL 0.3 ; %DL: 6559
  11035     SBEND 1.94 0.07853981588 0 0.03926990817 0.03586152553 0.039269908
                  17 0.03586152553 0.5 0.5 ; %SBEND:10385
  11036     DL 0.289 ; %DL: 6559
  11037     MH LEN_S SF1 0.05; %MH: 7153
  11038     DL 0.076 ; %DL: 6559
  11039     QUAD 0.235 0 0.5110640912 ; %QUAD:10321
  11040     QUAD 0.235 0 0.5110640912 ; %QUAD:10321
  11041     DL 0.665 ; %DL: 6559
  11042     SBEND 1.94 0.07853981588 0 0.03926990817 0.03586152553 0.039269908
                  17 0.03586152553 0.5 0.5 ; %SBEND:10385
  11043     DL 0.3 ; %DL: 6559
  11044     SBEND 1.94 0.07853981588 0 0.03926990817 0.03586152553 0.039269908
                  17 0.03586152553 0.5 0.5 ; %SBEND:10385
  11045     DL 0.289 ; %DL: 6559
  11046     MH LEN_S SD 0.05; %MH: 7153
  11047     DL 0.076 ; %DL: 6559
  11048     QUAD 0.235 0 -0.4914664358 ; %QUAD:10321
  11049     QUAD 0.235 0 -0.4914664358 ; %QUAD:10321
  11050     DL 0.665 ; %DL: 6559
  11051     SBEND 1.94 0.07853981588 0 0.03926990817 0.03586152553 0.039269908
                  17 0.03586152553 0.5 0.5 ; %SBEND:10385
  11052     DL 0.3 ; %DL: 6559
  11053     SBEND 1.94 0.07853981588 0 0.03926990817 0.03586152553 0.039269908
                  17 0.03586152553 0.5 0.5 ; %SBEND:10385
  11054     DL 0.289 ; %DL: 6559
  11055     MH LEN_S SF2 0.05; %MH: 7153
  11056     DL 0.076 ; %DL: 6559
  11057     QUAD 0.235 0 0.5110640912 ; %QUAD:10321
  11058     QUAD 0.235 0 0.5110640912 ; %QUAD:10321
  11059     DL 0.665 ; %DL: 6559
  11060     SBEND 1.94 0.07853981588 0 0.03926990817 0.03586152553 0.039269908
                  17 0.03586152553 0.5 0.5 ; %SBEND:10385
  11061     DL 0.3 ; %DL: 6559
  11062     SBEND 1.94 0.07853981588 0 0.03926990817 0.03586152553 0.039269908
                  17 0.03586152553 0.5 0.5 ; %SBEND:10385
  11063     DL 0.289 ; %DL: 6559
  11064     DL 0.3 ; %DL: 6559
  11065     DL 0.076 ; %DL: 6559
  11066     QUAD 0.235 0 -0.4914664358 ; %QUAD:10321
  11067     QUAD 0.235 0 -0.4914664358 ; %QUAD:10321
  11068     DL 0.665 ; %DL: 6559
  11069     SBEND 1.94 0.07853981588 0 0.03926990817 0.03586152553 0.039269908
                  17 0.03586152553 0.5 0.5 ; %SBEND:10385
  11070     DL 0.3 ; %DL: 6559
  11071     SBEND 1.94 0.07853981588 0 0.03926990817 0.03586152553 0.039269908
                  17 0.03586152553 0.5 0.5 ; %SBEND:10385
  11072     DL 0.299 ; %DL: 6559
  11073     DL 0.3 ; %DL: 6559
  11074     DL 0.076 ; %DL: 6559
  11075     QUAD 0.45 0 0.5131702161 ; %QUAD:10321
  11076     DL 5.144 ; %DL: 6559
  11077     DL 0.3 ; %DL: 6559
  11078     DL 0.076 ; %DL: 6559
  11079     QUAD 0.235 0 -0.4914664358 ; %QUAD:10321
  11080     QUAD 0.235 0 -0.4914664358 ; %QUAD:10321
  11081     DL 5.1815 ; %DL: 6559
  11082     DL 0.3 ; %DL: 6559
  11083     DL 0.076 ; %DL: 6559
  11084     QUAD 0.375 0 0.5001124874 ; %QUAD:10321
  11085     DL 0.7125 ; %DL: 6559
  11086     SBEND 1.94 0.07853981588 0 0.03926990817 0.03586152553 0.039269908
                  17 0.03586152553 0.5 0.5 ; %SBEND:10385
  11087     DL 0.3 ; %DL: 6559
  11088     SBEND 1.94 0.07853981588 0 0.03926990817 0.03586152553 0.039269908
                  17 0.03586152553 0.5 0.5 ; %SBEND:10385
  11089     DL 0.215 ; %DL: 6559
  11090     DL 0.085 ; %DL: 6559
  11091     QUAD 0.785 0 -0.226233033 ; %QUAD:10321
  11092     DL 0.11787 ; %DL: 6559
  11093     DL 0.3 ; %DL: 6559
  11094     DL 0.1 ; %DL: 6559
  11095     QUAD 0.69 0 0.3171374291 ; %QUAD:10321
  11096     DL 1.3422 ; %DL: 6559
  11097     QUAD 0.235 0 -0.5528006412 ; %QUAD:10321
  11098     QUAD 0.235 0 -0.5528006412 ; %QUAD:10321
  11099     DL 5.90875 ; %DL: 6559
  11100     QUAD 0.235 0 0.4937228226 ; %QUAD:10321
  11101     QUAD 0.235 0 0.4937228226 ; %QUAD:10321
  11102     DL 5.90875 ; %DL: 6559
  11103     QUAD 0.235 0 -0.5528006412 ; %QUAD:10321
  11104     QUAD 0.235 0 -0.5528006412 ; %QUAD:10321
  11105     DL 5.90875 ; %DL: 6559
  11106     QUAD 0.235 0 0.4937228226 ; %QUAD:10321
  11107     QUAD 0.235 0 0.4937228226 ; %QUAD:10321
  11108     DL 5.90875 ; %DL: 6559
  11109     QUAD 0.235 0 -0.5528006412 ; %QUAD:10321
  11110     QUAD 0.235 0 -0.5528006412 ; %QUAD:10321
  11111     DL 0.4166853 ; %DL: 6559
  11112     WIEN 5.0753794 BBE EBE 0; %WIEN:10506
  11113     DL 0.4166853 ; %DL: 6559
  11114     QUAD 0.235 0 0.4937228226 ; %QUAD:10321
  11115     QUAD 0.235 0 0.4937228226 ; %QUAD:10321
  11116     DL 0.4166853 ; %DL: 6559
  11117     WIEN 5.0753794 BBE EBE 0; %WIEN:10506
  11118     DL 0.4166853 ; %DL: 6559
  11119     QUAD 0.235 0 -0.5528006412 ; %QUAD:10321
  11120     QUAD 0.235 0 -0.5528006412 ; %QUAD:10321
  11121     DL 0.4166853 ; %DL: 6559
  11122     WIEN 5.0753794 BBE EBE 0; %WIEN:10506
  11123     DL 0.4166853 ; %DL: 6559
  11124     QUAD 0.235 0 0.4937228226 ; %QUAD:10321
  11125     QUAD 0.235 0 0.4937228226 ; %QUAD:10321
  11126     DL 0.4166853 ; %DL: 6559
  11127     WIEN 5.0753794 BBE EBE 0; %WIEN:10506
  11128     DL 0.4166853 ; %DL: 6559
  11129     QUAD 0.235 0 -0.5528006412 ; %QUAD:10321
  11130     QUAD 0.235 0 -0.5528006412 ; %QUAD:10321
  11131     DL 0.4166853 ; %DL: 6559
  11132     WIEN 5.0753794 BBE EBE 0; %WIEN:10506
  11133     DL 0.4166853 ; %DL: 6559
  11134     QUAD 0.235 0 0.4937228226 ; %QUAD:10321
  11135     QUAD 0.235 0 0.4937228226 ; %QUAD:10321
  11136     DL 0.4166853 ; %DL: 6559
  11137     WIEN 5.0753794 BBE EBE 0; %WIEN:10506
  11138     DL 0.4166853 ; %DL: 6559
  11139     QUAD 0.235 0 -0.5528006412 ; %QUAD:10321
  11140     QUAD 0.235 0 -0.5528006412 ; %QUAD:10321
  11141     DL 5.90875 ; %DL: 6559
  11142     QUAD 0.235 0 0.4937228226 ; %QUAD:10321
  11143     QUAD 0.235 0 0.4937228226 ; %QUAD:10321
  11144     DL 5.90875 ; %DL: 6559
  11145     QUAD 0.235 0 -0.5528006412 ; %QUAD:10321
  11146     QUAD 0.235 0 -0.5528006412 ; %QUAD:10321
  11147     DL 5.90875 ; %DL: 6559
  11148     QUAD 0.235 0 0.4937228226 ; %QUAD:10321
  11149     QUAD 0.235 0 0.4937228226 ; %QUAD:10321
  11150     DL 5.90875 ; %DL: 6559
  11151     QUAD 0.235 0 -0.5528006412 ; %QUAD:10321
  11152     QUAD 0.235 0 -0.5528006412 ; %QUAD:10321
  11153     DL 5.90875 ; %DL: 6559
  11154     QUAD 0.235 0 0.4937228226 ; %QUAD:10321
  11155     QUAD 0.235 0 0.4937228226 ; %QUAD:10321
  11156     DL 5.90875 ; %DL: 6559
  11157     QUAD 0.235 0 -0.5528006412 ; %QUAD:10321
  11158     QUAD 0.235 0 -0.5528006412 ; %QUAD:10321
  11159     DL 1.3422 ; %DL: 6559
  11160     ENDPROCEDURE;
 --- BIN FILE WRITTEN: FULL_SEX_CLEAR
  11161   SAVE 'FULL_SEX_CLEAR';
