 --- BIN FILE READ: header
  10579 INCLUDE 'header';
  10580   PROCEDURE LATTICE RFFLAG     ;
  10581     VARIABLE VRF 1 1 1;
  10582     VARIABLE FREQ 1;
  10583     VARIABLE HNUM 1;
  10584     VARIABLE MB2LMARR 1 3;
  10585     VARIABLE NMB2LMARR 1;
  10586     VARIABLE MCQ0MARR 1 2;
  10587     VARIABLE NMCQ0MARR 1;
  10588     VARIABLE MCS0MARR 1 3;
  10589     VARIABLE NMCS0MARR 1;
  10590     VARIABLE MCS1MARR 1 3;
  10591     VARIABLE NMCS1MARR 1;
  10592     VARIABLE MCS2MARR 1 3;
  10593     VARIABLE NMCS2MARR 1;
  10594     VARIABLE MCO0MARR 1 4;
  10595     VARIABLE NMCO0MARR 1;
  10596     VARIABLE MCO3MARR 1 4;
  10597     VARIABLE NMCO3MARR 1;
  10598     VARIABLE EBE 1;
  10599     VARIABLE BBE 1;
  10600     EBE := 101.8726388306976;
  10601     BBE := 0.7909823739837908;
  10602     HNUM := 66;
  10603     VRF(1, 1) := 100/HNUM;
  10604     FREQ := HNUM*REVFREQ(FACCLEN(1)); %REVFREQ: 9907 %FACCLEN:10534
  10605     MB2LMARR(1) := 0;
  10606     MB2LMARR(2) := 0;
  10607     MB2LMARR(3) := 0;
  10608     NMB2LMARR := 3;
  10609     MCQ0MARR(1) := 0;
  10610     MCQ0MARR(2) := 0;
  10611     NMCQ0MARR := 2;
  10612     MCS0MARR(1) := 0;
  10613     MCS0MARR(2) := 0;
  10614     MCS0MARR(3) := 0;
  10615     NMCS0MARR := 3;
  10616     MCS1MARR(1) := 0;
  10617     MCS1MARR(2) := 0;
  10618     MCS1MARR(3) := -0.8199998015;
  10619     NMCS1MARR := 3;
  10620     MCS2MARR(1) := 0;
  10621     MCS2MARR(2) := 0;
  10622     MCS2MARR(3) := 0.4400000434;
  10623     NMCS2MARR := 3;
  10624     MCO0MARR(1) := 0;
  10625     MCO0MARR(2) := 0;
  10626     MCO0MARR(3) := 0;
  10627     MCO0MARR(4) := 0;
  10628     NMCO0MARR := 4;
  10629     MCO3MARR(1) := 0;
  10630     MCO3MARR(2) := 0;
  10631     MCO3MARR(3) := 0;
  10632     MCO3MARR(4) := 4.000008775;
  10633     NMCO3MARR := 4;
  10634     WRITE 6 '********************************************';
  10635     WRITE 6 '*      FS NICA BYPASS 2 SEP 2022 (CW)      *';
  10636     WRITE 6 '********************************************';
  10637     WRITE 6 'REVOLUTION FREQUENCY: '&ST(REVFREQ(FACCLEN(1))/1E6)&' MHZ
                  '; %REVFREQ: 9907 %FACCLEN:10534
  10638     WRITE 6 'RF FREQUENCY: '&ST(FREQ/1E6)&' MHZ';
  10639     UM; %UM: 1488
  10640     CR; %CR:  947
  10641     IF RFFLAG=1;
  10642       RF VRF 0 FREQ 0 0.05; %RF: 8697
  10643       ENDIF;
  10644     DL 0 ; %DL: 6559
  10645     QUAD 0.69 0 0.3171374291 ; %QUAD:10321
  10646     DL 0 ; %DL: 6559
  10647     DL 0.1 ; %DL: 6559
  10648     KICK 0.15 0 0 ; %KICK:10499
  10649     KICK 0 0 0 ; %KICK:10499
  10650     MULT 0 MCQ0MARR NMCQ0MARR ; %MULT:10364
  10651     MULT 0 MCS0MARR NMCS0MARR ; %MULT:10364
  10652     MULT 0 MCO3MARR NMCO3MARR ; %MULT:10364
  10653     KICK 0.15 0 0 ; %KICK:10499
  10654     DL 0.11787 ; %DL: 6559
  10655     DL 0 ; %DL: 6559
  10656     QUAD 0.785 0 -0.226233033 ; %QUAD:10321
  10657     DL 0 ; %DL: 6559
  10658     DL 0.085 ; %DL: 6559
  10659     DL 0.215 ; %DL: 6559
  10660     MULT 0 MB2LMARR NMB2LMARR ; %MULT:10364
  10661     DL 0 ; %DL: 6559
  10662     SBEND 1.94 0.07853981588 0 0.03926990817 0.03586152553 0.039269908
                  17 0.03586152553 0.5 0.5 ; %SBEND:10385
  10663     DL 0 ; %DL: 6559
  10664     MULT 0 MB2LMARR NMB2LMARR ; %MULT:10364
  10665     DL 0.3 ; %DL: 6559
  10666     MULT 0 MB2LMARR NMB2LMARR ; %MULT:10364
  10667     DL 0 ; %DL: 6559
  10668     SBEND 1.94 0.07853981588 0 0.03926990817 0.03586152553 0.039269908
                  17 0.03586152553 0.5 0.5 ; %SBEND:10385
  10669     DL 0 ; %DL: 6559
  10670     MULT 0 MB2LMARR NMB2LMARR ; %MULT:10364
  10671     DL 0.3365 ; %DL: 6559
  10672     KICK 0.15 0 0 ; %KICK:10499
  10673     KICK 0 0 0 ; %KICK:10499
  10674     MULT 0 MCQ0MARR NMCQ0MARR ; %MULT:10364
  10675     MULT 0 MCS0MARR NMCS0MARR ; %MULT:10364
  10676     MULT 0 MCO0MARR NMCO0MARR ; %MULT:10364
  10677     KICK 0.15 0 0 ; %KICK:10499
  10678     DL 0.076 ; %DL: 6559
  10679     DL 0 ; %DL: 6559
  10680     QUAD 0.375 0 0.5001124874 ; %QUAD:10321
  10681     DL 0 ; %DL: 6559
  10682     DL 5.1815 ; %DL: 6559
  10683     KICK 0.15 0 0 ; %KICK:10499
  10684     KICK 0 0 0 ; %KICK:10499
  10685     MULT 0 MCQ0MARR NMCQ0MARR ; %MULT:10364
  10686     MULT 0 MCS0MARR NMCS0MARR ; %MULT:10364
  10687     MULT 0 MCO0MARR NMCO0MARR ; %MULT:10364
  10688     KICK 0.15 0 0 ; %KICK:10499
  10689     DL 0.076 ; %DL: 6559
  10690     DL 0 ; %DL: 6559
  10691     QUAD 0.235 0 -0.4914664358 ; %QUAD:10321
  10692     DL 0 ; %DL: 6559
  10693     DL 0 ; %DL: 6559
  10694     QUAD 0.235 0 -0.4914664358 ; %QUAD:10321
  10695     DL 0 ; %DL: 6559
  10696     DL 5.144 ; %DL: 6559
  10697     KICK 0.15 0 0 ; %KICK:10499
  10698     KICK 0 0 0 ; %KICK:10499
  10699     MULT 0 MCQ0MARR NMCQ0MARR ; %MULT:10364
  10700     MULT 0 MCS0MARR NMCS0MARR ; %MULT:10364
  10701     MULT 0 MCO0MARR NMCO0MARR ; %MULT:10364
  10702     KICK 0.15 0 0 ; %KICK:10499
  10703     DL 0.076 ; %DL: 6559
  10704     DL 0 ; %DL: 6559
  10705     QUAD 0.45 0 0.5131702161 ; %QUAD:10321
  10706     DL 0 ; %DL: 6559
  10707     DL 0.675 ; %DL: 6559
  10708     MULT 0 MB2LMARR NMB2LMARR ; %MULT:10364
  10709     DL 0 ; %DL: 6559
  10710     SBEND 1.94 0.07853981588 0 0.03926990817 0.03586152553 0.039269908
                  17 0.03586152553 0.5 0.5 ; %SBEND:10385
  10711     DL 0 ; %DL: 6559
  10712     MULT 0 MB2LMARR NMB2LMARR ; %MULT:10364
  10713     DL 0.3 ; %DL: 6559
  10714     MULT 0 MB2LMARR NMB2LMARR ; %MULT:10364
  10715     DL 0 ; %DL: 6559
  10716     SBEND 1.94 0.07853981588 0 0.03926990817 0.03586152553 0.039269908
                  17 0.03586152553 0.5 0.5 ; %SBEND:10385
  10717     DL 0 ; %DL: 6559
  10718     MULT 0 MB2LMARR NMB2LMARR ; %MULT:10364
  10719     DL 0.289 ; %DL: 6559
  10720     KICK 0.15 0 0 ; %KICK:10499
  10721     KICK 0 0 0 ; %KICK:10499
  10722     MULT 0 MCQ0MARR NMCQ0MARR ; %MULT:10364
  10723     MULT 0 MCS1MARR NMCS1MARR ; %MULT:10364
  10724     MULT 0 MCO0MARR NMCO0MARR ; %MULT:10364
  10725     KICK 0.15 0 0 ; %KICK:10499
  10726     DL 0.076 ; %DL: 6559
  10727     DL 0 ; %DL: 6559
  10728     QUAD 0.235 0 -0.4914664358 ; %QUAD:10321
  10729     DL 0 ; %DL: 6559
  10730     DL 0 ; %DL: 6559
  10731     QUAD 0.235 0 -0.4914664358 ; %QUAD:10321
  10732     DL 0 ; %DL: 6559
  10733     DL 0.665 ; %DL: 6559
  10734     MULT 0 MB2LMARR NMB2LMARR ; %MULT:10364
  10735     DL 0 ; %DL: 6559
  10736     SBEND 1.94 0.07853981588 0 0.03926990817 0.03586152553 0.039269908
                  17 0.03586152553 0.5 0.5 ; %SBEND:10385
  10737     DL 0 ; %DL: 6559
  10738     MULT 0 MB2LMARR NMB2LMARR ; %MULT:10364
  10739     DL 0.3 ; %DL: 6559
  10740     MULT 0 MB2LMARR NMB2LMARR ; %MULT:10364
  10741     DL 0 ; %DL: 6559
  10742     SBEND 1.94 0.07853981588 0 0.03926990817 0.03586152553 0.039269908
                  17 0.03586152553 0.5 0.5 ; %SBEND:10385
  10743     DL 0 ; %DL: 6559
  10744     MULT 0 MB2LMARR NMB2LMARR ; %MULT:10364
  10745     DL 0.289 ; %DL: 6559
  10746     KICK 0.15 0 0 ; %KICK:10499
  10747     KICK 0 0 0 ; %KICK:10499
  10748     MULT 0 MCQ0MARR NMCQ0MARR ; %MULT:10364
  10749     MULT 0 MCS2MARR NMCS2MARR ; %MULT:10364
  10750     MULT 0 MCO0MARR NMCO0MARR ; %MULT:10364
  10751     KICK 0.15 0 0 ; %KICK:10499
  10752     DL 0.076 ; %DL: 6559
  10753     DL 0 ; %DL: 6559
  10754     QUAD 0.235 0 0.5110640912 ; %QUAD:10321
  10755     DL 0 ; %DL: 6559
  10756     DL 0 ; %DL: 6559
  10757     QUAD 0.235 0 0.5110640912 ; %QUAD:10321
  10758     DL 0 ; %DL: 6559
  10759     DL 0.665 ; %DL: 6559
  10760     MULT 0 MB2LMARR NMB2LMARR ; %MULT:10364
  10761     DL 0 ; %DL: 6559
  10762     SBEND 1.94 0.07853981588 0 0.03926990817 0.03586152553 0.039269908
                  17 0.03586152553 0.5 0.5 ; %SBEND:10385
  10763     DL 0 ; %DL: 6559
  10764     MULT 0 MB2LMARR NMB2LMARR ; %MULT:10364
  10765     DL 0.3 ; %DL: 6559
  10766     MULT 0 MB2LMARR NMB2LMARR ; %MULT:10364
  10767     DL 0 ; %DL: 6559
  10768     SBEND 1.94 0.07853981588 0 0.03926990817 0.03586152553 0.039269908
                  17 0.03586152553 0.5 0.5 ; %SBEND:10385
  10769     DL 0 ; %DL: 6559
  10770     MULT 0 MB2LMARR NMB2LMARR ; %MULT:10364
  10771     DL 0.289 ; %DL: 6559
  10772     KICK 0.15 0 0 ; %KICK:10499
  10773     KICK 0 0 0 ; %KICK:10499
  10774     MULT 0 MCQ0MARR NMCQ0MARR ; %MULT:10364
  10775     MULT 0 MCS1MARR NMCS1MARR ; %MULT:10364
  10776     MULT 0 MCO0MARR NMCO0MARR ; %MULT:10364
  10777     KICK 0.15 0 0 ; %KICK:10499
  10778     DL 0.076 ; %DL: 6559
  10779     DL 0 ; %DL: 6559
  10780     QUAD 0.235 0 -0.4914664358 ; %QUAD:10321
  10781     DL 0 ; %DL: 6559
  10782     DL 0 ; %DL: 6559
  10783     QUAD 0.235 0 -0.4914664358 ; %QUAD:10321
  10784     DL 0 ; %DL: 6559
  10785     DL 0.665 ; %DL: 6559
  10786     MULT 0 MB2LMARR NMB2LMARR ; %MULT:10364
  10787     DL 0 ; %DL: 6559
  10788     SBEND 1.94 0.07853981588 0 0.03926990817 0.03586152553 0.039269908
                  17 0.03586152553 0.5 0.5 ; %SBEND:10385
  10789     DL 0 ; %DL: 6559
  10790     MULT 0 MB2LMARR NMB2LMARR ; %MULT:10364
  10791     DL 0.3 ; %DL: 6559
  10792     MULT 0 MB2LMARR NMB2LMARR ; %MULT:10364
  10793     DL 0 ; %DL: 6559
  10794     SBEND 1.94 0.07853981588 0 0.03926990817 0.03586152553 0.039269908
                  17 0.03586152553 0.5 0.5 ; %SBEND:10385
  10795     DL 0 ; %DL: 6559
  10796     MULT 0 MB2LMARR NMB2LMARR ; %MULT:10364
  10797     DL 0.289 ; %DL: 6559
  10798     KICK 0.15 0 0 ; %KICK:10499
  10799     KICK 0 0 0 ; %KICK:10499
  10800     MULT 0 MCQ0MARR NMCQ0MARR ; %MULT:10364
  10801     MULT 0 MCS2MARR NMCS2MARR ; %MULT:10364
  10802     MULT 0 MCO0MARR NMCO0MARR ; %MULT:10364
  10803     KICK 0.15 0 0 ; %KICK:10499
  10804     DL 0.076 ; %DL: 6559
  10805     DL 0 ; %DL: 6559
  10806     QUAD 0.235 0 0.5110640912 ; %QUAD:10321
  10807     DL 0 ; %DL: 6559
  10808     DL 0 ; %DL: 6559
  10809     QUAD 0.235 0 0.5110640912 ; %QUAD:10321
  10810     DL 0 ; %DL: 6559
  10811     DL 0.665 ; %DL: 6559
  10812     MULT 0 MB2LMARR NMB2LMARR ; %MULT:10364
  10813     DL 0 ; %DL: 6559
  10814     SBEND 1.94 0.07853981588 0 0.03926990817 0.03586152553 0.039269908
                  17 0.03586152553 0.5 0.5 ; %SBEND:10385
  10815     DL 0 ; %DL: 6559
  10816     MULT 0 MB2LMARR NMB2LMARR ; %MULT:10364
  10817     DL 0.3 ; %DL: 6559
  10818     MULT 0 MB2LMARR NMB2LMARR ; %MULT:10364
  10819     DL 0 ; %DL: 6559
  10820     SBEND 1.94 0.07853981588 0 0.03926990817 0.03586152553 0.039269908
                  17 0.03586152553 0.5 0.5 ; %SBEND:10385
  10821     DL 0 ; %DL: 6559
  10822     MULT 0 MB2LMARR NMB2LMARR ; %MULT:10364
  10823     DL 0.289 ; %DL: 6559
  10824     KICK 0.15 0 0 ; %KICK:10499
  10825     KICK 0 0 0 ; %KICK:10499
  10826     MULT 0 MCQ0MARR NMCQ0MARR ; %MULT:10364
  10827     MULT 0 MCS1MARR NMCS1MARR ; %MULT:10364
  10828     MULT 0 MCO0MARR NMCO0MARR ; %MULT:10364
  10829     KICK 0.15 0 0 ; %KICK:10499
  10830     DL 0.076 ; %DL: 6559
  10831     DL 0 ; %DL: 6559
  10832     QUAD 0.235 0 -0.4914664358 ; %QUAD:10321
  10833     DL 0 ; %DL: 6559
  10834     DL 0 ; %DL: 6559
  10835     QUAD 0.235 0 -0.4914664358 ; %QUAD:10321
  10836     DL 0 ; %DL: 6559
  10837     DL 0.665 ; %DL: 6559
  10838     MULT 0 MB2LMARR NMB2LMARR ; %MULT:10364
  10839     DL 0 ; %DL: 6559
  10840     SBEND 1.94 0.07853981588 0 0.03926990817 0.03586152553 0.039269908
                  17 0.03586152553 0.5 0.5 ; %SBEND:10385
  10841     DL 0 ; %DL: 6559
  10842     MULT 0 MB2LMARR NMB2LMARR ; %MULT:10364
  10843     DL 0.3 ; %DL: 6559
  10844     MULT 0 MB2LMARR NMB2LMARR ; %MULT:10364
  10845     DL 0 ; %DL: 6559
  10846     SBEND 1.94 0.07853981588 0 0.03926990817 0.03586152553 0.039269908
                  17 0.03586152553 0.5 0.5 ; %SBEND:10385
  10847     DL 0 ; %DL: 6559
  10848     MULT 0 MB2LMARR NMB2LMARR ; %MULT:10364
  10849     DL 0.289 ; %DL: 6559
  10850     KICK 0.15 0 0 ; %KICK:10499
  10851     KICK 0 0 0 ; %KICK:10499
  10852     MULT 0 MCQ0MARR NMCQ0MARR ; %MULT:10364
  10853     MULT 0 MCS2MARR NMCS2MARR ; %MULT:10364
  10854     MULT 0 MCO0MARR NMCO0MARR ; %MULT:10364
  10855     KICK 0.15 0 0 ; %KICK:10499
  10856     DL 0.076 ; %DL: 6559
  10857     DL 0 ; %DL: 6559
  10858     QUAD 0.235 0 0.5110640912 ; %QUAD:10321
  10859     DL 0 ; %DL: 6559
  10860     DL 0 ; %DL: 6559
  10861     QUAD 0.235 0 0.5110640912 ; %QUAD:10321
  10862     DL 0 ; %DL: 6559
  10863     DL 0.665 ; %DL: 6559
  10864     MULT 0 MB2LMARR NMB2LMARR ; %MULT:10364
  10865     DL 0 ; %DL: 6559
  10866     SBEND 1.94 0.07853981588 0 0.03926990817 0.03586152553 0.039269908
                  17 0.03586152553 0.5 0.5 ; %SBEND:10385
  10867     DL 0 ; %DL: 6559
  10868     MULT 0 MB2LMARR NMB2LMARR ; %MULT:10364
  10869     DL 0.3 ; %DL: 6559
  10870     MULT 0 MB2LMARR NMB2LMARR ; %MULT:10364
  10871     DL 0 ; %DL: 6559
  10872     SBEND 1.94 0.07853981588 0 0.03926990817 0.03586152553 0.039269908
                  17 0.03586152553 0.5 0.5 ; %SBEND:10385
  10873     DL 0 ; %DL: 6559
  10874     MULT 0 MB2LMARR NMB2LMARR ; %MULT:10364
  10875     DL 0.289 ; %DL: 6559
  10876     KICK 0.15 0 0 ; %KICK:10499
  10877     KICK 0 0 0 ; %KICK:10499
  10878     MULT 0 MCQ0MARR NMCQ0MARR ; %MULT:10364
  10879     MULT 0 MCS1MARR NMCS1MARR ; %MULT:10364
  10880     MULT 0 MCO0MARR NMCO0MARR ; %MULT:10364
  10881     KICK 0.15 0 0 ; %KICK:10499
  10882     DL 0.076 ; %DL: 6559
  10883     DL 0 ; %DL: 6559
  10884     QUAD 0.235 0 -0.4914664358 ; %QUAD:10321
  10885     DL 0 ; %DL: 6559
  10886     DL 0 ; %DL: 6559
  10887     QUAD 0.235 0 -0.4914664358 ; %QUAD:10321
  10888     DL 0 ; %DL: 6559
  10889     DL 0.665 ; %DL: 6559
  10890     MULT 0 MB2LMARR NMB2LMARR ; %MULT:10364
  10891     DL 0 ; %DL: 6559
  10892     SBEND 1.94 0.07853981588 0 0.03926990817 0.03586152553 0.039269908
                  17 0.03586152553 0.5 0.5 ; %SBEND:10385
  10893     DL 0 ; %DL: 6559
  10894     MULT 0 MB2LMARR NMB2LMARR ; %MULT:10364
  10895     DL 0.3 ; %DL: 6559
  10896     MULT 0 MB2LMARR NMB2LMARR ; %MULT:10364
  10897     DL 0 ; %DL: 6559
  10898     SBEND 1.94 0.07853981588 0 0.03926990817 0.03586152553 0.039269908
                  17 0.03586152553 0.5 0.5 ; %SBEND:10385
  10899     DL 0 ; %DL: 6559
  10900     MULT 0 MB2LMARR NMB2LMARR ; %MULT:10364
  10901     DL 0.289 ; %DL: 6559
  10902     KICK 0.15 0 0 ; %KICK:10499
  10903     KICK 0 0 0 ; %KICK:10499
  10904     MULT 0 MCQ0MARR NMCQ0MARR ; %MULT:10364
  10905     MULT 0 MCS2MARR NMCS2MARR ; %MULT:10364
  10906     MULT 0 MCO0MARR NMCO0MARR ; %MULT:10364
  10907     KICK 0.15 0 0 ; %KICK:10499
  10908     DL 0.076 ; %DL: 6559
  10909     DL 0 ; %DL: 6559
  10910     QUAD 0.235 0 0.5110640912 ; %QUAD:10321
  10911     DL 0 ; %DL: 6559
  10912     DL 0 ; %DL: 6559
  10913     QUAD 0.235 0 0.5110640912 ; %QUAD:10321
  10914     DL 0 ; %DL: 6559
  10915     DL 0.665 ; %DL: 6559
  10916     MULT 0 MB2LMARR NMB2LMARR ; %MULT:10364
  10917     DL 0 ; %DL: 6559
  10918     SBEND 1.94 0.07853981588 0 0.03926990817 0.03586152553 0.039269908
                  17 0.03586152553 0.5 0.5 ; %SBEND:10385
  10919     DL 0 ; %DL: 6559
  10920     MULT 0 MB2LMARR NMB2LMARR ; %MULT:10364
  10921     DL 0.3 ; %DL: 6559
  10922     MULT 0 MB2LMARR NMB2LMARR ; %MULT:10364
  10923     DL 0 ; %DL: 6559
  10924     SBEND 1.94 0.07853981588 0 0.03926990817 0.03586152553 0.039269908
                  17 0.03586152553 0.5 0.5 ; %SBEND:10385
  10925     DL 0 ; %DL: 6559
  10926     MULT 0 MB2LMARR NMB2LMARR ; %MULT:10364
  10927     DL 0.289 ; %DL: 6559
  10928     KICK 0.15 0 0 ; %KICK:10499
  10929     KICK 0 0 0 ; %KICK:10499
  10930     MULT 0 MCQ0MARR NMCQ0MARR ; %MULT:10364
  10931     MULT 0 MCS1MARR NMCS1MARR ; %MULT:10364
  10932     MULT 0 MCO0MARR NMCO0MARR ; %MULT:10364
  10933     KICK 0.15 0 0 ; %KICK:10499
  10934     DL 0.076 ; %DL: 6559
  10935     DL 0 ; %DL: 6559
  10936     QUAD 0.235 0 -0.4914664358 ; %QUAD:10321
  10937     DL 0 ; %DL: 6559
  10938     DL 0 ; %DL: 6559
  10939     QUAD 0.235 0 -0.4914664358 ; %QUAD:10321
  10940     DL 0 ; %DL: 6559
  10941     DL 0.665 ; %DL: 6559
  10942     MULT 0 MB2LMARR NMB2LMARR ; %MULT:10364
  10943     DL 0 ; %DL: 6559
  10944     SBEND 1.94 0.07853981588 0 0.03926990817 0.03586152553 0.039269908
                  17 0.03586152553 0.5 0.5 ; %SBEND:10385
  10945     DL 0 ; %DL: 6559
  10946     MULT 0 MB2LMARR NMB2LMARR ; %MULT:10364
  10947     DL 0.3 ; %DL: 6559
  10948     MULT 0 MB2LMARR NMB2LMARR ; %MULT:10364
  10949     DL 0 ; %DL: 6559
  10950     SBEND 1.94 0.07853981588 0 0.03926990817 0.03586152553 0.039269908
                  17 0.03586152553 0.5 0.5 ; %SBEND:10385
  10951     DL 0 ; %DL: 6559
  10952     MULT 0 MB2LMARR NMB2LMARR ; %MULT:10364
  10953     DL 0.289 ; %DL: 6559
  10954     KICK 0.15 0 0 ; %KICK:10499
  10955     KICK 0 0 0 ; %KICK:10499
  10956     MULT 0 MCQ0MARR NMCQ0MARR ; %MULT:10364
  10957     MULT 0 MCS2MARR NMCS2MARR ; %MULT:10364
  10958     MULT 0 MCO0MARR NMCO0MARR ; %MULT:10364
  10959     KICK 0.15 0 0 ; %KICK:10499
  10960     DL 0.076 ; %DL: 6559
  10961     DL 0 ; %DL: 6559
  10962     QUAD 0.235 0 0.5110640912 ; %QUAD:10321
  10963     DL 0 ; %DL: 6559
  10964     DL 0 ; %DL: 6559
  10965     QUAD 0.235 0 0.5110640912 ; %QUAD:10321
  10966     DL 0 ; %DL: 6559
  10967     DL 0.665 ; %DL: 6559
  10968     MULT 0 MB2LMARR NMB2LMARR ; %MULT:10364
  10969     DL 0 ; %DL: 6559
  10970     SBEND 1.94 0.07853981588 0 0.03926990817 0.03586152553 0.039269908
                  17 0.03586152553 0.5 0.5 ; %SBEND:10385
  10971     DL 0 ; %DL: 6559
  10972     MULT 0 MB2LMARR NMB2LMARR ; %MULT:10364
  10973     DL 0.3 ; %DL: 6559
  10974     MULT 0 MB2LMARR NMB2LMARR ; %MULT:10364
  10975     DL 0 ; %DL: 6559
  10976     SBEND 1.94 0.07853981588 0 0.03926990817 0.03586152553 0.039269908
                  17 0.03586152553 0.5 0.5 ; %SBEND:10385
  10977     DL 0 ; %DL: 6559
  10978     MULT 0 MB2LMARR NMB2LMARR ; %MULT:10364
  10979     DL 0.289 ; %DL: 6559
  10980     KICK 0.15 0 0 ; %KICK:10499
  10981     KICK 0 0 0 ; %KICK:10499
  10982     MULT 0 MCQ0MARR NMCQ0MARR ; %MULT:10364
  10983     MULT 0 MCS1MARR NMCS1MARR ; %MULT:10364
  10984     MULT 0 MCO0MARR NMCO0MARR ; %MULT:10364
  10985     KICK 0.15 0 0 ; %KICK:10499
  10986     DL 0.076 ; %DL: 6559
  10987     DL 0 ; %DL: 6559
  10988     QUAD 0.235 0 -0.4914664358 ; %QUAD:10321
  10989     DL 0 ; %DL: 6559
  10990     DL 0 ; %DL: 6559
  10991     QUAD 0.235 0 -0.4914664358 ; %QUAD:10321
  10992     DL 0 ; %DL: 6559
  10993     DL 0.665 ; %DL: 6559
  10994     MULT 0 MB2LMARR NMB2LMARR ; %MULT:10364
  10995     DL 0 ; %DL: 6559
  10996     SBEND 1.94 0.07853981588 0 0.03926990817 0.03586152553 0.039269908
                  17 0.03586152553 0.5 0.5 ; %SBEND:10385
  10997     DL 0 ; %DL: 6559
  10998     MULT 0 MB2LMARR NMB2LMARR ; %MULT:10364
  10999     DL 0.3 ; %DL: 6559
  11000     MULT 0 MB2LMARR NMB2LMARR ; %MULT:10364
  11001     DL 0 ; %DL: 6559
  11002     SBEND 1.94 0.07853981588 0 0.03926990817 0.03586152553 0.039269908
                  17 0.03586152553 0.5 0.5 ; %SBEND:10385
  11003     DL 0 ; %DL: 6559
  11004     MULT 0 MB2LMARR NMB2LMARR ; %MULT:10364
  11005     DL 0.289 ; %DL: 6559
  11006     KICK 0.15 0 0 ; %KICK:10499
  11007     KICK 0 0 0 ; %KICK:10499
  11008     MULT 0 MCQ0MARR NMCQ0MARR ; %MULT:10364
  11009     MULT 0 MCS2MARR NMCS2MARR ; %MULT:10364
  11010     MULT 0 MCO0MARR NMCO0MARR ; %MULT:10364
  11011     KICK 0.15 0 0 ; %KICK:10499
  11012     DL 0.076 ; %DL: 6559
  11013     DL 0 ; %DL: 6559
  11014     QUAD 0.235 0 0.5110640912 ; %QUAD:10321
  11015     DL 0 ; %DL: 6559
  11016     DL 0 ; %DL: 6559
  11017     QUAD 0.235 0 0.5110640912 ; %QUAD:10321
  11018     DL 0 ; %DL: 6559
  11019     DL 0.665 ; %DL: 6559
  11020     MULT 0 MB2LMARR NMB2LMARR ; %MULT:10364
  11021     DL 0 ; %DL: 6559
  11022     SBEND 1.94 0.07853981588 0 0.03926990817 0.03586152553 0.039269908
                  17 0.03586152553 0.5 0.5 ; %SBEND:10385
  11023     DL 0 ; %DL: 6559
  11024     MULT 0 MB2LMARR NMB2LMARR ; %MULT:10364
  11025     DL 0.3 ; %DL: 6559
  11026     MULT 0 MB2LMARR NMB2LMARR ; %MULT:10364
  11027     DL 0 ; %DL: 6559
  11028     SBEND 1.94 0.07853981588 0 0.03926990817 0.03586152553 0.039269908
                  17 0.03586152553 0.5 0.5 ; %SBEND:10385
  11029     DL 0 ; %DL: 6559
  11030     MULT 0 MB2LMARR NMB2LMARR ; %MULT:10364
  11031     DL 0.289 ; %DL: 6559
  11032     KICK 0.15 0 0 ; %KICK:10499
  11033     KICK 0 0 0 ; %KICK:10499
  11034     MULT 0 MCQ0MARR NMCQ0MARR ; %MULT:10364
  11035     MULT 0 MCS1MARR NMCS1MARR ; %MULT:10364
  11036     MULT 0 MCO0MARR NMCO0MARR ; %MULT:10364
  11037     KICK 0.15 0 0 ; %KICK:10499
  11038     DL 0.076 ; %DL: 6559
  11039     DL 0 ; %DL: 6559
  11040     QUAD 0.235 0 -0.4914664358 ; %QUAD:10321
  11041     DL 0 ; %DL: 6559
  11042     DL 0 ; %DL: 6559
  11043     QUAD 0.235 0 -0.4914664358 ; %QUAD:10321
  11044     DL 0 ; %DL: 6559
  11045     DL 0.665 ; %DL: 6559
  11046     MULT 0 MB2LMARR NMB2LMARR ; %MULT:10364
  11047     DL 0 ; %DL: 6559
  11048     SBEND 1.94 0.07853981588 0 0.03926990817 0.03586152553 0.039269908
                  17 0.03586152553 0.5 0.5 ; %SBEND:10385
  11049     DL 0 ; %DL: 6559
  11050     MULT 0 MB2LMARR NMB2LMARR ; %MULT:10364
  11051     DL 0.3 ; %DL: 6559
  11052     MULT 0 MB2LMARR NMB2LMARR ; %MULT:10364
  11053     DL 0 ; %DL: 6559
  11054     SBEND 1.94 0.07853981588 0 0.03926990817 0.03586152553 0.039269908
                  17 0.03586152553 0.5 0.5 ; %SBEND:10385
  11055     DL 0 ; %DL: 6559
  11056     MULT 0 MB2LMARR NMB2LMARR ; %MULT:10364
  11057     DL 0.289 ; %DL: 6559
  11058     KICK 0.15 0 0 ; %KICK:10499
  11059     KICK 0 0 0 ; %KICK:10499
  11060     MULT 0 MCQ0MARR NMCQ0MARR ; %MULT:10364
  11061     MULT 0 MCS2MARR NMCS2MARR ; %MULT:10364
  11062     MULT 0 MCO0MARR NMCO0MARR ; %MULT:10364
  11063     KICK 0.15 0 0 ; %KICK:10499
  11064     DL 0.076 ; %DL: 6559
  11065     DL 0 ; %DL: 6559
  11066     QUAD 0.235 0 0.5110640912 ; %QUAD:10321
  11067     DL 0 ; %DL: 6559
  11068     DL 0 ; %DL: 6559
  11069     QUAD 0.235 0 0.5110640912 ; %QUAD:10321
  11070     DL 0 ; %DL: 6559
  11071     DL 0.665 ; %DL: 6559
  11072     MULT 0 MB2LMARR NMB2LMARR ; %MULT:10364
  11073     DL 0 ; %DL: 6559
  11074     SBEND 1.94 0.07853981588 0 0.03926990817 0.03586152553 0.039269908
                  17 0.03586152553 0.5 0.5 ; %SBEND:10385
  11075     DL 0 ; %DL: 6559
  11076     MULT 0 MB2LMARR NMB2LMARR ; %MULT:10364
  11077     DL 0.3 ; %DL: 6559
  11078     MULT 0 MB2LMARR NMB2LMARR ; %MULT:10364
  11079     DL 0 ; %DL: 6559
  11080     SBEND 1.94 0.07853981588 0 0.03926990817 0.03586152553 0.039269908
                  17 0.03586152553 0.5 0.5 ; %SBEND:10385
  11081     DL 0 ; %DL: 6559
  11082     MULT 0 MB2LMARR NMB2LMARR ; %MULT:10364
  11083     DL 0.289 ; %DL: 6559
  11084     KICK 0.15 0 0 ; %KICK:10499
  11085     KICK 0 0 0 ; %KICK:10499
  11086     MULT 0 MCQ0MARR NMCQ0MARR ; %MULT:10364
  11087     MULT 0 MCS1MARR NMCS1MARR ; %MULT:10364
  11088     MULT 0 MCO0MARR NMCO0MARR ; %MULT:10364
  11089     KICK 0.15 0 0 ; %KICK:10499
  11090     DL 0.076 ; %DL: 6559
  11091     DL 0 ; %DL: 6559
  11092     QUAD 0.235 0 -0.4914664358 ; %QUAD:10321
  11093     DL 0 ; %DL: 6559
  11094     DL 0 ; %DL: 6559
  11095     QUAD 0.235 0 -0.4914664358 ; %QUAD:10321
  11096     DL 0 ; %DL: 6559
  11097     DL 0.665 ; %DL: 6559
  11098     MULT 0 MB2LMARR NMB2LMARR ; %MULT:10364
  11099     DL 0 ; %DL: 6559
  11100     SBEND 1.94 0.07853981588 0 0.03926990817 0.03586152553 0.039269908
                  17 0.03586152553 0.5 0.5 ; %SBEND:10385
  11101     DL 0 ; %DL: 6559
  11102     MULT 0 MB2LMARR NMB2LMARR ; %MULT:10364
  11103     DL 0.3 ; %DL: 6559
  11104     MULT 0 MB2LMARR NMB2LMARR ; %MULT:10364
  11105     DL 0 ; %DL: 6559
  11106     SBEND 1.94 0.07853981588 0 0.03926990817 0.03586152553 0.039269908
                  17 0.03586152553 0.5 0.5 ; %SBEND:10385
  11107     DL 0 ; %DL: 6559
  11108     MULT 0 MB2LMARR NMB2LMARR ; %MULT:10364
  11109     DL 0.289 ; %DL: 6559
  11110     KICK 0.15 0 0 ; %KICK:10499
  11111     KICK 0 0 0 ; %KICK:10499
  11112     MULT 0 MCQ0MARR NMCQ0MARR ; %MULT:10364
  11113     MULT 0 MCS2MARR NMCS2MARR ; %MULT:10364
  11114     MULT 0 MCO0MARR NMCO0MARR ; %MULT:10364
  11115     KICK 0.15 0 0 ; %KICK:10499
  11116     DL 0.076 ; %DL: 6559
  11117     DL 0 ; %DL: 6559
  11118     QUAD 0.235 0 0.5110640912 ; %QUAD:10321
  11119     DL 0 ; %DL: 6559
  11120     DL 0 ; %DL: 6559
  11121     QUAD 0.235 0 0.5110640912 ; %QUAD:10321
  11122     DL 0 ; %DL: 6559
  11123     DL 0.665 ; %DL: 6559
  11124     MULT 0 MB2LMARR NMB2LMARR ; %MULT:10364
  11125     DL 0 ; %DL: 6559
  11126     SBEND 1.94 0.07853981588 0 0.03926990817 0.03586152553 0.039269908
                  17 0.03586152553 0.5 0.5 ; %SBEND:10385
  11127     DL 0 ; %DL: 6559
  11128     MULT 0 MB2LMARR NMB2LMARR ; %MULT:10364
  11129     DL 0.3 ; %DL: 6559
  11130     MULT 0 MB2LMARR NMB2LMARR ; %MULT:10364
  11131     DL 0 ; %DL: 6559
  11132     SBEND 1.94 0.07853981588 0 0.03926990817 0.03586152553 0.039269908
                  17 0.03586152553 0.5 0.5 ; %SBEND:10385
  11133     DL 0 ; %DL: 6559
  11134     MULT 0 MB2LMARR NMB2LMARR ; %MULT:10364
  11135     DL 0.289 ; %DL: 6559
  11136     KICK 0.15 0 0 ; %KICK:10499
  11137     KICK 0 0 0 ; %KICK:10499
  11138     MULT 0 MCQ0MARR NMCQ0MARR ; %MULT:10364
  11139     MULT 0 MCS0MARR NMCS0MARR ; %MULT:10364
  11140     MULT 0 MCO0MARR NMCO0MARR ; %MULT:10364
  11141     KICK 0.15 0 0 ; %KICK:10499
  11142     DL 0.076 ; %DL: 6559
  11143     DL 0 ; %DL: 6559
  11144     QUAD 0.235 0 -0.4914664358 ; %QUAD:10321
  11145     DL 0 ; %DL: 6559
  11146     DL 0 ; %DL: 6559
  11147     QUAD 0.235 0 -0.4914664358 ; %QUAD:10321
  11148     DL 0 ; %DL: 6559
  11149     DL 0.665 ; %DL: 6559
  11150     MULT 0 MB2LMARR NMB2LMARR ; %MULT:10364
  11151     DL 0 ; %DL: 6559
  11152     SBEND 1.94 0.07853981588 0 0.03926990817 0.03586152553 0.039269908
                  17 0.03586152553 0.5 0.5 ; %SBEND:10385
  11153     DL 0 ; %DL: 6559
  11154     MULT 0 MB2LMARR NMB2LMARR ; %MULT:10364
  11155     DL 0.3 ; %DL: 6559
  11156     MULT 0 MB2LMARR NMB2LMARR ; %MULT:10364
  11157     DL 0 ; %DL: 6559
  11158     SBEND 1.94 0.07853981588 0 0.03926990817 0.03586152553 0.039269908
                  17 0.03586152553 0.5 0.5 ; %SBEND:10385
  11159     DL 0 ; %DL: 6559
  11160     MULT 0 MB2LMARR NMB2LMARR ; %MULT:10364
  11161     DL 0.299 ; %DL: 6559
  11162     KICK 0.15 0 0 ; %KICK:10499
  11163     KICK 0 0 0 ; %KICK:10499
  11164     MULT 0 MCQ0MARR NMCQ0MARR ; %MULT:10364
  11165     MULT 0 MCS0MARR NMCS0MARR ; %MULT:10364
  11166     MULT 0 MCO0MARR NMCO0MARR ; %MULT:10364
  11167     KICK 0.15 0 0 ; %KICK:10499
  11168     DL 0.076 ; %DL: 6559
  11169     DL 0 ; %DL: 6559
  11170     QUAD 0.45 0 0.5131702161 ; %QUAD:10321
  11171     DL 0 ; %DL: 6559
  11172     DL 5.144 ; %DL: 6559
  11173     KICK 0.15 0 0 ; %KICK:10499
  11174     KICK 0 0 0 ; %KICK:10499
  11175     MULT 0 MCQ0MARR NMCQ0MARR ; %MULT:10364
  11176     MULT 0 MCS0MARR NMCS0MARR ; %MULT:10364
  11177     MULT 0 MCO0MARR NMCO0MARR ; %MULT:10364
  11178     KICK 0.15 0 0 ; %KICK:10499
  11179     DL 0.076 ; %DL: 6559
  11180     DL 0 ; %DL: 6559
  11181     QUAD 0.235 0 -0.4914664358 ; %QUAD:10321
  11182     DL 0 ; %DL: 6559
  11183     DL 0 ; %DL: 6559
  11184     QUAD 0.235 0 -0.4914664358 ; %QUAD:10321
  11185     DL 0 ; %DL: 6559
  11186     DL 5.1815 ; %DL: 6559
  11187     KICK 0.15 0 0 ; %KICK:10499
  11188     KICK 0 0 0 ; %KICK:10499
  11189     MULT 0 MCQ0MARR NMCQ0MARR ; %MULT:10364
  11190     MULT 0 MCS0MARR NMCS0MARR ; %MULT:10364
  11191     MULT 0 MCO0MARR NMCO0MARR ; %MULT:10364
  11192     KICK 0.15 0 0 ; %KICK:10499
  11193     DL 0.076 ; %DL: 6559
  11194     DL 0 ; %DL: 6559
  11195     QUAD 0.375 0 0.5001124874 ; %QUAD:10321
  11196     DL 0 ; %DL: 6559
  11197     DL 0.7125 ; %DL: 6559
  11198     MULT 0 MB2LMARR NMB2LMARR ; %MULT:10364
  11199     DL 0 ; %DL: 6559
  11200     SBEND 1.94 0.07853981588 0 0.03926990817 0.03586152553 0.039269908
                  17 0.03586152553 0.5 0.5 ; %SBEND:10385
  11201     DL 0 ; %DL: 6559
  11202     MULT 0 MB2LMARR NMB2LMARR ; %MULT:10364
  11203     DL 0.3 ; %DL: 6559
  11204     MULT 0 MB2LMARR NMB2LMARR ; %MULT:10364
  11205     DL 0 ; %DL: 6559
  11206     SBEND 1.94 0.07853981588 0 0.03926990817 0.03586152553 0.039269908
                  17 0.03586152553 0.5 0.5 ; %SBEND:10385
  11207     DL 0 ; %DL: 6559
  11208     MULT 0 MB2LMARR NMB2LMARR ; %MULT:10364
  11209     DL 0.215 ; %DL: 6559
  11210     DL 0.085 ; %DL: 6559
  11211     DL 0 ; %DL: 6559
  11212     QUAD 0.785 0 -0.226233033 ; %QUAD:10321
  11213     DL 0 ; %DL: 6559
  11214     DL 0.11787 ; %DL: 6559
  11215     KICK 0.15 0 0 ; %KICK:10499
  11216     KICK 0 0 0 ; %KICK:10499
  11217     MULT 0 MCQ0MARR NMCQ0MARR ; %MULT:10364
  11218     MULT 0 MCS0MARR NMCS0MARR ; %MULT:10364
  11219     MULT 0 MCO3MARR NMCO3MARR ; %MULT:10364
  11220     KICK 0.15 0 0 ; %KICK:10499
  11221     DL 0.1 ; %DL: 6559
  11222     DL 0 ; %DL: 6559
  11223     QUAD 0.69 0 0.3171374291 ; %QUAD:10321
  11224     DL 0 ; %DL: 6559
  11225     DL 1.3422 ; %DL: 6559
  11226     QUAD 0.235 0 -0.5528006412 ; %QUAD:10321
  11227     QUAD 0.235 0 -0.5528006412 ; %QUAD:10321
  11228     DL 5.90875 ; %DL: 6559
  11229     QUAD 0.235 0 0.4937228226 ; %QUAD:10321
  11230     QUAD 0.235 0 0.4937228226 ; %QUAD:10321
  11231     DL 5.90875 ; %DL: 6559
  11232     QUAD 0.235 0 -0.5528006412 ; %QUAD:10321
  11233     QUAD 0.235 0 -0.5528006412 ; %QUAD:10321
  11234     DL 5.90875 ; %DL: 6559
  11235     QUAD 0.235 0 0.4937228226 ; %QUAD:10321
  11236     QUAD 0.235 0 0.4937228226 ; %QUAD:10321
  11237     DL 5.90875 ; %DL: 6559
  11238     QUAD 0.235 0 -0.5528006412 ; %QUAD:10321
  11239     QUAD 0.235 0 -0.5528006412 ; %QUAD:10321
  11240     DL 0.4166853 ; %DL: 6559
  11241     WIEN 5.0753794 BBE EBE 0; %WIEN:10506
  11242     DL 0.4166853 ; %DL: 6559
  11243     QUAD 0.235 0 0.4937228226 ; %QUAD:10321
  11244     QUAD 0.235 0 0.4937228226 ; %QUAD:10321
  11245     DL 0.4166853 ; %DL: 6559
  11246     WIEN 5.0753794 BBE EBE 0; %WIEN:10506
  11247     DL 0.4166853 ; %DL: 6559
  11248     QUAD 0.235 0 -0.5528006412 ; %QUAD:10321
  11249     QUAD 0.235 0 -0.5528006412 ; %QUAD:10321
  11250     DL 0.4166853 ; %DL: 6559
  11251     WIEN 5.0753794 BBE EBE 0; %WIEN:10506
  11252     DL 0.4166853 ; %DL: 6559
  11253     QUAD 0.235 0 0.4937228226 ; %QUAD:10321
  11254     QUAD 0.235 0 0.4937228226 ; %QUAD:10321
  11255     DL 0.4166853 ; %DL: 6559
  11256     WIEN 5.0753794 BBE EBE 0; %WIEN:10506
  11257     DL 0.4166853 ; %DL: 6559
  11258     QUAD 0.235 0 -0.5528006412 ; %QUAD:10321
  11259     QUAD 0.235 0 -0.5528006412 ; %QUAD:10321
  11260     DL 0.4166853 ; %DL: 6559
  11261     WIEN 5.0753794 BBE EBE 0; %WIEN:10506
  11262     DL 0.4166853 ; %DL: 6559
  11263     QUAD 0.235 0 0.4937228226 ; %QUAD:10321
  11264     QUAD 0.235 0 0.4937228226 ; %QUAD:10321
  11265     DL 0.4166853 ; %DL: 6559
  11266     WIEN 5.0753794 BBE EBE 0; %WIEN:10506
  11267     DL 0.4166853 ; %DL: 6559
  11268     QUAD 0.235 0 -0.5528006412 ; %QUAD:10321
  11269     QUAD 0.235 0 -0.5528006412 ; %QUAD:10321
  11270     DL 5.90875 ; %DL: 6559
  11271     QUAD 0.235 0 0.4937228226 ; %QUAD:10321
  11272     QUAD 0.235 0 0.4937228226 ; %QUAD:10321
  11273     DL 5.90875 ; %DL: 6559
  11274     QUAD 0.235 0 -0.5528006412 ; %QUAD:10321
  11275     QUAD 0.235 0 -0.5528006412 ; %QUAD:10321
  11276     DL 5.90875 ; %DL: 6559
  11277     QUAD 0.235 0 0.4937228226 ; %QUAD:10321
  11278     QUAD 0.235 0 0.4937228226 ; %QUAD:10321
  11279     DL 5.90875 ; %DL: 6559
  11280     QUAD 0.235 0 -0.5528006412 ; %QUAD:10321
  11281     QUAD 0.235 0 -0.5528006412 ; %QUAD:10321
  11282     DL 5.90875 ; %DL: 6559
  11283     QUAD 0.235 0 0.4937228226 ; %QUAD:10321
  11284     QUAD 0.235 0 0.4937228226 ; %QUAD:10321
  11285     DL 5.90875 ; %DL: 6559
  11286     QUAD 0.235 0 -0.5528006412 ; %QUAD:10321
  11287     QUAD 0.235 0 -0.5528006412 ; %QUAD:10321
  11288     DL 1.3422 ; %DL: 6559
  11289     DL 0 ; %DL: 6559
  11290     QUAD 0.69 0 0.3171374291 ; %QUAD:10321
  11291     DL 0 ; %DL: 6559
  11292     DL 0.1 ; %DL: 6559
  11293     KICK 0.15 0 0 ; %KICK:10499
  11294     KICK 0 0 0 ; %KICK:10499
  11295     MULT 0 MCQ0MARR NMCQ0MARR ; %MULT:10364
  11296     MULT 0 MCS0MARR NMCS0MARR ; %MULT:10364
  11297     MULT 0 MCO3MARR NMCO3MARR ; %MULT:10364
  11298     KICK 0.15 0 0 ; %KICK:10499
  11299     DL 0.11787 ; %DL: 6559
  11300     DL 0 ; %DL: 6559
  11301     QUAD 0.785 0 -0.226233033 ; %QUAD:10321
  11302     DL 0 ; %DL: 6559
  11303     DL 0.085 ; %DL: 6559
  11304     DL 0.215 ; %DL: 6559
  11305     MULT 0 MB2LMARR NMB2LMARR ; %MULT:10364
  11306     DL 0 ; %DL: 6559
  11307     SBEND 1.94 0.07853981588 0 0.03926990817 0.03586152553 0.039269908
                  17 0.03586152553 0.5 0.5 ; %SBEND:10385
  11308     DL 0 ; %DL: 6559
  11309     MULT 0 MB2LMARR NMB2LMARR ; %MULT:10364
  11310     DL 0.3 ; %DL: 6559
  11311     MULT 0 MB2LMARR NMB2LMARR ; %MULT:10364
  11312     DL 0 ; %DL: 6559
  11313     SBEND 1.94 0.07853981588 0 0.03926990817 0.03586152553 0.039269908
                  17 0.03586152553 0.5 0.5 ; %SBEND:10385
  11314     DL 0 ; %DL: 6559
  11315     MULT 0 MB2LMARR NMB2LMARR ; %MULT:10364
  11316     DL 0.3365 ; %DL: 6559
  11317     KICK 0.15 0 0 ; %KICK:10499
  11318     KICK 0 0 0 ; %KICK:10499
  11319     MULT 0 MCQ0MARR NMCQ0MARR ; %MULT:10364
  11320     MULT 0 MCS0MARR NMCS0MARR ; %MULT:10364
  11321     MULT 0 MCO0MARR NMCO0MARR ; %MULT:10364
  11322     KICK 0.15 0 0 ; %KICK:10499
  11323     DL 0.076 ; %DL: 6559
  11324     DL 0 ; %DL: 6559
  11325     QUAD 0.375 0 0.5001124874 ; %QUAD:10321
  11326     DL 0 ; %DL: 6559
  11327     DL 5.1815 ; %DL: 6559
  11328     KICK 0.15 0 0 ; %KICK:10499
  11329     KICK 0 0 0 ; %KICK:10499
  11330     MULT 0 MCQ0MARR NMCQ0MARR ; %MULT:10364
  11331     MULT 0 MCS0MARR NMCS0MARR ; %MULT:10364
  11332     MULT 0 MCO0MARR NMCO0MARR ; %MULT:10364
  11333     KICK 0.15 0 0 ; %KICK:10499
  11334     DL 0.076 ; %DL: 6559
  11335     DL 0 ; %DL: 6559
  11336     QUAD 0.235 0 -0.4914664358 ; %QUAD:10321
  11337     DL 0 ; %DL: 6559
  11338     DL 0 ; %DL: 6559
  11339     QUAD 0.235 0 -0.4914664358 ; %QUAD:10321
  11340     DL 0 ; %DL: 6559
  11341     DL 5.144 ; %DL: 6559
  11342     KICK 0.15 0 0 ; %KICK:10499
  11343     KICK 0 0 0 ; %KICK:10499
  11344     MULT 0 MCQ0MARR NMCQ0MARR ; %MULT:10364
  11345     MULT 0 MCS0MARR NMCS0MARR ; %MULT:10364
  11346     MULT 0 MCO0MARR NMCO0MARR ; %MULT:10364
  11347     KICK 0.15 0 0 ; %KICK:10499
  11348     DL 0.076 ; %DL: 6559
  11349     DL 0 ; %DL: 6559
  11350     QUAD 0.45 0 0.5131702161 ; %QUAD:10321
  11351     DL 0 ; %DL: 6559
  11352     DL 0.675 ; %DL: 6559
  11353     MULT 0 MB2LMARR NMB2LMARR ; %MULT:10364
  11354     DL 0 ; %DL: 6559
  11355     SBEND 1.94 0.07853981588 0 0.03926990817 0.03586152553 0.039269908
                  17 0.03586152553 0.5 0.5 ; %SBEND:10385
  11356     DL 0 ; %DL: 6559
  11357     MULT 0 MB2LMARR NMB2LMARR ; %MULT:10364
  11358     DL 0.3 ; %DL: 6559
  11359     MULT 0 MB2LMARR NMB2LMARR ; %MULT:10364
  11360     DL 0 ; %DL: 6559
  11361     SBEND 1.94 0.07853981588 0 0.03926990817 0.03586152553 0.039269908
                  17 0.03586152553 0.5 0.5 ; %SBEND:10385
  11362     DL 0 ; %DL: 6559
  11363     MULT 0 MB2LMARR NMB2LMARR ; %MULT:10364
  11364     DL 0.289 ; %DL: 6559
  11365     KICK 0.15 0 0 ; %KICK:10499
  11366     KICK 0 0 0 ; %KICK:10499
  11367     MULT 0 MCQ0MARR NMCQ0MARR ; %MULT:10364
  11368     MULT 0 MCS1MARR NMCS1MARR ; %MULT:10364
  11369     MULT 0 MCO0MARR NMCO0MARR ; %MULT:10364
  11370     KICK 0.15 0 0 ; %KICK:10499
  11371     DL 0.076 ; %DL: 6559
  11372     DL 0 ; %DL: 6559
  11373     QUAD 0.235 0 -0.4914664358 ; %QUAD:10321
  11374     DL 0 ; %DL: 6559
  11375     DL 0 ; %DL: 6559
  11376     QUAD 0.235 0 -0.4914664358 ; %QUAD:10321
  11377     DL 0 ; %DL: 6559
  11378     DL 0.665 ; %DL: 6559
  11379     MULT 0 MB2LMARR NMB2LMARR ; %MULT:10364
  11380     DL 0 ; %DL: 6559
  11381     SBEND 1.94 0.07853981588 0 0.03926990817 0.03586152553 0.039269908
                  17 0.03586152553 0.5 0.5 ; %SBEND:10385
  11382     DL 0 ; %DL: 6559
  11383     MULT 0 MB2LMARR NMB2LMARR ; %MULT:10364
  11384     DL 0.3 ; %DL: 6559
  11385     MULT 0 MB2LMARR NMB2LMARR ; %MULT:10364
  11386     DL 0 ; %DL: 6559
  11387     SBEND 1.94 0.07853981588 0 0.03926990817 0.03586152553 0.039269908
                  17 0.03586152553 0.5 0.5 ; %SBEND:10385
  11388     DL 0 ; %DL: 6559
  11389     MULT 0 MB2LMARR NMB2LMARR ; %MULT:10364
  11390     DL 0.289 ; %DL: 6559
  11391     KICK 0.15 0 0 ; %KICK:10499
  11392     KICK 0 0 0 ; %KICK:10499
  11393     MULT 0 MCQ0MARR NMCQ0MARR ; %MULT:10364
  11394     MULT 0 MCS2MARR NMCS2MARR ; %MULT:10364
  11395     MULT 0 MCO0MARR NMCO0MARR ; %MULT:10364
  11396     KICK 0.15 0 0 ; %KICK:10499
  11397     DL 0.076 ; %DL: 6559
  11398     DL 0 ; %DL: 6559
  11399     QUAD 0.235 0 0.5110640912 ; %QUAD:10321
  11400     DL 0 ; %DL: 6559
  11401     DL 0 ; %DL: 6559
  11402     QUAD 0.235 0 0.5110640912 ; %QUAD:10321
  11403     DL 0 ; %DL: 6559
  11404     DL 0.665 ; %DL: 6559
  11405     MULT 0 MB2LMARR NMB2LMARR ; %MULT:10364
  11406     DL 0 ; %DL: 6559
  11407     SBEND 1.94 0.07853981588 0 0.03926990817 0.03586152553 0.039269908
                  17 0.03586152553 0.5 0.5 ; %SBEND:10385
  11408     DL 0 ; %DL: 6559
  11409     MULT 0 MB2LMARR NMB2LMARR ; %MULT:10364
  11410     DL 0.3 ; %DL: 6559
  11411     MULT 0 MB2LMARR NMB2LMARR ; %MULT:10364
  11412     DL 0 ; %DL: 6559
  11413     SBEND 1.94 0.07853981588 0 0.03926990817 0.03586152553 0.039269908
                  17 0.03586152553 0.5 0.5 ; %SBEND:10385
  11414     DL 0 ; %DL: 6559
  11415     MULT 0 MB2LMARR NMB2LMARR ; %MULT:10364
  11416     DL 0.289 ; %DL: 6559
  11417     KICK 0.15 0 0 ; %KICK:10499
  11418     KICK 0 0 0 ; %KICK:10499
  11419     MULT 0 MCQ0MARR NMCQ0MARR ; %MULT:10364
  11420     MULT 0 MCS1MARR NMCS1MARR ; %MULT:10364
  11421     MULT 0 MCO0MARR NMCO0MARR ; %MULT:10364
  11422     KICK 0.15 0 0 ; %KICK:10499
  11423     DL 0.076 ; %DL: 6559
  11424     DL 0 ; %DL: 6559
  11425     QUAD 0.235 0 -0.4914664358 ; %QUAD:10321
  11426     DL 0 ; %DL: 6559
  11427     DL 0 ; %DL: 6559
  11428     QUAD 0.235 0 -0.4914664358 ; %QUAD:10321
  11429     DL 0 ; %DL: 6559
  11430     DL 0.665 ; %DL: 6559
  11431     MULT 0 MB2LMARR NMB2LMARR ; %MULT:10364
  11432     DL 0 ; %DL: 6559
  11433     SBEND 1.94 0.07853981588 0 0.03926990817 0.03586152553 0.039269908
                  17 0.03586152553 0.5 0.5 ; %SBEND:10385
  11434     DL 0 ; %DL: 6559
  11435     MULT 0 MB2LMARR NMB2LMARR ; %MULT:10364
  11436     DL 0.3 ; %DL: 6559
  11437     MULT 0 MB2LMARR NMB2LMARR ; %MULT:10364
  11438     DL 0 ; %DL: 6559
  11439     SBEND 1.94 0.07853981588 0 0.03926990817 0.03586152553 0.039269908
                  17 0.03586152553 0.5 0.5 ; %SBEND:10385
  11440     DL 0 ; %DL: 6559
  11441     MULT 0 MB2LMARR NMB2LMARR ; %MULT:10364
  11442     DL 0.289 ; %DL: 6559
  11443     KICK 0.15 0 0 ; %KICK:10499
  11444     KICK 0 0 0 ; %KICK:10499
  11445     MULT 0 MCQ0MARR NMCQ0MARR ; %MULT:10364
  11446     MULT 0 MCS2MARR NMCS2MARR ; %MULT:10364
  11447     MULT 0 MCO0MARR NMCO0MARR ; %MULT:10364
  11448     KICK 0.15 0 0 ; %KICK:10499
  11449     DL 0.076 ; %DL: 6559
  11450     DL 0 ; %DL: 6559
  11451     QUAD 0.235 0 0.5110640912 ; %QUAD:10321
  11452     DL 0 ; %DL: 6559
  11453     DL 0 ; %DL: 6559
  11454     QUAD 0.235 0 0.5110640912 ; %QUAD:10321
  11455     DL 0 ; %DL: 6559
  11456     DL 0.665 ; %DL: 6559
  11457     MULT 0 MB2LMARR NMB2LMARR ; %MULT:10364
  11458     DL 0 ; %DL: 6559
  11459     SBEND 1.94 0.07853981588 0 0.03926990817 0.03586152553 0.039269908
                  17 0.03586152553 0.5 0.5 ; %SBEND:10385
  11460     DL 0 ; %DL: 6559
  11461     MULT 0 MB2LMARR NMB2LMARR ; %MULT:10364
  11462     DL 0.3 ; %DL: 6559
  11463     MULT 0 MB2LMARR NMB2LMARR ; %MULT:10364
  11464     DL 0 ; %DL: 6559
  11465     SBEND 1.94 0.07853981588 0 0.03926990817 0.03586152553 0.039269908
                  17 0.03586152553 0.5 0.5 ; %SBEND:10385
  11466     DL 0 ; %DL: 6559
  11467     MULT 0 MB2LMARR NMB2LMARR ; %MULT:10364
  11468     DL 0.289 ; %DL: 6559
  11469     KICK 0.15 0 0 ; %KICK:10499
  11470     KICK 0 0 0 ; %KICK:10499
  11471     MULT 0 MCQ0MARR NMCQ0MARR ; %MULT:10364
  11472     MULT 0 MCS1MARR NMCS1MARR ; %MULT:10364
  11473     MULT 0 MCO0MARR NMCO0MARR ; %MULT:10364
  11474     KICK 0.15 0 0 ; %KICK:10499
  11475     DL 0.076 ; %DL: 6559
  11476     DL 0 ; %DL: 6559
  11477     QUAD 0.235 0 -0.4914664358 ; %QUAD:10321
  11478     DL 0 ; %DL: 6559
  11479     DL 0 ; %DL: 6559
  11480     QUAD 0.235 0 -0.4914664358 ; %QUAD:10321
  11481     DL 0 ; %DL: 6559
  11482     DL 0.665 ; %DL: 6559
  11483     MULT 0 MB2LMARR NMB2LMARR ; %MULT:10364
  11484     DL 0 ; %DL: 6559
  11485     SBEND 1.94 0.07853981588 0 0.03926990817 0.03586152553 0.039269908
                  17 0.03586152553 0.5 0.5 ; %SBEND:10385
  11486     DL 0 ; %DL: 6559
  11487     MULT 0 MB2LMARR NMB2LMARR ; %MULT:10364
  11488     DL 0.3 ; %DL: 6559
  11489     MULT 0 MB2LMARR NMB2LMARR ; %MULT:10364
  11490     DL 0 ; %DL: 6559
  11491     SBEND 1.94 0.07853981588 0 0.03926990817 0.03586152553 0.039269908
                  17 0.03586152553 0.5 0.5 ; %SBEND:10385
  11492     DL 0 ; %DL: 6559
  11493     MULT 0 MB2LMARR NMB2LMARR ; %MULT:10364
  11494     DL 0.289 ; %DL: 6559
  11495     KICK 0.15 0 0 ; %KICK:10499
  11496     KICK 0 0 0 ; %KICK:10499
  11497     MULT 0 MCQ0MARR NMCQ0MARR ; %MULT:10364
  11498     MULT 0 MCS2MARR NMCS2MARR ; %MULT:10364
  11499     MULT 0 MCO0MARR NMCO0MARR ; %MULT:10364
  11500     KICK 0.15 0 0 ; %KICK:10499
  11501     DL 0.076 ; %DL: 6559
  11502     DL 0 ; %DL: 6559
  11503     QUAD 0.235 0 0.5110640912 ; %QUAD:10321
  11504     DL 0 ; %DL: 6559
  11505     DL 0 ; %DL: 6559
  11506     QUAD 0.235 0 0.5110640912 ; %QUAD:10321
  11507     DL 0 ; %DL: 6559
  11508     DL 0.665 ; %DL: 6559
  11509     MULT 0 MB2LMARR NMB2LMARR ; %MULT:10364
  11510     DL 0 ; %DL: 6559
  11511     SBEND 1.94 0.07853981588 0 0.03926990817 0.03586152553 0.039269908
                  17 0.03586152553 0.5 0.5 ; %SBEND:10385
  11512     DL 0 ; %DL: 6559
  11513     MULT 0 MB2LMARR NMB2LMARR ; %MULT:10364
  11514     DL 0.3 ; %DL: 6559
  11515     MULT 0 MB2LMARR NMB2LMARR ; %MULT:10364
  11516     DL 0 ; %DL: 6559
  11517     SBEND 1.94 0.07853981588 0 0.03926990817 0.03586152553 0.039269908
                  17 0.03586152553 0.5 0.5 ; %SBEND:10385
  11518     DL 0 ; %DL: 6559
  11519     MULT 0 MB2LMARR NMB2LMARR ; %MULT:10364
  11520     DL 0.289 ; %DL: 6559
  11521     KICK 0.15 0 0 ; %KICK:10499
  11522     KICK 0 0 0 ; %KICK:10499
  11523     MULT 0 MCQ0MARR NMCQ0MARR ; %MULT:10364
  11524     MULT 0 MCS1MARR NMCS1MARR ; %MULT:10364
  11525     MULT 0 MCO0MARR NMCO0MARR ; %MULT:10364
  11526     KICK 0.15 0 0 ; %KICK:10499
  11527     DL 0.076 ; %DL: 6559
  11528     DL 0 ; %DL: 6559
  11529     QUAD 0.235 0 -0.4914664358 ; %QUAD:10321
  11530     DL 0 ; %DL: 6559
  11531     DL 0 ; %DL: 6559
  11532     QUAD 0.235 0 -0.4914664358 ; %QUAD:10321
  11533     DL 0 ; %DL: 6559
  11534     DL 0.665 ; %DL: 6559
  11535     MULT 0 MB2LMARR NMB2LMARR ; %MULT:10364
  11536     DL 0 ; %DL: 6559
  11537     SBEND 1.94 0.07853981588 0 0.03926990817 0.03586152553 0.039269908
                  17 0.03586152553 0.5 0.5 ; %SBEND:10385
  11538     DL 0 ; %DL: 6559
  11539     MULT 0 MB2LMARR NMB2LMARR ; %MULT:10364
  11540     DL 0.3 ; %DL: 6559
  11541     MULT 0 MB2LMARR NMB2LMARR ; %MULT:10364
  11542     DL 0 ; %DL: 6559
  11543     SBEND 1.94 0.07853981588 0 0.03926990817 0.03586152553 0.039269908
                  17 0.03586152553 0.5 0.5 ; %SBEND:10385
  11544     DL 0 ; %DL: 6559
  11545     MULT 0 MB2LMARR NMB2LMARR ; %MULT:10364
  11546     DL 0.289 ; %DL: 6559
  11547     KICK 0.15 0 0 ; %KICK:10499
  11548     KICK 0 0 0 ; %KICK:10499
  11549     MULT 0 MCQ0MARR NMCQ0MARR ; %MULT:10364
  11550     MULT 0 MCS2MARR NMCS2MARR ; %MULT:10364
  11551     MULT 0 MCO0MARR NMCO0MARR ; %MULT:10364
  11552     KICK 0.15 0 0 ; %KICK:10499
  11553     DL 0.076 ; %DL: 6559
  11554     DL 0 ; %DL: 6559
  11555     QUAD 0.235 0 0.5110640912 ; %QUAD:10321
  11556     DL 0 ; %DL: 6559
  11557     DL 0 ; %DL: 6559
  11558     QUAD 0.235 0 0.5110640912 ; %QUAD:10321
  11559     DL 0 ; %DL: 6559
  11560     DL 0.665 ; %DL: 6559
  11561     MULT 0 MB2LMARR NMB2LMARR ; %MULT:10364
  11562     DL 0 ; %DL: 6559
  11563     SBEND 1.94 0.07853981588 0 0.03926990817 0.03586152553 0.039269908
                  17 0.03586152553 0.5 0.5 ; %SBEND:10385
  11564     DL 0 ; %DL: 6559
  11565     MULT 0 MB2LMARR NMB2LMARR ; %MULT:10364
  11566     DL 0.3 ; %DL: 6559
  11567     MULT 0 MB2LMARR NMB2LMARR ; %MULT:10364
  11568     DL 0 ; %DL: 6559
  11569     SBEND 1.94 0.07853981588 0 0.03926990817 0.03586152553 0.039269908
                  17 0.03586152553 0.5 0.5 ; %SBEND:10385
  11570     DL 0 ; %DL: 6559
  11571     MULT 0 MB2LMARR NMB2LMARR ; %MULT:10364
  11572     DL 0.289 ; %DL: 6559
  11573     KICK 0.15 0 0 ; %KICK:10499
  11574     KICK 0 0 0 ; %KICK:10499
  11575     MULT 0 MCQ0MARR NMCQ0MARR ; %MULT:10364
  11576     MULT 0 MCS1MARR NMCS1MARR ; %MULT:10364
  11577     MULT 0 MCO0MARR NMCO0MARR ; %MULT:10364
  11578     KICK 0.15 0 0 ; %KICK:10499
  11579     DL 0.076 ; %DL: 6559
  11580     DL 0 ; %DL: 6559
  11581     QUAD 0.235 0 -0.4914664358 ; %QUAD:10321
  11582     DL 0 ; %DL: 6559
  11583     DL 0 ; %DL: 6559
  11584     QUAD 0.235 0 -0.4914664358 ; %QUAD:10321
  11585     DL 0 ; %DL: 6559
  11586     DL 0.665 ; %DL: 6559
  11587     MULT 0 MB2LMARR NMB2LMARR ; %MULT:10364
  11588     DL 0 ; %DL: 6559
  11589     SBEND 1.94 0.07853981588 0 0.03926990817 0.03586152553 0.039269908
                  17 0.03586152553 0.5 0.5 ; %SBEND:10385
  11590     DL 0 ; %DL: 6559
  11591     MULT 0 MB2LMARR NMB2LMARR ; %MULT:10364
  11592     DL 0.3 ; %DL: 6559
  11593     MULT 0 MB2LMARR NMB2LMARR ; %MULT:10364
  11594     DL 0 ; %DL: 6559
  11595     SBEND 1.94 0.07853981588 0 0.03926990817 0.03586152553 0.039269908
                  17 0.03586152553 0.5 0.5 ; %SBEND:10385
  11596     DL 0 ; %DL: 6559
  11597     MULT 0 MB2LMARR NMB2LMARR ; %MULT:10364
  11598     DL 0.289 ; %DL: 6559
  11599     KICK 0.15 0 0 ; %KICK:10499
  11600     KICK 0 0 0 ; %KICK:10499
  11601     MULT 0 MCQ0MARR NMCQ0MARR ; %MULT:10364
  11602     MULT 0 MCS2MARR NMCS2MARR ; %MULT:10364
  11603     MULT 0 MCO0MARR NMCO0MARR ; %MULT:10364
  11604     KICK 0.15 0 0 ; %KICK:10499
  11605     DL 0.076 ; %DL: 6559
  11606     DL 0 ; %DL: 6559
  11607     QUAD 0.235 0 0.5110640912 ; %QUAD:10321
  11608     DL 0 ; %DL: 6559
  11609     DL 0 ; %DL: 6559
  11610     QUAD 0.235 0 0.5110640912 ; %QUAD:10321
  11611     DL 0 ; %DL: 6559
  11612     DL 0.665 ; %DL: 6559
  11613     MULT 0 MB2LMARR NMB2LMARR ; %MULT:10364
  11614     DL 0 ; %DL: 6559
  11615     SBEND 1.94 0.07853981588 0 0.03926990817 0.03586152553 0.039269908
                  17 0.03586152553 0.5 0.5 ; %SBEND:10385
  11616     DL 0 ; %DL: 6559
  11617     MULT 0 MB2LMARR NMB2LMARR ; %MULT:10364
  11618     DL 0.3 ; %DL: 6559
  11619     MULT 0 MB2LMARR NMB2LMARR ; %MULT:10364
  11620     DL 0 ; %DL: 6559
  11621     SBEND 1.94 0.07853981588 0 0.03926990817 0.03586152553 0.039269908
                  17 0.03586152553 0.5 0.5 ; %SBEND:10385
  11622     DL 0 ; %DL: 6559
  11623     MULT 0 MB2LMARR NMB2LMARR ; %MULT:10364
  11624     DL 0.289 ; %DL: 6559
  11625     KICK 0.15 0 0 ; %KICK:10499
  11626     KICK 0 0 0 ; %KICK:10499
  11627     MULT 0 MCQ0MARR NMCQ0MARR ; %MULT:10364
  11628     MULT 0 MCS1MARR NMCS1MARR ; %MULT:10364
  11629     MULT 0 MCO0MARR NMCO0MARR ; %MULT:10364
  11630     KICK 0.15 0 0 ; %KICK:10499
  11631     DL 0.076 ; %DL: 6559
  11632     DL 0 ; %DL: 6559
  11633     QUAD 0.235 0 -0.4914664358 ; %QUAD:10321
  11634     DL 0 ; %DL: 6559
  11635     DL 0 ; %DL: 6559
  11636     QUAD 0.235 0 -0.4914664358 ; %QUAD:10321
  11637     DL 0 ; %DL: 6559
  11638     DL 0.665 ; %DL: 6559
  11639     MULT 0 MB2LMARR NMB2LMARR ; %MULT:10364
  11640     DL 0 ; %DL: 6559
  11641     SBEND 1.94 0.07853981588 0 0.03926990817 0.03586152553 0.039269908
                  17 0.03586152553 0.5 0.5 ; %SBEND:10385
  11642     DL 0 ; %DL: 6559
  11643     MULT 0 MB2LMARR NMB2LMARR ; %MULT:10364
  11644     DL 0.3 ; %DL: 6559
  11645     MULT 0 MB2LMARR NMB2LMARR ; %MULT:10364
  11646     DL 0 ; %DL: 6559
  11647     SBEND 1.94 0.07853981588 0 0.03926990817 0.03586152553 0.039269908
                  17 0.03586152553 0.5 0.5 ; %SBEND:10385
  11648     DL 0 ; %DL: 6559
  11649     MULT 0 MB2LMARR NMB2LMARR ; %MULT:10364
  11650     DL 0.289 ; %DL: 6559
  11651     KICK 0.15 0 0 ; %KICK:10499
  11652     KICK 0 0 0 ; %KICK:10499
  11653     MULT 0 MCQ0MARR NMCQ0MARR ; %MULT:10364
  11654     MULT 0 MCS2MARR NMCS2MARR ; %MULT:10364
  11655     MULT 0 MCO0MARR NMCO0MARR ; %MULT:10364
  11656     KICK 0.15 0 0 ; %KICK:10499
  11657     DL 0.076 ; %DL: 6559
  11658     DL 0 ; %DL: 6559
  11659     QUAD 0.235 0 0.5110640912 ; %QUAD:10321
  11660     DL 0 ; %DL: 6559
  11661     DL 0 ; %DL: 6559
  11662     QUAD 0.235 0 0.5110640912 ; %QUAD:10321
  11663     DL 0 ; %DL: 6559
  11664     DL 0.665 ; %DL: 6559
  11665     MULT 0 MB2LMARR NMB2LMARR ; %MULT:10364
  11666     DL 0 ; %DL: 6559
  11667     SBEND 1.94 0.07853981588 0 0.03926990817 0.03586152553 0.039269908
                  17 0.03586152553 0.5 0.5 ; %SBEND:10385
  11668     DL 0 ; %DL: 6559
  11669     MULT 0 MB2LMARR NMB2LMARR ; %MULT:10364
  11670     DL 0.3 ; %DL: 6559
  11671     MULT 0 MB2LMARR NMB2LMARR ; %MULT:10364
  11672     DL 0 ; %DL: 6559
  11673     SBEND 1.94 0.07853981588 0 0.03926990817 0.03586152553 0.039269908
                  17 0.03586152553 0.5 0.5 ; %SBEND:10385
  11674     DL 0 ; %DL: 6559
  11675     MULT 0 MB2LMARR NMB2LMARR ; %MULT:10364
  11676     DL 0.289 ; %DL: 6559
  11677     KICK 0.15 0 0 ; %KICK:10499
  11678     KICK 0 0 0 ; %KICK:10499
  11679     MULT 0 MCQ0MARR NMCQ0MARR ; %MULT:10364
  11680     MULT 0 MCS1MARR NMCS1MARR ; %MULT:10364
  11681     MULT 0 MCO0MARR NMCO0MARR ; %MULT:10364
  11682     KICK 0.15 0 0 ; %KICK:10499
  11683     DL 0.076 ; %DL: 6559
  11684     DL 0 ; %DL: 6559
  11685     QUAD 0.235 0 -0.4914664358 ; %QUAD:10321
  11686     DL 0 ; %DL: 6559
  11687     DL 0 ; %DL: 6559
  11688     QUAD 0.235 0 -0.4914664358 ; %QUAD:10321
  11689     DL 0 ; %DL: 6559
  11690     DL 0.665 ; %DL: 6559
  11691     MULT 0 MB2LMARR NMB2LMARR ; %MULT:10364
  11692     DL 0 ; %DL: 6559
  11693     SBEND 1.94 0.07853981588 0 0.03926990817 0.03586152553 0.039269908
                  17 0.03586152553 0.5 0.5 ; %SBEND:10385
  11694     DL 0 ; %DL: 6559
  11695     MULT 0 MB2LMARR NMB2LMARR ; %MULT:10364
  11696     DL 0.3 ; %DL: 6559
  11697     MULT 0 MB2LMARR NMB2LMARR ; %MULT:10364
  11698     DL 0 ; %DL: 6559
  11699     SBEND 1.94 0.07853981588 0 0.03926990817 0.03586152553 0.039269908
                  17 0.03586152553 0.5 0.5 ; %SBEND:10385
  11700     DL 0 ; %DL: 6559
  11701     MULT 0 MB2LMARR NMB2LMARR ; %MULT:10364
  11702     DL 0.289 ; %DL: 6559
  11703     KICK 0.15 0 0 ; %KICK:10499
  11704     KICK 0 0 0 ; %KICK:10499
  11705     MULT 0 MCQ0MARR NMCQ0MARR ; %MULT:10364
  11706     MULT 0 MCS2MARR NMCS2MARR ; %MULT:10364
  11707     MULT 0 MCO0MARR NMCO0MARR ; %MULT:10364
  11708     KICK 0.15 0 0 ; %KICK:10499
  11709     DL 0.076 ; %DL: 6559
  11710     DL 0 ; %DL: 6559
  11711     QUAD 0.235 0 0.5110640912 ; %QUAD:10321
  11712     DL 0 ; %DL: 6559
  11713     DL 0 ; %DL: 6559
  11714     QUAD 0.235 0 0.5110640912 ; %QUAD:10321
  11715     DL 0 ; %DL: 6559
  11716     DL 0.665 ; %DL: 6559
  11717     MULT 0 MB2LMARR NMB2LMARR ; %MULT:10364
  11718     DL 0 ; %DL: 6559
  11719     SBEND 1.94 0.07853981588 0 0.03926990817 0.03586152553 0.039269908
                  17 0.03586152553 0.5 0.5 ; %SBEND:10385
  11720     DL 0 ; %DL: 6559
  11721     MULT 0 MB2LMARR NMB2LMARR ; %MULT:10364
  11722     DL 0.3 ; %DL: 6559
  11723     MULT 0 MB2LMARR NMB2LMARR ; %MULT:10364
  11724     DL 0 ; %DL: 6559
  11725     SBEND 1.94 0.07853981588 0 0.03926990817 0.03586152553 0.039269908
                  17 0.03586152553 0.5 0.5 ; %SBEND:10385
  11726     DL 0 ; %DL: 6559
  11727     MULT 0 MB2LMARR NMB2LMARR ; %MULT:10364
  11728     DL 0.289 ; %DL: 6559
  11729     KICK 0.15 0 0 ; %KICK:10499
  11730     KICK 0 0 0 ; %KICK:10499
  11731     MULT 0 MCQ0MARR NMCQ0MARR ; %MULT:10364
  11732     MULT 0 MCS1MARR NMCS1MARR ; %MULT:10364
  11733     MULT 0 MCO0MARR NMCO0MARR ; %MULT:10364
  11734     KICK 0.15 0 0 ; %KICK:10499
  11735     DL 0.076 ; %DL: 6559
  11736     DL 0 ; %DL: 6559
  11737     QUAD 0.235 0 -0.4914664358 ; %QUAD:10321
  11738     DL 0 ; %DL: 6559
  11739     DL 0 ; %DL: 6559
  11740     QUAD 0.235 0 -0.4914664358 ; %QUAD:10321
  11741     DL 0 ; %DL: 6559
  11742     DL 0.665 ; %DL: 6559
  11743     MULT 0 MB2LMARR NMB2LMARR ; %MULT:10364
  11744     DL 0 ; %DL: 6559
  11745     SBEND 1.94 0.07853981588 0 0.03926990817 0.03586152553 0.039269908
                  17 0.03586152553 0.5 0.5 ; %SBEND:10385
  11746     DL 0 ; %DL: 6559
  11747     MULT 0 MB2LMARR NMB2LMARR ; %MULT:10364
  11748     DL 0.3 ; %DL: 6559
  11749     MULT 0 MB2LMARR NMB2LMARR ; %MULT:10364
  11750     DL 0 ; %DL: 6559
  11751     SBEND 1.94 0.07853981588 0 0.03926990817 0.03586152553 0.039269908
                  17 0.03586152553 0.5 0.5 ; %SBEND:10385
  11752     DL 0 ; %DL: 6559
  11753     MULT 0 MB2LMARR NMB2LMARR ; %MULT:10364
  11754     DL 0.289 ; %DL: 6559
  11755     KICK 0.15 0 0 ; %KICK:10499
  11756     KICK 0 0 0 ; %KICK:10499
  11757     MULT 0 MCQ0MARR NMCQ0MARR ; %MULT:10364
  11758     MULT 0 MCS2MARR NMCS2MARR ; %MULT:10364
  11759     MULT 0 MCO0MARR NMCO0MARR ; %MULT:10364
  11760     KICK 0.15 0 0 ; %KICK:10499
  11761     DL 0.076 ; %DL: 6559
  11762     DL 0 ; %DL: 6559
  11763     QUAD 0.235 0 0.5110640912 ; %QUAD:10321
  11764     DL 0 ; %DL: 6559
  11765     DL 0 ; %DL: 6559
  11766     QUAD 0.235 0 0.5110640912 ; %QUAD:10321
  11767     DL 0 ; %DL: 6559
  11768     DL 0.665 ; %DL: 6559
  11769     MULT 0 MB2LMARR NMB2LMARR ; %MULT:10364
  11770     DL 0 ; %DL: 6559
  11771     SBEND 1.94 0.07853981588 0 0.03926990817 0.03586152553 0.039269908
                  17 0.03586152553 0.5 0.5 ; %SBEND:10385
  11772     DL 0 ; %DL: 6559
  11773     MULT 0 MB2LMARR NMB2LMARR ; %MULT:10364
  11774     DL 0.3 ; %DL: 6559
  11775     MULT 0 MB2LMARR NMB2LMARR ; %MULT:10364
  11776     DL 0 ; %DL: 6559
  11777     SBEND 1.94 0.07853981588 0 0.03926990817 0.03586152553 0.039269908
                  17 0.03586152553 0.5 0.5 ; %SBEND:10385
  11778     DL 0 ; %DL: 6559
  11779     MULT 0 MB2LMARR NMB2LMARR ; %MULT:10364
  11780     DL 0.289 ; %DL: 6559
  11781     KICK 0.15 0 0 ; %KICK:10499
  11782     KICK 0 0 0 ; %KICK:10499
  11783     MULT 0 MCQ0MARR NMCQ0MARR ; %MULT:10364
  11784     MULT 0 MCS0MARR NMCS0MARR ; %MULT:10364
  11785     MULT 0 MCO0MARR NMCO0MARR ; %MULT:10364
  11786     KICK 0.15 0 0 ; %KICK:10499
  11787     DL 0.076 ; %DL: 6559
  11788     DL 0 ; %DL: 6559
  11789     QUAD 0.235 0 -0.4914664358 ; %QUAD:10321
  11790     DL 0 ; %DL: 6559
  11791     DL 0 ; %DL: 6559
  11792     QUAD 0.235 0 -0.4914664358 ; %QUAD:10321
  11793     DL 0 ; %DL: 6559
  11794     DL 0.665 ; %DL: 6559
  11795     MULT 0 MB2LMARR NMB2LMARR ; %MULT:10364
  11796     DL 0 ; %DL: 6559
  11797     SBEND 1.94 0.07853981588 0 0.03926990817 0.03586152553 0.039269908
                  17 0.03586152553 0.5 0.5 ; %SBEND:10385
  11798     DL 0 ; %DL: 6559
  11799     MULT 0 MB2LMARR NMB2LMARR ; %MULT:10364
  11800     DL 0.3 ; %DL: 6559
  11801     MULT 0 MB2LMARR NMB2LMARR ; %MULT:10364
  11802     DL 0 ; %DL: 6559
  11803     SBEND 1.94 0.07853981588 0 0.03926990817 0.03586152553 0.039269908
                  17 0.03586152553 0.5 0.5 ; %SBEND:10385
  11804     DL 0 ; %DL: 6559
  11805     MULT 0 MB2LMARR NMB2LMARR ; %MULT:10364
  11806     DL 0.299 ; %DL: 6559
  11807     KICK 0.15 0 0 ; %KICK:10499
  11808     KICK 0 0 0 ; %KICK:10499
  11809     MULT 0 MCQ0MARR NMCQ0MARR ; %MULT:10364
  11810     MULT 0 MCS0MARR NMCS0MARR ; %MULT:10364
  11811     MULT 0 MCO0MARR NMCO0MARR ; %MULT:10364
  11812     KICK 0.15 0 0 ; %KICK:10499
  11813     DL 0.076 ; %DL: 6559
  11814     DL 0 ; %DL: 6559
  11815     QUAD 0.45 0 0.5131702161 ; %QUAD:10321
  11816     DL 0 ; %DL: 6559
  11817     DL 5.144 ; %DL: 6559
  11818     KICK 0.15 0 0 ; %KICK:10499
  11819     KICK 0 0 0 ; %KICK:10499
  11820     MULT 0 MCQ0MARR NMCQ0MARR ; %MULT:10364
  11821     MULT 0 MCS0MARR NMCS0MARR ; %MULT:10364
  11822     MULT 0 MCO0MARR NMCO0MARR ; %MULT:10364
  11823     KICK 0.15 0 0 ; %KICK:10499
  11824     DL 0.076 ; %DL: 6559
  11825     DL 0 ; %DL: 6559
  11826     QUAD 0.235 0 -0.4914664358 ; %QUAD:10321
  11827     DL 0 ; %DL: 6559
  11828     DL 0 ; %DL: 6559
  11829     QUAD 0.235 0 -0.4914664358 ; %QUAD:10321
  11830     DL 0 ; %DL: 6559
  11831     DL 5.1815 ; %DL: 6559
  11832     KICK 0.15 0 0 ; %KICK:10499
  11833     KICK 0 0 0 ; %KICK:10499
  11834     MULT 0 MCQ0MARR NMCQ0MARR ; %MULT:10364
  11835     MULT 0 MCS0MARR NMCS0MARR ; %MULT:10364
  11836     MULT 0 MCO0MARR NMCO0MARR ; %MULT:10364
  11837     KICK 0.15 0 0 ; %KICK:10499
  11838     DL 0.076 ; %DL: 6559
  11839     DL 0 ; %DL: 6559
  11840     QUAD 0.375 0 0.5001124874 ; %QUAD:10321
  11841     DL 0 ; %DL: 6559
  11842     DL 0.7125 ; %DL: 6559
  11843     MULT 0 MB2LMARR NMB2LMARR ; %MULT:10364
  11844     DL 0 ; %DL: 6559
  11845     SBEND 1.94 0.07853981588 0 0.03926990817 0.03586152553 0.039269908
                  17 0.03586152553 0.5 0.5 ; %SBEND:10385
  11846     DL 0 ; %DL: 6559
  11847     MULT 0 MB2LMARR NMB2LMARR ; %MULT:10364
  11848     DL 0.3 ; %DL: 6559
  11849     MULT 0 MB2LMARR NMB2LMARR ; %MULT:10364
  11850     DL 0 ; %DL: 6559
  11851     SBEND 1.94 0.07853981588 0 0.03926990817 0.03586152553 0.039269908
                  17 0.03586152553 0.5 0.5 ; %SBEND:10385
  11852     DL 0 ; %DL: 6559
  11853     MULT 0 MB2LMARR NMB2LMARR ; %MULT:10364
  11854     DL 0.215 ; %DL: 6559
  11855     DL 0.085 ; %DL: 6559
  11856     DL 0 ; %DL: 6559
  11857     QUAD 0.785 0 -0.226233033 ; %QUAD:10321
  11858     DL 0 ; %DL: 6559
  11859     DL 0.11787 ; %DL: 6559
  11860     KICK 0.15 0 0 ; %KICK:10499
  11861     KICK 0 0 0 ; %KICK:10499
  11862     MULT 0 MCQ0MARR NMCQ0MARR ; %MULT:10364
  11863     MULT 0 MCS0MARR NMCS0MARR ; %MULT:10364
  11864     MULT 0 MCO3MARR NMCO3MARR ; %MULT:10364
  11865     KICK 0.15 0 0 ; %KICK:10499
  11866     DL 0.1 ; %DL: 6559
  11867     DL 0 ; %DL: 6559
  11868     QUAD 0.69 0 0.3171374291 ; %QUAD:10321
  11869     DL 0 ; %DL: 6559
  11870     DL 1.3422 ; %DL: 6559
  11871     QUAD 0.235 0 -0.5528006412 ; %QUAD:10321
  11872     QUAD 0.235 0 -0.5528006412 ; %QUAD:10321
  11873     DL 5.90875 ; %DL: 6559
  11874     QUAD 0.235 0 0.4937228226 ; %QUAD:10321
  11875     QUAD 0.235 0 0.4937228226 ; %QUAD:10321
  11876     DL 5.90875 ; %DL: 6559
  11877     QUAD 0.235 0 -0.5528006412 ; %QUAD:10321
  11878     QUAD 0.235 0 -0.5528006412 ; %QUAD:10321
  11879     DL 5.90875 ; %DL: 6559
  11880     QUAD 0.235 0 0.4937228226 ; %QUAD:10321
  11881     QUAD 0.235 0 0.4937228226 ; %QUAD:10321
  11882     DL 5.90875 ; %DL: 6559
  11883     QUAD 0.235 0 -0.5528006412 ; %QUAD:10321
  11884     QUAD 0.235 0 -0.5528006412 ; %QUAD:10321
  11885     DL 0.4166853 ; %DL: 6559
  11886     WIEN 5.0753794 BBE EBE 0; %WIEN:10506
  11887     DL 0.4166853 ; %DL: 6559
  11888     QUAD 0.235 0 0.4937228226 ; %QUAD:10321
  11889     QUAD 0.235 0 0.4937228226 ; %QUAD:10321
  11890     DL 0.4166853 ; %DL: 6559
  11891     WIEN 5.0753794 BBE EBE 0; %WIEN:10506
  11892     DL 0.4166853 ; %DL: 6559
  11893     QUAD 0.235 0 -0.5528006412 ; %QUAD:10321
  11894     QUAD 0.235 0 -0.5528006412 ; %QUAD:10321
  11895     DL 0.4166853 ; %DL: 6559
  11896     WIEN 5.0753794 BBE EBE 0; %WIEN:10506
  11897     DL 0.4166853 ; %DL: 6559
  11898     QUAD 0.235 0 0.4937228226 ; %QUAD:10321
  11899     QUAD 0.235 0 0.4937228226 ; %QUAD:10321
  11900     DL 0.4166853 ; %DL: 6559
  11901     WIEN 5.0753794 BBE EBE 0; %WIEN:10506
  11902     DL 0.4166853 ; %DL: 6559
  11903     QUAD 0.235 0 -0.5528006412 ; %QUAD:10321
  11904     QUAD 0.235 0 -0.5528006412 ; %QUAD:10321
  11905     DL 0.4166853 ; %DL: 6559
  11906     WIEN 5.0753794 BBE EBE 0; %WIEN:10506
  11907     DL 0.4166853 ; %DL: 6559
  11908     QUAD 0.235 0 0.4937228226 ; %QUAD:10321
  11909     QUAD 0.235 0 0.4937228226 ; %QUAD:10321
  11910     DL 0.4166853 ; %DL: 6559
  11911     WIEN 5.0753794 BBE EBE 0; %WIEN:10506
  11912     DL 0.4166853 ; %DL: 6559
  11913     QUAD 0.235 0 -0.5528006412 ; %QUAD:10321
  11914     QUAD 0.235 0 -0.5528006412 ; %QUAD:10321
  11915     DL 5.90875 ; %DL: 6559
  11916     QUAD 0.235 0 0.4937228226 ; %QUAD:10321
  11917     QUAD 0.235 0 0.4937228226 ; %QUAD:10321
  11918     DL 5.90875 ; %DL: 6559
  11919     QUAD 0.235 0 -0.5528006412 ; %QUAD:10321
  11920     QUAD 0.235 0 -0.5528006412 ; %QUAD:10321
  11921     DL 5.90875 ; %DL: 6559
  11922     QUAD 0.235 0 0.4937228226 ; %QUAD:10321
  11923     QUAD 0.235 0 0.4937228226 ; %QUAD:10321
  11924     DL 5.90875 ; %DL: 6559
  11925     QUAD 0.235 0 -0.5528006412 ; %QUAD:10321
  11926     QUAD 0.235 0 -0.5528006412 ; %QUAD:10321
  11927     DL 5.90875 ; %DL: 6559
  11928     QUAD 0.235 0 0.4937228226 ; %QUAD:10321
  11929     QUAD 0.235 0 0.4937228226 ; %QUAD:10321
  11930     DL 5.90875 ; %DL: 6559
  11931     QUAD 0.235 0 -0.5528006412 ; %QUAD:10321
  11932     QUAD 0.235 0 -0.5528006412 ; %QUAD:10321
  11933     DL 1.3422 ; %DL: 6559
  11934     ENDPROCEDURE;
 --- BIN FILE WRITTEN: FULL
  11935   SAVE 'FULL';
