 --- BIN FILE READ: header
  10579 INCLUDE 'header';
  10580   PROCEDURE LATTICE RFFLAG     ;
  10581     VARIABLE VRF 1 1 1;
  10582     VARIABLE FREQ 1;
  10583     VARIABLE HNUM 1;
  10584     VARIABLE MB2LMARR 1 3;
  10585     VARIABLE NMB2LMARR 1;
  10586     VARIABLE MCQ0MARR 1 2;
  10587     VARIABLE NMCQ0MARR 1;
  10588     VARIABLE MCS0MARR 1 3;
  10589     VARIABLE NMCS0MARR 1;
  10590     VARIABLE MCS1MARR 1 3;
  10591     VARIABLE NMCS1MARR 1;
  10592     VARIABLE MCS2MARR 1 3;
  10593     VARIABLE NMCS2MARR 1;
  10594     VARIABLE MCO0MARR 1 4;
  10595     VARIABLE NMCO0MARR 1;
  10596     VARIABLE MCO3MARR 1 4;
  10597     VARIABLE NMCO3MARR 1;
  10598     VARIABLE EBE 1;
  10599     VARIABLE BBE 1;
  10600     VARIABLE LEN_S 1;
  10601     VARIABLE SF 1;
  10602     VARIABLE SD 1;
  10603     VARIABLE A 1;
  10604     EBE := 101.8726388306976;
  10605     BBE := 0.7909823739837908;
  10606     A := 0.05;
  10607     LEN_S := 0.30;
  10608     SF := 0.0;
  10609     SD := 0.0;
  10610     HNUM := 66;
  10611     VRF(1, 1) := 100/HNUM;
  10612     FREQ := HNUM*REVFREQ(FACCLEN(1)); %REVFREQ: 9907 %FACCLEN:10534
  10613     MB2LMARR(1) := 0;
  10614     MB2LMARR(2) := 0;
  10615     MB2LMARR(3) := 0;
  10616     NMB2LMARR := 0;
  10617     MCQ0MARR(1) := 0;
  10618     MCQ0MARR(2) := 0;
  10619     NMCQ0MARR := 0;
  10620     MCS0MARR(1) := 0;
  10621     MCS0MARR(2) := 0;
  10622     MCS0MARR(3) := 0;
  10623     NMCS0MARR := 0;
  10624     MCS1MARR(1) := 0;
  10625     MCS1MARR(2) := 0;
  10626     MCS1MARR(3) := 0;
  10627     NMCS1MARR := 0;
  10628     MCS2MARR(1) := 0;
  10629     MCS2MARR(2) := 0;
  10630     MCS2MARR(3) := 0;
  10631     NMCS2MARR := 0;
  10632     MCO0MARR(1) := 0;
  10633     MCO0MARR(2) := 0;
  10634     MCO0MARR(3) := 0;
  10635     MCO0MARR(4) := 0;
  10636     NMCO0MARR := 4;
  10637     MCO3MARR(1) := 0;
  10638     MCO3MARR(2) := 0;
  10639     MCO3MARR(3) := 0;
  10640     MCO3MARR(4) := 0;
  10641     NMCO3MARR := 0;
  10642     WRITE 6 '********************************************';
  10643     WRITE 6 '*      FS NICA BYPASS 2 SEP 2022 (CW)      *';
  10644     WRITE 6 '********************************************';
  10645     WRITE 6 'REVOLUTION FREQUENCY: '&ST(REVFREQ(FACCLEN(1))/1E6)&' MHZ
                  '; %REVFREQ: 9907 %FACCLEN:10534
  10646     WRITE 6 'RF FREQUENCY: '&ST(FREQ/1E6)&' MHZ';
  10647     UM; %UM: 1488
  10648     CR; %CR:  947
  10649     IF RFFLAG=1;
  10650       RF VRF 0 FREQ 0 0.05; %RF: 8697
  10651       ENDIF;
  10652     DL 0 ; %DL: 6559
  10653     QUAD 0.69 0 0.3171374291 ; %QUAD:10321
  10654     DL 0 ; %DL: 6559
  10655     DL 0.1 ; %DL: 6559
  10656     KICK 0.15 0 0 ; %KICK:10499
  10657     KICK 0 0 0 ; %KICK:10499
  10658     MULT 0 MCQ0MARR NMCQ0MARR ; %MULT:10364
  10659     MULT 0 MCS0MARR NMCS0MARR ; %MULT:10364
  10660     MULT 0 MCO3MARR NMCO3MARR ; %MULT:10364
  10661     KICK 0.15 0 0 ; %KICK:10499
  10662     DL 0.11787 ; %DL: 6559
  10663     DL 0 ; %DL: 6559
  10664     QUAD 0.785 0 -0.226233033 ; %QUAD:10321
  10665     DL 0 ; %DL: 6559
  10666     DL 0.085 ; %DL: 6559
  10667     DL 0.215 ; %DL: 6559
  10668     MULT 0 MB2LMARR NMB2LMARR ; %MULT:10364
  10669     DL 0 ; %DL: 6559
  10670     SBEND 1.94 0.07853981588 0 0.03926990817 0.03586152553 0.039269908
                  17 0.03586152553 0.5 0.5 ; %SBEND:10385
  10671     DL 0 ; %DL: 6559
  10672     MULT 0 MB2LMARR NMB2LMARR ; %MULT:10364
  10673     DL 0.3 ; %DL: 6559
  10674     MULT 0 MB2LMARR NMB2LMARR ; %MULT:10364
  10675     DL 0 ; %DL: 6559
  10676     SBEND 1.94 0.07853981588 0 0.03926990817 0.03586152553 0.039269908
                  17 0.03586152553 0.5 0.5 ; %SBEND:10385
  10677     DL 0 ; %DL: 6559
  10678     MULT 0 MB2LMARR NMB2LMARR ; %MULT:10364
  10679     DL 0.3365 ; %DL: 6559
  10680     KICK 0.15 0 0 ; %KICK:10499
  10681     KICK 0 0 0 ; %KICK:10499
  10682     MULT 0 MCQ0MARR NMCQ0MARR ; %MULT:10364
  10683     MULT 0 MCS0MARR NMCS0MARR ; %MULT:10364
  10684     MULT 0 MCO0MARR NMCO0MARR ; %MULT:10364
  10685     KICK 0.15 0 0 ; %KICK:10499
  10686     DL 0.076 ; %DL: 6559
  10687     DL 0 ; %DL: 6559
  10688     QUAD 0.375 0 0.5001124874 ; %QUAD:10321
  10689     DL 0 ; %DL: 6559
  10690     DL 5.1815 ; %DL: 6559
  10691     KICK 0.15 0 0 ; %KICK:10499
  10692     KICK 0 0 0 ; %KICK:10499
  10693     MULT 0 MCQ0MARR NMCQ0MARR ; %MULT:10364
  10694     MULT 0 MCS0MARR NMCS0MARR ; %MULT:10364
  10695     MULT 0 MCO0MARR NMCO0MARR ; %MULT:10364
  10696     KICK 0.15 0 0 ; %KICK:10499
  10697     DL 0.076 ; %DL: 6559
  10698     DL 0 ; %DL: 6559
  10699     QUAD 0.235 0 -0.4914664358 ; %QUAD:10321
  10700     DL 0 ; %DL: 6559
  10701     DL 0 ; %DL: 6559
  10702     QUAD 0.235 0 -0.4914664358 ; %QUAD:10321
  10703     DL 0 ; %DL: 6559
  10704     DL 5.144 ; %DL: 6559
  10705     KICK 0.15 0 0 ; %KICK:10499
  10706     KICK 0 0 0 ; %KICK:10499
  10707     MULT 0 MCQ0MARR NMCQ0MARR ; %MULT:10364
  10708     MULT 0 MCS0MARR NMCS0MARR ; %MULT:10364
  10709     MULT 0 MCO0MARR NMCO0MARR ; %MULT:10364
  10710     KICK 0.15 0 0 ; %KICK:10499
  10711     DL 0.076 ; %DL: 6559
  10712     DL 0 ; %DL: 6559
  10713     QUAD 0.45 0 0.5131702161 ; %QUAD:10321
  10714     DL 0 ; %DL: 6559
  10715     DL 0.675 ; %DL: 6559
  10716     MULT 0 MB2LMARR NMB2LMARR ; %MULT:10364
  10717     DL 0 ; %DL: 6559
  10718     SBEND 1.94 0.07853981588 0 0.03926990817 0.03586152553 0.039269908
                  17 0.03586152553 0.5 0.5 ; %SBEND:10385
  10719     DL 0 ; %DL: 6559
  10720     MULT 0 MB2LMARR NMB2LMARR ; %MULT:10364
  10721     DL 0.3 ; %DL: 6559
  10722     MULT 0 MB2LMARR NMB2LMARR ; %MULT:10364
  10723     DL 0 ; %DL: 6559
  10724     SBEND 1.94 0.07853981588 0 0.03926990817 0.03586152553 0.039269908
                  17 0.03586152553 0.5 0.5 ; %SBEND:10385
  10725     DL 0 ; %DL: 6559
  10726     MULT 0 MB2LMARR NMB2LMARR ; %MULT:10364
  10727     DL 0.289 ; %DL: 6559
  10728     MH LEN_S SD 0.05; %MH: 7153
  10729     DL 0.076 ; %DL: 6559
  10730     DL 0 ; %DL: 6559
  10731     QUAD 0.235 0 -0.4914664358 ; %QUAD:10321
  10732     DL 0 ; %DL: 6559
  10733     DL 0 ; %DL: 6559
  10734     QUAD 0.235 0 -0.4914664358 ; %QUAD:10321
  10735     DL 0 ; %DL: 6559
  10736     DL 0.665 ; %DL: 6559
  10737     MULT 0 MB2LMARR NMB2LMARR ; %MULT:10364
  10738     DL 0 ; %DL: 6559
  10739     SBEND 1.94 0.07853981588 0 0.03926990817 0.03586152553 0.039269908
                  17 0.03586152553 0.5 0.5 ; %SBEND:10385
  10740     DL 0 ; %DL: 6559
  10741     MULT 0 MB2LMARR NMB2LMARR ; %MULT:10364
  10742     DL 0.3 ; %DL: 6559
  10743     MULT 0 MB2LMARR NMB2LMARR ; %MULT:10364
  10744     DL 0 ; %DL: 6559
  10745     SBEND 1.94 0.07853981588 0 0.03926990817 0.03586152553 0.039269908
                  17 0.03586152553 0.5 0.5 ; %SBEND:10385
  10746     DL 0 ; %DL: 6559
  10747     MULT 0 MB2LMARR NMB2LMARR ; %MULT:10364
  10748     DL 0.289 ; %DL: 6559
  10749     MH LEN_S SF 0.05; %MH: 7153
  10750     DL 0.076 ; %DL: 6559
  10751     DL 0 ; %DL: 6559
  10752     QUAD 0.235 0 0.5110640912 ; %QUAD:10321
  10753     DL 0 ; %DL: 6559
  10754     DL 0 ; %DL: 6559
  10755     QUAD 0.235 0 0.5110640912 ; %QUAD:10321
  10756     DL 0 ; %DL: 6559
  10757     DL 0.665 ; %DL: 6559
  10758     MULT 0 MB2LMARR NMB2LMARR ; %MULT:10364
  10759     DL 0 ; %DL: 6559
  10760     SBEND 1.94 0.07853981588 0 0.03926990817 0.03586152553 0.039269908
                  17 0.03586152553 0.5 0.5 ; %SBEND:10385
  10761     DL 0 ; %DL: 6559
  10762     MULT 0 MB2LMARR NMB2LMARR ; %MULT:10364
  10763     DL 0.3 ; %DL: 6559
  10764     MULT 0 MB2LMARR NMB2LMARR ; %MULT:10364
  10765     DL 0 ; %DL: 6559
  10766     SBEND 1.94 0.07853981588 0 0.03926990817 0.03586152553 0.039269908
                  17 0.03586152553 0.5 0.5 ; %SBEND:10385
  10767     DL 0 ; %DL: 6559
  10768     MULT 0 MB2LMARR NMB2LMARR ; %MULT:10364
  10769     DL 0.289 ; %DL: 6559
  10770     MH LEN_S SD 0.05; %MH: 7153
  10771     DL 0.076 ; %DL: 6559
  10772     DL 0 ; %DL: 6559
  10773     QUAD 0.235 0 -0.4914664358 ; %QUAD:10321
  10774     DL 0 ; %DL: 6559
  10775     DL 0 ; %DL: 6559
  10776     QUAD 0.235 0 -0.4914664358 ; %QUAD:10321
  10777     DL 0 ; %DL: 6559
  10778     DL 0.665 ; %DL: 6559
  10779     MULT 0 MB2LMARR NMB2LMARR ; %MULT:10364
  10780     DL 0 ; %DL: 6559
  10781     SBEND 1.94 0.07853981588 0 0.03926990817 0.03586152553 0.039269908
                  17 0.03586152553 0.5 0.5 ; %SBEND:10385
  10782     DL 0 ; %DL: 6559
  10783     MULT 0 MB2LMARR NMB2LMARR ; %MULT:10364
  10784     DL 0.3 ; %DL: 6559
  10785     MULT 0 MB2LMARR NMB2LMARR ; %MULT:10364
  10786     DL 0 ; %DL: 6559
  10787     SBEND 1.94 0.07853981588 0 0.03926990817 0.03586152553 0.039269908
                  17 0.03586152553 0.5 0.5 ; %SBEND:10385
  10788     DL 0 ; %DL: 6559
  10789     MULT 0 MB2LMARR NMB2LMARR ; %MULT:10364
  10790     DL 0.289 ; %DL: 6559
  10791     MH LEN_S SF 0.05; %MH: 7153
  10792     DL 0.076 ; %DL: 6559
  10793     DL 0 ; %DL: 6559
  10794     QUAD 0.235 0 0.5110640912 ; %QUAD:10321
  10795     DL 0 ; %DL: 6559
  10796     DL 0 ; %DL: 6559
  10797     QUAD 0.235 0 0.5110640912 ; %QUAD:10321
  10798     DL 0 ; %DL: 6559
  10799     DL 0.665 ; %DL: 6559
  10800     MULT 0 MB2LMARR NMB2LMARR ; %MULT:10364
  10801     DL 0 ; %DL: 6559
  10802     SBEND 1.94 0.07853981588 0 0.03926990817 0.03586152553 0.039269908
                  17 0.03586152553 0.5 0.5 ; %SBEND:10385
  10803     DL 0 ; %DL: 6559
  10804     MULT 0 MB2LMARR NMB2LMARR ; %MULT:10364
  10805     DL 0.3 ; %DL: 6559
  10806     MULT 0 MB2LMARR NMB2LMARR ; %MULT:10364
  10807     DL 0 ; %DL: 6559
  10808     SBEND 1.94 0.07853981588 0 0.03926990817 0.03586152553 0.039269908
                  17 0.03586152553 0.5 0.5 ; %SBEND:10385
  10809     DL 0 ; %DL: 6559
  10810     MULT 0 MB2LMARR NMB2LMARR ; %MULT:10364
  10811     DL 0.289 ; %DL: 6559
  10812     MH LEN_S SD 0.05; %MH: 7153
  10813     DL 0.076 ; %DL: 6559
  10814     DL 0 ; %DL: 6559
  10815     QUAD 0.235 0 -0.4914664358 ; %QUAD:10321
  10816     DL 0 ; %DL: 6559
  10817     DL 0 ; %DL: 6559
  10818     QUAD 0.235 0 -0.4914664358 ; %QUAD:10321
  10819     DL 0 ; %DL: 6559
  10820     DL 0.665 ; %DL: 6559
  10821     MULT 0 MB2LMARR NMB2LMARR ; %MULT:10364
  10822     DL 0 ; %DL: 6559
  10823     SBEND 1.94 0.07853981588 0 0.03926990817 0.03586152553 0.039269908
                  17 0.03586152553 0.5 0.5 ; %SBEND:10385
  10824     DL 0 ; %DL: 6559
  10825     MULT 0 MB2LMARR NMB2LMARR ; %MULT:10364
  10826     DL 0.3 ; %DL: 6559
  10827     MULT 0 MB2LMARR NMB2LMARR ; %MULT:10364
  10828     DL 0 ; %DL: 6559
  10829     SBEND 1.94 0.07853981588 0 0.03926990817 0.03586152553 0.039269908
                  17 0.03586152553 0.5 0.5 ; %SBEND:10385
  10830     DL 0 ; %DL: 6559
  10831     MULT 0 MB2LMARR NMB2LMARR ; %MULT:10364
  10832     DL 0.289 ; %DL: 6559
  10833     MH LEN_S SF 0.05; %MH: 7153
  10834     DL 0.076 ; %DL: 6559
  10835     DL 0 ; %DL: 6559
  10836     QUAD 0.235 0 0.5110640912 ; %QUAD:10321
  10837     DL 0 ; %DL: 6559
  10838     DL 0 ; %DL: 6559
  10839     QUAD 0.235 0 0.5110640912 ; %QUAD:10321
  10840     DL 0 ; %DL: 6559
  10841     DL 0.665 ; %DL: 6559
  10842     MULT 0 MB2LMARR NMB2LMARR ; %MULT:10364
  10843     DL 0 ; %DL: 6559
  10844     SBEND 1.94 0.07853981588 0 0.03926990817 0.03586152553 0.039269908
                  17 0.03586152553 0.5 0.5 ; %SBEND:10385
  10845     DL 0 ; %DL: 6559
  10846     MULT 0 MB2LMARR NMB2LMARR ; %MULT:10364
  10847     DL 0.3 ; %DL: 6559
  10848     MULT 0 MB2LMARR NMB2LMARR ; %MULT:10364
  10849     DL 0 ; %DL: 6559
  10850     SBEND 1.94 0.07853981588 0 0.03926990817 0.03586152553 0.039269908
                  17 0.03586152553 0.5 0.5 ; %SBEND:10385
  10851     DL 0 ; %DL: 6559
  10852     MULT 0 MB2LMARR NMB2LMARR ; %MULT:10364
  10853     DL 0.289 ; %DL: 6559
  10854     MH LEN_S SD 0.05; %MH: 7153
  10855     DL 0.076 ; %DL: 6559
  10856     DL 0 ; %DL: 6559
  10857     QUAD 0.235 0 -0.4914664358 ; %QUAD:10321
  10858     DL 0 ; %DL: 6559
  10859     DL 0 ; %DL: 6559
  10860     QUAD 0.235 0 -0.4914664358 ; %QUAD:10321
  10861     DL 0 ; %DL: 6559
  10862     DL 0.665 ; %DL: 6559
  10863     MULT 0 MB2LMARR NMB2LMARR ; %MULT:10364
  10864     DL 0 ; %DL: 6559
  10865     SBEND 1.94 0.07853981588 0 0.03926990817 0.03586152553 0.039269908
                  17 0.03586152553 0.5 0.5 ; %SBEND:10385
  10866     DL 0 ; %DL: 6559
  10867     MULT 0 MB2LMARR NMB2LMARR ; %MULT:10364
  10868     DL 0.3 ; %DL: 6559
  10869     MULT 0 MB2LMARR NMB2LMARR ; %MULT:10364
  10870     DL 0 ; %DL: 6559
  10871     SBEND 1.94 0.07853981588 0 0.03926990817 0.03586152553 0.039269908
                  17 0.03586152553 0.5 0.5 ; %SBEND:10385
  10872     DL 0 ; %DL: 6559
  10873     MULT 0 MB2LMARR NMB2LMARR ; %MULT:10364
  10874     DL 0.289 ; %DL: 6559
  10875     MH LEN_S SF 0.05; %MH: 7153
  10876     DL 0.076 ; %DL: 6559
  10877     DL 0 ; %DL: 6559
  10878     QUAD 0.235 0 0.5110640912 ; %QUAD:10321
  10879     DL 0 ; %DL: 6559
  10880     DL 0 ; %DL: 6559
  10881     QUAD 0.235 0 0.5110640912 ; %QUAD:10321
  10882     DL 0 ; %DL: 6559
  10883     DL 0.665 ; %DL: 6559
  10884     MULT 0 MB2LMARR NMB2LMARR ; %MULT:10364
  10885     DL 0 ; %DL: 6559
  10886     SBEND 1.94 0.07853981588 0 0.03926990817 0.03586152553 0.039269908
                  17 0.03586152553 0.5 0.5 ; %SBEND:10385
  10887     DL 0 ; %DL: 6559
  10888     MULT 0 MB2LMARR NMB2LMARR ; %MULT:10364
  10889     DL 0.3 ; %DL: 6559
  10890     MULT 0 MB2LMARR NMB2LMARR ; %MULT:10364
  10891     DL 0 ; %DL: 6559
  10892     SBEND 1.94 0.07853981588 0 0.03926990817 0.03586152553 0.039269908
                  17 0.03586152553 0.5 0.5 ; %SBEND:10385
  10893     DL 0 ; %DL: 6559
  10894     MULT 0 MB2LMARR NMB2LMARR ; %MULT:10364
  10895     DL 0.289 ; %DL: 6559
  10896     MH LEN_S SD 0.05; %MH: 7153
  10897     DL 0.076 ; %DL: 6559
  10898     DL 0 ; %DL: 6559
  10899     QUAD 0.235 0 -0.4914664358 ; %QUAD:10321
  10900     DL 0 ; %DL: 6559
  10901     DL 0 ; %DL: 6559
  10902     QUAD 0.235 0 -0.4914664358 ; %QUAD:10321
  10903     DL 0 ; %DL: 6559
  10904     DL 0.665 ; %DL: 6559
  10905     MULT 0 MB2LMARR NMB2LMARR ; %MULT:10364
  10906     DL 0 ; %DL: 6559
  10907     SBEND 1.94 0.07853981588 0 0.03926990817 0.03586152553 0.039269908
                  17 0.03586152553 0.5 0.5 ; %SBEND:10385
  10908     DL 0 ; %DL: 6559
  10909     MULT 0 MB2LMARR NMB2LMARR ; %MULT:10364
  10910     DL 0.3 ; %DL: 6559
  10911     MULT 0 MB2LMARR NMB2LMARR ; %MULT:10364
  10912     DL 0 ; %DL: 6559
  10913     SBEND 1.94 0.07853981588 0 0.03926990817 0.03586152553 0.039269908
                  17 0.03586152553 0.5 0.5 ; %SBEND:10385
  10914     DL 0 ; %DL: 6559
  10915     MULT 0 MB2LMARR NMB2LMARR ; %MULT:10364
  10916     DL 0.289 ; %DL: 6559
  10917     MH LEN_S SF 0.05; %MH: 7153
  10918     DL 0.076 ; %DL: 6559
  10919     DL 0 ; %DL: 6559
  10920     QUAD 0.235 0 0.5110640912 ; %QUAD:10321
  10921     DL 0 ; %DL: 6559
  10922     DL 0 ; %DL: 6559
  10923     QUAD 0.235 0 0.5110640912 ; %QUAD:10321
  10924     DL 0 ; %DL: 6559
  10925     DL 0.665 ; %DL: 6559
  10926     MULT 0 MB2LMARR NMB2LMARR ; %MULT:10364
  10927     DL 0 ; %DL: 6559
  10928     SBEND 1.94 0.07853981588 0 0.03926990817 0.03586152553 0.039269908
                  17 0.03586152553 0.5 0.5 ; %SBEND:10385
  10929     DL 0 ; %DL: 6559
  10930     MULT 0 MB2LMARR NMB2LMARR ; %MULT:10364
  10931     DL 0.3 ; %DL: 6559
  10932     MULT 0 MB2LMARR NMB2LMARR ; %MULT:10364
  10933     DL 0 ; %DL: 6559
  10934     SBEND 1.94 0.07853981588 0 0.03926990817 0.03586152553 0.039269908
                  17 0.03586152553 0.5 0.5 ; %SBEND:10385
  10935     DL 0 ; %DL: 6559
  10936     MULT 0 MB2LMARR NMB2LMARR ; %MULT:10364
  10937     DL 0.289 ; %DL: 6559
  10938     MH LEN_S SD 0.05; %MH: 7153
  10939     DL 0.076 ; %DL: 6559
  10940     DL 0 ; %DL: 6559
  10941     QUAD 0.235 0 -0.4914664358 ; %QUAD:10321
  10942     DL 0 ; %DL: 6559
  10943     DL 0 ; %DL: 6559
  10944     QUAD 0.235 0 -0.4914664358 ; %QUAD:10321
  10945     DL 0 ; %DL: 6559
  10946     DL 0.665 ; %DL: 6559
  10947     MULT 0 MB2LMARR NMB2LMARR ; %MULT:10364
  10948     DL 0 ; %DL: 6559
  10949     SBEND 1.94 0.07853981588 0 0.03926990817 0.03586152553 0.039269908
                  17 0.03586152553 0.5 0.5 ; %SBEND:10385
  10950     DL 0 ; %DL: 6559
  10951     MULT 0 MB2LMARR NMB2LMARR ; %MULT:10364
  10952     DL 0.3 ; %DL: 6559
  10953     MULT 0 MB2LMARR NMB2LMARR ; %MULT:10364
  10954     DL 0 ; %DL: 6559
  10955     SBEND 1.94 0.07853981588 0 0.03926990817 0.03586152553 0.039269908
                  17 0.03586152553 0.5 0.5 ; %SBEND:10385
  10956     DL 0 ; %DL: 6559
  10957     MULT 0 MB2LMARR NMB2LMARR ; %MULT:10364
  10958     DL 0.289 ; %DL: 6559
  10959     MH LEN_S SF 0.05; %MH: 7153
  10960     DL 0.076 ; %DL: 6559
  10961     DL 0 ; %DL: 6559
  10962     QUAD 0.235 0 0.5110640912 ; %QUAD:10321
  10963     DL 0 ; %DL: 6559
  10964     DL 0 ; %DL: 6559
  10965     QUAD 0.235 0 0.5110640912 ; %QUAD:10321
  10966     DL 0 ; %DL: 6559
  10967     DL 0.665 ; %DL: 6559
  10968     MULT 0 MB2LMARR NMB2LMARR ; %MULT:10364
  10969     DL 0 ; %DL: 6559
  10970     SBEND 1.94 0.07853981588 0 0.03926990817 0.03586152553 0.039269908
                  17 0.03586152553 0.5 0.5 ; %SBEND:10385
  10971     DL 0 ; %DL: 6559
  10972     MULT 0 MB2LMARR NMB2LMARR ; %MULT:10364
  10973     DL 0.3 ; %DL: 6559
  10974     MULT 0 MB2LMARR NMB2LMARR ; %MULT:10364
  10975     DL 0 ; %DL: 6559
  10976     SBEND 1.94 0.07853981588 0 0.03926990817 0.03586152553 0.039269908
                  17 0.03586152553 0.5 0.5 ; %SBEND:10385
  10977     DL 0 ; %DL: 6559
  10978     MULT 0 MB2LMARR NMB2LMARR ; %MULT:10364
  10979     DL 0.289 ; %DL: 6559
  10980     MH LEN_S SD 0.05; %MH: 7153
  10981     DL 0.076 ; %DL: 6559
  10982     DL 0 ; %DL: 6559
  10983     QUAD 0.235 0 -0.4914664358 ; %QUAD:10321
  10984     DL 0 ; %DL: 6559
  10985     DL 0 ; %DL: 6559
  10986     QUAD 0.235 0 -0.4914664358 ; %QUAD:10321
  10987     DL 0 ; %DL: 6559
  10988     DL 0.665 ; %DL: 6559
  10989     MULT 0 MB2LMARR NMB2LMARR ; %MULT:10364
  10990     DL 0 ; %DL: 6559
  10991     SBEND 1.94 0.07853981588 0 0.03926990817 0.03586152553 0.039269908
                  17 0.03586152553 0.5 0.5 ; %SBEND:10385
  10992     DL 0 ; %DL: 6559
  10993     MULT 0 MB2LMARR NMB2LMARR ; %MULT:10364
  10994     DL 0.3 ; %DL: 6559
  10995     MULT 0 MB2LMARR NMB2LMARR ; %MULT:10364
  10996     DL 0 ; %DL: 6559
  10997     SBEND 1.94 0.07853981588 0 0.03926990817 0.03586152553 0.039269908
                  17 0.03586152553 0.5 0.5 ; %SBEND:10385
  10998     DL 0 ; %DL: 6559
  10999     MULT 0 MB2LMARR NMB2LMARR ; %MULT:10364
  11000     DL 0.289 ; %DL: 6559
  11001     MH LEN_S SF 0.05; %MH: 7153
  11002     DL 0.076 ; %DL: 6559
  11003     DL 0 ; %DL: 6559
  11004     QUAD 0.235 0 0.5110640912 ; %QUAD:10321
  11005     DL 0 ; %DL: 6559
  11006     DL 0 ; %DL: 6559
  11007     QUAD 0.235 0 0.5110640912 ; %QUAD:10321
  11008     DL 0 ; %DL: 6559
  11009     DL 0.665 ; %DL: 6559
  11010     MULT 0 MB2LMARR NMB2LMARR ; %MULT:10364
  11011     DL 0 ; %DL: 6559
  11012     SBEND 1.94 0.07853981588 0 0.03926990817 0.03586152553 0.039269908
                  17 0.03586152553 0.5 0.5 ; %SBEND:10385
  11013     DL 0 ; %DL: 6559
  11014     MULT 0 MB2LMARR NMB2LMARR ; %MULT:10364
  11015     DL 0.3 ; %DL: 6559
  11016     MULT 0 MB2LMARR NMB2LMARR ; %MULT:10364
  11017     DL 0 ; %DL: 6559
  11018     SBEND 1.94 0.07853981588 0 0.03926990817 0.03586152553 0.039269908
                  17 0.03586152553 0.5 0.5 ; %SBEND:10385
  11019     DL 0 ; %DL: 6559
  11020     MULT 0 MB2LMARR NMB2LMARR ; %MULT:10364
  11021     DL 0.289 ; %DL: 6559
  11022     MH LEN_S SD 0.05; %MH: 7153
  11023     DL 0.076 ; %DL: 6559
  11024     DL 0 ; %DL: 6559
  11025     QUAD 0.235 0 -0.4914664358 ; %QUAD:10321
  11026     DL 0 ; %DL: 6559
  11027     DL 0 ; %DL: 6559
  11028     QUAD 0.235 0 -0.4914664358 ; %QUAD:10321
  11029     DL 0 ; %DL: 6559
  11030     DL 0.665 ; %DL: 6559
  11031     MULT 0 MB2LMARR NMB2LMARR ; %MULT:10364
  11032     DL 0 ; %DL: 6559
  11033     SBEND 1.94 0.07853981588 0 0.03926990817 0.03586152553 0.039269908
                  17 0.03586152553 0.5 0.5 ; %SBEND:10385
  11034     DL 0 ; %DL: 6559
  11035     MULT 0 MB2LMARR NMB2LMARR ; %MULT:10364
  11036     DL 0.3 ; %DL: 6559
  11037     MULT 0 MB2LMARR NMB2LMARR ; %MULT:10364
  11038     DL 0 ; %DL: 6559
  11039     SBEND 1.94 0.07853981588 0 0.03926990817 0.03586152553 0.039269908
                  17 0.03586152553 0.5 0.5 ; %SBEND:10385
  11040     DL 0 ; %DL: 6559
  11041     MULT 0 MB2LMARR NMB2LMARR ; %MULT:10364
  11042     DL 0.289 ; %DL: 6559
  11043     MH LEN_S SF 0.05; %MH: 7153
  11044     DL 0.076 ; %DL: 6559
  11045     DL 0 ; %DL: 6559
  11046     QUAD 0.235 0 0.5110640912 ; %QUAD:10321
  11047     DL 0 ; %DL: 6559
  11048     DL 0 ; %DL: 6559
  11049     QUAD 0.235 0 0.5110640912 ; %QUAD:10321
  11050     DL 0 ; %DL: 6559
  11051     DL 0.665 ; %DL: 6559
  11052     MULT 0 MB2LMARR NMB2LMARR ; %MULT:10364
  11053     DL 0 ; %DL: 6559
  11054     SBEND 1.94 0.07853981588 0 0.03926990817 0.03586152553 0.039269908
                  17 0.03586152553 0.5 0.5 ; %SBEND:10385
  11055     DL 0 ; %DL: 6559
  11056     MULT 0 MB2LMARR NMB2LMARR ; %MULT:10364
  11057     DL 0.3 ; %DL: 6559
  11058     MULT 0 MB2LMARR NMB2LMARR ; %MULT:10364
  11059     DL 0 ; %DL: 6559
  11060     SBEND 1.94 0.07853981588 0 0.03926990817 0.03586152553 0.039269908
                  17 0.03586152553 0.5 0.5 ; %SBEND:10385
  11061     DL 0 ; %DL: 6559
  11062     MULT 0 MB2LMARR NMB2LMARR ; %MULT:10364
  11063     DL 0.289 ; %DL: 6559
  11064     KICK 0.15 0 0 ; %KICK:10499
  11065     KICK 0 0 0 ; %KICK:10499
  11066     MULT 0 MCQ0MARR NMCQ0MARR ; %MULT:10364
  11067     MULT 0 MCS0MARR NMCS0MARR ; %MULT:10364
  11068     MULT 0 MCO0MARR NMCO0MARR ; %MULT:10364
  11069     KICK 0.15 0 0 ; %KICK:10499
  11070     DL 0.076 ; %DL: 6559
  11071     DL 0 ; %DL: 6559
  11072     QUAD 0.235 0 -0.4914664358 ; %QUAD:10321
  11073     DL 0 ; %DL: 6559
  11074     DL 0 ; %DL: 6559
  11075     QUAD 0.235 0 -0.4914664358 ; %QUAD:10321
  11076     DL 0 ; %DL: 6559
  11077     DL 0.665 ; %DL: 6559
  11078     MULT 0 MB2LMARR NMB2LMARR ; %MULT:10364
  11079     DL 0 ; %DL: 6559
  11080     SBEND 1.94 0.07853981588 0 0.03926990817 0.03586152553 0.039269908
                  17 0.03586152553 0.5 0.5 ; %SBEND:10385
  11081     DL 0 ; %DL: 6559
  11082     MULT 0 MB2LMARR NMB2LMARR ; %MULT:10364
  11083     DL 0.3 ; %DL: 6559
  11084     MULT 0 MB2LMARR NMB2LMARR ; %MULT:10364
  11085     DL 0 ; %DL: 6559
  11086     SBEND 1.94 0.07853981588 0 0.03926990817 0.03586152553 0.039269908
                  17 0.03586152553 0.5 0.5 ; %SBEND:10385
  11087     DL 0 ; %DL: 6559
  11088     MULT 0 MB2LMARR NMB2LMARR ; %MULT:10364
  11089     DL 0.299 ; %DL: 6559
  11090     KICK 0.15 0 0 ; %KICK:10499
  11091     KICK 0 0 0 ; %KICK:10499
  11092     MULT 0 MCQ0MARR NMCQ0MARR ; %MULT:10364
  11093     MULT 0 MCS0MARR NMCS0MARR ; %MULT:10364
  11094     MULT 0 MCO0MARR NMCO0MARR ; %MULT:10364
  11095     KICK 0.15 0 0 ; %KICK:10499
  11096     DL 0.076 ; %DL: 6559
  11097     DL 0 ; %DL: 6559
  11098     QUAD 0.45 0 0.5131702161 ; %QUAD:10321
  11099     DL 0 ; %DL: 6559
  11100     DL 5.144 ; %DL: 6559
  11101     KICK 0.15 0 0 ; %KICK:10499
  11102     KICK 0 0 0 ; %KICK:10499
  11103     MULT 0 MCQ0MARR NMCQ0MARR ; %MULT:10364
  11104     MULT 0 MCS0MARR NMCS0MARR ; %MULT:10364
  11105     MULT 0 MCO0MARR NMCO0MARR ; %MULT:10364
  11106     KICK 0.15 0 0 ; %KICK:10499
  11107     DL 0.076 ; %DL: 6559
  11108     DL 0 ; %DL: 6559
  11109     QUAD 0.235 0 -0.4914664358 ; %QUAD:10321
  11110     DL 0 ; %DL: 6559
  11111     DL 0 ; %DL: 6559
  11112     QUAD 0.235 0 -0.4914664358 ; %QUAD:10321
  11113     DL 0 ; %DL: 6559
  11114     DL 5.1815 ; %DL: 6559
  11115     KICK 0.15 0 0 ; %KICK:10499
  11116     KICK 0 0 0 ; %KICK:10499
  11117     MULT 0 MCQ0MARR NMCQ0MARR ; %MULT:10364
  11118     MULT 0 MCS0MARR NMCS0MARR ; %MULT:10364
  11119     MULT 0 MCO0MARR NMCO0MARR ; %MULT:10364
  11120     KICK 0.15 0 0 ; %KICK:10499
  11121     DL 0.076 ; %DL: 6559
  11122     DL 0 ; %DL: 6559
  11123     QUAD 0.375 0 0.5001124874 ; %QUAD:10321
  11124     DL 0 ; %DL: 6559
  11125     DL 0.7125 ; %DL: 6559
  11126     MULT 0 MB2LMARR NMB2LMARR ; %MULT:10364
  11127     DL 0 ; %DL: 6559
  11128     SBEND 1.94 0.07853981588 0 0.03926990817 0.03586152553 0.039269908
                  17 0.03586152553 0.5 0.5 ; %SBEND:10385
  11129     DL 0 ; %DL: 6559
  11130     MULT 0 MB2LMARR NMB2LMARR ; %MULT:10364
  11131     DL 0.3 ; %DL: 6559
  11132     MULT 0 MB2LMARR NMB2LMARR ; %MULT:10364
  11133     DL 0 ; %DL: 6559
  11134     SBEND 1.94 0.07853981588 0 0.03926990817 0.03586152553 0.039269908
                  17 0.03586152553 0.5 0.5 ; %SBEND:10385
  11135     DL 0 ; %DL: 6559
  11136     MULT 0 MB2LMARR NMB2LMARR ; %MULT:10364
  11137     DL 0.215 ; %DL: 6559
  11138     DL 0.085 ; %DL: 6559
  11139     DL 0 ; %DL: 6559
  11140     QUAD 0.785 0 -0.226233033 ; %QUAD:10321
  11141     DL 0 ; %DL: 6559
  11142     DL 0.11787 ; %DL: 6559
  11143     KICK 0.15 0 0 ; %KICK:10499
  11144     KICK 0 0 0 ; %KICK:10499
  11145     MULT 0 MCQ0MARR NMCQ0MARR ; %MULT:10364
  11146     MULT 0 MCS0MARR NMCS0MARR ; %MULT:10364
  11147     MULT 0 MCO3MARR NMCO3MARR ; %MULT:10364
  11148     KICK 0.15 0 0 ; %KICK:10499
  11149     DL 0.1 ; %DL: 6559
  11150     DL 0 ; %DL: 6559
  11151     QUAD 0.69 0 0.3171374291 ; %QUAD:10321
  11152     DL 0 ; %DL: 6559
  11153     DL 1.3422 ; %DL: 6559
  11154     QUAD 0.235 0 -0.5528006412 ; %QUAD:10321
  11155     QUAD 0.235 0 -0.5528006412 ; %QUAD:10321
  11156     DL 5.90875 ; %DL: 6559
  11157     QUAD 0.235 0 0.4937228226 ; %QUAD:10321
  11158     QUAD 0.235 0 0.4937228226 ; %QUAD:10321
  11159     DL 5.90875 ; %DL: 6559
  11160     QUAD 0.235 0 -0.5528006412 ; %QUAD:10321
  11161     QUAD 0.235 0 -0.5528006412 ; %QUAD:10321
  11162     DL 5.90875 ; %DL: 6559
  11163     QUAD 0.235 0 0.4937228226 ; %QUAD:10321
  11164     QUAD 0.235 0 0.4937228226 ; %QUAD:10321
  11165     DL 5.90875 ; %DL: 6559
  11166     QUAD 0.235 0 -0.5528006412 ; %QUAD:10321
  11167     QUAD 0.235 0 -0.5528006412 ; %QUAD:10321
  11168     DL 0.4166853 ; %DL: 6559
  11169     WIEN 5.0753794 BBE EBE 0; %WIEN:10506
  11170     DL 0.4166853 ; %DL: 6559
  11171     QUAD 0.235 0 0.4937228226 ; %QUAD:10321
  11172     QUAD 0.235 0 0.4937228226 ; %QUAD:10321
  11173     DL 0.4166853 ; %DL: 6559
  11174     WIEN 5.0753794 BBE EBE 0; %WIEN:10506
  11175     DL 0.4166853 ; %DL: 6559
  11176     QUAD 0.235 0 -0.5528006412 ; %QUAD:10321
  11177     QUAD 0.235 0 -0.5528006412 ; %QUAD:10321
  11178     DL 0.4166853 ; %DL: 6559
  11179     WIEN 5.0753794 BBE EBE 0; %WIEN:10506
  11180     DL 0.4166853 ; %DL: 6559
  11181     QUAD 0.235 0 0.4937228226 ; %QUAD:10321
  11182     QUAD 0.235 0 0.4937228226 ; %QUAD:10321
  11183     DL 0.4166853 ; %DL: 6559
  11184     WIEN 5.0753794 BBE EBE 0; %WIEN:10506
  11185     DL 0.4166853 ; %DL: 6559
  11186     QUAD 0.235 0 -0.5528006412 ; %QUAD:10321
  11187     QUAD 0.235 0 -0.5528006412 ; %QUAD:10321
  11188     DL 0.4166853 ; %DL: 6559
  11189     WIEN 5.0753794 BBE EBE 0; %WIEN:10506
  11190     DL 0.4166853 ; %DL: 6559
  11191     QUAD 0.235 0 0.4937228226 ; %QUAD:10321
  11192     QUAD 0.235 0 0.4937228226 ; %QUAD:10321
  11193     DL 0.4166853 ; %DL: 6559
  11194     WIEN 5.0753794 BBE EBE 0; %WIEN:10506
  11195     DL 0.4166853 ; %DL: 6559
  11196     QUAD 0.235 0 -0.5528006412 ; %QUAD:10321
  11197     QUAD 0.235 0 -0.5528006412 ; %QUAD:10321
  11198     DL 5.90875 ; %DL: 6559
  11199     QUAD 0.235 0 0.4937228226 ; %QUAD:10321
  11200     QUAD 0.235 0 0.4937228226 ; %QUAD:10321
  11201     DL 5.90875 ; %DL: 6559
  11202     QUAD 0.235 0 -0.5528006412 ; %QUAD:10321
  11203     QUAD 0.235 0 -0.5528006412 ; %QUAD:10321
  11204     DL 5.90875 ; %DL: 6559
  11205     QUAD 0.235 0 0.4937228226 ; %QUAD:10321
  11206     QUAD 0.235 0 0.4937228226 ; %QUAD:10321
  11207     DL 5.90875 ; %DL: 6559
  11208     QUAD 0.235 0 -0.5528006412 ; %QUAD:10321
  11209     QUAD 0.235 0 -0.5528006412 ; %QUAD:10321
  11210     DL 5.90875 ; %DL: 6559
  11211     QUAD 0.235 0 0.4937228226 ; %QUAD:10321
  11212     QUAD 0.235 0 0.4937228226 ; %QUAD:10321
  11213     DL 5.90875 ; %DL: 6559
  11214     QUAD 0.235 0 -0.5528006412 ; %QUAD:10321
  11215     QUAD 0.235 0 -0.5528006412 ; %QUAD:10321
  11216     DL 1.3422 ; %DL: 6559
  11217     DL 0 ; %DL: 6559
  11218     QUAD 0.69 0 0.3171374291 ; %QUAD:10321
  11219     DL 0 ; %DL: 6559
  11220     DL 0.1 ; %DL: 6559
  11221     KICK 0.15 0 0 ; %KICK:10499
  11222     KICK 0 0 0 ; %KICK:10499
  11223     MULT 0 MCQ0MARR NMCQ0MARR ; %MULT:10364
  11224     MULT 0 MCS0MARR NMCS0MARR ; %MULT:10364
  11225     MULT 0 MCO3MARR NMCO3MARR ; %MULT:10364
  11226     KICK 0.15 0 0 ; %KICK:10499
  11227     DL 0.11787 ; %DL: 6559
  11228     DL 0 ; %DL: 6559
  11229     QUAD 0.785 0 -0.226233033 ; %QUAD:10321
  11230     DL 0 ; %DL: 6559
  11231     DL 0.085 ; %DL: 6559
  11232     DL 0.215 ; %DL: 6559
  11233     MULT 0 MB2LMARR NMB2LMARR ; %MULT:10364
  11234     DL 0 ; %DL: 6559
  11235     SBEND 1.94 0.07853981588 0 0.03926990817 0.03586152553 0.039269908
                  17 0.03586152553 0.5 0.5 ; %SBEND:10385
  11236     DL 0 ; %DL: 6559
  11237     MULT 0 MB2LMARR NMB2LMARR ; %MULT:10364
  11238     DL 0.3 ; %DL: 6559
  11239     MULT 0 MB2LMARR NMB2LMARR ; %MULT:10364
  11240     DL 0 ; %DL: 6559
  11241     SBEND 1.94 0.07853981588 0 0.03926990817 0.03586152553 0.039269908
                  17 0.03586152553 0.5 0.5 ; %SBEND:10385
  11242     DL 0 ; %DL: 6559
  11243     MULT 0 MB2LMARR NMB2LMARR ; %MULT:10364
  11244     DL 0.3365 ; %DL: 6559
  11245     KICK 0.15 0 0 ; %KICK:10499
  11246     KICK 0 0 0 ; %KICK:10499
  11247     MULT 0 MCQ0MARR NMCQ0MARR ; %MULT:10364
  11248     MULT 0 MCS0MARR NMCS0MARR ; %MULT:10364
  11249     MULT 0 MCO0MARR NMCO0MARR ; %MULT:10364
  11250     KICK 0.15 0 0 ; %KICK:10499
  11251     DL 0.076 ; %DL: 6559
  11252     DL 0 ; %DL: 6559
  11253     QUAD 0.375 0 0.5001124874 ; %QUAD:10321
  11254     DL 0 ; %DL: 6559
  11255     DL 5.1815 ; %DL: 6559
  11256     KICK 0.15 0 0 ; %KICK:10499
  11257     KICK 0 0 0 ; %KICK:10499
  11258     MULT 0 MCQ0MARR NMCQ0MARR ; %MULT:10364
  11259     MULT 0 MCS0MARR NMCS0MARR ; %MULT:10364
  11260     MULT 0 MCO0MARR NMCO0MARR ; %MULT:10364
  11261     KICK 0.15 0 0 ; %KICK:10499
  11262     DL 0.076 ; %DL: 6559
  11263     DL 0 ; %DL: 6559
  11264     QUAD 0.235 0 -0.4914664358 ; %QUAD:10321
  11265     DL 0 ; %DL: 6559
  11266     DL 0 ; %DL: 6559
  11267     QUAD 0.235 0 -0.4914664358 ; %QUAD:10321
  11268     DL 0 ; %DL: 6559
  11269     DL 5.144 ; %DL: 6559
  11270     KICK 0.15 0 0 ; %KICK:10499
  11271     KICK 0 0 0 ; %KICK:10499
  11272     MULT 0 MCQ0MARR NMCQ0MARR ; %MULT:10364
  11273     MULT 0 MCS0MARR NMCS0MARR ; %MULT:10364
  11274     MULT 0 MCO0MARR NMCO0MARR ; %MULT:10364
  11275     KICK 0.15 0 0 ; %KICK:10499
  11276     DL 0.076 ; %DL: 6559
  11277     DL 0 ; %DL: 6559
  11278     QUAD 0.45 0 0.5131702161 ; %QUAD:10321
  11279     DL 0 ; %DL: 6559
  11280     DL 0.675 ; %DL: 6559
  11281     MULT 0 MB2LMARR NMB2LMARR ; %MULT:10364
  11282     DL 0 ; %DL: 6559
  11283     SBEND 1.94 0.07853981588 0 0.03926990817 0.03586152553 0.039269908
                  17 0.03586152553 0.5 0.5 ; %SBEND:10385
  11284     DL 0 ; %DL: 6559
  11285     MULT 0 MB2LMARR NMB2LMARR ; %MULT:10364
  11286     DL 0.3 ; %DL: 6559
  11287     MULT 0 MB2LMARR NMB2LMARR ; %MULT:10364
  11288     DL 0 ; %DL: 6559
  11289     SBEND 1.94 0.07853981588 0 0.03926990817 0.03586152553 0.039269908
                  17 0.03586152553 0.5 0.5 ; %SBEND:10385
  11290     DL 0 ; %DL: 6559
  11291     MULT 0 MB2LMARR NMB2LMARR ; %MULT:10364
  11292     DL 0.289 ; %DL: 6559
  11293     MH LEN_S SD 0.05; %MH: 7153
  11294     DL 0.076 ; %DL: 6559
  11295     DL 0 ; %DL: 6559
  11296     QUAD 0.235 0 -0.4914664358 ; %QUAD:10321
  11297     DL 0 ; %DL: 6559
  11298     DL 0 ; %DL: 6559
  11299     QUAD 0.235 0 -0.4914664358 ; %QUAD:10321
  11300     DL 0 ; %DL: 6559
  11301     DL 0.665 ; %DL: 6559
  11302     MULT 0 MB2LMARR NMB2LMARR ; %MULT:10364
  11303     DL 0 ; %DL: 6559
  11304     SBEND 1.94 0.07853981588 0 0.03926990817 0.03586152553 0.039269908
                  17 0.03586152553 0.5 0.5 ; %SBEND:10385
  11305     DL 0 ; %DL: 6559
  11306     MULT 0 MB2LMARR NMB2LMARR ; %MULT:10364
  11307     DL 0.3 ; %DL: 6559
  11308     MULT 0 MB2LMARR NMB2LMARR ; %MULT:10364
  11309     DL 0 ; %DL: 6559
  11310     SBEND 1.94 0.07853981588 0 0.03926990817 0.03586152553 0.039269908
                  17 0.03586152553 0.5 0.5 ; %SBEND:10385
  11311     DL 0 ; %DL: 6559
  11312     MULT 0 MB2LMARR NMB2LMARR ; %MULT:10364
  11313     DL 0.289 ; %DL: 6559
  11314     MH LEN_S SF 0.05; %MH: 7153
  11315     DL 0.076 ; %DL: 6559
  11316     DL 0 ; %DL: 6559
  11317     QUAD 0.235 0 0.5110640912 ; %QUAD:10321
  11318     DL 0 ; %DL: 6559
  11319     DL 0 ; %DL: 6559
  11320     QUAD 0.235 0 0.5110640912 ; %QUAD:10321
  11321     DL 0 ; %DL: 6559
  11322     DL 0.665 ; %DL: 6559
  11323     MULT 0 MB2LMARR NMB2LMARR ; %MULT:10364
  11324     DL 0 ; %DL: 6559
  11325     SBEND 1.94 0.07853981588 0 0.03926990817 0.03586152553 0.039269908
                  17 0.03586152553 0.5 0.5 ; %SBEND:10385
  11326     DL 0 ; %DL: 6559
  11327     MULT 0 MB2LMARR NMB2LMARR ; %MULT:10364
  11328     DL 0.3 ; %DL: 6559
  11329     MULT 0 MB2LMARR NMB2LMARR ; %MULT:10364
  11330     DL 0 ; %DL: 6559
  11331     SBEND 1.94 0.07853981588 0 0.03926990817 0.03586152553 0.039269908
                  17 0.03586152553 0.5 0.5 ; %SBEND:10385
  11332     DL 0 ; %DL: 6559
  11333     MULT 0 MB2LMARR NMB2LMARR ; %MULT:10364
  11334     DL 0.289 ; %DL: 6559
  11335     MH LEN_S SD 0.05; %MH: 7153
  11336     DL 0.076 ; %DL: 6559
  11337     DL 0 ; %DL: 6559
  11338     QUAD 0.235 0 -0.4914664358 ; %QUAD:10321
  11339     DL 0 ; %DL: 6559
  11340     DL 0 ; %DL: 6559
  11341     QUAD 0.235 0 -0.4914664358 ; %QUAD:10321
  11342     DL 0 ; %DL: 6559
  11343     DL 0.665 ; %DL: 6559
  11344     MULT 0 MB2LMARR NMB2LMARR ; %MULT:10364
  11345     DL 0 ; %DL: 6559
  11346     SBEND 1.94 0.07853981588 0 0.03926990817 0.03586152553 0.039269908
                  17 0.03586152553 0.5 0.5 ; %SBEND:10385
  11347     DL 0 ; %DL: 6559
  11348     MULT 0 MB2LMARR NMB2LMARR ; %MULT:10364
  11349     DL 0.3 ; %DL: 6559
  11350     MULT 0 MB2LMARR NMB2LMARR ; %MULT:10364
  11351     DL 0 ; %DL: 6559
  11352     SBEND 1.94 0.07853981588 0 0.03926990817 0.03586152553 0.039269908
                  17 0.03586152553 0.5 0.5 ; %SBEND:10385
  11353     DL 0 ; %DL: 6559
  11354     MULT 0 MB2LMARR NMB2LMARR ; %MULT:10364
  11355     DL 0.289 ; %DL: 6559
  11356     MH LEN_S SF 0.05; %MH: 7153
  11357     DL 0.076 ; %DL: 6559
  11358     DL 0 ; %DL: 6559
  11359     QUAD 0.235 0 0.5110640912 ; %QUAD:10321
  11360     DL 0 ; %DL: 6559
  11361     DL 0 ; %DL: 6559
  11362     QUAD 0.235 0 0.5110640912 ; %QUAD:10321
  11363     DL 0 ; %DL: 6559
  11364     DL 0.665 ; %DL: 6559
  11365     MULT 0 MB2LMARR NMB2LMARR ; %MULT:10364
  11366     DL 0 ; %DL: 6559
  11367     SBEND 1.94 0.07853981588 0 0.03926990817 0.03586152553 0.039269908
                  17 0.03586152553 0.5 0.5 ; %SBEND:10385
  11368     DL 0 ; %DL: 6559
  11369     MULT 0 MB2LMARR NMB2LMARR ; %MULT:10364
  11370     DL 0.3 ; %DL: 6559
  11371     MULT 0 MB2LMARR NMB2LMARR ; %MULT:10364
  11372     DL 0 ; %DL: 6559
  11373     SBEND 1.94 0.07853981588 0 0.03926990817 0.03586152553 0.039269908
                  17 0.03586152553 0.5 0.5 ; %SBEND:10385
  11374     DL 0 ; %DL: 6559
  11375     MULT 0 MB2LMARR NMB2LMARR ; %MULT:10364
  11376     DL 0.289 ; %DL: 6559
  11377     MH LEN_S SD 0.05; %MH: 7153
  11378     DL 0.076 ; %DL: 6559
  11379     DL 0 ; %DL: 6559
  11380     QUAD 0.235 0 -0.4914664358 ; %QUAD:10321
  11381     DL 0 ; %DL: 6559
  11382     DL 0 ; %DL: 6559
  11383     QUAD 0.235 0 -0.4914664358 ; %QUAD:10321
  11384     DL 0 ; %DL: 6559
  11385     DL 0.665 ; %DL: 6559
  11386     MULT 0 MB2LMARR NMB2LMARR ; %MULT:10364
  11387     DL 0 ; %DL: 6559
  11388     SBEND 1.94 0.07853981588 0 0.03926990817 0.03586152553 0.039269908
                  17 0.03586152553 0.5 0.5 ; %SBEND:10385
  11389     DL 0 ; %DL: 6559
  11390     MULT 0 MB2LMARR NMB2LMARR ; %MULT:10364
  11391     DL 0.3 ; %DL: 6559
  11392     MULT 0 MB2LMARR NMB2LMARR ; %MULT:10364
  11393     DL 0 ; %DL: 6559
  11394     SBEND 1.94 0.07853981588 0 0.03926990817 0.03586152553 0.039269908
                  17 0.03586152553 0.5 0.5 ; %SBEND:10385
  11395     DL 0 ; %DL: 6559
  11396     MULT 0 MB2LMARR NMB2LMARR ; %MULT:10364
  11397     DL 0.289 ; %DL: 6559
  11398     MH LEN_S SF 0.05; %MH: 7153
  11399     DL 0.076 ; %DL: 6559
  11400     DL 0 ; %DL: 6559
  11401     QUAD 0.235 0 0.5110640912 ; %QUAD:10321
  11402     DL 0 ; %DL: 6559
  11403     DL 0 ; %DL: 6559
  11404     QUAD 0.235 0 0.5110640912 ; %QUAD:10321
  11405     DL 0 ; %DL: 6559
  11406     DL 0.665 ; %DL: 6559
  11407     MULT 0 MB2LMARR NMB2LMARR ; %MULT:10364
  11408     DL 0 ; %DL: 6559
  11409     SBEND 1.94 0.07853981588 0 0.03926990817 0.03586152553 0.039269908
                  17 0.03586152553 0.5 0.5 ; %SBEND:10385
  11410     DL 0 ; %DL: 6559
  11411     MULT 0 MB2LMARR NMB2LMARR ; %MULT:10364
  11412     DL 0.3 ; %DL: 6559
  11413     MULT 0 MB2LMARR NMB2LMARR ; %MULT:10364
  11414     DL 0 ; %DL: 6559
  11415     SBEND 1.94 0.07853981588 0 0.03926990817 0.03586152553 0.039269908
                  17 0.03586152553 0.5 0.5 ; %SBEND:10385
  11416     DL 0 ; %DL: 6559
  11417     MULT 0 MB2LMARR NMB2LMARR ; %MULT:10364
  11418     DL 0.289 ; %DL: 6559
  11419     MH LEN_S SD 0.05; %MH: 7153
  11420     DL 0.076 ; %DL: 6559
  11421     DL 0 ; %DL: 6559
  11422     QUAD 0.235 0 -0.4914664358 ; %QUAD:10321
  11423     DL 0 ; %DL: 6559
  11424     DL 0 ; %DL: 6559
  11425     QUAD 0.235 0 -0.4914664358 ; %QUAD:10321
  11426     DL 0 ; %DL: 6559
  11427     DL 0.665 ; %DL: 6559
  11428     MULT 0 MB2LMARR NMB2LMARR ; %MULT:10364
  11429     DL 0 ; %DL: 6559
  11430     SBEND 1.94 0.07853981588 0 0.03926990817 0.03586152553 0.039269908
                  17 0.03586152553 0.5 0.5 ; %SBEND:10385
  11431     DL 0 ; %DL: 6559
  11432     MULT 0 MB2LMARR NMB2LMARR ; %MULT:10364
  11433     DL 0.3 ; %DL: 6559
  11434     MULT 0 MB2LMARR NMB2LMARR ; %MULT:10364
  11435     DL 0 ; %DL: 6559
  11436     SBEND 1.94 0.07853981588 0 0.03926990817 0.03586152553 0.039269908
                  17 0.03586152553 0.5 0.5 ; %SBEND:10385
  11437     DL 0 ; %DL: 6559
  11438     MULT 0 MB2LMARR NMB2LMARR ; %MULT:10364
  11439     DL 0.289 ; %DL: 6559
  11440     MH LEN_S SF 0.05; %MH: 7153
  11441     DL 0.076 ; %DL: 6559
  11442     DL 0 ; %DL: 6559
  11443     QUAD 0.235 0 0.5110640912 ; %QUAD:10321
  11444     DL 0 ; %DL: 6559
  11445     DL 0 ; %DL: 6559
  11446     QUAD 0.235 0 0.5110640912 ; %QUAD:10321
  11447     DL 0 ; %DL: 6559
  11448     DL 0.665 ; %DL: 6559
  11449     MULT 0 MB2LMARR NMB2LMARR ; %MULT:10364
  11450     DL 0 ; %DL: 6559
  11451     SBEND 1.94 0.07853981588 0 0.03926990817 0.03586152553 0.039269908
                  17 0.03586152553 0.5 0.5 ; %SBEND:10385
  11452     DL 0 ; %DL: 6559
  11453     MULT 0 MB2LMARR NMB2LMARR ; %MULT:10364
  11454     DL 0.3 ; %DL: 6559
  11455     MULT 0 MB2LMARR NMB2LMARR ; %MULT:10364
  11456     DL 0 ; %DL: 6559
  11457     SBEND 1.94 0.07853981588 0 0.03926990817 0.03586152553 0.039269908
                  17 0.03586152553 0.5 0.5 ; %SBEND:10385
  11458     DL 0 ; %DL: 6559
  11459     MULT 0 MB2LMARR NMB2LMARR ; %MULT:10364
  11460     DL 0.289 ; %DL: 6559
  11461     MH LEN_S SD 0.05; %MH: 7153
  11462     DL 0.076 ; %DL: 6559
  11463     DL 0 ; %DL: 6559
  11464     QUAD 0.235 0 -0.4914664358 ; %QUAD:10321
  11465     DL 0 ; %DL: 6559
  11466     DL 0 ; %DL: 6559
  11467     QUAD 0.235 0 -0.4914664358 ; %QUAD:10321
  11468     DL 0 ; %DL: 6559
  11469     DL 0.665 ; %DL: 6559
  11470     MULT 0 MB2LMARR NMB2LMARR ; %MULT:10364
  11471     DL 0 ; %DL: 6559
  11472     SBEND 1.94 0.07853981588 0 0.03926990817 0.03586152553 0.039269908
                  17 0.03586152553 0.5 0.5 ; %SBEND:10385
  11473     DL 0 ; %DL: 6559
  11474     MULT 0 MB2LMARR NMB2LMARR ; %MULT:10364
  11475     DL 0.3 ; %DL: 6559
  11476     MULT 0 MB2LMARR NMB2LMARR ; %MULT:10364
  11477     DL 0 ; %DL: 6559
  11478     SBEND 1.94 0.07853981588 0 0.03926990817 0.03586152553 0.039269908
                  17 0.03586152553 0.5 0.5 ; %SBEND:10385
  11479     DL 0 ; %DL: 6559
  11480     MULT 0 MB2LMARR NMB2LMARR ; %MULT:10364
  11481     DL 0.289 ; %DL: 6559
  11482     MH LEN_S SF 0.05; %MH: 7153
  11483     DL 0.076 ; %DL: 6559
  11484     DL 0 ; %DL: 6559
  11485     QUAD 0.235 0 0.5110640912 ; %QUAD:10321
  11486     DL 0 ; %DL: 6559
  11487     DL 0 ; %DL: 6559
  11488     QUAD 0.235 0 0.5110640912 ; %QUAD:10321
  11489     DL 0 ; %DL: 6559
  11490     DL 0.665 ; %DL: 6559
  11491     MULT 0 MB2LMARR NMB2LMARR ; %MULT:10364
  11492     DL 0 ; %DL: 6559
  11493     SBEND 1.94 0.07853981588 0 0.03926990817 0.03586152553 0.039269908
                  17 0.03586152553 0.5 0.5 ; %SBEND:10385
  11494     DL 0 ; %DL: 6559
  11495     MULT 0 MB2LMARR NMB2LMARR ; %MULT:10364
  11496     DL 0.3 ; %DL: 6559
  11497     MULT 0 MB2LMARR NMB2LMARR ; %MULT:10364
  11498     DL 0 ; %DL: 6559
  11499     SBEND 1.94 0.07853981588 0 0.03926990817 0.03586152553 0.039269908
                  17 0.03586152553 0.5 0.5 ; %SBEND:10385
  11500     DL 0 ; %DL: 6559
  11501     MULT 0 MB2LMARR NMB2LMARR ; %MULT:10364
  11502     DL 0.289 ; %DL: 6559
  11503     MH LEN_S SD 0.05; %MH: 7153
  11504     DL 0.076 ; %DL: 6559
  11505     DL 0 ; %DL: 6559
  11506     QUAD 0.235 0 -0.4914664358 ; %QUAD:10321
  11507     DL 0 ; %DL: 6559
  11508     DL 0 ; %DL: 6559
  11509     QUAD 0.235 0 -0.4914664358 ; %QUAD:10321
  11510     DL 0 ; %DL: 6559
  11511     DL 0.665 ; %DL: 6559
  11512     MULT 0 MB2LMARR NMB2LMARR ; %MULT:10364
  11513     DL 0 ; %DL: 6559
  11514     SBEND 1.94 0.07853981588 0 0.03926990817 0.03586152553 0.039269908
                  17 0.03586152553 0.5 0.5 ; %SBEND:10385
  11515     DL 0 ; %DL: 6559
  11516     MULT 0 MB2LMARR NMB2LMARR ; %MULT:10364
  11517     DL 0.3 ; %DL: 6559
  11518     MULT 0 MB2LMARR NMB2LMARR ; %MULT:10364
  11519     DL 0 ; %DL: 6559
  11520     SBEND 1.94 0.07853981588 0 0.03926990817 0.03586152553 0.039269908
                  17 0.03586152553 0.5 0.5 ; %SBEND:10385
  11521     DL 0 ; %DL: 6559
  11522     MULT 0 MB2LMARR NMB2LMARR ; %MULT:10364
  11523     DL 0.289 ; %DL: 6559
  11524     MH LEN_S SF 0.05; %MH: 7153
  11525     DL 0.076 ; %DL: 6559
  11526     DL 0 ; %DL: 6559
  11527     QUAD 0.235 0 0.5110640912 ; %QUAD:10321
  11528     DL 0 ; %DL: 6559
  11529     DL 0 ; %DL: 6559
  11530     QUAD 0.235 0 0.5110640912 ; %QUAD:10321
  11531     DL 0 ; %DL: 6559
  11532     DL 0.665 ; %DL: 6559
  11533     MULT 0 MB2LMARR NMB2LMARR ; %MULT:10364
  11534     DL 0 ; %DL: 6559
  11535     SBEND 1.94 0.07853981588 0 0.03926990817 0.03586152553 0.039269908
                  17 0.03586152553 0.5 0.5 ; %SBEND:10385
  11536     DL 0 ; %DL: 6559
  11537     MULT 0 MB2LMARR NMB2LMARR ; %MULT:10364
  11538     DL 0.3 ; %DL: 6559
  11539     MULT 0 MB2LMARR NMB2LMARR ; %MULT:10364
  11540     DL 0 ; %DL: 6559
  11541     SBEND 1.94 0.07853981588 0 0.03926990817 0.03586152553 0.039269908
                  17 0.03586152553 0.5 0.5 ; %SBEND:10385
  11542     DL 0 ; %DL: 6559
  11543     MULT 0 MB2LMARR NMB2LMARR ; %MULT:10364
  11544     DL 0.289 ; %DL: 6559
  11545     MH LEN_S SD 0.05; %MH: 7153
  11546     DL 0.076 ; %DL: 6559
  11547     DL 0 ; %DL: 6559
  11548     QUAD 0.235 0 -0.4914664358 ; %QUAD:10321
  11549     DL 0 ; %DL: 6559
  11550     DL 0 ; %DL: 6559
  11551     QUAD 0.235 0 -0.4914664358 ; %QUAD:10321
  11552     DL 0 ; %DL: 6559
  11553     DL 0.665 ; %DL: 6559
  11554     MULT 0 MB2LMARR NMB2LMARR ; %MULT:10364
  11555     DL 0 ; %DL: 6559
  11556     SBEND 1.94 0.07853981588 0 0.03926990817 0.03586152553 0.039269908
                  17 0.03586152553 0.5 0.5 ; %SBEND:10385
  11557     DL 0 ; %DL: 6559
  11558     MULT 0 MB2LMARR NMB2LMARR ; %MULT:10364
  11559     DL 0.3 ; %DL: 6559
  11560     MULT 0 MB2LMARR NMB2LMARR ; %MULT:10364
  11561     DL 0 ; %DL: 6559
  11562     SBEND 1.94 0.07853981588 0 0.03926990817 0.03586152553 0.039269908
                  17 0.03586152553 0.5 0.5 ; %SBEND:10385
  11563     DL 0 ; %DL: 6559
  11564     MULT 0 MB2LMARR NMB2LMARR ; %MULT:10364
  11565     DL 0.289 ; %DL: 6559
  11566     MH LEN_S SF 0.05; %MH: 7153
  11567     DL 0.076 ; %DL: 6559
  11568     DL 0 ; %DL: 6559
  11569     QUAD 0.235 0 0.5110640912 ; %QUAD:10321
  11570     DL 0 ; %DL: 6559
  11571     DL 0 ; %DL: 6559
  11572     QUAD 0.235 0 0.5110640912 ; %QUAD:10321
  11573     DL 0 ; %DL: 6559
  11574     DL 0.665 ; %DL: 6559
  11575     MULT 0 MB2LMARR NMB2LMARR ; %MULT:10364
  11576     DL 0 ; %DL: 6559
  11577     SBEND 1.94 0.07853981588 0 0.03926990817 0.03586152553 0.039269908
                  17 0.03586152553 0.5 0.5 ; %SBEND:10385
  11578     DL 0 ; %DL: 6559
  11579     MULT 0 MB2LMARR NMB2LMARR ; %MULT:10364
  11580     DL 0.3 ; %DL: 6559
  11581     MULT 0 MB2LMARR NMB2LMARR ; %MULT:10364
  11582     DL 0 ; %DL: 6559
  11583     SBEND 1.94 0.07853981588 0 0.03926990817 0.03586152553 0.039269908
                  17 0.03586152553 0.5 0.5 ; %SBEND:10385
  11584     DL 0 ; %DL: 6559
  11585     MULT 0 MB2LMARR NMB2LMARR ; %MULT:10364
  11586     DL 0.289 ; %DL: 6559
  11587     MH LEN_S SD 0.05; %MH: 7153
  11588     DL 0.076 ; %DL: 6559
  11589     DL 0 ; %DL: 6559
  11590     QUAD 0.235 0 -0.4914664358 ; %QUAD:10321
  11591     DL 0 ; %DL: 6559
  11592     DL 0 ; %DL: 6559
  11593     QUAD 0.235 0 -0.4914664358 ; %QUAD:10321
  11594     DL 0 ; %DL: 6559
  11595     DL 0.665 ; %DL: 6559
  11596     MULT 0 MB2LMARR NMB2LMARR ; %MULT:10364
  11597     DL 0 ; %DL: 6559
  11598     SBEND 1.94 0.07853981588 0 0.03926990817 0.03586152553 0.039269908
                  17 0.03586152553 0.5 0.5 ; %SBEND:10385
  11599     DL 0 ; %DL: 6559
  11600     MULT 0 MB2LMARR NMB2LMARR ; %MULT:10364
  11601     DL 0.3 ; %DL: 6559
  11602     MULT 0 MB2LMARR NMB2LMARR ; %MULT:10364
  11603     DL 0 ; %DL: 6559
  11604     SBEND 1.94 0.07853981588 0 0.03926990817 0.03586152553 0.039269908
                  17 0.03586152553 0.5 0.5 ; %SBEND:10385
  11605     DL 0 ; %DL: 6559
  11606     MULT 0 MB2LMARR NMB2LMARR ; %MULT:10364
  11607     DL 0.289 ; %DL: 6559
  11608     MH LEN_S SF 0.05; %MH: 7153
  11609     DL 0.076 ; %DL: 6559
  11610     DL 0 ; %DL: 6559
  11611     QUAD 0.235 0 0.5110640912 ; %QUAD:10321
  11612     DL 0 ; %DL: 6559
  11613     DL 0 ; %DL: 6559
  11614     QUAD 0.235 0 0.5110640912 ; %QUAD:10321
  11615     DL 0 ; %DL: 6559
  11616     DL 0.665 ; %DL: 6559
  11617     MULT 0 MB2LMARR NMB2LMARR ; %MULT:10364
  11618     DL 0 ; %DL: 6559
  11619     SBEND 1.94 0.07853981588 0 0.03926990817 0.03586152553 0.039269908
                  17 0.03586152553 0.5 0.5 ; %SBEND:10385
  11620     DL 0 ; %DL: 6559
  11621     MULT 0 MB2LMARR NMB2LMARR ; %MULT:10364
  11622     DL 0.3 ; %DL: 6559
  11623     MULT 0 MB2LMARR NMB2LMARR ; %MULT:10364
  11624     DL 0 ; %DL: 6559
  11625     SBEND 1.94 0.07853981588 0 0.03926990817 0.03586152553 0.039269908
                  17 0.03586152553 0.5 0.5 ; %SBEND:10385
  11626     DL 0 ; %DL: 6559
  11627     MULT 0 MB2LMARR NMB2LMARR ; %MULT:10364
  11628     DL 0.289 ; %DL: 6559
  11629     KICK 0.15 0 0 ; %KICK:10499
  11630     KICK 0 0 0 ; %KICK:10499
  11631     MULT 0 MCQ0MARR NMCQ0MARR ; %MULT:10364
  11632     MULT 0 MCS0MARR NMCS0MARR ; %MULT:10364
  11633     MULT 0 MCO0MARR NMCO0MARR ; %MULT:10364
  11634     KICK 0.15 0 0 ; %KICK:10499
  11635     DL 0.076 ; %DL: 6559
  11636     DL 0 ; %DL: 6559
  11637     QUAD 0.235 0 -0.4914664358 ; %QUAD:10321
  11638     DL 0 ; %DL: 6559
  11639     DL 0 ; %DL: 6559
  11640     QUAD 0.235 0 -0.4914664358 ; %QUAD:10321
  11641     DL 0 ; %DL: 6559
  11642     DL 0.665 ; %DL: 6559
  11643     MULT 0 MB2LMARR NMB2LMARR ; %MULT:10364
  11644     DL 0 ; %DL: 6559
  11645     SBEND 1.94 0.07853981588 0 0.03926990817 0.03586152553 0.039269908
                  17 0.03586152553 0.5 0.5 ; %SBEND:10385
  11646     DL 0 ; %DL: 6559
  11647     MULT 0 MB2LMARR NMB2LMARR ; %MULT:10364
  11648     DL 0.3 ; %DL: 6559
  11649     MULT 0 MB2LMARR NMB2LMARR ; %MULT:10364
  11650     DL 0 ; %DL: 6559
  11651     SBEND 1.94 0.07853981588 0 0.03926990817 0.03586152553 0.039269908
                  17 0.03586152553 0.5 0.5 ; %SBEND:10385
  11652     DL 0 ; %DL: 6559
  11653     MULT 0 MB2LMARR NMB2LMARR ; %MULT:10364
  11654     DL 0.299 ; %DL: 6559
  11655     KICK 0.15 0 0 ; %KICK:10499
  11656     KICK 0 0 0 ; %KICK:10499
  11657     MULT 0 MCQ0MARR NMCQ0MARR ; %MULT:10364
  11658     MULT 0 MCS0MARR NMCS0MARR ; %MULT:10364
  11659     MULT 0 MCO0MARR NMCO0MARR ; %MULT:10364
  11660     KICK 0.15 0 0 ; %KICK:10499
  11661     DL 0.076 ; %DL: 6559
  11662     DL 0 ; %DL: 6559
  11663     QUAD 0.45 0 0.5131702161 ; %QUAD:10321
  11664     DL 0 ; %DL: 6559
  11665     DL 5.144 ; %DL: 6559
  11666     KICK 0.15 0 0 ; %KICK:10499
  11667     KICK 0 0 0 ; %KICK:10499
  11668     MULT 0 MCQ0MARR NMCQ0MARR ; %MULT:10364
  11669     MULT 0 MCS0MARR NMCS0MARR ; %MULT:10364
  11670     MULT 0 MCO0MARR NMCO0MARR ; %MULT:10364
  11671     KICK 0.15 0 0 ; %KICK:10499
  11672     DL 0.076 ; %DL: 6559
  11673     DL 0 ; %DL: 6559
  11674     QUAD 0.235 0 -0.4914664358 ; %QUAD:10321
  11675     DL 0 ; %DL: 6559
  11676     DL 0 ; %DL: 6559
  11677     QUAD 0.235 0 -0.4914664358 ; %QUAD:10321
  11678     DL 0 ; %DL: 6559
  11679     DL 5.1815 ; %DL: 6559
  11680     KICK 0.15 0 0 ; %KICK:10499
  11681     KICK 0 0 0 ; %KICK:10499
  11682     MULT 0 MCQ0MARR NMCQ0MARR ; %MULT:10364
  11683     MULT 0 MCS0MARR NMCS0MARR ; %MULT:10364
  11684     MULT 0 MCO0MARR NMCO0MARR ; %MULT:10364
  11685     KICK 0.15 0 0 ; %KICK:10499
  11686     DL 0.076 ; %DL: 6559
  11687     DL 0 ; %DL: 6559
  11688     QUAD 0.375 0 0.5001124874 ; %QUAD:10321
  11689     DL 0 ; %DL: 6559
  11690     DL 0.7125 ; %DL: 6559
  11691     MULT 0 MB2LMARR NMB2LMARR ; %MULT:10364
  11692     DL 0 ; %DL: 6559
  11693     SBEND 1.94 0.07853981588 0 0.03926990817 0.03586152553 0.039269908
                  17 0.03586152553 0.5 0.5 ; %SBEND:10385
  11694     DL 0 ; %DL: 6559
  11695     MULT 0 MB2LMARR NMB2LMARR ; %MULT:10364
  11696     DL 0.3 ; %DL: 6559
  11697     MULT 0 MB2LMARR NMB2LMARR ; %MULT:10364
  11698     DL 0 ; %DL: 6559
  11699     SBEND 1.94 0.07853981588 0 0.03926990817 0.03586152553 0.039269908
                  17 0.03586152553 0.5 0.5 ; %SBEND:10385
  11700     DL 0 ; %DL: 6559
  11701     MULT 0 MB2LMARR NMB2LMARR ; %MULT:10364
  11702     DL 0.215 ; %DL: 6559
  11703     DL 0.085 ; %DL: 6559
  11704     DL 0 ; %DL: 6559
  11705     QUAD 0.785 0 -0.226233033 ; %QUAD:10321
  11706     DL 0 ; %DL: 6559
  11707     DL 0.11787 ; %DL: 6559
  11708     KICK 0.15 0 0 ; %KICK:10499
  11709     KICK 0 0 0 ; %KICK:10499
  11710     MULT 0 MCQ0MARR NMCQ0MARR ; %MULT:10364
  11711     MULT 0 MCS0MARR NMCS0MARR ; %MULT:10364
  11712     MULT 0 MCO3MARR NMCO3MARR ; %MULT:10364
  11713     KICK 0.15 0 0 ; %KICK:10499
  11714     DL 0.1 ; %DL: 6559
  11715     DL 0 ; %DL: 6559
  11716     QUAD 0.69 0 0.3171374291 ; %QUAD:10321
  11717     DL 0 ; %DL: 6559
  11718     DL 1.3422 ; %DL: 6559
  11719     QUAD 0.235 0 -0.5528006412 ; %QUAD:10321
  11720     QUAD 0.235 0 -0.5528006412 ; %QUAD:10321
  11721     DL 5.90875 ; %DL: 6559
  11722     QUAD 0.235 0 0.4937228226 ; %QUAD:10321
  11723     QUAD 0.235 0 0.4937228226 ; %QUAD:10321
  11724     DL 5.90875 ; %DL: 6559
  11725     QUAD 0.235 0 -0.5528006412 ; %QUAD:10321
  11726     QUAD 0.235 0 -0.5528006412 ; %QUAD:10321
  11727     DL 5.90875 ; %DL: 6559
  11728     QUAD 0.235 0 0.4937228226 ; %QUAD:10321
  11729     QUAD 0.235 0 0.4937228226 ; %QUAD:10321
  11730     DL 5.90875 ; %DL: 6559
  11731     QUAD 0.235 0 -0.5528006412 ; %QUAD:10321
  11732     QUAD 0.235 0 -0.5528006412 ; %QUAD:10321
  11733     DL 0.4166853 ; %DL: 6559
  11734     WIEN 5.0753794 BBE EBE 0; %WIEN:10506
  11735     DL 0.4166853 ; %DL: 6559
  11736     QUAD 0.235 0 0.4937228226 ; %QUAD:10321
  11737     QUAD 0.235 0 0.4937228226 ; %QUAD:10321
  11738     DL 0.4166853 ; %DL: 6559
  11739     WIEN 5.0753794 BBE EBE 0; %WIEN:10506
  11740     DL 0.4166853 ; %DL: 6559
  11741     QUAD 0.235 0 -0.5528006412 ; %QUAD:10321
  11742     QUAD 0.235 0 -0.5528006412 ; %QUAD:10321
  11743     DL 0.4166853 ; %DL: 6559
  11744     WIEN 5.0753794 BBE EBE 0; %WIEN:10506
  11745     DL 0.4166853 ; %DL: 6559
  11746     QUAD 0.235 0 0.4937228226 ; %QUAD:10321
  11747     QUAD 0.235 0 0.4937228226 ; %QUAD:10321
  11748     DL 0.4166853 ; %DL: 6559
  11749     WIEN 5.0753794 BBE EBE 0; %WIEN:10506
  11750     DL 0.4166853 ; %DL: 6559
  11751     QUAD 0.235 0 -0.5528006412 ; %QUAD:10321
  11752     QUAD 0.235 0 -0.5528006412 ; %QUAD:10321
  11753     DL 0.4166853 ; %DL: 6559
  11754     WIEN 5.0753794 BBE EBE 0; %WIEN:10506
  11755     DL 0.4166853 ; %DL: 6559
  11756     QUAD 0.235 0 0.4937228226 ; %QUAD:10321
  11757     QUAD 0.235 0 0.4937228226 ; %QUAD:10321
  11758     DL 0.4166853 ; %DL: 6559
  11759     WIEN 5.0753794 BBE EBE 0; %WIEN:10506
  11760     DL 0.4166853 ; %DL: 6559
  11761     QUAD 0.235 0 -0.5528006412 ; %QUAD:10321
  11762     QUAD 0.235 0 -0.5528006412 ; %QUAD:10321
  11763     DL 5.90875 ; %DL: 6559
  11764     QUAD 0.235 0 0.4937228226 ; %QUAD:10321
  11765     QUAD 0.235 0 0.4937228226 ; %QUAD:10321
  11766     DL 5.90875 ; %DL: 6559
  11767     QUAD 0.235 0 -0.5528006412 ; %QUAD:10321
  11768     QUAD 0.235 0 -0.5528006412 ; %QUAD:10321
  11769     DL 5.90875 ; %DL: 6559
  11770     QUAD 0.235 0 0.4937228226 ; %QUAD:10321
  11771     QUAD 0.235 0 0.4937228226 ; %QUAD:10321
  11772     DL 5.90875 ; %DL: 6559
  11773     QUAD 0.235 0 -0.5528006412 ; %QUAD:10321
  11774     QUAD 0.235 0 -0.5528006412 ; %QUAD:10321
  11775     DL 5.90875 ; %DL: 6559
  11776     QUAD 0.235 0 0.4937228226 ; %QUAD:10321
  11777     QUAD 0.235 0 0.4937228226 ; %QUAD:10321
  11778     DL 5.90875 ; %DL: 6559
  11779     QUAD 0.235 0 -0.5528006412 ; %QUAD:10321
  11780     QUAD 0.235 0 -0.5528006412 ; %QUAD:10321
  11781     DL 1.3422 ; %DL: 6559
  11782     ENDPROCEDURE;
 --- BIN FILE WRITTEN: FULL_SEX
  11783   SAVE 'FULL_SEX';
