 --- BIN FILE READ: elements
  10533 INCLUDE 'elements';
  10534   FUNCTION FACCLEN DUMMY;
  10535     FACCLEN := 503;
  10536     ENDFUNCTION;
  10537   FUNCTION FEKIN MOM         RESTMASS      ;
  10538     FEKIN := SQRT(SQR(MOM) + SQR(RESTMASS)) - RESTMASS;
  10539     ENDFUNCTION;
  10540   FUNCTION FMOM EKIN       RESTMASS      ;
  10541     FMOM := SQRT(SQR(EKIN)+2*EKIN*RESTMASS);
  10542     ENDFUNCTION;
  10543   PROCEDURE SET_FOR_PROTONS Y;
  10544     VARIABLE RESTMASSAMU 1;
  10545     VARIABLE RESTMASSMEV 1;
  10546     VARIABLE EKIN 1;
  10547     VARIABLE GAMMA 1;
  10548     VARIABLE BETA 1;
  10549     GAMMA := Y;
  10550     RESTMASSAMU := 1.00728;
  10551     RESTMASSMEV := RESTMASSAMU*AMUMEV;
  10552     BETA := SQRT(GAMMA*GAMMA - 1)/GAMMA;
  10553     EKIN := (GAMMA-1)*RESTMASSMEV;
  10554     RP EKIN RESTMASSAMU 1; %RP: 6326
  10555     RPS 1 1.792847; %RPS: 6403
  10556     WRITE 6 '++++++++++ SETTING UP FOR PROTONS:';
  10557     WRITE 6 'EKIN [MeV]          GAMMA          BETA';
  10558     WRITE 6 SF(EKIN, '(F15.7)')&SF(GAMMA, '(F15.7)')&SF(BETA, '(F15.7)
                  '); %SF:  285 %SF:  285 %SF:  285
  10559     WRITE 6 '+++++++++++++++++++++++++++++++++++';
  10560     ENDPROCEDURE;
  10561   PROCEDURE SET_FOR_DEUTERONS Y;
  10562     VARIABLE RESTMASSAMU 1;
  10563     VARIABLE RESTMASSMEV 1;
  10564     VARIABLE EKIN 1;
  10565     VARIABLE GAMMA 1;
  10566     VARIABLE BETA 1;
  10567     GAMMA := Y;
  10568     RESTMASSAMU := 2.01410;
  10569     RESTMASSMEV := RESTMASSAMU*AMUMEV;
  10570     BETA := SQRT(GAMMA*GAMMA - 1)/GAMMA;
  10571     EKIN := (GAMMA-1)*RESTMASSMEV;
  10572     RP EKIN*PARA(1) RESTMASSAMU 1; %RP: 6326 %PARA: 1044
  10573     RPS 1 -.142987; %RPS: 6403
  10574     WRITE 6 '++++++++++ SETTING UP FOR DEUTERONS:';
  10575     WRITE 6 'EKIN [MeV]          GAMMA          BETA';
  10576     WRITE 6 SF(EKIN, '(F15.7)')&SF(GAMMA, '(F15.7)')&SF(BETA, '(F15.7)
                  '); %SF:  285 %SF:  285 %SF:  285
  10577     WRITE 6 '+++++++++++++++++++++++++++++++++++';
  10578     ENDPROCEDURE;
 --- BIN FILE WRITTEN: header
  10579   SAVE 'header';
