 --- BIN FILE READ: FULL_SEX_CLEAR_5_fam
  11163 INCLUDE 'FULL_SEX_CLEAR_5_fam';
  11164   PROCEDURE OPTIMIZE_CHROM SEXTGX1 SEXTGX2 SEXTGY1 SEXTGY2 EBE;
  11165     VARIABLE MU 800;
  11166     VARIABLE NBAR 800 3;
  11167     VARIABLE OBJ1 1;
  11168     VARIABLE OBJ2 1;
  11169     VARIABLE OBJ 1;
  11170     VARIABLE SGX1 1;
  11171     VARIABLE SGX2 1;
  11172     VARIABLE SGY1 1;
  11173     VARIABLE SGY2 1;
  11174     VARIABLE EB1 1;
  11175     VARIABLE EB2 1;
  11176     VARIABLE E1 1;
  11177     VARIABLE GAMMA 1;
  11178     VARIABLE CHROM_X 1;
  11179     VARIABLE CHROM_Y 1;
  11180     VARIABLE CHROM_X_1 1;
  11181     VARIABLE CHROM_Y_1 1;
  11182     VARIABLE QUADKX 1;
  11183     VARIABLE QUADKY 1;
  11184     VARIABLE QUADKZ 1;
  11185     VARIABLE MU0 1;
  11186     VARIABLE MU_TP 800 3;
  11187     WRITE 6 'BEGIN';
  11188     SGX1 := SEXTGX1;
  11189     SGX2 := SEXTGX2;
  11190     SGY1 := SEXTGY1;
  11191     SGY2 := SEXTGY2;
  11192     EB1 := EBE;
  11193     WRITE 6 'SGx1, SGx2, SGy1, SGy2, EB1 = '&ST(SGX1)&' '&ST(SGX2)&' '
                  &ST(SGY1)&' '&ST(SGY2)&' '&ST(EB1);
  11194     GAMMA := 1.12792344429;
  11195     FIT SGX1 SGX2 SGY1 SGY2;
  11196       LATTICE SGX1 SGX2 SGY1 SGY2 EB1 1; %LATTICE:10580
  11197       TP MU_TP; %TP: 3955
  11198       CHROM_X:= (MU_TP(1)|(0&0&0&0&1))*(1+1/GAMMA);
  11199       CHROM_Y:= (MU_TP(2)|(0&0&0&0&1))*(1+1/GAMMA);
  11200       CHROM_X_1:= MU_TP(1)|(0&0&0&0&2);
  11201       CHROM_Y_1:= MU_TP(1)|(0&0&0&0&2);
  11202       OBJ:= SQRT(SQR(CHROM_X) + SQR(CHROM_Y));
  11203       WRITE 6 'SGx1, SGx2, SGy1, SGy2, EB1 = '&ST(SGX1)&' '&ST(SGX2)&'
                   '&ST(SGY1)&' '&ST(SGY2)&' '&ST(EB1);
  11204       WRITE 6 'CHROM_X, CHROM_Y, CHROM_X_1, CHROM_Y_1='&ST(CHROM_X)&' 
                  '&ST(CHROM_Y)&' '&ST(CHROM_X_1)&' '&ST(CHROM_Y_1);
  11205       WRITE 6 'OBJ ='&ST(OBJ);
  11206       ENDFIT 1E-5 2000 1 OBJ;
  11207     WRITE 6 '====================================';
  11208     WRITE 6 'SGx1, SGx2, SGy1, SGy2, EB1 = '&ST(SGX1)&' '&ST(SGX2)&' '
                  &ST(SGY1)&' '&ST(SGY2)&' '&ST(EB1);
  11209     WRITE 6 'CHROM_X, CHROM_Y='&ST(CHROM_X)&' '&ST(CHROM_Y);
  11210     WRITE 6 'OBJ ='&ST(OBJ);
  11211     SEXTGX1 := SGX1;
  11212     SEXTGX2 := SGX2;
  11213     SEXTGY1 := SGY1;
  11214     SEXTGY2 := SGY2;
  11215     ENDPROCEDURE;
  11216   PROCEDURE OPTIMIZE SEXTGX1 SEXTGX2 SEXTGY1 SEXTGY2 EBE;
  11217     VARIABLE MU 800;
  11218     VARIABLE NBAR 800 3;
  11219     VARIABLE OBJ1 1;
  11220     VARIABLE OBJ2 1;
  11221     VARIABLE OBJ 1;
  11222     VARIABLE SGX1 1;
  11223     VARIABLE SGX2 1;
  11224     VARIABLE SGY1 1;
  11225     VARIABLE SGY2 1;
  11226     VARIABLE EB1 1;
  11227     VARIABLE EB2 1;
  11228     VARIABLE E1 1;
  11229     VARIABLE GAMMA 1;
  11230     VARIABLE CHROM_X 1;
  11231     VARIABLE CHROM_Y 1;
  11232     VARIABLE QUADKX 1;
  11233     VARIABLE QUADKY 1;
  11234     VARIABLE QUADKZ 1;
  11235     VARIABLE MU0 1;
  11236     VARIABLE MU_TP 800 3;
  11237     WRITE 6 'BEGIN';
  11238     SGX1 := SEXTGX1;
  11239     SGX2 := SEXTGX2;
  11240     SGY1 := SEXTGY1;
  11241     SGY2 := SEXTGY2;
  11242     EB1 := EBE;
  11243     WRITE 6 'SGx1, SGx2, SGy1, SGy2, EB1 = '&ST(SGX1)&' '&ST(SGX2)&' '
                  &ST(SGY1)&' '&ST(SGY2)&' '&ST(EB1);
  11244     GAMMA := 1.12792344429;
  11245     FIT SGX1 SGX2 SGY1 SGY2;
  11246       LATTICE SGX1 SGX2 SGY1 SGY2 EB1 1; %LATTICE:10580
  11247       TSS MU NBAR 0; %TSS: 4289
  11248       MU0 := CONS(MU);
  11249       DAPEE MU 11 QUADKX;
  11250       DAPEE MU 33 QUADKY;
  11251       DAPEE MU 66 QUADKZ;
  11252       OBJ := SQRT(SQR(QUADKX) + SQR(QUADKY)+SQR(QUADKZ));
  11253       WRITE 6 'SGx1, SGx2, SGy1, SGy2, EB1 = '&ST(SGX1)&' '&ST(SGX2)&'
                   '&ST(SGY1)&' '&ST(SGY2)&' '&ST(EB1);
  11254       WRITE 6 'quadKx, quadKy, quadKz= '&ST(QUADKX)&' '&ST(QUADKY)&' '
                  &ST(QUADKZ);
  11255       WRITE 6 'MU0 = '&ST(MU0);
  11256       WRITE 6 'OBJ ='&ST(OBJ);
  11257       ENDFIT 1E-9 2000 1 OBJ;
  11258     WRITE 6 '====================================';
  11259     WRITE 6 'SGx1, SGx2, SGy1, SGy2, EB1 = '&ST(SGX1)&' '&ST(SGX2)&' '
                  &ST(SGY1)&' '&ST(SGY2)&' '&ST(EB1);
  11260     WRITE 6 'quadKx, quadKy,quadKz= '&ST(QUADKX)&' '&ST(QUADKY)&' '&ST
                  (QUADKZ);
  11261     WRITE 6 'MU0 = '&ST(MU0);
  11262     WRITE 6 'OBJ ='&ST(OBJ);
  11263     SEXTGX1 := SGX1;
  11264     SEXTGX2 := SGX2;
  11265     SEXTGY1 := SGY1;
  11266     SEXTGY2 := SGY2;
  11267     EBE := EB1;
  11268     ENDPROCEDURE;
  11269   PROCEDURE MAIN;
  11270     VARIABLE GAMMA 1;
  11271     VARIABLE SGX1 1;
  11272     VARIABLE SGX2 1;
  11273     VARIABLE SGY1 1;
  11274     VARIABLE SGY2 1;
  11275     VARIABLE EB1 1;
  11276     VARIABLE MU 800;
  11277     VARIABLE NBAR 800 3;
  11278     GAMMA := 1.12792344429;
  11279     OV 3 3 0; %OV:  969
  11280     SET_FOR_DEUTERONS GAMMA; %SET_FOR_DEUTERONS:10561
  11281     EB1 := 99.04;
  11282     SGX1 :=  0.0;
  11283     SGX2 :=  0.0;
  11284     SGY1  :=  0.0;
  11285     SGY2  :=  0.0;
  11286     WRITE 6 'SGx1, SGx2, SGy1, SGy2, EB1 = '&ST(SGX1)&' '&ST(SGX2)&' '
                  &ST(SGY1)&' '&ST(SGY2)&' '&ST(EB1);
  11287     OPTIMIZE SGX1 SGX2 SGY1 SGY2 EB1; %OPTIMIZE:11216
  11288     WRITE 6 'USE SGx1, SGx2, SGy1, SGy2, EB1 = '&ST(SGX1)&' '&ST(SGX2)
                  &' '&ST(SGY1)&' '&ST(SGY2)&' '&ST(EB1);
  11289     ENDPROCEDURE;
  11290   PROCEDURE RUN;
  11291     MAIN; %MAIN:11269
  11292     ENDPROCEDURE;
  11293   RUN; %RUN:11290
