 --- BIN FILE READ: FULL_SEX_CLEAR
  11161 INCLUDE 'FULL_SEX_CLEAR';
  11162   PROCEDURE OPTIMIZE_OLD SEXTGX1 SEXTGX2 SEXTGY EBE BBE;
  11163     VARIABLE OBJ 1;
  11164     VARIABLE EB1 1;
  11165     VARIABLE EB2 1;
  11166     VARIABLE SXX 1;
  11167     VARIABLE SYY 1;
  11168     VARIABLE SZZ 1;
  11169     VARIABLE SXZ 1;
  11170     VARIABLE SGX1 1;
  11171     VARIABLE SGX2 1;
  11172     VARIABLE SGY 1;
  11173     SGX1 := SEXTGX1;
  11174     SGX2 := SEXTGX2;
  11175     SGY := SEXTGY;
  11176     EB1 := EBE;
  11177     EB2 := BBE;
  11178     FIT EB1 EB2;
  11179       LATTICE SGX1 SGX2 SGY EB1 EB2 1; %LATTICE:10580
  11180       SXX := CONS(SPNR(1,1));
  11181       SXZ := CONS(SPNR(1,3));
  11182       SYY := CONS(SPNR(2,2));
  11183       SZZ := CONS(SPNR(3,3));
  11184       WRITE 6 'SXX = '&ST(SXX);
  11185       WRITE 6 'SXZ = '&ST(SXZ);
  11186       WRITE 6 'SZZ = '&ST(SZZ);
  11187       OBJ := SQRT(SQR(SXX-1) + SQR(SXZ));
  11188       WRITE 6 'EBE, BBE = '&ST(EB1)&', '&ST(EB2);
  11189       WRITE 6 'OBJ ='&ST(OBJ);
  11190       ENDFIT 1E-12 1000 1 OBJ;
  11191     EBE := EB1;
  11192     BBE := EB2;
  11193     ENDPROCEDURE;
  11194   PROCEDURE OPTIMIZE SEXTGX1 SEXTGX2 SEXTGY EBE;
  11195     VARIABLE MU 800;
  11196     VARIABLE NBAR 800 3;
  11197     VARIABLE OBJ1 1;
  11198     VARIABLE OBJ2 1;
  11199     VARIABLE OBJ 1;
  11200     VARIABLE SGX1 1;
  11201     VARIABLE SGX2 1;
  11202     VARIABLE SGY 1;
  11203     VARIABLE EB1 1;
  11204     VARIABLE E1 1;
  11205     VARIABLE GAMMA 1;
  11206     VARIABLE CHROM_X 1;
  11207     VARIABLE CHROM_Y 1;
  11208     VARIABLE QUADKX 1;
  11209     VARIABLE QUADKY 1;
  11210     VARIABLE QUADKZ 1;
  11211     VARIABLE MU0 1;
  11212     VARIABLE MU_TP 800 3;
  11213     VARIABLE MU 800;
  11214     VARIABLE NBAR 800 3;
  11215     VARIABLE MU0 1;
  11216     WRITE 6 'BEGIN';
  11217     SGX1 := SEXTGX1;
  11218     SGX2 := SEXTGX2;
  11219     SGY := SEXTGY;
  11220     EB1 := EBE;
  11221     WRITE 6 'SGx1, SGx2, SGy, EB1= '&ST(SGX1)&' '&ST(SGX2)&' '&ST(SGY)
                  &' '&ST(EB1);
  11222     GAMMA := 1.12792344429;
  11223     FIT EB1;
  11224       LATTICE SGX1 SGX2 SGY EB1 1; %LATTICE:10580
  11225       TSS MU NBAR 0; %TSS: 4289
  11226       MU0 := CONS(MU);
  11227       OBJ := ABS(MU0);
  11228       WRITE 6 'EBE, MU0 = '&ST(EB1)&', '&ST(MU0);
  11229       WRITE 6 'OBJ ='&ST(OBJ);
  11230       ENDFIT 1E-4 1000 1 OBJ;
  11231     EBE := EB1;
  11232     ENDPROCEDURE;
  11233   PROCEDURE MAIN;
  11234     VARIABLE GAMMA 1;
  11235     VARIABLE SGX1 1;
  11236     VARIABLE SGX2 1;
  11237     VARIABLE SGY 1;
  11238     VARIABLE EB1 1;
  11239     VARIABLE EB2 2;
  11240     VARIABLE LEN_S 1;
  11241     VARIABLE A 1;
  11242     VARIABLE MU 800;
  11243     VARIABLE NBAR 800 3;
  11244     GAMMA := 1.12792344429;
  11245     A := 0.05;
  11246     LEN_S := 0.30;
  11247     SGX1 := 0.0;
  11248     SGX2 := 0.0;
  11249     SGY := 0.0;
  11250     OV 3 3 0; %OV:  969
  11251     DAEPS 1E-12;
  11252     SET_FOR_DEUTERONS GAMMA; %SET_FOR_DEUTERONS:10561
  11253     EB1 := 98.97142363519605;
  11254     WRITE 6 'SGx1, SGx2, SGy, EB1 = '&ST(SGX1)&' '&ST(SGX2)&' '&ST(SGY
                  )&' '&ST(EB1);
  11255     OPTIMIZE SGX1 SGX2 SGY EB1; %OPTIMIZE:11194
  11256     WRITE 6 'USE SGx1, SGx2, SGy, EB1 = '&ST(SGX1)&' '&ST(SGX2)&' '&ST
                  (SGY)&' '&ST(EB1);
  11257     ENDPROCEDURE;
  11258   PROCEDURE RUN;
  11259     MAIN; %MAIN:11233
  11260     ENDPROCEDURE;
  11261   RUN; %RUN:11258
