 --- BIN FILE READ: FULL_SEX_CLEAR_5_fam
  11163 INCLUDE 'FULL_SEX_CLEAR_5_fam';
  11164   PROCEDURE MAIN;
  11165     VARIABLE WHERE 100;
  11166     VARIABLE MRKR 10;
  11167     VARIABLE GAMMA 1;
  11168     VARIABLE MAPSE 1;
  11169     VARIABLE MU 800;
  11170     VARIABLE NBAR 800 3;
  11171     VARIABLE EL 1;
  11172     VARIABLE PNUM 1;
  11173     VARIABLE PSI0_DEG 1;
  11174     VARIABLE NTURN 1;
  11175     VARIABLE TUNE 800 3;
  11176     VARIABLE MU_TP 800 3;
  11177     VARIABLE CHROM_X 1;
  11178     VARIABLE CHROM_Y 1;
  11179     VARIABLE SGX1 1;
  11180     VARIABLE SGX2 1;
  11181     VARIABLE SGY1 1;
  11182     VARIABLE SGY2 2;
  11183     VARIABLE EB1 1;
  11184     VARIABLE EB2 1;
  11185     GROUTF 'img/dump/TR' 1;
  11186     GAMMA := 1.12792344429;
  11187     NTURN := 3000000;
  11188     PSI0_DEG := 45;
  11189     PNUM := 10;
  11190     MRKR := 'FULL_45';
  11191     OV 3 3 0; %OV:  969
  11192     SET_FOR_DEUTERONS GAMMA; %SET_FOR_DEUTERONS:10561
  11193     EB1 := 99.04;
  11194     SGX1 :=  -.3298712072509969E-003;
  11195     SGX2 :=  0.2986697055856266E-002;
  11196     SGY1  :=  -.5825467924797626E-003;
  11197     SGY2  :=  -.1208471625468425E-003;
  11198     LATTICE SGX1 SGX2 SGY1 SGY2 EB1 1; %LATTICE:10580
  11199     PM 6; %PM: 1574
  11200     WRITE 6 '++++++++++ Magnetic Rigidity';
  11201     WRITE 6 CONS(CHIM);
  11202     TSS MU NBAR 0; %TSS: 4289
  11203     OPENF 3618 'dat/'&MRKR&'/NU_'&MRKR&'.dat' 'REPLACE';
  11204     WRITE 3618 MU;
  11205     CLOSEF 3618;
  11206     LOOP EL 1 3;
  11207       OPENF 3618 'dat/'&MRKR&'/NBAR'&MRK(EL)&'_'&MRKR&'.dat' 'REPLACE'
                  ; %MRK: 9786
  11208       WRITE 3618 NBAR(EL);
  11209       CLOSEF 3618;
  11210       ENDLOOP;
  11211     OPENF 636 'dat/'&MRKR&'/TrMAP_'&MRKR&'.dat' 'REPLACE';
  11212     PM 636; %PM: 1574
  11213     CLOSEF 636;
  11214     OPENF 636 'dat/'&MRKR&'/SpTrMAP_'&MRKR&'.dat' 'REPLACE';
  11215     PSM 636; %PSM: 1582
  11216     CLOSEF 636;
  11217     OPENF 636 'dat/'&MRKR&'/ABERRATIONS_'&MRKR&'.dat' 'REPLACE';
  11218     PA 636; %PA: 1841
  11219     CLOSEF 636;
  11220     MAPSE := SE(MAP); %SE: 3017
  11221     OPENF 636 'dat/'&MRKR&'/MAP-SYM-ERR_'&MRKR&'.dat' 'REPLACE';
  11222     WRITE 636 MAPSE;
  11223     CLOSEF 636;
  11224     WRITE 6 'dat/'&MRKR&'/MAP SYMPLECTIFICATION ERROR.dat' MAPSE;
  11225     WRITE 6 'dat/'&MRKR&'/LATTICE LENGTH.dat' SPOS;
  11226     ENDPROCEDURE;
  11227   PROCEDURE RUN;
  11228     MAIN; %MAIN:11164
  11229     ENDPROCEDURE;
  11230   RUN; %RUN:11227
