 --- BIN FILE READ: FULL_SEX_CLEAR
  11161 INCLUDE 'FULL_SEX_CLEAR';
  11162   PROCEDURE INJECT NUM PSI_DEG;
  11163     VARIABLE X 100;
  11164     VARIABLE I 1;
  11165     VARIABLE PSI 1;
  11166     VARIABLE SY 1;
  11167     VARIABLE SZ 1;
  11168     PSI := DEG2RAD(PSI_DEG); %DEG2RAD: 9856
  11169     X := LINSPACE(-1E-3, 1E-3, NUM); %LINSPACE: 9840
  11170     SY := SIN(PSI);
  11171     SZ := COS(PSI);
  11172     SR 0 0 0 0 0 0 0 0 1; %SR: 2082
  11173     SSR 0 SY SZ; %SSR: 2197
  11174     LOOP I 1 NUM;
  11175       SR X|I 0 0 0 0 0 0 0 1; %SR: 2082
  11176       SSR 0 SY SZ; %SSR: 2197
  11177       SR 0 0 X|I 0 0 0 0 0 1; %SR: 2082
  11178       SSR 0 SY SZ; %SSR: 2197
  11179       SR 0 0 0 0 0 (X|I)/10 0 0 1; %SR: 2082
  11180       SSR 0 SY SZ; %SSR: 2197
  11181       ENDLOOP;
  11182     ENDPROCEDURE;
  11183   PROCEDURE MAIN;
  11184     VARIABLE WHERE 100;
  11185     VARIABLE MRKR 10;
  11186     VARIABLE GAMMA 1;
  11187     VARIABLE MAPSE 1;
  11188     VARIABLE MU 800;
  11189     VARIABLE NBAR 800 3;
  11190     VARIABLE EL 1;
  11191     VARIABLE PNUM 1;
  11192     VARIABLE PSI0_DEG 1;
  11193     VARIABLE NTURN 1;
  11194     VARIABLE TUNE 800 3;
  11195     VARIABLE MU_TP 800 3;
  11196     VARIABLE CHROM_X 1;
  11197     VARIABLE CHROM_Y 1;
  11198     VARIABLE SGX1 1;
  11199     VARIABLE SGX2 1;
  11200     VARIABLE SGY 1;
  11201     VARIABLE EB1 1;
  11202     VARIABLE EB2 1;
  11203     GROUTF 'img/dump/TR' 1;
  11204     GAMMA := 1.12792344429;
  11205     NTURN := 3000000;
  11206     PSI0_DEG := 45;
  11207     PNUM := 10;
  11208     MRKR := 'FULL_test';
  11209     OV 3 3 0; %OV:  969
  11210     DAEPS 1E-12;
  11211     SET_FOR_DEUTERONS GAMMA; %SET_FOR_DEUTERONS:10561
  11212     EB1 := 99.04;
  11213     SGX1 :=  0.0;
  11214     SGX2 :=  0.0;
  11215     SGY  :=  0.0;
  11216     LATTICE SGX1 SGX2 SGY EB1 1; %LATTICE:10580
  11217     PM 6; %PM: 1574
  11218     WRITE 6 '++++++++++ Magnetic Rigidity';
  11219     WRITE 6 CONS(CHIM);
  11220     INJECT PNUM PSI0_DEG; %INJECT:11162
  11221     WRITE 6 '******************** STARTING TRACKING';
  11222     OPENF 99 'dat/'&MRKR&'/PRAY_'&MRKR&'.dat' 'REPLACE';
  11223     PRAY 99; %PRAY: 2299
  11224     CLOSEF 99;
  11225     OPENF 772 'dat/'&MRKR&'/TRPRAY_'&MRKR&'.dat' 'REPLACE';
  11226     OPENF 893 'dat/'&MRKR&'/TRPSPI_'&MRKR&'.dat' 'REPLACE';
  11227     TRPRAY 772; %TRPRAY: 5327
  11228     TRPSPI 893; %TRPSPI: 5337
  11229     TR NTURN NINT(NTURN/5000) -1 -3 1.2 1.2 0 0 -12; %TR: 4756
  11230     CLOSEF 772;
  11231     CLOSEF 893;
  11232     ENDPROCEDURE;
  11233   PROCEDURE RUN;
  11234     MAIN; %MAIN:11183
  11235     ENDPROCEDURE;
  11236   RUN; %RUN:11233
