 --- BIN FILE READ: FULL_SEX_CLEAR
  11160 INCLUDE 'FULL_SEX_CLEAR';
  11161   PROCEDURE MAIN;
  11162     VARIABLE WHERE 100;
  11163     VARIABLE MRKR 10;
  11164     VARIABLE GAMMA 1;
  11165     VARIABLE MAPSE 1;
  11166     VARIABLE MU 800;
  11167     VARIABLE NBAR 800 3;
  11168     VARIABLE EL 1;
  11169     VARIABLE PNUM 1;
  11170     VARIABLE PSI0_DEG 1;
  11171     VARIABLE NTURN 1;
  11172     VARIABLE TUNE 800 3;
  11173     VARIABLE MU_TP 800 3;
  11174     VARIABLE CHROM_X 1;
  11175     VARIABLE CHROM_Y 1;
  11176     VARIABLE SGX 1;
  11177     VARIABLE SGY 1;
  11178     GROUTF 'img/dump/TR' 1;
  11179     GAMMA := 1.1279235;
  11180     NTURN := 3000000;
  11181     PSI0_DEG := 45;
  11182     PNUM := 10;
  11183     MRKR := 'FULL_45_CH';
  11184     OV 3 2 1; %OV:  969
  11185     SET_FOR_DEUTERONS GAMMA; %SET_FOR_DEUTERONS:10561
  11186     SGX := 0.3930402001571076E-002;
  11187     SGY := -.7865314679812952E-002;
  11188     LATTICE SGX SGY 1; %LATTICE:10580
  11189     PM 6; %PM: 1574
  11190     WRITE 6 '++++++++++ Magnetic Rigidity';
  11191     WRITE 6 CONS(CHIM);
  11192     TSS MU NBAR 0; %TSS: 4289
  11193     OPENF 3618 'dat/'&MRKR&'/NU_'&MRKR&'.dat' 'REPLACE';
  11194     WRITE 3618 MU;
  11195     CLOSEF 3618;
  11196     LOOP EL 1 3;
  11197       OPENF 3618 'dat/'&MRKR&'/NBAR'&MRK(EL)&'_'&MRKR&'.dat' 'REPLACE'
                  ; %MRK: 9786
  11198       WRITE 3618 NBAR(EL);
  11199       CLOSEF 3618;
  11200       ENDLOOP;
  11201     OPENF 636 'dat/'&MRKR&'/TrMAP_'&MRKR&'.dat' 'REPLACE';
  11202     PM 636; %PM: 1574
  11203     CLOSEF 636;
  11204     OPENF 636 'dat/'&MRKR&'/SpTrMAP_'&MRKR&'.dat' 'REPLACE';
  11205     PSM 636; %PSM: 1582
  11206     CLOSEF 636;
  11207     OPENF 636 'dat/'&MRKR&'/ABERRATIONS_'&MRKR&'.dat' 'REPLACE';
  11208     PA 636; %PA: 1841
  11209     CLOSEF 636;
  11210     MAPSE := SE(MAP); %SE: 3017
  11211     OPENF 636 'dat/'&MRKR&'/MAP-SYM-ERR_'&MRKR&'.dat' 'REPLACE';
  11212     WRITE 636 MAPSE;
  11213     CLOSEF 636;
  11214     WRITE 6 'dat/'&MRKR&'/MAP SYMPLECTIFICATION ERROR.dat' MAPSE;
  11215     WRITE 6 'dat/'&MRKR&'/LATTICE LENGTH.dat' SPOS;
  11216     TP MU_TP ; %TP: 3955
  11217     WRITE 6 'DELTA DEPENDENT TUNES' MU_TP(1) MU_TP(2) ;
  11218     CHROM_X:= (MU_TP(1)|(0&0&0&0&1))*(1+1/GAMMA);
  11219     CHROM_Y:= (MU_TP(2)|(0&0&0&0&1))*(1+1/GAMMA);
  11220     WRITE 6 'CHROM_X' CHROM_X 'CHROM_Y' CHROM_Y;
  11221     LOOP EL 1 2;
  11222       OPENF 3618 'dat/'&MRKR&'/MU_TP'&MRK(EL)&'_'&MRKR&'.dat' 'REPLACE
                  '; %MRK: 9786
  11223       WRITE 3618 MU_TP(EL);
  11224       CLOSEF 3618;
  11225       ENDLOOP;
  11226     ENDPROCEDURE;
  11227   PROCEDURE RUN;
  11228     MAIN; %MAIN:11161
  11229     ENDPROCEDURE;
  11230   RUN; %RUN:11227
