 --- BIN FILE READ: header
  10579 INCLUDE 'header';
  10580   PROCEDURE LATTICE SEXTGX1 SEXTGY1 SEXTGX2 SEXTGY2 EB1 RFFLAG MAPARR 
                  SPNRARR;
  10581     VARIABLE VRF 1 1 1;
  10582     VARIABLE FREQ 1;
  10583     VARIABLE HNUM 1;
  10584     VARIABLE I 1;
  10585     VARIABLE LEN_S 1;
  10586     VARIABLE A 1;
  10587     VARIABLE LEN_S_1 1;
  10588     VARIABLE EBE 1;
  10589     VARIABLE BBE 1;
  10590     VARIABLE SF1 1;
  10591     VARIABLE SF2 1;
  10592     VARIABLE SD 1;
  10593     VARIABLE SD1 1;
  10594     VARIABLE SFC 1;
  10595     VARIABLE SDC 1;
  10596     VARIABLE QF1 1;
  10597     VARIABLE QD 1;
  10598     VARIABLE Q7W2 1;
  10599     VARIABLE Q9W2 1;
  10600     VARIABLE Q5W2 1;
  10601     VARIABLE Q6W2 1;
  10602     VARIABLE QBP1 1;
  10603     VARIABLE QBP2 1;
  10604     VARIABLE QFS 1;
  10605     VARIABLE QDS 1;
  10606     VARIABLE QMF 1;
  10607     VARIABLE QMD 1;
  10608     VARIABLE O 1;
  10609     EBE := EB1;
  10610     A := 0.05;
  10611     LEN_S := 0.30;
  10612     LEN_S_1 := 0.000001;
  10613     SF1 := SEXTGX1;
  10614     SF2 := SEXTGX2;
  10615     SD  := SEXTGY1;
  10616     SD1 := SEXTGY2;
  10617     QF1:=0.5291938507;
  10618     QD:=-0.5180465069;
  10619     Q7W2:=0.5462726986;
  10620     Q9W2:=0.521884792;
  10621     Q6W2:=-0.5899853924;
  10622     Q5W2:=0.9571898423;
  10623     QMD:=-0.5915218127;
  10624     QMF:=0.9571898423;
  10625     QFS:=  0.4470983052;
  10626     QDS:= -0.5515748851;
  10627     QBP1:=2.654626982;
  10628     QBP2:=-1.399064318;
  10629     O:= 5.32845 ;
  10630     HNUM := 66;
  10631     VRF(1, 1) := 100/HNUM;
  10632     FREQ := HNUM*REVFREQ(FACCLEN(1)); %REVFREQ: 9907 %FACCLEN:10534
  10633     WRITE 6 '********************************************';
  10634     WRITE 6 '*      FS NICA BYPASS 7 NOW 2022           *';
  10635     WRITE 6 '********************************************';
  10636     WRITE 6 'REVOLUTION FREQUENCY: '&ST(REVFREQ(FACCLEN(1))/1E6)&' MHZ
                  '; %REVFREQ: 9907 %FACCLEN:10534
  10637     WRITE 6 'RF FREQUENCY: '&ST(FREQ/1E6)&' MHZ';
  10638     UM; %UM: 1488
  10639     CR; %CR:  947
  10640     IF RFFLAG=1;
  10641       RF VRF 0 FREQ 0 0.05; %RF: 8697
  10642       ENDIF;
  10643     LOOP I 1 1;
  10644       UM; %UM: 1488
  10645       DL 0.215 ; %DL: 6559
  10646       SMAPS 1 MAPARR SPNRARR; %SMAPS:10113
  10647       UM; %UM: 1488
  10648       SBEND 1.94 0.07853981588 0 0.03926990817 0.03586152553 0.0392699
                  0817 0.03586152553 0.5 0.5 ; %SBEND:10385
  10649       SMAPS 2 MAPARR SPNRARR; %SMAPS:10113
  10650       UM; %UM: 1488
  10651       DL 0.3 ; %DL: 6559
  10652       SMAPS 3 MAPARR SPNRARR; %SMAPS:10113
  10653       UM; %UM: 1488
  10654       SBEND 1.94 0.07853981588 0 0.03926990817 0.03586152553 0.0392699
                  0817 0.03586152553 0.5 0.5 ; %SBEND:10385
  10655       SMAPS 4 MAPARR SPNRARR; %SMAPS:10113
  10656       UM; %UM: 1488
  10657       DL 0.3365 ; %DL: 6559
  10658       SMAPS 5 MAPARR SPNRARR; %SMAPS:10113
  10659       UM; %UM: 1488
  10660       DL 0.3 ; %DL: 6559
  10661       SMAPS 6 MAPARR SPNRARR; %SMAPS:10113
  10662       UM; %UM: 1488
  10663       DL 0.076 ; %DL: 6559
  10664       SMAPS 7 MAPARR SPNRARR; %SMAPS:10113
  10665       UM; %UM: 1488
  10666       QUAD 0.375 0 Q7W2 ; %QUAD:10321
  10667       SMAPS 8 MAPARR SPNRARR; %SMAPS:10113
  10668       UM; %UM: 1488
  10669       DL 5.1815 ; %DL: 6559
  10670       SMAPS 9 MAPARR SPNRARR; %SMAPS:10113
  10671       UM; %UM: 1488
  10672       MH LEN_S SD1 0.05; %MH: 7153
  10673       SMAPS 10 MAPARR SPNRARR; %SMAPS:10113
  10674       UM; %UM: 1488
  10675       DL 0.076 ; %DL: 6559
  10676       SMAPS 11 MAPARR SPNRARR; %SMAPS:10113
  10677       UM; %UM: 1488
  10678       QUAD 0.235 0 QD ; %QUAD:10321
  10679       SMAPS 12 MAPARR SPNRARR; %SMAPS:10113
  10680       UM; %UM: 1488
  10681       QUAD 0.235 0 QD ; %QUAD:10321
  10682       SMAPS 13 MAPARR SPNRARR; %SMAPS:10113
  10683       UM; %UM: 1488
  10684       DL 5.144 ; %DL: 6559
  10685       SMAPS 14 MAPARR SPNRARR; %SMAPS:10113
  10686       UM; %UM: 1488
  10687       DL 0.3 ; %DL: 6559
  10688       SMAPS 15 MAPARR SPNRARR; %SMAPS:10113
  10689       UM; %UM: 1488
  10690       DL 0.076 ; %DL: 6559
  10691       SMAPS 16 MAPARR SPNRARR; %SMAPS:10113
  10692       UM; %UM: 1488
  10693       QUAD 0.45 0 Q9W2 ; %QUAD:10321
  10694       SMAPS 17 MAPARR SPNRARR; %SMAPS:10113
  10695       UM; %UM: 1488
  10696       DL 0.675 ; %DL: 6559
  10697       SMAPS 18 MAPARR SPNRARR; %SMAPS:10113
  10698       UM; %UM: 1488
  10699       SBEND 1.94 0.07853981588 0 0.03926990817 0.03586152553 0.0392699
                  0817 0.03586152553 0.5 0.5 ; %SBEND:10385
  10700       SMAPS 19 MAPARR SPNRARR; %SMAPS:10113
  10701       UM; %UM: 1488
  10702       DL 0.3 ; %DL: 6559
  10703       SMAPS 20 MAPARR SPNRARR; %SMAPS:10113
  10704       UM; %UM: 1488
  10705       SBEND 1.94 0.07853981588 0 0.03926990817 0.03586152553 0.0392699
                  0817 0.03586152553 0.5 0.5 ; %SBEND:10385
  10706       SMAPS 21 MAPARR SPNRARR; %SMAPS:10113
  10707       UM; %UM: 1488
  10708       DL 0.289 ; %DL: 6559
  10709       SMAPS 22 MAPARR SPNRARR; %SMAPS:10113
  10710       UM; %UM: 1488
  10711       MH LEN_S SD 0.05; %MH: 7153
  10712       SMAPS 23 MAPARR SPNRARR; %SMAPS:10113
  10713       UM; %UM: 1488
  10714       DL 0.076 ; %DL: 6559
  10715       SMAPS 24 MAPARR SPNRARR; %SMAPS:10113
  10716       UM; %UM: 1488
  10717       QUAD 0.235 0 QD ; %QUAD:10321
  10718       SMAPS 25 MAPARR SPNRARR; %SMAPS:10113
  10719       UM; %UM: 1488
  10720       QUAD 0.235 0 QD ; %QUAD:10321
  10721       SMAPS 26 MAPARR SPNRARR; %SMAPS:10113
  10722       UM; %UM: 1488
  10723       DL 0.665 ; %DL: 6559
  10724       SMAPS 27 MAPARR SPNRARR; %SMAPS:10113
  10725       UM; %UM: 1488
  10726       SBEND 1.94 0.07853981588 0 0.03926990817 0.03586152553 0.0392699
                  0817 0.03586152553 0.5 0.5 ; %SBEND:10385
  10727       SMAPS 28 MAPARR SPNRARR; %SMAPS:10113
  10728       UM; %UM: 1488
  10729       DL 0.3 ; %DL: 6559
  10730       SMAPS 29 MAPARR SPNRARR; %SMAPS:10113
  10731       UM; %UM: 1488
  10732       SBEND 1.94 0.07853981588 0 0.03926990817 0.03586152553 0.0392699
                  0817 0.03586152553 0.5 0.5 ; %SBEND:10385
  10733       SMAPS 30 MAPARR SPNRARR; %SMAPS:10113
  10734       UM; %UM: 1488
  10735       DL 0.289 ; %DL: 6559
  10736       SMAPS 31 MAPARR SPNRARR; %SMAPS:10113
  10737       UM; %UM: 1488
  10738       MH LEN_S SF1 0.05; %MH: 7153
  10739       SMAPS 32 MAPARR SPNRARR; %SMAPS:10113
  10740       UM; %UM: 1488
  10741       DL 0.076 ; %DL: 6559
  10742       SMAPS 33 MAPARR SPNRARR; %SMAPS:10113
  10743       UM; %UM: 1488
  10744       QUAD 0.235 0 QF1 ; %QUAD:10321
  10745       SMAPS 34 MAPARR SPNRARR; %SMAPS:10113
  10746       UM; %UM: 1488
  10747       QUAD 0.235 0 QF1 ; %QUAD:10321
  10748       SMAPS 35 MAPARR SPNRARR; %SMAPS:10113
  10749       UM; %UM: 1488
  10750       DL 0.665 ; %DL: 6559
  10751       SMAPS 36 MAPARR SPNRARR; %SMAPS:10113
  10752       UM; %UM: 1488
  10753       SBEND 1.94 0.07853981588 0 0.03926990817 0.03586152553 0.0392699
                  0817 0.03586152553 0.5 0.5 ; %SBEND:10385
  10754       SMAPS 37 MAPARR SPNRARR; %SMAPS:10113
  10755       UM; %UM: 1488
  10756       DL 0.3 ; %DL: 6559
  10757       SMAPS 38 MAPARR SPNRARR; %SMAPS:10113
  10758       UM; %UM: 1488
  10759       SBEND 1.94 0.07853981588 0 0.03926990817 0.03586152553 0.0392699
                  0817 0.03586152553 0.5 0.5 ; %SBEND:10385
  10760       SMAPS 39 MAPARR SPNRARR; %SMAPS:10113
  10761       UM; %UM: 1488
  10762       DL 0.289 ; %DL: 6559
  10763       SMAPS 40 MAPARR SPNRARR; %SMAPS:10113
  10764       UM; %UM: 1488
  10765       MH LEN_S SD 0.05; %MH: 7153
  10766       SMAPS 41 MAPARR SPNRARR; %SMAPS:10113
  10767       UM; %UM: 1488
  10768       DL 0.076 ; %DL: 6559
  10769       SMAPS 42 MAPARR SPNRARR; %SMAPS:10113
  10770       UM; %UM: 1488
  10771       QUAD 0.235 0 QD ; %QUAD:10321
  10772       SMAPS 43 MAPARR SPNRARR; %SMAPS:10113
  10773       UM; %UM: 1488
  10774       QUAD 0.235 0 QD ; %QUAD:10321
  10775       SMAPS 44 MAPARR SPNRARR; %SMAPS:10113
  10776       UM; %UM: 1488
  10777       DL 0.665 ; %DL: 6559
  10778       SMAPS 45 MAPARR SPNRARR; %SMAPS:10113
  10779       UM; %UM: 1488
  10780       SBEND 1.94 0.07853981588 0 0.03926990817 0.03586152553 0.0392699
                  0817 0.03586152553 0.5 0.5 ; %SBEND:10385
  10781       SMAPS 46 MAPARR SPNRARR; %SMAPS:10113
  10782       UM; %UM: 1488
  10783       DL 0.3 ; %DL: 6559
  10784       SMAPS 47 MAPARR SPNRARR; %SMAPS:10113
  10785       UM; %UM: 1488
  10786       SBEND 1.94 0.07853981588 0 0.03926990817 0.03586152553 0.0392699
                  0817 0.03586152553 0.5 0.5 ; %SBEND:10385
  10787       SMAPS 48 MAPARR SPNRARR; %SMAPS:10113
  10788       UM; %UM: 1488
  10789       DL 0.289 ; %DL: 6559
  10790       SMAPS 49 MAPARR SPNRARR; %SMAPS:10113
  10791       UM; %UM: 1488
  10792       MH LEN_S SF2 0.05; %MH: 7153
  10793       SMAPS 50 MAPARR SPNRARR; %SMAPS:10113
  10794       UM; %UM: 1488
  10795       DL 0.076 ; %DL: 6559
  10796       SMAPS 51 MAPARR SPNRARR; %SMAPS:10113
  10797       UM; %UM: 1488
  10798       QUAD 0.235 0 QF1 ; %QUAD:10321
  10799       SMAPS 52 MAPARR SPNRARR; %SMAPS:10113
  10800       UM; %UM: 1488
  10801       QUAD 0.235 0 QF1 ; %QUAD:10321
  10802       SMAPS 53 MAPARR SPNRARR; %SMAPS:10113
  10803       UM; %UM: 1488
  10804       DL 0.665 ; %DL: 6559
  10805       SMAPS 54 MAPARR SPNRARR; %SMAPS:10113
  10806       UM; %UM: 1488
  10807       SBEND 1.94 0.07853981588 0 0.03926990817 0.03586152553 0.0392699
                  0817 0.03586152553 0.5 0.5 ; %SBEND:10385
  10808       SMAPS 55 MAPARR SPNRARR; %SMAPS:10113
  10809       UM; %UM: 1488
  10810       DL 0.3 ; %DL: 6559
  10811       SMAPS 56 MAPARR SPNRARR; %SMAPS:10113
  10812       UM; %UM: 1488
  10813       SBEND 1.94 0.07853981588 0 0.03926990817 0.03586152553 0.0392699
                  0817 0.03586152553 0.5 0.5 ; %SBEND:10385
  10814       SMAPS 57 MAPARR SPNRARR; %SMAPS:10113
  10815       UM; %UM: 1488
  10816       DL 0.289 ; %DL: 6559
  10817       SMAPS 58 MAPARR SPNRARR; %SMAPS:10113
  10818       UM; %UM: 1488
  10819       MH LEN_S SD 0.05; %MH: 7153
  10820       SMAPS 59 MAPARR SPNRARR; %SMAPS:10113
  10821       UM; %UM: 1488
  10822       DL 0.076 ; %DL: 6559
  10823       SMAPS 60 MAPARR SPNRARR; %SMAPS:10113
  10824       UM; %UM: 1488
  10825       QUAD 0.235 0 QD ; %QUAD:10321
  10826       SMAPS 61 MAPARR SPNRARR; %SMAPS:10113
  10827       UM; %UM: 1488
  10828       QUAD 0.235 0 QD ; %QUAD:10321
  10829       SMAPS 62 MAPARR SPNRARR; %SMAPS:10113
  10830       UM; %UM: 1488
  10831       DL 0.665 ; %DL: 6559
  10832       SMAPS 63 MAPARR SPNRARR; %SMAPS:10113
  10833       UM; %UM: 1488
  10834       SBEND 1.94 0.07853981588 0 0.03926990817 0.03586152553 0.0392699
                  0817 0.03586152553 0.5 0.5 ; %SBEND:10385
  10835       SMAPS 64 MAPARR SPNRARR; %SMAPS:10113
  10836       UM; %UM: 1488
  10837       DL 0.3 ; %DL: 6559
  10838       SMAPS 65 MAPARR SPNRARR; %SMAPS:10113
  10839       UM; %UM: 1488
  10840       SBEND 1.94 0.07853981588 0 0.03926990817 0.03586152553 0.0392699
                  0817 0.03586152553 0.5 0.5 ; %SBEND:10385
  10841       SMAPS 66 MAPARR SPNRARR; %SMAPS:10113
  10842       UM; %UM: 1488
  10843       DL 0.289 ; %DL: 6559
  10844       SMAPS 67 MAPARR SPNRARR; %SMAPS:10113
  10845       UM; %UM: 1488
  10846       MH LEN_S SF1 0.05; %MH: 7153
  10847       SMAPS 68 MAPARR SPNRARR; %SMAPS:10113
  10848       UM; %UM: 1488
  10849       DL 0.076 ; %DL: 6559
  10850       SMAPS 69 MAPARR SPNRARR; %SMAPS:10113
  10851       UM; %UM: 1488
  10852       QUAD 0.235 0 QF1 ; %QUAD:10321
  10853       SMAPS 70 MAPARR SPNRARR; %SMAPS:10113
  10854       UM; %UM: 1488
  10855       QUAD 0.235 0 QF1 ; %QUAD:10321
  10856       SMAPS 71 MAPARR SPNRARR; %SMAPS:10113
  10857       UM; %UM: 1488
  10858       DL 0.665 ; %DL: 6559
  10859       SMAPS 72 MAPARR SPNRARR; %SMAPS:10113
  10860       UM; %UM: 1488
  10861       SBEND 1.94 0.07853981588 0 0.03926990817 0.03586152553 0.0392699
                  0817 0.03586152553 0.5 0.5 ; %SBEND:10385
  10862       SMAPS 73 MAPARR SPNRARR; %SMAPS:10113
  10863       UM; %UM: 1488
  10864       DL 0.3 ; %DL: 6559
  10865       SMAPS 74 MAPARR SPNRARR; %SMAPS:10113
  10866       UM; %UM: 1488
  10867       SBEND 1.94 0.07853981588 0 0.03926990817 0.03586152553 0.0392699
                  0817 0.03586152553 0.5 0.5 ; %SBEND:10385
  10868       SMAPS 75 MAPARR SPNRARR; %SMAPS:10113
  10869       UM; %UM: 1488
  10870       DL 0.289 ; %DL: 6559
  10871       SMAPS 76 MAPARR SPNRARR; %SMAPS:10113
  10872       UM; %UM: 1488
  10873       MH LEN_S SD 0.05; %MH: 7153
  10874       SMAPS 77 MAPARR SPNRARR; %SMAPS:10113
  10875       UM; %UM: 1488
  10876       DL 0.076 ; %DL: 6559
  10877       SMAPS 78 MAPARR SPNRARR; %SMAPS:10113
  10878       UM; %UM: 1488
  10879       QUAD 0.235 0 QD ; %QUAD:10321
  10880       SMAPS 79 MAPARR SPNRARR; %SMAPS:10113
  10881       UM; %UM: 1488
  10882       QUAD 0.235 0 QD ; %QUAD:10321
  10883       SMAPS 80 MAPARR SPNRARR; %SMAPS:10113
  10884       UM; %UM: 1488
  10885       DL 0.665 ; %DL: 6559
  10886       SMAPS 81 MAPARR SPNRARR; %SMAPS:10113
  10887       UM; %UM: 1488
  10888       SBEND 1.94 0.07853981588 0 0.03926990817 0.03586152553 0.0392699
                  0817 0.03586152553 0.5 0.5 ; %SBEND:10385
  10889       SMAPS 82 MAPARR SPNRARR; %SMAPS:10113
  10890       UM; %UM: 1488
  10891       DL 0.3 ; %DL: 6559
  10892       SMAPS 83 MAPARR SPNRARR; %SMAPS:10113
  10893       UM; %UM: 1488
  10894       SBEND 1.94 0.07853981588 0 0.03926990817 0.03586152553 0.0392699
                  0817 0.03586152553 0.5 0.5 ; %SBEND:10385
  10895       SMAPS 84 MAPARR SPNRARR; %SMAPS:10113
  10896       UM; %UM: 1488
  10897       DL 0.289 ; %DL: 6559
  10898       SMAPS 85 MAPARR SPNRARR; %SMAPS:10113
  10899       UM; %UM: 1488
  10900       MH LEN_S SF2 0.05; %MH: 7153
  10901       SMAPS 86 MAPARR SPNRARR; %SMAPS:10113
  10902       UM; %UM: 1488
  10903       DL 0.076 ; %DL: 6559
  10904       SMAPS 87 MAPARR SPNRARR; %SMAPS:10113
  10905       UM; %UM: 1488
  10906       QUAD 0.235 0 QF1 ; %QUAD:10321
  10907       SMAPS 88 MAPARR SPNRARR; %SMAPS:10113
  10908       UM; %UM: 1488
  10909       QUAD 0.235 0 QF1 ; %QUAD:10321
  10910       SMAPS 89 MAPARR SPNRARR; %SMAPS:10113
  10911       UM; %UM: 1488
  10912       DL 0.665 ; %DL: 6559
  10913       SMAPS 90 MAPARR SPNRARR; %SMAPS:10113
  10914       UM; %UM: 1488
  10915       SBEND 1.94 0.07853981588 0 0.03926990817 0.03586152553 0.0392699
                  0817 0.03586152553 0.5 0.5 ; %SBEND:10385
  10916       SMAPS 91 MAPARR SPNRARR; %SMAPS:10113
  10917       UM; %UM: 1488
  10918       DL 0.3 ; %DL: 6559
  10919       SMAPS 92 MAPARR SPNRARR; %SMAPS:10113
  10920       UM; %UM: 1488
  10921       SBEND 1.94 0.07853981588 0 0.03926990817 0.03586152553 0.0392699
                  0817 0.03586152553 0.5 0.5 ; %SBEND:10385
  10922       SMAPS 93 MAPARR SPNRARR; %SMAPS:10113
  10923       UM; %UM: 1488
  10924       DL 0.289 ; %DL: 6559
  10925       SMAPS 94 MAPARR SPNRARR; %SMAPS:10113
  10926       UM; %UM: 1488
  10927       MH LEN_S SD 0.05; %MH: 7153
  10928       SMAPS 95 MAPARR SPNRARR; %SMAPS:10113
  10929       UM; %UM: 1488
  10930       DL 0.076 ; %DL: 6559
  10931       SMAPS 96 MAPARR SPNRARR; %SMAPS:10113
  10932       UM; %UM: 1488
  10933       QUAD 0.235 0 QD ; %QUAD:10321
  10934       SMAPS 97 MAPARR SPNRARR; %SMAPS:10113
  10935       UM; %UM: 1488
  10936       QUAD 0.235 0 QD ; %QUAD:10321
  10937       SMAPS 98 MAPARR SPNRARR; %SMAPS:10113
  10938       UM; %UM: 1488
  10939       DL 0.665 ; %DL: 6559
  10940       SMAPS 99 MAPARR SPNRARR; %SMAPS:10113
  10941       UM; %UM: 1488
  10942       SBEND 1.94 0.07853981588 0 0.03926990817 0.03586152553 0.0392699
                  0817 0.03586152553 0.5 0.5 ; %SBEND:10385
  10943       SMAPS 100 MAPARR SPNRARR; %SMAPS:10113
  10944       UM; %UM: 1488
  10945       DL 0.3 ; %DL: 6559
  10946       SMAPS 101 MAPARR SPNRARR; %SMAPS:10113
  10947       UM; %UM: 1488
  10948       SBEND 1.94 0.07853981588 0 0.03926990817 0.03586152553 0.0392699
                  0817 0.03586152553 0.5 0.5 ; %SBEND:10385
  10949       SMAPS 102 MAPARR SPNRARR; %SMAPS:10113
  10950       UM; %UM: 1488
  10951       DL 0.289 ; %DL: 6559
  10952       SMAPS 103 MAPARR SPNRARR; %SMAPS:10113
  10953       UM; %UM: 1488
  10954       MH LEN_S SF1 0.05; %MH: 7153
  10955       SMAPS 104 MAPARR SPNRARR; %SMAPS:10113
  10956       UM; %UM: 1488
  10957       DL 0.076 ; %DL: 6559
  10958       SMAPS 105 MAPARR SPNRARR; %SMAPS:10113
  10959       UM; %UM: 1488
  10960       QUAD 0.235 0 QF1 ; %QUAD:10321
  10961       SMAPS 106 MAPARR SPNRARR; %SMAPS:10113
  10962       UM; %UM: 1488
  10963       QUAD 0.235 0 QF1 ; %QUAD:10321
  10964       SMAPS 107 MAPARR SPNRARR; %SMAPS:10113
  10965       UM; %UM: 1488
  10966       DL 0.665 ; %DL: 6559
  10967       SMAPS 108 MAPARR SPNRARR; %SMAPS:10113
  10968       UM; %UM: 1488
  10969       SBEND 1.94 0.07853981588 0 0.03926990817 0.03586152553 0.0392699
                  0817 0.03586152553 0.5 0.5 ; %SBEND:10385
  10970       SMAPS 109 MAPARR SPNRARR; %SMAPS:10113
  10971       UM; %UM: 1488
  10972       DL 0.3 ; %DL: 6559
  10973       SMAPS 110 MAPARR SPNRARR; %SMAPS:10113
  10974       UM; %UM: 1488
  10975       SBEND 1.94 0.07853981588 0 0.03926990817 0.03586152553 0.0392699
                  0817 0.03586152553 0.5 0.5 ; %SBEND:10385
  10976       SMAPS 111 MAPARR SPNRARR; %SMAPS:10113
  10977       UM; %UM: 1488
  10978       DL 0.289 ; %DL: 6559
  10979       SMAPS 112 MAPARR SPNRARR; %SMAPS:10113
  10980       UM; %UM: 1488
  10981       MH LEN_S SD 0.05; %MH: 7153
  10982       SMAPS 113 MAPARR SPNRARR; %SMAPS:10113
  10983       UM; %UM: 1488
  10984       DL 0.076 ; %DL: 6559
  10985       SMAPS 114 MAPARR SPNRARR; %SMAPS:10113
  10986       UM; %UM: 1488
  10987       QUAD 0.235 0 QD ; %QUAD:10321
  10988       SMAPS 115 MAPARR SPNRARR; %SMAPS:10113
  10989       UM; %UM: 1488
  10990       QUAD 0.235 0 QD ; %QUAD:10321
  10991       SMAPS 116 MAPARR SPNRARR; %SMAPS:10113
  10992       UM; %UM: 1488
  10993       DL 0.665 ; %DL: 6559
  10994       SMAPS 117 MAPARR SPNRARR; %SMAPS:10113
  10995       UM; %UM: 1488
  10996       SBEND 1.94 0.07853981588 0 0.03926990817 0.03586152553 0.0392699
                  0817 0.03586152553 0.5 0.5 ; %SBEND:10385
  10997       SMAPS 118 MAPARR SPNRARR; %SMAPS:10113
  10998       UM; %UM: 1488
  10999       DL 0.3 ; %DL: 6559
  11000       SMAPS 119 MAPARR SPNRARR; %SMAPS:10113
  11001       UM; %UM: 1488
  11002       SBEND 1.94 0.07853981588 0 0.03926990817 0.03586152553 0.0392699
                  0817 0.03586152553 0.5 0.5 ; %SBEND:10385
  11003       SMAPS 120 MAPARR SPNRARR; %SMAPS:10113
  11004       UM; %UM: 1488
  11005       DL 0.289 ; %DL: 6559
  11006       SMAPS 121 MAPARR SPNRARR; %SMAPS:10113
  11007       UM; %UM: 1488
  11008       MH LEN_S SF2 0.05; %MH: 7153
  11009       SMAPS 122 MAPARR SPNRARR; %SMAPS:10113
  11010       UM; %UM: 1488
  11011       DL 0.076 ; %DL: 6559
  11012       SMAPS 123 MAPARR SPNRARR; %SMAPS:10113
  11013       UM; %UM: 1488
  11014       QUAD 0.235 0 QF1 ; %QUAD:10321
  11015       SMAPS 124 MAPARR SPNRARR; %SMAPS:10113
  11016       UM; %UM: 1488
  11017       QUAD 0.235 0 QF1 ; %QUAD:10321
  11018       SMAPS 125 MAPARR SPNRARR; %SMAPS:10113
  11019       UM; %UM: 1488
  11020       DL 0.665 ; %DL: 6559
  11021       SMAPS 126 MAPARR SPNRARR; %SMAPS:10113
  11022       UM; %UM: 1488
  11023       SBEND 1.94 0.07853981588 0 0.03926990817 0.03586152553 0.0392699
                  0817 0.03586152553 0.5 0.5 ; %SBEND:10385
  11024       SMAPS 127 MAPARR SPNRARR; %SMAPS:10113
  11025       UM; %UM: 1488
  11026       DL 0.3 ; %DL: 6559
  11027       SMAPS 128 MAPARR SPNRARR; %SMAPS:10113
  11028       UM; %UM: 1488
  11029       SBEND 1.94 0.07853981588 0 0.03926990817 0.03586152553 0.0392699
                  0817 0.03586152553 0.5 0.5 ; %SBEND:10385
  11030       SMAPS 129 MAPARR SPNRARR; %SMAPS:10113
  11031       UM; %UM: 1488
  11032       DL 0.289 ; %DL: 6559
  11033       SMAPS 130 MAPARR SPNRARR; %SMAPS:10113
  11034       UM; %UM: 1488
  11035       MH LEN_S SD 0.05; %MH: 7153
  11036       SMAPS 131 MAPARR SPNRARR; %SMAPS:10113
  11037       UM; %UM: 1488
  11038       DL 0.076 ; %DL: 6559
  11039       SMAPS 132 MAPARR SPNRARR; %SMAPS:10113
  11040       UM; %UM: 1488
  11041       QUAD 0.235 0 QD ; %QUAD:10321
  11042       SMAPS 133 MAPARR SPNRARR; %SMAPS:10113
  11043       UM; %UM: 1488
  11044       QUAD 0.235 0 QD ; %QUAD:10321
  11045       SMAPS 134 MAPARR SPNRARR; %SMAPS:10113
  11046       UM; %UM: 1488
  11047       DL 0.665 ; %DL: 6559
  11048       SMAPS 135 MAPARR SPNRARR; %SMAPS:10113
  11049       UM; %UM: 1488
  11050       SBEND 1.94 0.07853981588 0 0.03926990817 0.03586152553 0.0392699
                  0817 0.03586152553 0.5 0.5 ; %SBEND:10385
  11051       SMAPS 136 MAPARR SPNRARR; %SMAPS:10113
  11052       UM; %UM: 1488
  11053       DL 0.3 ; %DL: 6559
  11054       SMAPS 137 MAPARR SPNRARR; %SMAPS:10113
  11055       UM; %UM: 1488
  11056       SBEND 1.94 0.07853981588 0 0.03926990817 0.03586152553 0.0392699
                  0817 0.03586152553 0.5 0.5 ; %SBEND:10385
  11057       SMAPS 138 MAPARR SPNRARR; %SMAPS:10113
  11058       UM; %UM: 1488
  11059       DL 0.289 ; %DL: 6559
  11060       SMAPS 139 MAPARR SPNRARR; %SMAPS:10113
  11061       UM; %UM: 1488
  11062       MH LEN_S SF1 0.05; %MH: 7153
  11063       SMAPS 140 MAPARR SPNRARR; %SMAPS:10113
  11064       UM; %UM: 1488
  11065       DL 0.076 ; %DL: 6559
  11066       SMAPS 141 MAPARR SPNRARR; %SMAPS:10113
  11067       UM; %UM: 1488
  11068       QUAD 0.235 0 QF1 ; %QUAD:10321
  11069       SMAPS 142 MAPARR SPNRARR; %SMAPS:10113
  11070       UM; %UM: 1488
  11071       QUAD 0.235 0 QF1 ; %QUAD:10321
  11072       SMAPS 143 MAPARR SPNRARR; %SMAPS:10113
  11073       UM; %UM: 1488
  11074       DL 0.665 ; %DL: 6559
  11075       SMAPS 144 MAPARR SPNRARR; %SMAPS:10113
  11076       UM; %UM: 1488
  11077       SBEND 1.94 0.07853981588 0 0.03926990817 0.03586152553 0.0392699
                  0817 0.03586152553 0.5 0.5 ; %SBEND:10385
  11078       SMAPS 145 MAPARR SPNRARR; %SMAPS:10113
  11079       UM; %UM: 1488
  11080       DL 0.3 ; %DL: 6559
  11081       SMAPS 146 MAPARR SPNRARR; %SMAPS:10113
  11082       UM; %UM: 1488
  11083       SBEND 1.94 0.07853981588 0 0.03926990817 0.03586152553 0.0392699
                  0817 0.03586152553 0.5 0.5 ; %SBEND:10385
  11084       SMAPS 147 MAPARR SPNRARR; %SMAPS:10113
  11085       UM; %UM: 1488
  11086       DL 0.289 ; %DL: 6559
  11087       SMAPS 148 MAPARR SPNRARR; %SMAPS:10113
  11088       UM; %UM: 1488
  11089       MH LEN_S SD 0.05; %MH: 7153
  11090       SMAPS 149 MAPARR SPNRARR; %SMAPS:10113
  11091       UM; %UM: 1488
  11092       DL 0.076 ; %DL: 6559
  11093       SMAPS 150 MAPARR SPNRARR; %SMAPS:10113
  11094       UM; %UM: 1488
  11095       QUAD 0.235 0 QD ; %QUAD:10321
  11096       SMAPS 151 MAPARR SPNRARR; %SMAPS:10113
  11097       UM; %UM: 1488
  11098       QUAD 0.235 0 QD ; %QUAD:10321
  11099       SMAPS 152 MAPARR SPNRARR; %SMAPS:10113
  11100       UM; %UM: 1488
  11101       DL 0.665 ; %DL: 6559
  11102       SMAPS 153 MAPARR SPNRARR; %SMAPS:10113
  11103       UM; %UM: 1488
  11104       SBEND 1.94 0.07853981588 0 0.03926990817 0.03586152553 0.0392699
                  0817 0.03586152553 0.5 0.5 ; %SBEND:10385
  11105       SMAPS 154 MAPARR SPNRARR; %SMAPS:10113
  11106       UM; %UM: 1488
  11107       DL 0.3 ; %DL: 6559
  11108       SMAPS 155 MAPARR SPNRARR; %SMAPS:10113
  11109       UM; %UM: 1488
  11110       SBEND 1.94 0.07853981588 0 0.03926990817 0.03586152553 0.0392699
                  0817 0.03586152553 0.5 0.5 ; %SBEND:10385
  11111       SMAPS 156 MAPARR SPNRARR; %SMAPS:10113
  11112       UM; %UM: 1488
  11113       DL 0.289 ; %DL: 6559
  11114       SMAPS 157 MAPARR SPNRARR; %SMAPS:10113
  11115       UM; %UM: 1488
  11116       MH LEN_S SF2 0.05; %MH: 7153
  11117       SMAPS 158 MAPARR SPNRARR; %SMAPS:10113
  11118       UM; %UM: 1488
  11119       DL 0.076 ; %DL: 6559
  11120       SMAPS 159 MAPARR SPNRARR; %SMAPS:10113
  11121       UM; %UM: 1488
  11122       QUAD 0.235 0 QF1 ; %QUAD:10321
  11123       SMAPS 160 MAPARR SPNRARR; %SMAPS:10113
  11124       UM; %UM: 1488
  11125       QUAD 0.235 0 QF1 ; %QUAD:10321
  11126       SMAPS 161 MAPARR SPNRARR; %SMAPS:10113
  11127       UM; %UM: 1488
  11128       DL 0.665 ; %DL: 6559
  11129       SMAPS 162 MAPARR SPNRARR; %SMAPS:10113
  11130       UM; %UM: 1488
  11131       SBEND 1.94 0.07853981588 0 0.03926990817 0.03586152553 0.0392699
                  0817 0.03586152553 0.5 0.5 ; %SBEND:10385
  11132       SMAPS 163 MAPARR SPNRARR; %SMAPS:10113
  11133       UM; %UM: 1488
  11134       DL 0.3 ; %DL: 6559
  11135       SMAPS 164 MAPARR SPNRARR; %SMAPS:10113
  11136       UM; %UM: 1488
  11137       SBEND 1.94 0.07853981588 0 0.03926990817 0.03586152553 0.0392699
                  0817 0.03586152553 0.5 0.5 ; %SBEND:10385
  11138       SMAPS 165 MAPARR SPNRARR; %SMAPS:10113
  11139       UM; %UM: 1488
  11140       DL 0.289 ; %DL: 6559
  11141       SMAPS 166 MAPARR SPNRARR; %SMAPS:10113
  11142       UM; %UM: 1488
  11143       DL 0.3 ; %DL: 6559
  11144       SMAPS 167 MAPARR SPNRARR; %SMAPS:10113
  11145       UM; %UM: 1488
  11146       DL 0.076 ; %DL: 6559
  11147       SMAPS 168 MAPARR SPNRARR; %SMAPS:10113
  11148       UM; %UM: 1488
  11149       QUAD 0.235 0 QD ; %QUAD:10321
  11150       SMAPS 169 MAPARR SPNRARR; %SMAPS:10113
  11151       UM; %UM: 1488
  11152       QUAD 0.235 0 QD ; %QUAD:10321
  11153       SMAPS 170 MAPARR SPNRARR; %SMAPS:10113
  11154       UM; %UM: 1488
  11155       DL 0.665 ; %DL: 6559
  11156       SMAPS 171 MAPARR SPNRARR; %SMAPS:10113
  11157       UM; %UM: 1488
  11158       SBEND 1.94 0.07853981588 0 0.03926990817 0.03586152553 0.0392699
                  0817 0.03586152553 0.5 0.5 ; %SBEND:10385
  11159       SMAPS 172 MAPARR SPNRARR; %SMAPS:10113
  11160       UM; %UM: 1488
  11161       DL 0.3 ; %DL: 6559
  11162       SMAPS 173 MAPARR SPNRARR; %SMAPS:10113
  11163       UM; %UM: 1488
  11164       SBEND 1.94 0.07853981588 0 0.03926990817 0.03586152553 0.0392699
                  0817 0.03586152553 0.5 0.5 ; %SBEND:10385
  11165       SMAPS 174 MAPARR SPNRARR; %SMAPS:10113
  11166       UM; %UM: 1488
  11167       DL 0.299 ; %DL: 6559
  11168       SMAPS 175 MAPARR SPNRARR; %SMAPS:10113
  11169       UM; %UM: 1488
  11170       DL 0.3 ; %DL: 6559
  11171       SMAPS 176 MAPARR SPNRARR; %SMAPS:10113
  11172       UM; %UM: 1488
  11173       DL 0.076 ; %DL: 6559
  11174       SMAPS 177 MAPARR SPNRARR; %SMAPS:10113
  11175       UM; %UM: 1488
  11176       QUAD 0.45 0 Q9W2 ; %QUAD:10321
  11177       SMAPS 178 MAPARR SPNRARR; %SMAPS:10113
  11178       UM; %UM: 1488
  11179       DL 5.144 ; %DL: 6559
  11180       SMAPS 179 MAPARR SPNRARR; %SMAPS:10113
  11181       UM; %UM: 1488
  11182       MH LEN_S SD1 0.05; %MH: 7153
  11183       SMAPS 180 MAPARR SPNRARR; %SMAPS:10113
  11184       UM; %UM: 1488
  11185       DL 0.076 ; %DL: 6559
  11186       SMAPS 181 MAPARR SPNRARR; %SMAPS:10113
  11187       UM; %UM: 1488
  11188       QUAD 0.235 0 QD ; %QUAD:10321
  11189       SMAPS 182 MAPARR SPNRARR; %SMAPS:10113
  11190       UM; %UM: 1488
  11191       QUAD 0.235 0 QD ; %QUAD:10321
  11192       SMAPS 183 MAPARR SPNRARR; %SMAPS:10113
  11193       UM; %UM: 1488
  11194       DL 5.1815 ; %DL: 6559
  11195       SMAPS 184 MAPARR SPNRARR; %SMAPS:10113
  11196       UM; %UM: 1488
  11197       DL 0.3 ; %DL: 6559
  11198       SMAPS 185 MAPARR SPNRARR; %SMAPS:10113
  11199       UM; %UM: 1488
  11200       DL 0.076 ; %DL: 6559
  11201       SMAPS 186 MAPARR SPNRARR; %SMAPS:10113
  11202       UM; %UM: 1488
  11203       QUAD 0.375 0 Q7W2 ; %QUAD:10321
  11204       SMAPS 187 MAPARR SPNRARR; %SMAPS:10113
  11205       UM; %UM: 1488
  11206       DL 0.7125 ; %DL: 6559
  11207       SMAPS 188 MAPARR SPNRARR; %SMAPS:10113
  11208       UM; %UM: 1488
  11209       SBEND 1.94 0.07853981588 0 0.03926990817 0.03586152553 0.0392699
                  0817 0.03586152553 0.5 0.5 ; %SBEND:10385
  11210       SMAPS 189 MAPARR SPNRARR; %SMAPS:10113
  11211       UM; %UM: 1488
  11212       DL 0.3 ; %DL: 6559
  11213       SMAPS 190 MAPARR SPNRARR; %SMAPS:10113
  11214       UM; %UM: 1488
  11215       SBEND 1.94 0.07853981588 0 0.03926990817 0.03586152553 0.0392699
                  0817 0.03586152553 0.5 0.5 ; %SBEND:10385
  11216       SMAPS 191 MAPARR SPNRARR; %SMAPS:10113
  11217       UM; %UM: 1488
  11218       DL 0.215 ; %DL: 6559
  11219       SMAPS 192 MAPARR SPNRARR; %SMAPS:10113
  11220       UM; %UM: 1488
  11221       DL 0.085 ; %DL: 6559
  11222       SMAPS 193 MAPARR SPNRARR; %SMAPS:10113
  11223       UM; %UM: 1488
  11224       QUAD 0.785 0 Q6W2 ; %QUAD:10321
  11225       SMAPS 194 MAPARR SPNRARR; %SMAPS:10113
  11226       UM; %UM: 1488
  11227       DL 0.11787 ; %DL: 6559
  11228       SMAPS 195 MAPARR SPNRARR; %SMAPS:10113
  11229       UM; %UM: 1488
  11230       DL 0.3 ; %DL: 6559
  11231       SMAPS 196 MAPARR SPNRARR; %SMAPS:10113
  11232       UM; %UM: 1488
  11233       DL 0.1 ; %DL: 6559
  11234       SMAPS 197 MAPARR SPNRARR; %SMAPS:10113
  11235       UM; %UM: 1488
  11236       QUAD 0.69 0 Q5W2 ; %QUAD:10321
  11237       SMAPS 198 MAPARR SPNRARR; %SMAPS:10113
  11238       UM; %UM: 1488
  11239       DL 0.47; %DL: 6559
  11240       SMAPS 199 MAPARR SPNRARR; %SMAPS:10113
  11241       UM; %UM: 1488
  11242       SBEND 0.5 0.1570836107 0 0 0 0 0 0 0; %SBEND:10385
  11243       SMAPS 200 MAPARR SPNRARR; %SMAPS:10113
  11244       UM; %UM: 1488
  11245       DL 1.0 ; %DL: 6559
  11246       SMAPS 201 MAPARR SPNRARR; %SMAPS:10113
  11247       UM; %UM: 1488
  11248       QUAD 0.47 0 QBP2 ; %QUAD:10321
  11249       SMAPS 202 MAPARR SPNRARR; %SMAPS:10113
  11250       UM; %UM: 1488
  11251       DL 1.0 ; %DL: 6559
  11252       SMAPS 203 MAPARR SPNRARR; %SMAPS:10113
  11253       UM; %UM: 1488
  11254       QUAD 0.47 0 QBP1 ; %QUAD:10321
  11255       SMAPS 204 MAPARR SPNRARR; %SMAPS:10113
  11256       UM; %UM: 1488
  11257       DL 1.0 ; %DL: 6559
  11258       SMAPS 205 MAPARR SPNRARR; %SMAPS:10113
  11259       UM; %UM: 1488
  11260       QUAD 0.47 0 QBP2 ; %QUAD:10321
  11261       SMAPS 206 MAPARR SPNRARR; %SMAPS:10113
  11262       UM; %UM: 1488
  11263       DL 1.0 ; %DL: 6559
  11264       SMAPS 207 MAPARR SPNRARR; %SMAPS:10113
  11265       UM; %UM: 1488
  11266       QUAD 0.47 0 QBP1 ; %QUAD:10321
  11267       SMAPS 208 MAPARR SPNRARR; %SMAPS:10113
  11268       UM; %UM: 1488
  11269       DL 1.0 ; %DL: 6559
  11270       SMAPS 209 MAPARR SPNRARR; %SMAPS:10113
  11271       UM; %UM: 1488
  11272       QUAD 0.47 0 QBP2 ; %QUAD:10321
  11273       SMAPS 210 MAPARR SPNRARR; %SMAPS:10113
  11274       UM; %UM: 1488
  11275       DL 1.0 ; %DL: 6559
  11276       SMAPS 211 MAPARR SPNRARR; %SMAPS:10113
  11277       UM; %UM: 1488
  11278       SBEND 0.5 -0.1570836107 0 0 0 0 0 0 0; %SBEND:10385
  11279       SMAPS 212 MAPARR SPNRARR; %SMAPS:10113
  11280       UM; %UM: 1488
  11281       DL 0.47; %DL: 6559
  11282       SMAPS 213 MAPARR SPNRARR; %SMAPS:10113
  11283       UM; %UM: 1488
  11284       QUAD 0.69 0 QMF ; %QUAD:10321
  11285       SMAPS 214 MAPARR SPNRARR; %SMAPS:10113
  11286       UM; %UM: 1488
  11287       DL 0.518 ; %DL: 6559
  11288       SMAPS 215 MAPARR SPNRARR; %SMAPS:10113
  11289       UM; %UM: 1488
  11290       QUAD 0.785 0 QMD ; %QUAD:10321
  11291       SMAPS 216 MAPARR SPNRARR; %SMAPS:10113
  11292       UM; %UM: 1488
  11293       DL 0.085 ; %DL: 6559
  11294       SMAPS 217 MAPARR SPNRARR; %SMAPS:10113
  11295       UM; %UM: 1488
  11296       DL O; %DL: 6559
  11297       SMAPS 218 MAPARR SPNRARR; %SMAPS:10113
  11298       UM; %UM: 1488
  11299       QUAD 0.235 0 QFS; %QUAD:10321
  11300       SMAPS 219 MAPARR SPNRARR; %SMAPS:10113
  11301       UM; %UM: 1488
  11302       QUAD 0.235 0 QFS; %QUAD:10321
  11303       SMAPS 220 MAPARR SPNRARR; %SMAPS:10113
  11304       UM; %UM: 1488
  11305       DL O; %DL: 6559
  11306       SMAPS 221 MAPARR SPNRARR; %SMAPS:10113
  11307       UM; %UM: 1488
  11308       QUAD 0.235 0 QDS; %QUAD:10321
  11309       SMAPS 222 MAPARR SPNRARR; %SMAPS:10113
  11310       UM; %UM: 1488
  11311       QUAD 0.235 0 QDS; %QUAD:10321
  11312       SMAPS 223 MAPARR SPNRARR; %SMAPS:10113
  11313       UM; %UM: 1488
  11314       DL O; %DL: 6559
  11315       SMAPS 224 MAPARR SPNRARR; %SMAPS:10113
  11316       UM; %UM: 1488
  11317       QUAD 0.235 0 QFS; %QUAD:10321
  11318       SMAPS 225 MAPARR SPNRARR; %SMAPS:10113
  11319       UM; %UM: 1488
  11320       QUAD 0.235 0 QFS; %QUAD:10321
  11321       SMAPS 226 MAPARR SPNRARR; %SMAPS:10113
  11322       UM; %UM: 1488
  11323       DL O; %DL: 6559
  11324       SMAPS 227 MAPARR SPNRARR; %SMAPS:10113
  11325       UM; %UM: 1488
  11326       QUAD 0.235 0 QDS; %QUAD:10321
  11327       SMAPS 228 MAPARR SPNRARR; %SMAPS:10113
  11328       UM; %UM: 1488
  11329       QUAD 0.235 0 QDS; %QUAD:10321
  11330       SMAPS 229 MAPARR SPNRARR; %SMAPS:10113
  11331       UM; %UM: 1488
  11332       DL 0.1265353 ; %DL: 6559
  11333       SMAPS 230 MAPARR SPNRARR; %SMAPS:10113
  11334       UM; %UM: 1488
  11335       WIEN 5.0753794 BBE EBE 0; %WIEN:10506
  11336       SMAPS 231 MAPARR SPNRARR; %SMAPS:10113
  11337       UM; %UM: 1488
  11338       DL 0.1265353 ; %DL: 6559
  11339       SMAPS 232 MAPARR SPNRARR; %SMAPS:10113
  11340       UM; %UM: 1488
  11341       QUAD 0.235 0 QFS; %QUAD:10321
  11342       SMAPS 233 MAPARR SPNRARR; %SMAPS:10113
  11343       UM; %UM: 1488
  11344       QUAD 0.235 0 QFS; %QUAD:10321
  11345       SMAPS 234 MAPARR SPNRARR; %SMAPS:10113
  11346       UM; %UM: 1488
  11347       DL 0.1265353 ; %DL: 6559
  11348       SMAPS 235 MAPARR SPNRARR; %SMAPS:10113
  11349       UM; %UM: 1488
  11350       WIEN 5.0753794 BBE EBE 0; %WIEN:10506
  11351       SMAPS 236 MAPARR SPNRARR; %SMAPS:10113
  11352       UM; %UM: 1488
  11353       DL 0.1265353 ; %DL: 6559
  11354       SMAPS 237 MAPARR SPNRARR; %SMAPS:10113
  11355       UM; %UM: 1488
  11356       QUAD 0.235 0 QDS; %QUAD:10321
  11357       SMAPS 238 MAPARR SPNRARR; %SMAPS:10113
  11358       UM; %UM: 1488
  11359       QUAD 0.235 0 QDS; %QUAD:10321
  11360       SMAPS 239 MAPARR SPNRARR; %SMAPS:10113
  11361       UM; %UM: 1488
  11362       DL 0.1265353 ; %DL: 6559
  11363       SMAPS 240 MAPARR SPNRARR; %SMAPS:10113
  11364       UM; %UM: 1488
  11365       WIEN 5.0753794 BBE EBE 0; %WIEN:10506
  11366       SMAPS 241 MAPARR SPNRARR; %SMAPS:10113
  11367       UM; %UM: 1488
  11368       DL 0.1265353 ; %DL: 6559
  11369       SMAPS 242 MAPARR SPNRARR; %SMAPS:10113
  11370       UM; %UM: 1488
  11371       QUAD 0.235 0 QFS; %QUAD:10321
  11372       SMAPS 243 MAPARR SPNRARR; %SMAPS:10113
  11373       UM; %UM: 1488
  11374       QUAD 0.235 0 QFS; %QUAD:10321
  11375       SMAPS 244 MAPARR SPNRARR; %SMAPS:10113
  11376       UM; %UM: 1488
  11377       DL 0.1265353 ; %DL: 6559
  11378       SMAPS 245 MAPARR SPNRARR; %SMAPS:10113
  11379       UM; %UM: 1488
  11380       WIEN 5.0753794 BBE EBE 0; %WIEN:10506
  11381       SMAPS 246 MAPARR SPNRARR; %SMAPS:10113
  11382       UM; %UM: 1488
  11383       DL 0.1265353 ; %DL: 6559
  11384       SMAPS 247 MAPARR SPNRARR; %SMAPS:10113
  11385       UM; %UM: 1488
  11386       QUAD 0.235 0 QDS; %QUAD:10321
  11387       SMAPS 248 MAPARR SPNRARR; %SMAPS:10113
  11388       UM; %UM: 1488
  11389       QUAD 0.235 0 QDS; %QUAD:10321
  11390       SMAPS 249 MAPARR SPNRARR; %SMAPS:10113
  11391       UM; %UM: 1488
  11392       DL 0.1265353 ; %DL: 6559
  11393       SMAPS 250 MAPARR SPNRARR; %SMAPS:10113
  11394       UM; %UM: 1488
  11395       WIEN 5.0753794 BBE EBE 0; %WIEN:10506
  11396       SMAPS 251 MAPARR SPNRARR; %SMAPS:10113
  11397       UM; %UM: 1488
  11398       DL 0.1265353 ; %DL: 6559
  11399       SMAPS 252 MAPARR SPNRARR; %SMAPS:10113
  11400       UM; %UM: 1488
  11401       QUAD 0.235 0 QFS; %QUAD:10321
  11402       SMAPS 253 MAPARR SPNRARR; %SMAPS:10113
  11403       UM; %UM: 1488
  11404       QUAD 0.235 0 QFS; %QUAD:10321
  11405       SMAPS 254 MAPARR SPNRARR; %SMAPS:10113
  11406       UM; %UM: 1488
  11407       DL 0.1265353 ; %DL: 6559
  11408       SMAPS 255 MAPARR SPNRARR; %SMAPS:10113
  11409       UM; %UM: 1488
  11410       WIEN 5.0753794 BBE EBE 0; %WIEN:10506
  11411       SMAPS 256 MAPARR SPNRARR; %SMAPS:10113
  11412       UM; %UM: 1488
  11413       DL 0.1265353 ; %DL: 6559
  11414       SMAPS 257 MAPARR SPNRARR; %SMAPS:10113
  11415       UM; %UM: 1488
  11416       QUAD 0.235 0 QDS; %QUAD:10321
  11417       SMAPS 258 MAPARR SPNRARR; %SMAPS:10113
  11418       UM; %UM: 1488
  11419       QUAD 0.235 0 QDS; %QUAD:10321
  11420       SMAPS 259 MAPARR SPNRARR; %SMAPS:10113
  11421       UM; %UM: 1488
  11422       DL O; %DL: 6559
  11423       SMAPS 260 MAPARR SPNRARR; %SMAPS:10113
  11424       UM; %UM: 1488
  11425       QUAD 0.235 0 QFS; %QUAD:10321
  11426       SMAPS 261 MAPARR SPNRARR; %SMAPS:10113
  11427       UM; %UM: 1488
  11428       QUAD 0.235 0 QFS; %QUAD:10321
  11429       SMAPS 262 MAPARR SPNRARR; %SMAPS:10113
  11430       UM; %UM: 1488
  11431       DL O; %DL: 6559
  11432       SMAPS 263 MAPARR SPNRARR; %SMAPS:10113
  11433       UM; %UM: 1488
  11434       QUAD 0.235 0 QDS; %QUAD:10321
  11435       SMAPS 264 MAPARR SPNRARR; %SMAPS:10113
  11436       UM; %UM: 1488
  11437       QUAD 0.235 0 QDS; %QUAD:10321
  11438       SMAPS 265 MAPARR SPNRARR; %SMAPS:10113
  11439       UM; %UM: 1488
  11440       DL O; %DL: 6559
  11441       SMAPS 266 MAPARR SPNRARR; %SMAPS:10113
  11442       UM; %UM: 1488
  11443       QUAD 0.235 0 QFS; %QUAD:10321
  11444       SMAPS 267 MAPARR SPNRARR; %SMAPS:10113
  11445       UM; %UM: 1488
  11446       QUAD 0.235 0 QFS; %QUAD:10321
  11447       SMAPS 268 MAPARR SPNRARR; %SMAPS:10113
  11448       UM; %UM: 1488
  11449       DL O; %DL: 6559
  11450       SMAPS 269 MAPARR SPNRARR; %SMAPS:10113
  11451       UM; %UM: 1488
  11452       DL 0.085 ; %DL: 6559
  11453       SMAPS 270 MAPARR SPNRARR; %SMAPS:10113
  11454       UM; %UM: 1488
  11455       QUAD 0.785 0 QMD ; %QUAD:10321
  11456       SMAPS 271 MAPARR SPNRARR; %SMAPS:10113
  11457       UM; %UM: 1488
  11458       DL 0.518 ; %DL: 6559
  11459       SMAPS 272 MAPARR SPNRARR; %SMAPS:10113
  11460       UM; %UM: 1488
  11461       QUAD 0.69 0 QMF ; %QUAD:10321
  11462       SMAPS 273 MAPARR SPNRARR; %SMAPS:10113
  11463       UM; %UM: 1488
  11464       DL 0.47; %DL: 6559
  11465       SMAPS 274 MAPARR SPNRARR; %SMAPS:10113
  11466       UM; %UM: 1488
  11467       SBEND 0.5 -0.1570836107 0 0 0 0 0 0 0; %SBEND:10385
  11468       SMAPS 275 MAPARR SPNRARR; %SMAPS:10113
  11469       UM; %UM: 1488
  11470       DL 1.0 ; %DL: 6559
  11471       SMAPS 276 MAPARR SPNRARR; %SMAPS:10113
  11472       UM; %UM: 1488
  11473       QUAD 0.47 0 QBP2 ; %QUAD:10321
  11474       SMAPS 277 MAPARR SPNRARR; %SMAPS:10113
  11475       UM; %UM: 1488
  11476       DL 1.0 ; %DL: 6559
  11477       SMAPS 278 MAPARR SPNRARR; %SMAPS:10113
  11478       UM; %UM: 1488
  11479       QUAD 0.47 0 QBP1 ; %QUAD:10321
  11480       SMAPS 279 MAPARR SPNRARR; %SMAPS:10113
  11481       UM; %UM: 1488
  11482       DL 1.0 ; %DL: 6559
  11483       SMAPS 280 MAPARR SPNRARR; %SMAPS:10113
  11484       UM; %UM: 1488
  11485       QUAD 0.47 0 QBP2 ; %QUAD:10321
  11486       SMAPS 281 MAPARR SPNRARR; %SMAPS:10113
  11487       UM; %UM: 1488
  11488       DL 1.0 ; %DL: 6559
  11489       SMAPS 282 MAPARR SPNRARR; %SMAPS:10113
  11490       UM; %UM: 1488
  11491       QUAD 0.47 0 QBP1 ; %QUAD:10321
  11492       SMAPS 283 MAPARR SPNRARR; %SMAPS:10113
  11493       UM; %UM: 1488
  11494       DL 1.0 ; %DL: 6559
  11495       SMAPS 284 MAPARR SPNRARR; %SMAPS:10113
  11496       UM; %UM: 1488
  11497       QUAD 0.47 0 QBP2 ; %QUAD:10321
  11498       SMAPS 285 MAPARR SPNRARR; %SMAPS:10113
  11499       UM; %UM: 1488
  11500       DL 1.0 ; %DL: 6559
  11501       SMAPS 286 MAPARR SPNRARR; %SMAPS:10113
  11502       UM; %UM: 1488
  11503       SBEND 0.5 0.1570836107 0 0 0 0 0 0 0; %SBEND:10385
  11504       SMAPS 287 MAPARR SPNRARR; %SMAPS:10113
  11505       UM; %UM: 1488
  11506       DL 0.47 ; %DL: 6559
  11507       SMAPS 288 MAPARR SPNRARR; %SMAPS:10113
  11508       UM; %UM: 1488
  11509       QUAD 0.69 0 Q5W2 ; %QUAD:10321
  11510       SMAPS 289 MAPARR SPNRARR; %SMAPS:10113
  11511       UM; %UM: 1488
  11512       DL 0.1 ; %DL: 6559
  11513       SMAPS 290 MAPARR SPNRARR; %SMAPS:10113
  11514       UM; %UM: 1488
  11515       DL 0.3 ; %DL: 6559
  11516       SMAPS 291 MAPARR SPNRARR; %SMAPS:10113
  11517       UM; %UM: 1488
  11518       DL 0.11787 ; %DL: 6559
  11519       SMAPS 292 MAPARR SPNRARR; %SMAPS:10113
  11520       UM; %UM: 1488
  11521       QUAD 0.785 0 Q6W2 ; %QUAD:10321
  11522       SMAPS 293 MAPARR SPNRARR; %SMAPS:10113
  11523       UM; %UM: 1488
  11524       DL 0.085 ; %DL: 6559
  11525       SMAPS 294 MAPARR SPNRARR; %SMAPS:10113
  11526       ENDLOOP;
  11527     ENDPROCEDURE;
 --- BIN FILE WRITTEN: BYPASS_REAL_4_fam_NEW_maps
  11528   SAVE 'BYPASS_REAL_4_fam_NEW_maps';
