 --- BIN FILE READ: header
  10579 INCLUDE 'header';
  10580   PROCEDURE LATTICE SEXTGX1 SEXTGY1 EB1 RFFLAG;
  10581     VARIABLE VRF 1 1 1;
  10582     VARIABLE FREQ 1;
  10583     VARIABLE HNUM 1;
  10584     VARIABLE I 1;
  10585     VARIABLE LEN_S 1;
  10586     VARIABLE A 1;
  10587     VARIABLE EBE 1;
  10588     VARIABLE BBE 1;
  10589     VARIABLE SF 1;
  10590     VARIABLE SD 1;
  10591     VARIABLE SF1 1;
  10592     VARIABLE SF2 1;
  10593     VARIABLE SD1 1;
  10594     VARIABLE SD2 1;
  10595     VARIABLE QF1 1;
  10596     VARIABLE QD 1;
  10597     VARIABLE Q7W2 1;
  10598     VARIABLE Q9W2 1;
  10599     VARIABLE Q5W2 1;
  10600     VARIABLE Q6W2 1;
  10601     VARIABLE QBP1 1;
  10602     VARIABLE QBP2 1;
  10603     VARIABLE QFS 1;
  10604     VARIABLE QDS 1;
  10605     VARIABLE QMF 1;
  10606     VARIABLE QMD 1;
  10607     VARIABLE O 1;
  10608     EBE := EB1;
  10609     A := 0.05;
  10610     LEN_S := 0.30;
  10611     SF:= SEXTGX1;
  10612     SD:= SEXTGY1;
  10613     QF1:=0.5199753289;
  10614     QD:=-0.5026823039;
  10615     Q7W2:=0.5278356551;
  10616     Q9W2:=0.5188119515;
  10617     QMD:=-0.4102242181;
  10618     QMF:=0.8588589436;
  10619     QFS:=  0.4901180734;
  10620     QDS:= -0.4701446095;
  10621     QBP1:=2.642335619;
  10622     QBP2:=-1.297660579;
  10623     O:= 5.32845 ;
  10624     HNUM := 66;
  10625     VRF(1, 1) := 100/HNUM;
  10626     FREQ := HNUM*REVFREQ(FACCLEN(1)); %REVFREQ: 9907 %FACCLEN:10534
  10627     WRITE 6 '********************************************';
  10628     WRITE 6 '*      FS NICA BYPASS 7 NOW 2022           *';
  10629     WRITE 6 '********************************************';
  10630     WRITE 6 'REVOLUTION FREQUENCY: '&ST(REVFREQ(FACCLEN(1))/1E6)&' MHZ
                  '; %REVFREQ: 9907 %FACCLEN:10534
  10631     WRITE 6 'RF FREQUENCY: '&ST(FREQ/1E6)&' MHZ';
  10632     UM; %UM: 1488
  10633     CR; %CR:  947
  10634     IF RFFLAG=1;
  10635       RF VRF 0 FREQ 0 0.05; %RF: 8697
  10636       ENDIF;
  10637     LOOP I 1 2;
  10638       QUAD 0.235 0 QD ; %QUAD:10321
  10639       DL 0.665 ; %DL: 6559
  10640       SBEND 1.94 0.07853981588 0 0.03926990817 0.03586152553 0.0392699
                  0817 0.03586152553 0.5 0.5 ; %SBEND:10385
  10641       DL 0.3 ; %DL: 6559
  10642       SBEND 1.94 0.07853981588 0 0.03926990817 0.03586152553 0.0392699
                  0817 0.03586152553 0.5 0.5 ; %SBEND:10385
  10643       DL 0.289 ; %DL: 6559
  10644       MH LEN_S SF 0.05; %MH: 7153
  10645       DL 0.076 ; %DL: 6559
  10646       QUAD 0.235 0 QF1 ; %QUAD:10321
  10647       QUAD 0.235 0 QF1 ; %QUAD:10321
  10648       DL 0.665 ; %DL: 6559
  10649       SBEND 1.94 0.07853981588 0 0.03926990817 0.03586152553 0.0392699
                  0817 0.03586152553 0.5 0.5 ; %SBEND:10385
  10650       DL 0.3 ; %DL: 6559
  10651       SBEND 1.94 0.07853981588 0 0.03926990817 0.03586152553 0.0392699
                  0817 0.03586152553 0.5 0.5 ; %SBEND:10385
  10652       DL 0.289 ; %DL: 6559
  10653       MH LEN_S SD 0.05; %MH: 7153
  10654       DL 0.076 ; %DL: 6559
  10655       QUAD 0.235 0 QD ; %QUAD:10321
  10656       QUAD 0.235 0 QD ; %QUAD:10321
  10657       DL 0.665 ; %DL: 6559
  10658       SBEND 1.94 0.07853981588 0 0.03926990817 0.03586152553 0.0392699
                  0817 0.03586152553 0.5 0.5 ; %SBEND:10385
  10659       DL 0.3 ; %DL: 6559
  10660       SBEND 1.94 0.07853981588 0 0.03926990817 0.03586152553 0.0392699
                  0817 0.03586152553 0.5 0.5 ; %SBEND:10385
  10661       DL 0.289 ; %DL: 6559
  10662       MH LEN_S SF 0.05; %MH: 7153
  10663       DL 0.076 ; %DL: 6559
  10664       QUAD 0.235 0 QF1 ; %QUAD:10321
  10665       QUAD 0.235 0 QF1 ; %QUAD:10321
  10666       DL 0.665 ; %DL: 6559
  10667       SBEND 1.94 0.07853981588 0 0.03926990817 0.03586152553 0.0392699
                  0817 0.03586152553 0.5 0.5 ; %SBEND:10385
  10668       DL 0.3 ; %DL: 6559
  10669       SBEND 1.94 0.07853981588 0 0.03926990817 0.03586152553 0.0392699
                  0817 0.03586152553 0.5 0.5 ; %SBEND:10385
  10670       DL 0.289 ; %DL: 6559
  10671       MH LEN_S SD 0.05; %MH: 7153
  10672       DL 0.076 ; %DL: 6559
  10673       QUAD 0.235 0 QD ; %QUAD:10321
  10674       QUAD 0.235 0 QD ; %QUAD:10321
  10675       DL 0.665 ; %DL: 6559
  10676       SBEND 1.94 0.07853981588 0 0.03926990817 0.03586152553 0.0392699
                  0817 0.03586152553 0.5 0.5 ; %SBEND:10385
  10677       DL 0.3 ; %DL: 6559
  10678       SBEND 1.94 0.07853981588 0 0.03926990817 0.03586152553 0.0392699
                  0817 0.03586152553 0.5 0.5 ; %SBEND:10385
  10679       DL 0.289 ; %DL: 6559
  10680       MH LEN_S SF 0.05; %MH: 7153
  10681       DL 0.076 ; %DL: 6559
  10682       QUAD 0.235 0 QF1 ; %QUAD:10321
  10683       QUAD 0.235 0 QF1 ; %QUAD:10321
  10684       DL 0.665 ; %DL: 6559
  10685       SBEND 1.94 0.07853981588 0 0.03926990817 0.03586152553 0.0392699
                  0817 0.03586152553 0.5 0.5 ; %SBEND:10385
  10686       DL 0.3 ; %DL: 6559
  10687       SBEND 1.94 0.07853981588 0 0.03926990817 0.03586152553 0.0392699
                  0817 0.03586152553 0.5 0.5 ; %SBEND:10385
  10688       DL 0.289 ; %DL: 6559
  10689       MH LEN_S SD 0.05; %MH: 7153
  10690       DL 0.076 ; %DL: 6559
  10691       QUAD 0.235 0 QD ; %QUAD:10321
  10692       QUAD 0.235 0 QD ; %QUAD:10321
  10693       DL 0.665 ; %DL: 6559
  10694       SBEND 1.94 0.07853981588 0 0.03926990817 0.03586152553 0.0392699
                  0817 0.03586152553 0.5 0.5 ; %SBEND:10385
  10695       DL 0.3 ; %DL: 6559
  10696       SBEND 1.94 0.07853981588 0 0.03926990817 0.03586152553 0.0392699
                  0817 0.03586152553 0.5 0.5 ; %SBEND:10385
  10697       DL 0.289 ; %DL: 6559
  10698       MH LEN_S SF 0.05; %MH: 7153
  10699       DL 0.076 ; %DL: 6559
  10700       QUAD 0.235 0 QF1 ; %QUAD:10321
  10701       QUAD 0.235 0 QF1 ; %QUAD:10321
  10702       DL 0.665 ; %DL: 6559
  10703       SBEND 1.94 0.07853981588 0 0.03926990817 0.03586152553 0.0392699
                  0817 0.03586152553 0.5 0.5 ; %SBEND:10385
  10704       DL 0.3 ; %DL: 6559
  10705       SBEND 1.94 0.07853981588 0 0.03926990817 0.03586152553 0.0392699
                  0817 0.03586152553 0.5 0.5 ; %SBEND:10385
  10706       DL 0.289 ; %DL: 6559
  10707       DL 0.3 ; %DL: 6559
  10708       DL 0.076 ; %DL: 6559
  10709       QUAD 0.235 0 QD ; %QUAD:10321
  10710       QUAD 0.235 0 QD ; %QUAD:10321
  10711       DL 0.665 ; %DL: 6559
  10712       SBEND 1.94 0.07853981588 0 0.03926990817 0.03586152553 0.0392699
                  0817 0.03586152553 0.5 0.5 ; %SBEND:10385
  10713       DL 0.3 ; %DL: 6559
  10714       SBEND 1.94 0.07853981588 0 0.03926990817 0.03586152553 0.0392699
                  0817 0.03586152553 0.5 0.5 ; %SBEND:10385
  10715       DL 0.299 ; %DL: 6559
  10716       DL 0.3 ; %DL: 6559
  10717       DL 0.076 ; %DL: 6559
  10718       QUAD 0.45 0 Q9W2 ; %QUAD:10321
  10719       DL 5.144 ; %DL: 6559
  10720       DL 0.3 ; %DL: 6559
  10721       DL 0.076 ; %DL: 6559
  10722       QUAD 0.235 0 QD ; %QUAD:10321
  10723       QUAD 0.235 0 QD ; %QUAD:10321
  10724       DL 5.1815 ; %DL: 6559
  10725       DL 0.3 ; %DL: 6559
  10726       DL 0.076 ; %DL: 6559
  10727       QUAD 0.375 0 Q7W2 ; %QUAD:10321
  10728       DL 0.7125 ; %DL: 6559
  10729       SBEND 1.94 0.07853981588 0 0.03926990817 0.03586152553 0.0392699
                  0817 0.03586152553 0.5 0.5 ; %SBEND:10385
  10730       DL 0.3 ; %DL: 6559
  10731       SBEND 1.94 0.07853981588 0 0.03926990817 0.03586152553 0.0392699
                  0817 0.03586152553 0.5 0.5 ; %SBEND:10385
  10732       DL 0.215 ; %DL: 6559
  10733       DL 0.085 ; %DL: 6559
  10734       QUAD 0.785 0 QMD ; %QUAD:10321
  10735       DL 0.11787 ; %DL: 6559
  10736       DL 0.3 ; %DL: 6559
  10737       DL 0.1 ; %DL: 6559
  10738       QUAD 0.69 0 QMF ; %QUAD:10321
  10739       DL 0.47; %DL: 6559
  10740       SBEND 0.5 0.1570836107 0 0 0 0 0 0 0; %SBEND:10385
  10741       DL 1.0 ; %DL: 6559
  10742       QUAD 0.47 0 QBP2 ; %QUAD:10321
  10743       DL 1.0 ; %DL: 6559
  10744       QUAD 0.47 0 QBP1 ; %QUAD:10321
  10745       DL 1.0 ; %DL: 6559
  10746       QUAD 0.47 0 QBP2 ; %QUAD:10321
  10747       DL 1.0 ; %DL: 6559
  10748       QUAD 0.47 0 QBP1 ; %QUAD:10321
  10749       DL 1.0 ; %DL: 6559
  10750       QUAD 0.47 0 QBP2 ; %QUAD:10321
  10751       DL 1.0 ; %DL: 6559
  10752       SBEND 0.5 -0.1570836107 0 0 0 0 0 0 0; %SBEND:10385
  10753       DL 0.47; %DL: 6559
  10754       QUAD 0.69 0 QMF ; %QUAD:10321
  10755       DL 0.518 ; %DL: 6559
  10756       QUAD 0.785 0 QMD ; %QUAD:10321
  10757       DL 0.085 ; %DL: 6559
  10758       DL O; %DL: 6559
  10759       QUAD 0.235 0 QFS; %QUAD:10321
  10760       QUAD 0.235 0 QFS; %QUAD:10321
  10761       DL O; %DL: 6559
  10762       QUAD 0.235 0 QDS; %QUAD:10321
  10763       QUAD 0.235 0 QDS; %QUAD:10321
  10764       DL O; %DL: 6559
  10765       QUAD 0.235 0 QFS; %QUAD:10321
  10766       QUAD 0.235 0 QFS; %QUAD:10321
  10767       DL O; %DL: 6559
  10768       QUAD 0.235 0 QDS; %QUAD:10321
  10769       QUAD 0.235 0 QDS; %QUAD:10321
  10770       DL 0.1265353 ; %DL: 6559
  10771       WIEN 5.0753794 BBE EBE 0; %WIEN:10506
  10772       DL 0.1265353 ; %DL: 6559
  10773       QUAD 0.235 0 QFS; %QUAD:10321
  10774       QUAD 0.235 0 QFS; %QUAD:10321
  10775       DL 0.1265353 ; %DL: 6559
  10776       WIEN 5.0753794 BBE EBE 0; %WIEN:10506
  10777       DL 0.1265353 ; %DL: 6559
  10778       QUAD 0.235 0 QDS; %QUAD:10321
  10779       QUAD 0.235 0 QDS; %QUAD:10321
  10780       DL 0.1265353 ; %DL: 6559
  10781       WIEN 5.0753794 BBE EBE 0; %WIEN:10506
  10782       DL 0.1265353 ; %DL: 6559
  10783       QUAD 0.235 0 QFS; %QUAD:10321
  10784       QUAD 0.235 0 QFS; %QUAD:10321
  10785       DL 0.1265353 ; %DL: 6559
  10786       WIEN 5.0753794 BBE EBE 0; %WIEN:10506
  10787       DL 0.1265353 ; %DL: 6559
  10788       QUAD 0.235 0 QDS; %QUAD:10321
  10789       QUAD 0.235 0 QDS; %QUAD:10321
  10790       DL 0.1265353 ; %DL: 6559
  10791       WIEN 5.0753794 BBE EBE 0; %WIEN:10506
  10792       DL 0.1265353 ; %DL: 6559
  10793       QUAD 0.235 0 QFS; %QUAD:10321
  10794       QUAD 0.235 0 QFS; %QUAD:10321
  10795       DL 0.1265353 ; %DL: 6559
  10796       WIEN 5.0753794 BBE EBE 0; %WIEN:10506
  10797       DL 0.1265353 ; %DL: 6559
  10798       QUAD 0.235 0 QDS; %QUAD:10321
  10799       QUAD 0.235 0 QDS; %QUAD:10321
  10800       DL O; %DL: 6559
  10801       QUAD 0.235 0 QFS; %QUAD:10321
  10802       QUAD 0.235 0 QFS; %QUAD:10321
  10803       DL O; %DL: 6559
  10804       QUAD 0.235 0 QDS; %QUAD:10321
  10805       QUAD 0.235 0 QDS; %QUAD:10321
  10806       DL O; %DL: 6559
  10807       QUAD 0.235 0 QFS; %QUAD:10321
  10808       QUAD 0.235 0 QFS; %QUAD:10321
  10809       DL O; %DL: 6559
  10810       DL 0.085 ; %DL: 6559
  10811       QUAD 0.785 0 QMD ; %QUAD:10321
  10812       DL 0.518 ; %DL: 6559
  10813       QUAD 0.69 0 QMF ; %QUAD:10321
  10814       DL 0.47; %DL: 6559
  10815       SBEND 0.5 -0.1570836107 0 0 0 0 0 0 0; %SBEND:10385
  10816       DL 1.0 ; %DL: 6559
  10817       QUAD 0.47 0 QBP2 ; %QUAD:10321
  10818       DL 1.0 ; %DL: 6559
  10819       QUAD 0.47 0 QBP1 ; %QUAD:10321
  10820       DL 1.0 ; %DL: 6559
  10821       QUAD 0.47 0 QBP2 ; %QUAD:10321
  10822       DL 1.0 ; %DL: 6559
  10823       QUAD 0.47 0 QBP1 ; %QUAD:10321
  10824       DL 1.0 ; %DL: 6559
  10825       QUAD 0.47 0 QBP2 ; %QUAD:10321
  10826       DL 1.0 ; %DL: 6559
  10827       SBEND 0.5 0.1570836107 0 0 0 0 0 0 0; %SBEND:10385
  10828       DL 0.47 ; %DL: 6559
  10829       QUAD 0.69 0 QMF ; %QUAD:10321
  10830       DL 0.1 ; %DL: 6559
  10831       DL 0.3 ; %DL: 6559
  10832       DL 0.11787 ; %DL: 6559
  10833       QUAD 0.785 0 QMD ; %QUAD:10321
  10834       DL 0.085 ; %DL: 6559
  10835       DL 0.215 ; %DL: 6559
  10836       SBEND 1.94 0.07853981588 0 0.03926990817 0.03586152553 0.0392699
                  0817 0.03586152553 0.5 0.5 ; %SBEND:10385
  10837       DL 0.3 ; %DL: 6559
  10838       SBEND 1.94 0.07853981588 0 0.03926990817 0.03586152553 0.0392699
                  0817 0.03586152553 0.5 0.5 ; %SBEND:10385
  10839       DL 0.3365 ; %DL: 6559
  10840       DL 0.3 ; %DL: 6559
  10841       DL 0.076 ; %DL: 6559
  10842       QUAD 0.375 0 Q7W2 ; %QUAD:10321
  10843       DL 5.1815 ; %DL: 6559
  10844       DL 0.3 ; %DL: 6559
  10845       DL 0.076 ; %DL: 6559
  10846       QUAD 0.235 0 QD ; %QUAD:10321
  10847       QUAD 0.235 0 QD ; %QUAD:10321
  10848       DL 5.144 ; %DL: 6559
  10849       DL 0.3 ; %DL: 6559
  10850       DL 0.076 ; %DL: 6559
  10851       QUAD 0.45 0 Q9W2 ; %QUAD:10321
  10852       DL 0.675 ; %DL: 6559
  10853       SBEND 1.94 0.07853981588 0 0.03926990817 0.03586152553 0.0392699
                  0817 0.03586152553 0.5 0.5 ; %SBEND:10385
  10854       DL 0.3 ; %DL: 6559
  10855       SBEND 1.94 0.07853981588 0 0.03926990817 0.03586152553 0.0392699
                  0817 0.03586152553 0.5 0.5 ; %SBEND:10385
  10856       DL 0.289 ; %DL: 6559
  10857       MH LEN_S SD 0.05; %MH: 7153
  10858       DL 0.076 ; %DL: 6559
  10859       QUAD 0.235 0 QD ; %QUAD:10321
  10860       QUAD 0.235 0 QD ; %QUAD:10321
  10861       DL 0.665 ; %DL: 6559
  10862       SBEND 1.94 0.07853981588 0 0.03926990817 0.03586152553 0.0392699
                  0817 0.03586152553 0.5 0.5 ; %SBEND:10385
  10863       DL 0.3 ; %DL: 6559
  10864       SBEND 1.94 0.07853981588 0 0.03926990817 0.03586152553 0.0392699
                  0817 0.03586152553 0.5 0.5 ; %SBEND:10385
  10865       DL 0.289 ; %DL: 6559
  10866       MH LEN_S SF 0.05; %MH: 7153
  10867       DL 0.076 ; %DL: 6559
  10868       QUAD 0.235 0 QF1 ; %QUAD:10321
  10869       QUAD 0.235 0 QF1 ; %QUAD:10321
  10870       DL 0.665 ; %DL: 6559
  10871       SBEND 1.94 0.07853981588 0 0.03926990817 0.03586152553 0.0392699
                  0817 0.03586152553 0.5 0.5 ; %SBEND:10385
  10872       DL 0.3 ; %DL: 6559
  10873       SBEND 1.94 0.07853981588 0 0.03926990817 0.03586152553 0.0392699
                  0817 0.03586152553 0.5 0.5 ; %SBEND:10385
  10874       DL 0.289 ; %DL: 6559
  10875       MH LEN_S SD 0.05; %MH: 7153
  10876       DL 0.076 ; %DL: 6559
  10877       QUAD 0.235 0 QD ; %QUAD:10321
  10878       QUAD 0.235 0 QD ; %QUAD:10321
  10879       DL 0.665 ; %DL: 6559
  10880       SBEND 1.94 0.07853981588 0 0.03926990817 0.03586152553 0.0392699
                  0817 0.03586152553 0.5 0.5 ; %SBEND:10385
  10881       DL 0.3 ; %DL: 6559
  10882       SBEND 1.94 0.07853981588 0 0.03926990817 0.03586152553 0.0392699
                  0817 0.03586152553 0.5 0.5 ; %SBEND:10385
  10883       DL 0.289 ; %DL: 6559
  10884       MH LEN_S SF 0.05; %MH: 7153
  10885       DL 0.076 ; %DL: 6559
  10886       QUAD 0.235 0 QF1 ; %QUAD:10321
  10887       QUAD 0.235 0 QF1 ; %QUAD:10321
  10888       DL 0.665 ; %DL: 6559
  10889       SBEND 1.94 0.07853981588 0 0.03926990817 0.03586152553 0.0392699
                  0817 0.03586152553 0.5 0.5 ; %SBEND:10385
  10890       DL 0.3 ; %DL: 6559
  10891       SBEND 1.94 0.07853981588 0 0.03926990817 0.03586152553 0.0392699
                  0817 0.03586152553 0.5 0.5 ; %SBEND:10385
  10892       DL 0.289 ; %DL: 6559
  10893       MH LEN_S SD 0.05; %MH: 7153
  10894       DL 0.076 ; %DL: 6559
  10895       QUAD 0.235 0 QD ; %QUAD:10321
  10896       QUAD 0.235 0 QD ; %QUAD:10321
  10897       DL 0.665 ; %DL: 6559
  10898       SBEND 1.94 0.07853981588 0 0.03926990817 0.03586152553 0.0392699
                  0817 0.03586152553 0.5 0.5 ; %SBEND:10385
  10899       DL 0.3 ; %DL: 6559
  10900       SBEND 1.94 0.07853981588 0 0.03926990817 0.03586152553 0.0392699
                  0817 0.03586152553 0.5 0.5 ; %SBEND:10385
  10901       DL 0.289 ; %DL: 6559
  10902       MH LEN_S SF 0.05; %MH: 7153
  10903       DL 0.076 ; %DL: 6559
  10904       QUAD 0.235 0 QF1 ; %QUAD:10321
  10905       QUAD 0.235 0 QF1 ; %QUAD:10321
  10906       DL 0.665 ; %DL: 6559
  10907       SBEND 1.94 0.07853981588 0 0.03926990817 0.03586152553 0.0392699
                  0817 0.03586152553 0.5 0.5 ; %SBEND:10385
  10908       DL 0.3 ; %DL: 6559
  10909       SBEND 1.94 0.07853981588 0 0.03926990817 0.03586152553 0.0392699
                  0817 0.03586152553 0.5 0.5 ; %SBEND:10385
  10910       DL 0.289 ; %DL: 6559
  10911       MH LEN_S SD 0.05; %MH: 7153
  10912       DL 0.076 ; %DL: 6559
  10913       QUAD 0.235 0 QD ; %QUAD:10321
  10914       QUAD 0.235 0 QD ; %QUAD:10321
  10915       DL 0.665 ; %DL: 6559
  10916       SBEND 1.94 0.07853981588 0 0.03926990817 0.03586152553 0.0392699
                  0817 0.03586152553 0.5 0.5 ; %SBEND:10385
  10917       DL 0.3 ; %DL: 6559
  10918       SBEND 1.94 0.07853981588 0 0.03926990817 0.03586152553 0.0392699
                  0817 0.03586152553 0.5 0.5 ; %SBEND:10385
  10919       DL 0.289 ; %DL: 6559
  10920       MH LEN_S SF 0.05; %MH: 7153
  10921       DL 0.076 ; %DL: 6559
  10922       QUAD 0.235 0 QF1 ; %QUAD:10321
  10923       QUAD 0.235 0 QF1 ; %QUAD:10321
  10924       DL 0.665 ; %DL: 6559
  10925       SBEND 1.94 0.07853981588 0 0.03926990817 0.03586152553 0.0392699
                  0817 0.03586152553 0.5 0.5 ; %SBEND:10385
  10926       DL 0.3 ; %DL: 6559
  10927       SBEND 1.94 0.07853981588 0 0.03926990817 0.03586152553 0.0392699
                  0817 0.03586152553 0.5 0.5 ; %SBEND:10385
  10928       DL 0.289 ; %DL: 6559
  10929       MH LEN_S SD 0.05; %MH: 7153
  10930       DL 0.076 ; %DL: 6559
  10931       QUAD 0.235 0 QD ; %QUAD:10321
  10932       ENDLOOP;
  10933     ENDPROCEDURE;
 --- BIN FILE WRITTEN: BYPASS_REAL_SEQ
  10934   SAVE 'BYPASS_REAL_SEQ';
