 --- BIN FILE READ: header
  10598 INCLUDE 'header';
  10599   PROCEDURE LATTICE SEXTGX1 SEXTGY1 SEXTGX2 SEXTGY2 EB1 RFFLAG;
  10600     VARIABLE VRF 1 1 1;
  10601     VARIABLE FREQ 1;
  10602     VARIABLE HNUM 1;
  10603     VARIABLE I 1;
  10604     VARIABLE LEN_S 1;
  10605     VARIABLE A 1;
  10606     VARIABLE LEN_S_1 1;
  10607     VARIABLE EBE 1;
  10608     VARIABLE BBE 1;
  10609     VARIABLE SF1 1;
  10610     VARIABLE SF2 1;
  10611     VARIABLE SD 1;
  10612     VARIABLE SD1 1;
  10613     VARIABLE SFC 1;
  10614     VARIABLE SDC 1;
  10615     VARIABLE QF1 1;
  10616     VARIABLE QD 1;
  10617     VARIABLE Q7W2 1;
  10618     VARIABLE Q9W2 1;
  10619     VARIABLE Q5W2 1;
  10620     VARIABLE Q6W2 1;
  10621     VARIABLE QBP1 1;
  10622     VARIABLE QBP2 1;
  10623     VARIABLE QFS 1;
  10624     VARIABLE QDS 1;
  10625     VARIABLE QMF 1;
  10626     VARIABLE QMD 1;
  10627     VARIABLE O 1;
  10628     EBE := EB1;
  10629     A := 0.05;
  10630     LEN_S := 0.30;
  10631     LEN_S_1 := 0.000001;
  10632     SF1 := SEXTGX1;
  10633     SF2 := SEXTGX2;
  10634     SD  := SEXTGY1;
  10635     SD1 := SEXTGY2;
  10636     QF1:=0.5291938507;
  10637     QD:=-0.5180465069;
  10638     Q7W2:=0.5462726986;
  10639     Q9W2:=0.521884792;
  10640     Q6W2:=-0.5899853924;
  10641     Q5W2:=0.9571898423;
  10642     QMD:=-0.5915218127;
  10643     QMF:=0.9571898423;
  10644     QFS:=  0.4470983052;
  10645     QDS:= -0.5515748851;
  10646     QBP1:=2.654626982;
  10647     QBP2:=-1.399064318;
  10648     O:= 5.32845 ;
  10649     HNUM := 66;
  10650     VRF(1, 1) := 100/HNUM;
  10651     FREQ := HNUM*REVFREQ(FACCLEN(1)); %REVFREQ: 9907 %FACCLEN:10535
  10652     WRITE 6 '********************************************';
  10653     WRITE 6 '*      FS NICA BYPASS 7 NOW 2022           *';
  10654     WRITE 6 '********************************************';
  10655     WRITE 6 'REVOLUTION FREQUENCY: '&ST(REVFREQ(FACCLEN(1))/1E6)&' MHZ
                  '; %REVFREQ: 9907 %FACCLEN:10535
  10656     WRITE 6 'RF FREQUENCY: '&ST(FREQ/1E6)&' MHZ';
  10657     UM; %UM: 1488
  10658     CR; %CR:  947
  10659     IF RFFLAG=1;
  10660       RF VRF 0 FREQ 0 0.05; %RF: 8697
  10661       ENDIF;
  10662     LOOP I 1 2;
  10663       DL 0.215 ; %DL: 6559
  10664       SBEND 1.94 0.07853981588 0 0.03926990817 0.03586152553 0.0392699
                  0817 0.03586152553 0.5 0.5 ; %SBEND:10385
  10665       DL 0.3 ; %DL: 6559
  10666       SBEND 1.94 0.07853981588 0 0.03926990817 0.03586152553 0.0392699
                  0817 0.03586152553 0.5 0.5 ; %SBEND:10385
  10667       DL 0.3365 ; %DL: 6559
  10668       DL 0.3 ; %DL: 6559
  10669       DL 0.076 ; %DL: 6559
  10670       QUAD 0.375 0 Q7W2 ; %QUAD:10321
  10671       DL 5.1815 ; %DL: 6559
  10672       MH LEN_S SD1 0.05; %MH: 7153
  10673       DL 0.076 ; %DL: 6559
  10674       QUAD 0.235 0 QD ; %QUAD:10321
  10675       QUAD 0.235 0 QD ; %QUAD:10321
  10676       DL 5.144 ; %DL: 6559
  10677       DL 0.3 ; %DL: 6559
  10678       DL 0.076 ; %DL: 6559
  10679       QUAD 0.45 0 Q9W2 ; %QUAD:10321
  10680       DL 0.675 ; %DL: 6559
  10681       SBEND 1.94 0.07853981588 0 0.03926990817 0.03586152553 0.0392699
                  0817 0.03586152553 0.5 0.5 ; %SBEND:10385
  10682       DL 0.3 ; %DL: 6559
  10683       SBEND 1.94 0.07853981588 0 0.03926990817 0.03586152553 0.0392699
                  0817 0.03586152553 0.5 0.5 ; %SBEND:10385
  10684       DL 0.289 ; %DL: 6559
  10685       MH LEN_S SD 0.05; %MH: 7153
  10686       DL 0.076 ; %DL: 6559
  10687       QUAD 0.235 0 QD ; %QUAD:10321
  10688       QUAD 0.235 0 QD ; %QUAD:10321
  10689       DL 0.665 ; %DL: 6559
  10690       SBEND 1.94 0.07853981588 0 0.03926990817 0.03586152553 0.0392699
                  0817 0.03586152553 0.5 0.5 ; %SBEND:10385
  10691       DL 0.3 ; %DL: 6559
  10692       SBEND 1.94 0.07853981588 0 0.03926990817 0.03586152553 0.0392699
                  0817 0.03586152553 0.5 0.5 ; %SBEND:10385
  10693       DL 0.289 ; %DL: 6559
  10694       MH LEN_S SF1 0.05; %MH: 7153
  10695       DL 0.076 ; %DL: 6559
  10696       QUAD 0.235 0 QF1 ; %QUAD:10321
  10697       QUAD 0.235 0 QF1 ; %QUAD:10321
  10698       DL 0.665 ; %DL: 6559
  10699       SBEND 1.94 0.07853981588 0 0.03926990817 0.03586152553 0.0392699
                  0817 0.03586152553 0.5 0.5 ; %SBEND:10385
  10700       DL 0.3 ; %DL: 6559
  10701       SBEND 1.94 0.07853981588 0 0.03926990817 0.03586152553 0.0392699
                  0817 0.03586152553 0.5 0.5 ; %SBEND:10385
  10702       DL 0.289 ; %DL: 6559
  10703       MH LEN_S SD 0.05; %MH: 7153
  10704       DL 0.076 ; %DL: 6559
  10705       QUAD 0.235 0 QD ; %QUAD:10321
  10706       QUAD 0.235 0 QD ; %QUAD:10321
  10707       DL 0.665 ; %DL: 6559
  10708       SBEND 1.94 0.07853981588 0 0.03926990817 0.03586152553 0.0392699
                  0817 0.03586152553 0.5 0.5 ; %SBEND:10385
  10709       DL 0.3 ; %DL: 6559
  10710       SBEND 1.94 0.07853981588 0 0.03926990817 0.03586152553 0.0392699
                  0817 0.03586152553 0.5 0.5 ; %SBEND:10385
  10711       DL 0.289 ; %DL: 6559
  10712       MH LEN_S SF2 0.05; %MH: 7153
  10713       DL 0.076 ; %DL: 6559
  10714       QUAD 0.235 0 QF1 ; %QUAD:10321
  10715       QUAD 0.235 0 QF1 ; %QUAD:10321
  10716       DL 0.665 ; %DL: 6559
  10717       SBEND 1.94 0.07853981588 0 0.03926990817 0.03586152553 0.0392699
                  0817 0.03586152553 0.5 0.5 ; %SBEND:10385
  10718       DL 0.3 ; %DL: 6559
  10719       SBEND 1.94 0.07853981588 0 0.03926990817 0.03586152553 0.0392699
                  0817 0.03586152553 0.5 0.5 ; %SBEND:10385
  10720       DL 0.289 ; %DL: 6559
  10721       MH LEN_S SD 0.05; %MH: 7153
  10722       DL 0.076 ; %DL: 6559
  10723       QUAD 0.235 0 QD ; %QUAD:10321
  10724       QUAD 0.235 0 QD ; %QUAD:10321
  10725       DL 0.665 ; %DL: 6559
  10726       SBEND 1.94 0.07853981588 0 0.03926990817 0.03586152553 0.0392699
                  0817 0.03586152553 0.5 0.5 ; %SBEND:10385
  10727       DL 0.3 ; %DL: 6559
  10728       SBEND 1.94 0.07853981588 0 0.03926990817 0.03586152553 0.0392699
                  0817 0.03586152553 0.5 0.5 ; %SBEND:10385
  10729       DL 0.289 ; %DL: 6559
  10730       MH LEN_S SF1 0.05; %MH: 7153
  10731       DL 0.076 ; %DL: 6559
  10732       QUAD 0.235 0 QF1 ; %QUAD:10321
  10733       QUAD 0.235 0 QF1 ; %QUAD:10321
  10734       DL 0.665 ; %DL: 6559
  10735       SBEND 1.94 0.07853981588 0 0.03926990817 0.03586152553 0.0392699
                  0817 0.03586152553 0.5 0.5 ; %SBEND:10385
  10736       DL 0.3 ; %DL: 6559
  10737       SBEND 1.94 0.07853981588 0 0.03926990817 0.03586152553 0.0392699
                  0817 0.03586152553 0.5 0.5 ; %SBEND:10385
  10738       DL 0.289 ; %DL: 6559
  10739       MH LEN_S SD 0.05; %MH: 7153
  10740       DL 0.076 ; %DL: 6559
  10741       QUAD 0.235 0 QD ; %QUAD:10321
  10742       QUAD 0.235 0 QD ; %QUAD:10321
  10743       DL 0.665 ; %DL: 6559
  10744       SBEND 1.94 0.07853981588 0 0.03926990817 0.03586152553 0.0392699
                  0817 0.03586152553 0.5 0.5 ; %SBEND:10385
  10745       DL 0.3 ; %DL: 6559
  10746       SBEND 1.94 0.07853981588 0 0.03926990817 0.03586152553 0.0392699
                  0817 0.03586152553 0.5 0.5 ; %SBEND:10385
  10747       DL 0.289 ; %DL: 6559
  10748       MH LEN_S SF2 0.05; %MH: 7153
  10749       DL 0.076 ; %DL: 6559
  10750       QUAD 0.235 0 QF1 ; %QUAD:10321
  10751       QUAD 0.235 0 QF1 ; %QUAD:10321
  10752       DL 0.665 ; %DL: 6559
  10753       SBEND 1.94 0.07853981588 0 0.03926990817 0.03586152553 0.0392699
                  0817 0.03586152553 0.5 0.5 ; %SBEND:10385
  10754       DL 0.3 ; %DL: 6559
  10755       SBEND 1.94 0.07853981588 0 0.03926990817 0.03586152553 0.0392699
                  0817 0.03586152553 0.5 0.5 ; %SBEND:10385
  10756       DL 0.289 ; %DL: 6559
  10757       MH LEN_S SD 0.05; %MH: 7153
  10758       DL 0.076 ; %DL: 6559
  10759       QUAD 0.235 0 QD ; %QUAD:10321
  10760       QUAD 0.235 0 QD ; %QUAD:10321
  10761       DL 0.665 ; %DL: 6559
  10762       SBEND 1.94 0.07853981588 0 0.03926990817 0.03586152553 0.0392699
                  0817 0.03586152553 0.5 0.5 ; %SBEND:10385
  10763       DL 0.3 ; %DL: 6559
  10764       SBEND 1.94 0.07853981588 0 0.03926990817 0.03586152553 0.0392699
                  0817 0.03586152553 0.5 0.5 ; %SBEND:10385
  10765       DL 0.289 ; %DL: 6559
  10766       MH LEN_S SF1 0.05; %MH: 7153
  10767       DL 0.076 ; %DL: 6559
  10768       QUAD 0.235 0 QF1 ; %QUAD:10321
  10769       QUAD 0.235 0 QF1 ; %QUAD:10321
  10770       DL 0.665 ; %DL: 6559
  10771       SBEND 1.94 0.07853981588 0 0.03926990817 0.03586152553 0.0392699
                  0817 0.03586152553 0.5 0.5 ; %SBEND:10385
  10772       DL 0.3 ; %DL: 6559
  10773       SBEND 1.94 0.07853981588 0 0.03926990817 0.03586152553 0.0392699
                  0817 0.03586152553 0.5 0.5 ; %SBEND:10385
  10774       DL 0.289 ; %DL: 6559
  10775       MH LEN_S SD 0.05; %MH: 7153
  10776       DL 0.076 ; %DL: 6559
  10777       QUAD 0.235 0 QD ; %QUAD:10321
  10778       QUAD 0.235 0 QD ; %QUAD:10321
  10779       DL 0.665 ; %DL: 6559
  10780       SBEND 1.94 0.07853981588 0 0.03926990817 0.03586152553 0.0392699
                  0817 0.03586152553 0.5 0.5 ; %SBEND:10385
  10781       DL 0.3 ; %DL: 6559
  10782       SBEND 1.94 0.07853981588 0 0.03926990817 0.03586152553 0.0392699
                  0817 0.03586152553 0.5 0.5 ; %SBEND:10385
  10783       DL 0.289 ; %DL: 6559
  10784       MH LEN_S SF2 0.05; %MH: 7153
  10785       DL 0.076 ; %DL: 6559
  10786       QUAD 0.235 0 QF1 ; %QUAD:10321
  10787       QUAD 0.235 0 QF1 ; %QUAD:10321
  10788       DL 0.665 ; %DL: 6559
  10789       SBEND 1.94 0.07853981588 0 0.03926990817 0.03586152553 0.0392699
                  0817 0.03586152553 0.5 0.5 ; %SBEND:10385
  10790       DL 0.3 ; %DL: 6559
  10791       SBEND 1.94 0.07853981588 0 0.03926990817 0.03586152553 0.0392699
                  0817 0.03586152553 0.5 0.5 ; %SBEND:10385
  10792       DL 0.289 ; %DL: 6559
  10793       MH LEN_S SD 0.05; %MH: 7153
  10794       DL 0.076 ; %DL: 6559
  10795       QUAD 0.235 0 QD ; %QUAD:10321
  10796       QUAD 0.235 0 QD ; %QUAD:10321
  10797       DL 0.665 ; %DL: 6559
  10798       SBEND 1.94 0.07853981588 0 0.03926990817 0.03586152553 0.0392699
                  0817 0.03586152553 0.5 0.5 ; %SBEND:10385
  10799       DL 0.3 ; %DL: 6559
  10800       SBEND 1.94 0.07853981588 0 0.03926990817 0.03586152553 0.0392699
                  0817 0.03586152553 0.5 0.5 ; %SBEND:10385
  10801       DL 0.289 ; %DL: 6559
  10802       MH LEN_S SF1 0.05; %MH: 7153
  10803       DL 0.076 ; %DL: 6559
  10804       QUAD 0.235 0 QF1 ; %QUAD:10321
  10805       QUAD 0.235 0 QF1 ; %QUAD:10321
  10806       DL 0.665 ; %DL: 6559
  10807       SBEND 1.94 0.07853981588 0 0.03926990817 0.03586152553 0.0392699
                  0817 0.03586152553 0.5 0.5 ; %SBEND:10385
  10808       DL 0.3 ; %DL: 6559
  10809       SBEND 1.94 0.07853981588 0 0.03926990817 0.03586152553 0.0392699
                  0817 0.03586152553 0.5 0.5 ; %SBEND:10385
  10810       DL 0.289 ; %DL: 6559
  10811       MH LEN_S SD 0.05; %MH: 7153
  10812       DL 0.076 ; %DL: 6559
  10813       QUAD 0.235 0 QD ; %QUAD:10321
  10814       QUAD 0.235 0 QD ; %QUAD:10321
  10815       DL 0.665 ; %DL: 6559
  10816       SBEND 1.94 0.07853981588 0 0.03926990817 0.03586152553 0.0392699
                  0817 0.03586152553 0.5 0.5 ; %SBEND:10385
  10817       DL 0.3 ; %DL: 6559
  10818       SBEND 1.94 0.07853981588 0 0.03926990817 0.03586152553 0.0392699
                  0817 0.03586152553 0.5 0.5 ; %SBEND:10385
  10819       DL 0.289 ; %DL: 6559
  10820       MH LEN_S SF2 0.05; %MH: 7153
  10821       DL 0.076 ; %DL: 6559
  10822       QUAD 0.235 0 QF1 ; %QUAD:10321
  10823       QUAD 0.235 0 QF1 ; %QUAD:10321
  10824       DL 0.665 ; %DL: 6559
  10825       SBEND 1.94 0.07853981588 0 0.03926990817 0.03586152553 0.0392699
                  0817 0.03586152553 0.5 0.5 ; %SBEND:10385
  10826       DL 0.3 ; %DL: 6559
  10827       SBEND 1.94 0.07853981588 0 0.03926990817 0.03586152553 0.0392699
                  0817 0.03586152553 0.5 0.5 ; %SBEND:10385
  10828       DL 0.289 ; %DL: 6559
  10829       DL 0.3 ; %DL: 6559
  10830       DL 0.076 ; %DL: 6559
  10831       QUAD 0.235 0 QD ; %QUAD:10321
  10832       QUAD 0.235 0 QD ; %QUAD:10321
  10833       DL 0.665 ; %DL: 6559
  10834       SBEND 1.94 0.07853981588 0 0.03926990817 0.03586152553 0.0392699
                  0817 0.03586152553 0.5 0.5 ; %SBEND:10385
  10835       DL 0.3 ; %DL: 6559
  10836       SBEND 1.94 0.07853981588 0 0.03926990817 0.03586152553 0.0392699
                  0817 0.03586152553 0.5 0.5 ; %SBEND:10385
  10837       DL 0.299 ; %DL: 6559
  10838       DL 0.3 ; %DL: 6559
  10839       DL 0.076 ; %DL: 6559
  10840       QUAD 0.45 0 Q9W2 ; %QUAD:10321
  10841       DL 5.144 ; %DL: 6559
  10842       MH LEN_S SD1 0.05; %MH: 7153
  10843       DL 0.076 ; %DL: 6559
  10844       QUAD 0.235 0 QD ; %QUAD:10321
  10845       QUAD 0.235 0 QD ; %QUAD:10321
  10846       DL 5.1815 ; %DL: 6559
  10847       DL 0.3 ; %DL: 6559
  10848       DL 0.076 ; %DL: 6559
  10849       QUAD 0.375 0 Q7W2 ; %QUAD:10321
  10850       DL 0.7125 ; %DL: 6559
  10851       SBEND 1.94 0.07853981588 0 0.03926990817 0.03586152553 0.0392699
                  0817 0.03586152553 0.5 0.5 ; %SBEND:10385
  10852       DL 0.3 ; %DL: 6559
  10853       SBEND 1.94 0.07853981588 0 0.03926990817 0.03586152553 0.0392699
                  0817 0.03586152553 0.5 0.5 ; %SBEND:10385
  10854       DL 0.215 ; %DL: 6559
  10855       DL 0.085 ; %DL: 6559
  10856       QUAD 0.785 0 Q6W2 ; %QUAD:10321
  10857       DL 0.11787 ; %DL: 6559
  10858       DL 0.3 ; %DL: 6559
  10859       DL 0.1 ; %DL: 6559
  10860       QUAD 0.69 0 Q5W2 ; %QUAD:10321
  10861       DL 0.47; %DL: 6559
  10862       SBEND 0.5 0.1570836107 0 0 0 0 0 0 0; %SBEND:10385
  10863       DL 1.0 ; %DL: 6559
  10864       QUAD 0.47 0 QBP2 ; %QUAD:10321
  10865       DL 1.0 ; %DL: 6559
  10866       QUAD 0.47 0 QBP1 ; %QUAD:10321
  10867       DL 1.0 ; %DL: 6559
  10868       QUAD 0.47 0 QBP2 ; %QUAD:10321
  10869       DL 1.0 ; %DL: 6559
  10870       QUAD 0.47 0 QBP1 ; %QUAD:10321
  10871       DL 1.0 ; %DL: 6559
  10872       QUAD 0.47 0 QBP2 ; %QUAD:10321
  10873       DL 1.0 ; %DL: 6559
  10874       SBEND 0.5 -0.1570836107 0 0 0 0 0 0 0; %SBEND:10385
  10875       DL 0.47; %DL: 6559
  10876       QUAD 0.69 0 QMF ; %QUAD:10321
  10877       DL 0.518 ; %DL: 6559
  10878       QUAD 0.785 0 QMD ; %QUAD:10321
  10879       DL 0.085 ; %DL: 6559
  10880       DL O; %DL: 6559
  10881       QUAD 0.235 0 QFS; %QUAD:10321
  10882       QUAD 0.235 0 QFS; %QUAD:10321
  10883       DL O; %DL: 6559
  10884       QUAD 0.235 0 QDS; %QUAD:10321
  10885       QUAD 0.235 0 QDS; %QUAD:10321
  10886       DL O; %DL: 6559
  10887       QUAD 0.235 0 QFS; %QUAD:10321
  10888       QUAD 0.235 0 QFS; %QUAD:10321
  10889       DL O; %DL: 6559
  10890       QUAD 0.235 0 QDS; %QUAD:10321
  10891       QUAD 0.235 0 QDS; %QUAD:10321
  10892       DL 0.1265353 ; %DL: 6559
  10893       FR 0; %FR: 5434
  10894       WIEN 5.0753794 BBE EBE 0; %WIEN:10506
  10895       FR 3; %FR: 5434
  10896       DL 0.1265353 ; %DL: 6559
  10897       QUAD 0.235 0 QFS; %QUAD:10321
  10898       QUAD 0.235 0 QFS; %QUAD:10321
  10899       DL 0.1265353 ; %DL: 6559
  10900       FR 0; %FR: 5434
  10901       WIEN 5.0753794 BBE EBE 0; %WIEN:10506
  10902       FR 3; %FR: 5434
  10903       DL 0.1265353 ; %DL: 6559
  10904       QUAD 0.235 0 QDS; %QUAD:10321
  10905       QUAD 0.235 0 QDS; %QUAD:10321
  10906       DL 0.1265353 ; %DL: 6559
  10907       FR 0; %FR: 5434
  10908       WIEN 5.0753794 BBE EBE 0; %WIEN:10506
  10909       FR 3; %FR: 5434
  10910       DL 0.1265353 ; %DL: 6559
  10911       QUAD 0.235 0 QFS; %QUAD:10321
  10912       QUAD 0.235 0 QFS; %QUAD:10321
  10913       DL 0.1265353 ; %DL: 6559
  10914       FR 0; %FR: 5434
  10915       WIEN 5.0753794 BBE EBE 0; %WIEN:10506
  10916       FR 3; %FR: 5434
  10917       DL 0.1265353 ; %DL: 6559
  10918       QUAD 0.235 0 QDS; %QUAD:10321
  10919       QUAD 0.235 0 QDS; %QUAD:10321
  10920       DL 0.1265353 ; %DL: 6559
  10921       FR 0; %FR: 5434
  10922       WIEN 5.0753794 BBE EBE 0; %WIEN:10506
  10923       FR 3; %FR: 5434
  10924       DL 0.1265353 ; %DL: 6559
  10925       QUAD 0.235 0 QFS; %QUAD:10321
  10926       QUAD 0.235 0 QFS; %QUAD:10321
  10927       DL 0.1265353 ; %DL: 6559
  10928       FR 0; %FR: 5434
  10929       WIEN 5.0753794 BBE EBE 0; %WIEN:10506
  10930       FR 3; %FR: 5434
  10931       DL 0.1265353 ; %DL: 6559
  10932       QUAD 0.235 0 QDS; %QUAD:10321
  10933       QUAD 0.235 0 QDS; %QUAD:10321
  10934       DL O; %DL: 6559
  10935       QUAD 0.235 0 QFS; %QUAD:10321
  10936       QUAD 0.235 0 QFS; %QUAD:10321
  10937       DL O; %DL: 6559
  10938       QUAD 0.235 0 QDS; %QUAD:10321
  10939       QUAD 0.235 0 QDS; %QUAD:10321
  10940       DL O; %DL: 6559
  10941       QUAD 0.235 0 QFS; %QUAD:10321
  10942       QUAD 0.235 0 QFS; %QUAD:10321
  10943       DL O; %DL: 6559
  10944       DL 0.085 ; %DL: 6559
  10945       QUAD 0.785 0 QMD ; %QUAD:10321
  10946       DL 0.518 ; %DL: 6559
  10947       QUAD 0.69 0 QMF ; %QUAD:10321
  10948       DL 0.47; %DL: 6559
  10949       SBEND 0.5 -0.1570836107 0 0 0 0 0 0 0; %SBEND:10385
  10950       DL 1.0 ; %DL: 6559
  10951       QUAD 0.47 0 QBP2 ; %QUAD:10321
  10952       DL 1.0 ; %DL: 6559
  10953       QUAD 0.47 0 QBP1 ; %QUAD:10321
  10954       DL 1.0 ; %DL: 6559
  10955       QUAD 0.47 0 QBP2 ; %QUAD:10321
  10956       DL 1.0 ; %DL: 6559
  10957       QUAD 0.47 0 QBP1 ; %QUAD:10321
  10958       DL 1.0 ; %DL: 6559
  10959       QUAD 0.47 0 QBP2 ; %QUAD:10321
  10960       DL 1.0 ; %DL: 6559
  10961       SBEND 0.5 0.1570836107 0 0 0 0 0 0 0; %SBEND:10385
  10962       DL 0.47 ; %DL: 6559
  10963       QUAD 0.69 0 Q5W2 ; %QUAD:10321
  10964       DL 0.1 ; %DL: 6559
  10965       DL 0.3 ; %DL: 6559
  10966       DL 0.11787 ; %DL: 6559
  10967       QUAD 0.785 0 Q6W2 ; %QUAD:10321
  10968       DL 0.085 ; %DL: 6559
  10969       ENDLOOP;
  10970     ENDPROCEDURE;
 --- BIN FILE WRITTEN: BYPASS_REAL_4_fam_NEW
  10971   SAVE 'BYPASS_REAL_4_fam_NEW';
