 --- BIN FILE READ: header
  10579 INCLUDE 'header';
  10580   PROCEDURE LATTICE SEXTGX1 SEXTGY1 SEXTGX2 SEXTGY2 EB1 RFFLAG;
  10581     VARIABLE VRF 1 1 1;
  10582     VARIABLE FREQ 1;
  10583     VARIABLE HNUM 1;
  10584     VARIABLE I 1;
  10585     VARIABLE LEN_S 1;
  10586     VARIABLE A 1;
  10587     VARIABLE LEN_S_1 1;
  10588     VARIABLE EBE 1;
  10589     VARIABLE BBE 1;
  10590     VARIABLE SF 1;
  10591     VARIABLE SD 1;
  10592     VARIABLE SFC 1;
  10593     VARIABLE SDC 1;
  10594     VARIABLE QF1 1;
  10595     VARIABLE QD 1;
  10596     VARIABLE Q7W2 1;
  10597     VARIABLE Q9W2 1;
  10598     VARIABLE Q5W2 1;
  10599     VARIABLE Q6W2 1;
  10600     VARIABLE QBP1 1;
  10601     VARIABLE QBP2 1;
  10602     VARIABLE QFS 1;
  10603     VARIABLE QDS 1;
  10604     VARIABLE QMF 1;
  10605     VARIABLE QMD 1;
  10606     VARIABLE O 1;
  10607     EBE := EB1;
  10608     A := 0.05;
  10609     LEN_S := 0.30;
  10610     LEN_S_1 := 0.000001;
  10611     SF:= SEXTGX1;
  10612     SD:= SEXTGY1;
  10613     SFC:= SEXTGX2;
  10614     SDC:= SEXTGY2;
  10615     QF1:=0.5199753289;
  10616     QD:=-0.5026823039;
  10617     Q7W2:=0.5278356551;
  10618     Q9W2:=0.5188119515;
  10619     QMD:=-0.4102242181;
  10620     QMF:=0.8588589436;
  10621     QFS:=  0.4901180734;
  10622     QDS:= -0.4701446095;
  10623     QBP1:=2.642335619;
  10624     QBP2:=-1.297660579;
  10625     O:= 5.32845 ;
  10626     HNUM := 66;
  10627     VRF(1, 1) := 100/HNUM;
  10628     FREQ := HNUM*REVFREQ(FACCLEN(1)); %REVFREQ: 9907 %FACCLEN:10534
  10629     WRITE 6 '********************************************';
  10630     WRITE 6 '*      FS NICA BYPASS 7 NOW 2022           *';
  10631     WRITE 6 '********************************************';
  10632     WRITE 6 'REVOLUTION FREQUENCY: '&ST(REVFREQ(FACCLEN(1))/1E6)&' MHZ
                  '; %REVFREQ: 9907 %FACCLEN:10534
  10633     WRITE 6 'RF FREQUENCY: '&ST(FREQ/1E6)&' MHZ';
  10634     UM; %UM: 1488
  10635     CR; %CR:  947
  10636     IF RFFLAG=1;
  10637       RF VRF 0 FREQ 0 0.05; %RF: 8697
  10638       ENDIF;
  10639     LOOP I 1 2;
  10640       DL 0.215 ; %DL: 6559
  10641       SBEND 1.94 0.07853981588 0 0.03926990817 0.03586152553 0.0392699
                  0817 0.03586152553 0.5 0.5 ; %SBEND:10385
  10642       DL 0.3 ; %DL: 6559
  10643       SBEND 1.94 0.07853981588 0 0.03926990817 0.03586152553 0.0392699
                  0817 0.03586152553 0.5 0.5 ; %SBEND:10385
  10644       DL 0.3365 ; %DL: 6559
  10645       DL 0.3 ; %DL: 6559
  10646       DL 0.076 ; %DL: 6559
  10647       QUAD 0.375 0 Q7W2 ; %QUAD:10321
  10648       DL 5.1815 ; %DL: 6559
  10649       DL 0.3 ; %DL: 6559
  10650       DL 0.076 ; %DL: 6559
  10651       QUAD 0.235 0 QD ; %QUAD:10321
  10652       QUAD 0.235 0 QD ; %QUAD:10321
  10653       DL 5.144 ; %DL: 6559
  10654       DL 0.3 ; %DL: 6559
  10655       DL 0.076 ; %DL: 6559
  10656       QUAD 0.45 0 Q9W2 ; %QUAD:10321
  10657       DL 0.675 ; %DL: 6559
  10658       SBEND 1.94 0.07853981588 0 0.03926990817 0.03586152553 0.0392699
                  0817 0.03586152553 0.5 0.5 ; %SBEND:10385
  10659       DL 0.3 ; %DL: 6559
  10660       SBEND 1.94 0.07853981588 0 0.03926990817 0.03586152553 0.0392699
                  0817 0.03586152553 0.5 0.5 ; %SBEND:10385
  10661       DL 0.289 ; %DL: 6559
  10662       MH LEN_S SD 0.05; %MH: 7153
  10663       DL 0.076 ; %DL: 6559
  10664       QUAD 0.235 0 QD ; %QUAD:10321
  10665       QUAD 0.235 0 QD ; %QUAD:10321
  10666       DL 0.665 ; %DL: 6559
  10667       SBEND 1.94 0.07853981588 0 0.03926990817 0.03586152553 0.0392699
                  0817 0.03586152553 0.5 0.5 ; %SBEND:10385
  10668       DL 0.3 ; %DL: 6559
  10669       SBEND 1.94 0.07853981588 0 0.03926990817 0.03586152553 0.0392699
                  0817 0.03586152553 0.5 0.5 ; %SBEND:10385
  10670       DL 0.289 ; %DL: 6559
  10671       MH LEN_S SF 0.05; %MH: 7153
  10672       DL 0.076 ; %DL: 6559
  10673       QUAD 0.235 0 QF1 ; %QUAD:10321
  10674       QUAD 0.235 0 QF1 ; %QUAD:10321
  10675       DL 0.665 ; %DL: 6559
  10676       SBEND 1.94 0.07853981588 0 0.03926990817 0.03586152553 0.0392699
                  0817 0.03586152553 0.5 0.5 ; %SBEND:10385
  10677       DL 0.3 ; %DL: 6559
  10678       SBEND 1.94 0.07853981588 0 0.03926990817 0.03586152553 0.0392699
                  0817 0.03586152553 0.5 0.5 ; %SBEND:10385
  10679       DL 0.289 ; %DL: 6559
  10680       MH LEN_S SD 0.05; %MH: 7153
  10681       DL 0.076 ; %DL: 6559
  10682       QUAD 0.235 0 QD ; %QUAD:10321
  10683       QUAD 0.235 0 QD ; %QUAD:10321
  10684       DL 0.665 ; %DL: 6559
  10685       SBEND 1.94 0.07853981588 0 0.03926990817 0.03586152553 0.0392699
                  0817 0.03586152553 0.5 0.5 ; %SBEND:10385
  10686       DL 0.3 ; %DL: 6559
  10687       SBEND 1.94 0.07853981588 0 0.03926990817 0.03586152553 0.0392699
                  0817 0.03586152553 0.5 0.5 ; %SBEND:10385
  10688       DL 0.289 ; %DL: 6559
  10689       MH LEN_S SF 0.05; %MH: 7153
  10690       DL 0.076 ; %DL: 6559
  10691       QUAD 0.235 0 QF1 ; %QUAD:10321
  10692       QUAD 0.235 0 QF1 ; %QUAD:10321
  10693       DL 0.665 ; %DL: 6559
  10694       SBEND 1.94 0.07853981588 0 0.03926990817 0.03586152553 0.0392699
                  0817 0.03586152553 0.5 0.5 ; %SBEND:10385
  10695       DL 0.3 ; %DL: 6559
  10696       SBEND 1.94 0.07853981588 0 0.03926990817 0.03586152553 0.0392699
                  0817 0.03586152553 0.5 0.5 ; %SBEND:10385
  10697       DL 0.289 ; %DL: 6559
  10698       MH LEN_S SD 0.05; %MH: 7153
  10699       DL 0.076 ; %DL: 6559
  10700       QUAD 0.235 0 QD ; %QUAD:10321
  10701       QUAD 0.235 0 QD ; %QUAD:10321
  10702       DL 0.665 ; %DL: 6559
  10703       SBEND 1.94 0.07853981588 0 0.03926990817 0.03586152553 0.0392699
                  0817 0.03586152553 0.5 0.5 ; %SBEND:10385
  10704       DL 0.3 ; %DL: 6559
  10705       SBEND 1.94 0.07853981588 0 0.03926990817 0.03586152553 0.0392699
                  0817 0.03586152553 0.5 0.5 ; %SBEND:10385
  10706       DL 0.289 ; %DL: 6559
  10707       MH LEN_S SF 0.05; %MH: 7153
  10708       DL 0.076 ; %DL: 6559
  10709       QUAD 0.235 0 QF1 ; %QUAD:10321
  10710       QUAD 0.235 0 QF1 ; %QUAD:10321
  10711       DL 0.665 ; %DL: 6559
  10712       SBEND 1.94 0.07853981588 0 0.03926990817 0.03586152553 0.0392699
                  0817 0.03586152553 0.5 0.5 ; %SBEND:10385
  10713       DL 0.3 ; %DL: 6559
  10714       SBEND 1.94 0.07853981588 0 0.03926990817 0.03586152553 0.0392699
                  0817 0.03586152553 0.5 0.5 ; %SBEND:10385
  10715       DL 0.289 ; %DL: 6559
  10716       MH LEN_S SD 0.05; %MH: 7153
  10717       DL 0.076 ; %DL: 6559
  10718       QUAD 0.235 0 QD ; %QUAD:10321
  10719       QUAD 0.235 0 QD ; %QUAD:10321
  10720       DL 0.665 ; %DL: 6559
  10721       SBEND 1.94 0.07853981588 0 0.03926990817 0.03586152553 0.0392699
                  0817 0.03586152553 0.5 0.5 ; %SBEND:10385
  10722       DL 0.3 ; %DL: 6559
  10723       SBEND 1.94 0.07853981588 0 0.03926990817 0.03586152553 0.0392699
                  0817 0.03586152553 0.5 0.5 ; %SBEND:10385
  10724       DL 0.289 ; %DL: 6559
  10725       MH LEN_S SF 0.05; %MH: 7153
  10726       DL 0.076 ; %DL: 6559
  10727       QUAD 0.235 0 QF1 ; %QUAD:10321
  10728       QUAD 0.235 0 QF1 ; %QUAD:10321
  10729       DL 0.665 ; %DL: 6559
  10730       SBEND 1.94 0.07853981588 0 0.03926990817 0.03586152553 0.0392699
                  0817 0.03586152553 0.5 0.5 ; %SBEND:10385
  10731       DL 0.3 ; %DL: 6559
  10732       SBEND 1.94 0.07853981588 0 0.03926990817 0.03586152553 0.0392699
                  0817 0.03586152553 0.5 0.5 ; %SBEND:10385
  10733       DL 0.289 ; %DL: 6559
  10734       MH LEN_S SD 0.05; %MH: 7153
  10735       DL 0.076 ; %DL: 6559
  10736       QUAD 0.235 0 QD ; %QUAD:10321
  10737       QUAD 0.235 0 QD ; %QUAD:10321
  10738       DL 0.665 ; %DL: 6559
  10739       SBEND 1.94 0.07853981588 0 0.03926990817 0.03586152553 0.0392699
                  0817 0.03586152553 0.5 0.5 ; %SBEND:10385
  10740       DL 0.3 ; %DL: 6559
  10741       SBEND 1.94 0.07853981588 0 0.03926990817 0.03586152553 0.0392699
                  0817 0.03586152553 0.5 0.5 ; %SBEND:10385
  10742       DL 0.289 ; %DL: 6559
  10743       MH LEN_S SF 0.05; %MH: 7153
  10744       DL 0.076 ; %DL: 6559
  10745       QUAD 0.235 0 QF1 ; %QUAD:10321
  10746       QUAD 0.235 0 QF1 ; %QUAD:10321
  10747       DL 0.665 ; %DL: 6559
  10748       SBEND 1.94 0.07853981588 0 0.03926990817 0.03586152553 0.0392699
                  0817 0.03586152553 0.5 0.5 ; %SBEND:10385
  10749       DL 0.3 ; %DL: 6559
  10750       SBEND 1.94 0.07853981588 0 0.03926990817 0.03586152553 0.0392699
                  0817 0.03586152553 0.5 0.5 ; %SBEND:10385
  10751       DL 0.289 ; %DL: 6559
  10752       MH LEN_S SD 0.05; %MH: 7153
  10753       DL 0.076 ; %DL: 6559
  10754       QUAD 0.235 0 QD ; %QUAD:10321
  10755       QUAD 0.235 0 QD ; %QUAD:10321
  10756       DL 0.665 ; %DL: 6559
  10757       SBEND 1.94 0.07853981588 0 0.03926990817 0.03586152553 0.0392699
                  0817 0.03586152553 0.5 0.5 ; %SBEND:10385
  10758       DL 0.3 ; %DL: 6559
  10759       SBEND 1.94 0.07853981588 0 0.03926990817 0.03586152553 0.0392699
                  0817 0.03586152553 0.5 0.5 ; %SBEND:10385
  10760       DL 0.289 ; %DL: 6559
  10761       MH LEN_S SF 0.05; %MH: 7153
  10762       DL 0.076 ; %DL: 6559
  10763       QUAD 0.235 0 QF1 ; %QUAD:10321
  10764       QUAD 0.235 0 QF1 ; %QUAD:10321
  10765       DL 0.665 ; %DL: 6559
  10766       SBEND 1.94 0.07853981588 0 0.03926990817 0.03586152553 0.0392699
                  0817 0.03586152553 0.5 0.5 ; %SBEND:10385
  10767       DL 0.3 ; %DL: 6559
  10768       SBEND 1.94 0.07853981588 0 0.03926990817 0.03586152553 0.0392699
                  0817 0.03586152553 0.5 0.5 ; %SBEND:10385
  10769       DL 0.289 ; %DL: 6559
  10770       MH LEN_S SD 0.05; %MH: 7153
  10771       DL 0.076 ; %DL: 6559
  10772       QUAD 0.235 0 QD ; %QUAD:10321
  10773       QUAD 0.235 0 QD ; %QUAD:10321
  10774       DL 0.665 ; %DL: 6559
  10775       SBEND 1.94 0.07853981588 0 0.03926990817 0.03586152553 0.0392699
                  0817 0.03586152553 0.5 0.5 ; %SBEND:10385
  10776       DL 0.3 ; %DL: 6559
  10777       SBEND 1.94 0.07853981588 0 0.03926990817 0.03586152553 0.0392699
                  0817 0.03586152553 0.5 0.5 ; %SBEND:10385
  10778       DL 0.289 ; %DL: 6559
  10779       MH LEN_S SF 0.05; %MH: 7153
  10780       DL 0.076 ; %DL: 6559
  10781       QUAD 0.235 0 QF1 ; %QUAD:10321
  10782       QUAD 0.235 0 QF1 ; %QUAD:10321
  10783       DL 0.665 ; %DL: 6559
  10784       SBEND 1.94 0.07853981588 0 0.03926990817 0.03586152553 0.0392699
                  0817 0.03586152553 0.5 0.5 ; %SBEND:10385
  10785       DL 0.3 ; %DL: 6559
  10786       SBEND 1.94 0.07853981588 0 0.03926990817 0.03586152553 0.0392699
                  0817 0.03586152553 0.5 0.5 ; %SBEND:10385
  10787       DL 0.289 ; %DL: 6559
  10788       MH LEN_S SD 0.05; %MH: 7153
  10789       DL 0.076 ; %DL: 6559
  10790       QUAD 0.235 0 QD ; %QUAD:10321
  10791       QUAD 0.235 0 QD ; %QUAD:10321
  10792       DL 0.665 ; %DL: 6559
  10793       SBEND 1.94 0.07853981588 0 0.03926990817 0.03586152553 0.0392699
                  0817 0.03586152553 0.5 0.5 ; %SBEND:10385
  10794       DL 0.3 ; %DL: 6559
  10795       SBEND 1.94 0.07853981588 0 0.03926990817 0.03586152553 0.0392699
                  0817 0.03586152553 0.5 0.5 ; %SBEND:10385
  10796       DL 0.289 ; %DL: 6559
  10797       MH LEN_S SF 0.05; %MH: 7153
  10798       DL 0.076 ; %DL: 6559
  10799       QUAD 0.235 0 QF1 ; %QUAD:10321
  10800       QUAD 0.235 0 QF1 ; %QUAD:10321
  10801       DL 0.665 ; %DL: 6559
  10802       SBEND 1.94 0.07853981588 0 0.03926990817 0.03586152553 0.0392699
                  0817 0.03586152553 0.5 0.5 ; %SBEND:10385
  10803       DL 0.3 ; %DL: 6559
  10804       SBEND 1.94 0.07853981588 0 0.03926990817 0.03586152553 0.0392699
                  0817 0.03586152553 0.5 0.5 ; %SBEND:10385
  10805       DL 0.289 ; %DL: 6559
  10806       DL 0.3 ; %DL: 6559
  10807       DL 0.076 ; %DL: 6559
  10808       MH LEN_S_1 SDC 0.05; %MH: 7153
  10809       QUAD 0.235 0 QD ; %QUAD:10321
  10810       QUAD 0.235 0 QD ; %QUAD:10321
  10811       DL 0.665 ; %DL: 6559
  10812       SBEND 1.94 0.07853981588 0 0.03926990817 0.03586152553 0.0392699
                  0817 0.03586152553 0.5 0.5 ; %SBEND:10385
  10813       DL 0.3 ; %DL: 6559
  10814       SBEND 1.94 0.07853981588 0 0.03926990817 0.03586152553 0.0392699
                  0817 0.03586152553 0.5 0.5 ; %SBEND:10385
  10815       DL 0.299 ; %DL: 6559
  10816       DL 0.3 ; %DL: 6559
  10817       DL 0.076 ; %DL: 6559
  10818       MH LEN_S_1 SFC 0.05; %MH: 7153
  10819       QUAD 0.45 0 Q9W2 ; %QUAD:10321
  10820       DL 5.144 ; %DL: 6559
  10821       DL 0.3 ; %DL: 6559
  10822       DL 0.076 ; %DL: 6559
  10823       QUAD 0.235 0 QD ; %QUAD:10321
  10824       QUAD 0.235 0 QD ; %QUAD:10321
  10825       DL 5.1815 ; %DL: 6559
  10826       DL 0.3 ; %DL: 6559
  10827       DL 0.076 ; %DL: 6559
  10828       QUAD 0.375 0 Q7W2 ; %QUAD:10321
  10829       DL 0.7125 ; %DL: 6559
  10830       SBEND 1.94 0.07853981588 0 0.03926990817 0.03586152553 0.0392699
                  0817 0.03586152553 0.5 0.5 ; %SBEND:10385
  10831       DL 0.3 ; %DL: 6559
  10832       SBEND 1.94 0.07853981588 0 0.03926990817 0.03586152553 0.0392699
                  0817 0.03586152553 0.5 0.5 ; %SBEND:10385
  10833       DL 0.215 ; %DL: 6559
  10834       DL 0.085 ; %DL: 6559
  10835       QUAD 0.785 0 QMD ; %QUAD:10321
  10836       DL 0.11787 ; %DL: 6559
  10837       DL 0.3 ; %DL: 6559
  10838       DL 0.1 ; %DL: 6559
  10839       QUAD 0.69 0 QMF ; %QUAD:10321
  10840       DL 0.47; %DL: 6559
  10841       SBEND 0.5 0.1570836107 0 0 0 0 0 0 0; %SBEND:10385
  10842       DL 1.0 ; %DL: 6559
  10843       QUAD 0.47 0 QBP2 ; %QUAD:10321
  10844       DL 1.0 ; %DL: 6559
  10845       QUAD 0.47 0 QBP1 ; %QUAD:10321
  10846       DL 1.0 ; %DL: 6559
  10847       QUAD 0.47 0 QBP2 ; %QUAD:10321
  10848       DL 1.0 ; %DL: 6559
  10849       QUAD 0.47 0 QBP1 ; %QUAD:10321
  10850       DL 1.0 ; %DL: 6559
  10851       QUAD 0.47 0 QBP2 ; %QUAD:10321
  10852       DL 1.0 ; %DL: 6559
  10853       SBEND 0.5 -0.1570836107 0 0 0 0 0 0 0; %SBEND:10385
  10854       DL 0.47; %DL: 6559
  10855       QUAD 0.69 0 QMF ; %QUAD:10321
  10856       DL 0.518 ; %DL: 6559
  10857       QUAD 0.785 0 QMD ; %QUAD:10321
  10858       DL 0.085 ; %DL: 6559
  10859       DL O; %DL: 6559
  10860       QUAD 0.235 0 QFS; %QUAD:10321
  10861       QUAD 0.235 0 QFS; %QUAD:10321
  10862       DL O; %DL: 6559
  10863       QUAD 0.235 0 QDS; %QUAD:10321
  10864       QUAD 0.235 0 QDS; %QUAD:10321
  10865       DL O; %DL: 6559
  10866       QUAD 0.235 0 QFS; %QUAD:10321
  10867       QUAD 0.235 0 QFS; %QUAD:10321
  10868       DL O; %DL: 6559
  10869       QUAD 0.235 0 QDS; %QUAD:10321
  10870       QUAD 0.235 0 QDS; %QUAD:10321
  10871       DL 0.1265353 ; %DL: 6559
  10872       WIEN 5.0753794 BBE EBE 0; %WIEN:10506
  10873       DL 0.1265353 ; %DL: 6559
  10874       QUAD 0.235 0 QFS; %QUAD:10321
  10875       QUAD 0.235 0 QFS; %QUAD:10321
  10876       DL 0.1265353 ; %DL: 6559
  10877       WIEN 5.0753794 BBE EBE 0; %WIEN:10506
  10878       DL 0.1265353 ; %DL: 6559
  10879       QUAD 0.235 0 QDS; %QUAD:10321
  10880       QUAD 0.235 0 QDS; %QUAD:10321
  10881       DL 0.1265353 ; %DL: 6559
  10882       WIEN 5.0753794 BBE EBE 0; %WIEN:10506
  10883       DL 0.1265353 ; %DL: 6559
  10884       QUAD 0.235 0 QFS; %QUAD:10321
  10885       QUAD 0.235 0 QFS; %QUAD:10321
  10886       DL 0.1265353 ; %DL: 6559
  10887       WIEN 5.0753794 BBE EBE 0; %WIEN:10506
  10888       DL 0.1265353 ; %DL: 6559
  10889       QUAD 0.235 0 QDS; %QUAD:10321
  10890       QUAD 0.235 0 QDS; %QUAD:10321
  10891       DL 0.1265353 ; %DL: 6559
  10892       WIEN 5.0753794 BBE EBE 0; %WIEN:10506
  10893       DL 0.1265353 ; %DL: 6559
  10894       QUAD 0.235 0 QFS; %QUAD:10321
  10895       QUAD 0.235 0 QFS; %QUAD:10321
  10896       DL 0.1265353 ; %DL: 6559
  10897       WIEN 5.0753794 BBE EBE 0; %WIEN:10506
  10898       DL 0.1265353 ; %DL: 6559
  10899       QUAD 0.235 0 QDS; %QUAD:10321
  10900       QUAD 0.235 0 QDS; %QUAD:10321
  10901       DL O; %DL: 6559
  10902       QUAD 0.235 0 QFS; %QUAD:10321
  10903       QUAD 0.235 0 QFS; %QUAD:10321
  10904       DL O; %DL: 6559
  10905       QUAD 0.235 0 QDS; %QUAD:10321
  10906       QUAD 0.235 0 QDS; %QUAD:10321
  10907       DL O; %DL: 6559
  10908       QUAD 0.235 0 QFS; %QUAD:10321
  10909       QUAD 0.235 0 QFS; %QUAD:10321
  10910       DL O; %DL: 6559
  10911       DL 0.085 ; %DL: 6559
  10912       QUAD 0.785 0 QMD ; %QUAD:10321
  10913       DL 0.518 ; %DL: 6559
  10914       QUAD 0.69 0 QMF ; %QUAD:10321
  10915       DL 0.47; %DL: 6559
  10916       SBEND 0.5 -0.1570836107 0 0 0 0 0 0 0; %SBEND:10385
  10917       DL 1.0 ; %DL: 6559
  10918       QUAD 0.47 0 QBP2 ; %QUAD:10321
  10919       DL 1.0 ; %DL: 6559
  10920       QUAD 0.47 0 QBP1 ; %QUAD:10321
  10921       DL 1.0 ; %DL: 6559
  10922       QUAD 0.47 0 QBP2 ; %QUAD:10321
  10923       DL 1.0 ; %DL: 6559
  10924       QUAD 0.47 0 QBP1 ; %QUAD:10321
  10925       DL 1.0 ; %DL: 6559
  10926       QUAD 0.47 0 QBP2 ; %QUAD:10321
  10927       DL 1.0 ; %DL: 6559
  10928       SBEND 0.5 0.1570836107 0 0 0 0 0 0 0; %SBEND:10385
  10929       DL 0.47 ; %DL: 6559
  10930       QUAD 0.69 0 QMF ; %QUAD:10321
  10931       DL 0.1 ; %DL: 6559
  10932       DL 0.3 ; %DL: 6559
  10933       DL 0.11787 ; %DL: 6559
  10934       QUAD 0.785 0 QMD ; %QUAD:10321
  10935       DL 0.085 ; %DL: 6559
  10936       ENDLOOP;
  10937     ENDPROCEDURE;
 --- BIN FILE WRITTEN: BYPASS_REAL_CORR
  10938   SAVE 'BYPASS_REAL_CORR';
