 --- BIN FILE READ: elements
  10534 INCLUDE 'elements';
  10535   FUNCTION FACCLEN DUMMY;
  10536     FACCLEN := 503;
  10537     ENDFUNCTION;
  10538   FUNCTION FEKIN MOM         RESTMASS      ;
  10539     FEKIN := SQRT(SQR(MOM) + SQR(RESTMASS)) - RESTMASS;
  10540     ENDFUNCTION;
  10541   FUNCTION FMOM EKIN       RESTMASS      ;
  10542     FMOM := SQRT(SQR(EKIN)+2*EKIN*RESTMASS);
  10543     ENDFUNCTION;
  10544   PROCEDURE SET_FOR_PROTONS Y;
  10545     VARIABLE RESTMASSAMU 1;
  10546     VARIABLE RESTMASSMEV 1;
  10547     VARIABLE EKIN 1;
  10548     VARIABLE GAMMA 1;
  10549     VARIABLE BETA 1;
  10550     GAMMA := Y;
  10551     RESTMASSAMU := 1.00728;
  10552     RESTMASSMEV := RESTMASSAMU*AMUMEV;
  10553     BETA := SQRT(GAMMA*GAMMA - 1)/GAMMA;
  10554     EKIN := (GAMMA-1)*RESTMASSMEV;
  10555     RP EKIN RESTMASSAMU 1; %RP: 6326
  10556     RPS 1 1.792847; %RPS: 6403
  10557     WRITE 6 '++++++++++ SETTING UP FOR PROTONS:';
  10558     WRITE 6 'EKIN [MeV]          GAMMA          BETA';
  10559     WRITE 6 SF(EKIN, '(F15.7)')&SF(GAMMA, '(F15.7)')&SF(BETA, '(F15.7)
                  '); %SF:  285 %SF:  285 %SF:  285
  10560     WRITE 6 '+++++++++++++++++++++++++++++++++++';
  10561     ENDPROCEDURE;
  10562   PROCEDURE SET_FOR_DEUTERONS Y;
  10563     VARIABLE RESTMASSAMU 1;
  10564     VARIABLE RESTMASSMEV 1;
  10565     VARIABLE EKIN 1;
  10566     VARIABLE GAMMA 1;
  10567     VARIABLE BETA 1;
  10568     GAMMA := Y;
  10569     RESTMASSAMU := 2.01410;
  10570     RESTMASSMEV := RESTMASSAMU*AMUMEV;
  10571     BETA := SQRT(GAMMA*GAMMA - 1)/GAMMA;
  10572     EKIN := (GAMMA-1)*RESTMASSMEV;
  10573     RP EKIN RESTMASSAMU 1; %RP: 6326
  10574     RPS 1 -.142987; %RPS: 6403
  10575     WRITE 6 '++++++++++ SETTING UP FOR DEUTERONS:';
  10576     WRITE 6 'EKIN [MeV]          GAMMA          BETA';
  10577     WRITE 6 SF(EKIN, '(F15.7)')&SF(GAMMA, '(F15.7)')&SF(BETA, '(F15.7)
                  '); %SF:  285 %SF:  285 %SF:  285
  10578     WRITE 6 '+++++++++++++++++++++++++++++++++++';
  10579     ENDPROCEDURE;
  10580   PROCEDURE SET_FOR_DEUTERONS_CHROM Y;
  10581     VARIABLE RESTMASSAMU 1;
  10582     VARIABLE RESTMASSMEV 1;
  10583     VARIABLE EKIN 1;
  10584     VARIABLE GAMMA 1;
  10585     VARIABLE BETA 1;
  10586     GAMMA := Y;
  10587     RESTMASSAMU := 2.01410;
  10588     RESTMASSMEV := RESTMASSAMU*AMUMEV;
  10589     BETA := SQRT(GAMMA*GAMMA - 1)/GAMMA;
  10590     EKIN := (GAMMA-1)*RESTMASSMEV;
  10591     RP EKIN*PARA(1) RESTMASSAMU 1; %RP: 6326 %PARA: 1044
  10592     RPS 1 -.142987; %RPS: 6403
  10593     WRITE 6 '++++++++++ SETTING UP FOR DEUTERONS:';
  10594     WRITE 6 'EKIN [MeV]          GAMMA          BETA';
  10595     WRITE 6 SF(EKIN, '(F15.7)')&SF(GAMMA, '(F15.7)')&SF(BETA, '(F15.7)
                  '); %SF:  285 %SF:  285 %SF:  285
  10596     WRITE 6 '+++++++++++++++++++++++++++++++++++';
  10597     ENDPROCEDURE;
 --- BIN FILE WRITTEN: header
  10598   SAVE 'header';
