 --- BIN FILE READ: header
  10579 INCLUDE 'header';
  10580   PROCEDURE LATTICE SEXTGX1 SEXTGY1 EB1 RFFLAG MAPARR SPNRARR;
  10581     VARIABLE VRF 1 1 1;
  10582     VARIABLE FREQ 1;
  10583     VARIABLE HNUM 1;
  10584     VARIABLE I 1;
  10585     VARIABLE LEN_S 1;
  10586     VARIABLE A 1;
  10587     VARIABLE EBE 1;
  10588     VARIABLE BBE 1;
  10589     VARIABLE SF 1;
  10590     VARIABLE SD 1;
  10591     VARIABLE SF1 1;
  10592     VARIABLE SF2 1;
  10593     VARIABLE SD1 1;
  10594     VARIABLE SD2 1;
  10595     VARIABLE QF1 1;
  10596     VARIABLE QD 1;
  10597     VARIABLE QFS 1;
  10598     VARIABLE QDS 1;
  10599     VARIABLE Q7W2 1;
  10600     VARIABLE Q9W2 1;
  10601     VARIABLE Q7W2SS 1;
  10602     VARIABLE Q9W2SS 1;
  10603     VARIABLE Q5W2 1;
  10604     VARIABLE Q6W2 1;
  10605     VARIABLE QBP1 1;
  10606     VARIABLE QBP2 1;
  10607     VARIABLE QM1 1;
  10608     EBE := EB1;
  10609     A := 0.05;
  10610     LEN_S := 0.30;
  10611     SF:= SEXTGX1;
  10612     SD:= SEXTGY1;
  10613     QF1:=0.5130614376;
  10614     QD:=-0.4968439068;
  10615     Q7W2:=0.5077085493;
  10616     Q9W2:=0.5149709007;
  10617     QFS:=0.4861740825;
  10618     QDS:=-0.5158955185;
  10619     Q7W2SS:=0.4948465604;
  10620     Q9W2SS:=0.497612117;
  10621     Q6W2:=-0.7946365754;
  10622     Q5W2:=1.476827466;
  10623     QBP1:=3.226482615;
  10624     QBP2:=-2.304630439;
  10625     QM1:= -0.897884019;
  10626     HNUM := 66;
  10627     VRF(1, 1) := 100/HNUM;
  10628     FREQ := HNUM*REVFREQ(FACCLEN(1)); %REVFREQ: 9907 %FACCLEN:10534
  10629     WRITE 6 '********************************************';
  10630     WRITE 6 '*      FS NICA BYPASS 7 NOW 2022           *';
  10631     WRITE 6 '********************************************';
  10632     WRITE 6 'REVOLUTION FREQUENCY: '&ST(REVFREQ(FACCLEN(1))/1E6)&' MHZ
                  '; %REVFREQ: 9907 %FACCLEN:10534
  10633     WRITE 6 'RF FREQUENCY: '&ST(FREQ/1E6)&' MHZ';
  10634     UM; %UM: 1488
  10635     CR; %CR:  947
  10636     IF RFFLAG=1;
  10637       RF VRF 0 FREQ 0 0.05; %RF: 8697
  10638       ENDIF;
  10639     LOOP I 1 1;
  10640       UM; %UM: 1488
  10641       DL 0.215 ; %DL: 6559
  10642       SMAPS 1 MAPARR SPNRARR; %SMAPS:10113
  10643       UM; %UM: 1488
  10644       SBEND 1.94 0.07853981588 0 0.03926990817 0.03586152553 0.0392699
                  0817 0.03586152553 0.5 0.5 ; %SBEND:10385
  10645       SMAPS 2 MAPARR SPNRARR; %SMAPS:10113
  10646       UM; %UM: 1488
  10647       DL 0.3 ; %DL: 6559
  10648       SMAPS 3 MAPARR SPNRARR; %SMAPS:10113
  10649       UM; %UM: 1488
  10650       SBEND 1.94 0.07853981588 0 0.03926990817 0.03586152553 0.0392699
                  0817 0.03586152553 0.5 0.5 ; %SBEND:10385
  10651       SMAPS 4 MAPARR SPNRARR; %SMAPS:10113
  10652       UM; %UM: 1488
  10653       DL 0.3365 ; %DL: 6559
  10654       SMAPS 5 MAPARR SPNRARR; %SMAPS:10113
  10655       UM; %UM: 1488
  10656       DL 0.3 ; %DL: 6559
  10657       SMAPS 6 MAPARR SPNRARR; %SMAPS:10113
  10658       UM; %UM: 1488
  10659       DL 0.076 ; %DL: 6559
  10660       SMAPS 7 MAPARR SPNRARR; %SMAPS:10113
  10661       UM; %UM: 1488
  10662       QUAD 0.375 0 Q7W2 ; %QUAD:10321
  10663       SMAPS 8 MAPARR SPNRARR; %SMAPS:10113
  10664       UM; %UM: 1488
  10665       DL 5.1815 ; %DL: 6559
  10666       SMAPS 9 MAPARR SPNRARR; %SMAPS:10113
  10667       UM; %UM: 1488
  10668       DL 0.3 ; %DL: 6559
  10669       SMAPS 10 MAPARR SPNRARR; %SMAPS:10113
  10670       UM; %UM: 1488
  10671       DL 0.076 ; %DL: 6559
  10672       SMAPS 11 MAPARR SPNRARR; %SMAPS:10113
  10673       UM; %UM: 1488
  10674       QUAD 0.235 0 QD ; %QUAD:10321
  10675       SMAPS 12 MAPARR SPNRARR; %SMAPS:10113
  10676       UM; %UM: 1488
  10677       QUAD 0.235 0 QD ; %QUAD:10321
  10678       SMAPS 13 MAPARR SPNRARR; %SMAPS:10113
  10679       UM; %UM: 1488
  10680       DL 5.144 ; %DL: 6559
  10681       SMAPS 14 MAPARR SPNRARR; %SMAPS:10113
  10682       UM; %UM: 1488
  10683       DL 0.3 ; %DL: 6559
  10684       SMAPS 15 MAPARR SPNRARR; %SMAPS:10113
  10685       UM; %UM: 1488
  10686       DL 0.076 ; %DL: 6559
  10687       SMAPS 16 MAPARR SPNRARR; %SMAPS:10113
  10688       UM; %UM: 1488
  10689       QUAD 0.45 0 Q9W2 ; %QUAD:10321
  10690       SMAPS 17 MAPARR SPNRARR; %SMAPS:10113
  10691       UM; %UM: 1488
  10692       DL 0.675 ; %DL: 6559
  10693       SMAPS 18 MAPARR SPNRARR; %SMAPS:10113
  10694       UM; %UM: 1488
  10695       SBEND 1.94 0.07853981588 0 0.03926990817 0.03586152553 0.0392699
                  0817 0.03586152553 0.5 0.5 ; %SBEND:10385
  10696       SMAPS 19 MAPARR SPNRARR; %SMAPS:10113
  10697       UM; %UM: 1488
  10698       DL 0.3 ; %DL: 6559
  10699       SMAPS 20 MAPARR SPNRARR; %SMAPS:10113
  10700       UM; %UM: 1488
  10701       SBEND 1.94 0.07853981588 0 0.03926990817 0.03586152553 0.0392699
                  0817 0.03586152553 0.5 0.5 ; %SBEND:10385
  10702       SMAPS 21 MAPARR SPNRARR; %SMAPS:10113
  10703       UM; %UM: 1488
  10704       DL 0.289 ; %DL: 6559
  10705       SMAPS 22 MAPARR SPNRARR; %SMAPS:10113
  10706       UM; %UM: 1488
  10707       MH LEN_S SD 0.05; %MH: 7153
  10708       SMAPS 23 MAPARR SPNRARR; %SMAPS:10113
  10709       UM; %UM: 1488
  10710       DL 0.076 ; %DL: 6559
  10711       SMAPS 24 MAPARR SPNRARR; %SMAPS:10113
  10712       UM; %UM: 1488
  10713       QUAD 0.235 0 QD ; %QUAD:10321
  10714       SMAPS 25 MAPARR SPNRARR; %SMAPS:10113
  10715       UM; %UM: 1488
  10716       QUAD 0.235 0 QD ; %QUAD:10321
  10717       SMAPS 26 MAPARR SPNRARR; %SMAPS:10113
  10718       UM; %UM: 1488
  10719       DL 0.665 ; %DL: 6559
  10720       SMAPS 27 MAPARR SPNRARR; %SMAPS:10113
  10721       UM; %UM: 1488
  10722       SBEND 1.94 0.07853981588 0 0.03926990817 0.03586152553 0.0392699
                  0817 0.03586152553 0.5 0.5 ; %SBEND:10385
  10723       SMAPS 28 MAPARR SPNRARR; %SMAPS:10113
  10724       UM; %UM: 1488
  10725       DL 0.3 ; %DL: 6559
  10726       SMAPS 29 MAPARR SPNRARR; %SMAPS:10113
  10727       UM; %UM: 1488
  10728       SBEND 1.94 0.07853981588 0 0.03926990817 0.03586152553 0.0392699
                  0817 0.03586152553 0.5 0.5 ; %SBEND:10385
  10729       SMAPS 30 MAPARR SPNRARR; %SMAPS:10113
  10730       UM; %UM: 1488
  10731       DL 0.289 ; %DL: 6559
  10732       SMAPS 31 MAPARR SPNRARR; %SMAPS:10113
  10733       UM; %UM: 1488
  10734       MH LEN_S SF 0.05; %MH: 7153
  10735       SMAPS 32 MAPARR SPNRARR; %SMAPS:10113
  10736       UM; %UM: 1488
  10737       DL 0.076 ; %DL: 6559
  10738       SMAPS 33 MAPARR SPNRARR; %SMAPS:10113
  10739       UM; %UM: 1488
  10740       QUAD 0.235 0 QF1 ; %QUAD:10321
  10741       SMAPS 34 MAPARR SPNRARR; %SMAPS:10113
  10742       UM; %UM: 1488
  10743       QUAD 0.235 0 QF1 ; %QUAD:10321
  10744       SMAPS 35 MAPARR SPNRARR; %SMAPS:10113
  10745       UM; %UM: 1488
  10746       DL 0.665 ; %DL: 6559
  10747       SMAPS 36 MAPARR SPNRARR; %SMAPS:10113
  10748       UM; %UM: 1488
  10749       SBEND 1.94 0.07853981588 0 0.03926990817 0.03586152553 0.0392699
                  0817 0.03586152553 0.5 0.5 ; %SBEND:10385
  10750       SMAPS 37 MAPARR SPNRARR; %SMAPS:10113
  10751       UM; %UM: 1488
  10752       DL 0.3 ; %DL: 6559
  10753       SMAPS 38 MAPARR SPNRARR; %SMAPS:10113
  10754       UM; %UM: 1488
  10755       SBEND 1.94 0.07853981588 0 0.03926990817 0.03586152553 0.0392699
                  0817 0.03586152553 0.5 0.5 ; %SBEND:10385
  10756       SMAPS 39 MAPARR SPNRARR; %SMAPS:10113
  10757       UM; %UM: 1488
  10758       DL 0.289 ; %DL: 6559
  10759       SMAPS 40 MAPARR SPNRARR; %SMAPS:10113
  10760       UM; %UM: 1488
  10761       MH LEN_S SD 0.05; %MH: 7153
  10762       SMAPS 41 MAPARR SPNRARR; %SMAPS:10113
  10763       UM; %UM: 1488
  10764       DL 0.076 ; %DL: 6559
  10765       SMAPS 42 MAPARR SPNRARR; %SMAPS:10113
  10766       UM; %UM: 1488
  10767       QUAD 0.235 0 QD ; %QUAD:10321
  10768       SMAPS 43 MAPARR SPNRARR; %SMAPS:10113
  10769       UM; %UM: 1488
  10770       QUAD 0.235 0 QD ; %QUAD:10321
  10771       SMAPS 44 MAPARR SPNRARR; %SMAPS:10113
  10772       UM; %UM: 1488
  10773       DL 0.665 ; %DL: 6559
  10774       SMAPS 45 MAPARR SPNRARR; %SMAPS:10113
  10775       UM; %UM: 1488
  10776       SBEND 1.94 0.07853981588 0 0.03926990817 0.03586152553 0.0392699
                  0817 0.03586152553 0.5 0.5 ; %SBEND:10385
  10777       SMAPS 46 MAPARR SPNRARR; %SMAPS:10113
  10778       UM; %UM: 1488
  10779       DL 0.3 ; %DL: 6559
  10780       SMAPS 47 MAPARR SPNRARR; %SMAPS:10113
  10781       UM; %UM: 1488
  10782       SBEND 1.94 0.07853981588 0 0.03926990817 0.03586152553 0.0392699
                  0817 0.03586152553 0.5 0.5 ; %SBEND:10385
  10783       SMAPS 48 MAPARR SPNRARR; %SMAPS:10113
  10784       UM; %UM: 1488
  10785       DL 0.289 ; %DL: 6559
  10786       SMAPS 49 MAPARR SPNRARR; %SMAPS:10113
  10787       UM; %UM: 1488
  10788       MH LEN_S SF 0.05; %MH: 7153
  10789       SMAPS 50 MAPARR SPNRARR; %SMAPS:10113
  10790       UM; %UM: 1488
  10791       DL 0.076 ; %DL: 6559
  10792       SMAPS 51 MAPARR SPNRARR; %SMAPS:10113
  10793       UM; %UM: 1488
  10794       QUAD 0.235 0 QF1 ; %QUAD:10321
  10795       SMAPS 52 MAPARR SPNRARR; %SMAPS:10113
  10796       UM; %UM: 1488
  10797       QUAD 0.235 0 QF1 ; %QUAD:10321
  10798       SMAPS 53 MAPARR SPNRARR; %SMAPS:10113
  10799       UM; %UM: 1488
  10800       DL 0.665 ; %DL: 6559
  10801       SMAPS 54 MAPARR SPNRARR; %SMAPS:10113
  10802       UM; %UM: 1488
  10803       SBEND 1.94 0.07853981588 0 0.03926990817 0.03586152553 0.0392699
                  0817 0.03586152553 0.5 0.5 ; %SBEND:10385
  10804       SMAPS 55 MAPARR SPNRARR; %SMAPS:10113
  10805       UM; %UM: 1488
  10806       DL 0.3 ; %DL: 6559
  10807       SMAPS 56 MAPARR SPNRARR; %SMAPS:10113
  10808       UM; %UM: 1488
  10809       SBEND 1.94 0.07853981588 0 0.03926990817 0.03586152553 0.0392699
                  0817 0.03586152553 0.5 0.5 ; %SBEND:10385
  10810       SMAPS 57 MAPARR SPNRARR; %SMAPS:10113
  10811       UM; %UM: 1488
  10812       DL 0.289 ; %DL: 6559
  10813       SMAPS 58 MAPARR SPNRARR; %SMAPS:10113
  10814       UM; %UM: 1488
  10815       MH LEN_S SD 0.05; %MH: 7153
  10816       SMAPS 59 MAPARR SPNRARR; %SMAPS:10113
  10817       UM; %UM: 1488
  10818       DL 0.076 ; %DL: 6559
  10819       SMAPS 60 MAPARR SPNRARR; %SMAPS:10113
  10820       UM; %UM: 1488
  10821       QUAD 0.235 0 QD ; %QUAD:10321
  10822       SMAPS 61 MAPARR SPNRARR; %SMAPS:10113
  10823       UM; %UM: 1488
  10824       QUAD 0.235 0 QD ; %QUAD:10321
  10825       SMAPS 62 MAPARR SPNRARR; %SMAPS:10113
  10826       UM; %UM: 1488
  10827       DL 0.665 ; %DL: 6559
  10828       SMAPS 63 MAPARR SPNRARR; %SMAPS:10113
  10829       UM; %UM: 1488
  10830       SBEND 1.94 0.07853981588 0 0.03926990817 0.03586152553 0.0392699
                  0817 0.03586152553 0.5 0.5 ; %SBEND:10385
  10831       SMAPS 64 MAPARR SPNRARR; %SMAPS:10113
  10832       UM; %UM: 1488
  10833       DL 0.3 ; %DL: 6559
  10834       SMAPS 65 MAPARR SPNRARR; %SMAPS:10113
  10835       UM; %UM: 1488
  10836       SBEND 1.94 0.07853981588 0 0.03926990817 0.03586152553 0.0392699
                  0817 0.03586152553 0.5 0.5 ; %SBEND:10385
  10837       SMAPS 66 MAPARR SPNRARR; %SMAPS:10113
  10838       UM; %UM: 1488
  10839       DL 0.289 ; %DL: 6559
  10840       SMAPS 67 MAPARR SPNRARR; %SMAPS:10113
  10841       UM; %UM: 1488
  10842       MH LEN_S SF 0.05; %MH: 7153
  10843       SMAPS 68 MAPARR SPNRARR; %SMAPS:10113
  10844       UM; %UM: 1488
  10845       DL 0.076 ; %DL: 6559
  10846       SMAPS 69 MAPARR SPNRARR; %SMAPS:10113
  10847       UM; %UM: 1488
  10848       QUAD 0.235 0 QF1 ; %QUAD:10321
  10849       SMAPS 70 MAPARR SPNRARR; %SMAPS:10113
  10850       UM; %UM: 1488
  10851       QUAD 0.235 0 QF1 ; %QUAD:10321
  10852       SMAPS 71 MAPARR SPNRARR; %SMAPS:10113
  10853       UM; %UM: 1488
  10854       DL 0.665 ; %DL: 6559
  10855       SMAPS 72 MAPARR SPNRARR; %SMAPS:10113
  10856       UM; %UM: 1488
  10857       SBEND 1.94 0.07853981588 0 0.03926990817 0.03586152553 0.0392699
                  0817 0.03586152553 0.5 0.5 ; %SBEND:10385
  10858       SMAPS 73 MAPARR SPNRARR; %SMAPS:10113
  10859       UM; %UM: 1488
  10860       DL 0.3 ; %DL: 6559
  10861       SMAPS 74 MAPARR SPNRARR; %SMAPS:10113
  10862       UM; %UM: 1488
  10863       SBEND 1.94 0.07853981588 0 0.03926990817 0.03586152553 0.0392699
                  0817 0.03586152553 0.5 0.5 ; %SBEND:10385
  10864       SMAPS 75 MAPARR SPNRARR; %SMAPS:10113
  10865       UM; %UM: 1488
  10866       DL 0.289 ; %DL: 6559
  10867       SMAPS 76 MAPARR SPNRARR; %SMAPS:10113
  10868       UM; %UM: 1488
  10869       MH LEN_S SD 0.05; %MH: 7153
  10870       SMAPS 77 MAPARR SPNRARR; %SMAPS:10113
  10871       UM; %UM: 1488
  10872       DL 0.076 ; %DL: 6559
  10873       SMAPS 78 MAPARR SPNRARR; %SMAPS:10113
  10874       UM; %UM: 1488
  10875       QUAD 0.235 0 QD ; %QUAD:10321
  10876       SMAPS 79 MAPARR SPNRARR; %SMAPS:10113
  10877       UM; %UM: 1488
  10878       QUAD 0.235 0 QD ; %QUAD:10321
  10879       SMAPS 80 MAPARR SPNRARR; %SMAPS:10113
  10880       UM; %UM: 1488
  10881       DL 0.665 ; %DL: 6559
  10882       SMAPS 81 MAPARR SPNRARR; %SMAPS:10113
  10883       UM; %UM: 1488
  10884       SBEND 1.94 0.07853981588 0 0.03926990817 0.03586152553 0.0392699
                  0817 0.03586152553 0.5 0.5 ; %SBEND:10385
  10885       SMAPS 82 MAPARR SPNRARR; %SMAPS:10113
  10886       UM; %UM: 1488
  10887       DL 0.3 ; %DL: 6559
  10888       SMAPS 83 MAPARR SPNRARR; %SMAPS:10113
  10889       UM; %UM: 1488
  10890       SBEND 1.94 0.07853981588 0 0.03926990817 0.03586152553 0.0392699
                  0817 0.03586152553 0.5 0.5 ; %SBEND:10385
  10891       SMAPS 84 MAPARR SPNRARR; %SMAPS:10113
  10892       UM; %UM: 1488
  10893       DL 0.289 ; %DL: 6559
  10894       SMAPS 85 MAPARR SPNRARR; %SMAPS:10113
  10895       UM; %UM: 1488
  10896       MH LEN_S SF 0.05; %MH: 7153
  10897       SMAPS 86 MAPARR SPNRARR; %SMAPS:10113
  10898       UM; %UM: 1488
  10899       DL 0.076 ; %DL: 6559
  10900       SMAPS 87 MAPARR SPNRARR; %SMAPS:10113
  10901       UM; %UM: 1488
  10902       QUAD 0.235 0 QF1 ; %QUAD:10321
  10903       SMAPS 88 MAPARR SPNRARR; %SMAPS:10113
  10904       UM; %UM: 1488
  10905       QUAD 0.235 0 QF1 ; %QUAD:10321
  10906       SMAPS 89 MAPARR SPNRARR; %SMAPS:10113
  10907       UM; %UM: 1488
  10908       DL 0.665 ; %DL: 6559
  10909       SMAPS 90 MAPARR SPNRARR; %SMAPS:10113
  10910       UM; %UM: 1488
  10911       SBEND 1.94 0.07853981588 0 0.03926990817 0.03586152553 0.0392699
                  0817 0.03586152553 0.5 0.5 ; %SBEND:10385
  10912       SMAPS 91 MAPARR SPNRARR; %SMAPS:10113
  10913       UM; %UM: 1488
  10914       DL 0.3 ; %DL: 6559
  10915       SMAPS 92 MAPARR SPNRARR; %SMAPS:10113
  10916       UM; %UM: 1488
  10917       SBEND 1.94 0.07853981588 0 0.03926990817 0.03586152553 0.0392699
                  0817 0.03586152553 0.5 0.5 ; %SBEND:10385
  10918       SMAPS 93 MAPARR SPNRARR; %SMAPS:10113
  10919       UM; %UM: 1488
  10920       DL 0.289 ; %DL: 6559
  10921       SMAPS 94 MAPARR SPNRARR; %SMAPS:10113
  10922       UM; %UM: 1488
  10923       MH LEN_S SD 0.05; %MH: 7153
  10924       SMAPS 95 MAPARR SPNRARR; %SMAPS:10113
  10925       UM; %UM: 1488
  10926       DL 0.076 ; %DL: 6559
  10927       SMAPS 96 MAPARR SPNRARR; %SMAPS:10113
  10928       UM; %UM: 1488
  10929       QUAD 0.235 0 QD ; %QUAD:10321
  10930       SMAPS 97 MAPARR SPNRARR; %SMAPS:10113
  10931       UM; %UM: 1488
  10932       QUAD 0.235 0 QD ; %QUAD:10321
  10933       SMAPS 98 MAPARR SPNRARR; %SMAPS:10113
  10934       UM; %UM: 1488
  10935       DL 0.665 ; %DL: 6559
  10936       SMAPS 99 MAPARR SPNRARR; %SMAPS:10113
  10937       UM; %UM: 1488
  10938       SBEND 1.94 0.07853981588 0 0.03926990817 0.03586152553 0.0392699
                  0817 0.03586152553 0.5 0.5 ; %SBEND:10385
  10939       SMAPS 100 MAPARR SPNRARR; %SMAPS:10113
  10940       UM; %UM: 1488
  10941       DL 0.3 ; %DL: 6559
  10942       SMAPS 101 MAPARR SPNRARR; %SMAPS:10113
  10943       UM; %UM: 1488
  10944       SBEND 1.94 0.07853981588 0 0.03926990817 0.03586152553 0.0392699
                  0817 0.03586152553 0.5 0.5 ; %SBEND:10385
  10945       SMAPS 102 MAPARR SPNRARR; %SMAPS:10113
  10946       UM; %UM: 1488
  10947       DL 0.289 ; %DL: 6559
  10948       SMAPS 103 MAPARR SPNRARR; %SMAPS:10113
  10949       UM; %UM: 1488
  10950       MH LEN_S SF 0.05; %MH: 7153
  10951       SMAPS 104 MAPARR SPNRARR; %SMAPS:10113
  10952       UM; %UM: 1488
  10953       DL 0.076 ; %DL: 6559
  10954       SMAPS 105 MAPARR SPNRARR; %SMAPS:10113
  10955       UM; %UM: 1488
  10956       QUAD 0.235 0 QF1 ; %QUAD:10321
  10957       SMAPS 106 MAPARR SPNRARR; %SMAPS:10113
  10958       UM; %UM: 1488
  10959       QUAD 0.235 0 QF1 ; %QUAD:10321
  10960       SMAPS 107 MAPARR SPNRARR; %SMAPS:10113
  10961       UM; %UM: 1488
  10962       DL 0.665 ; %DL: 6559
  10963       SMAPS 108 MAPARR SPNRARR; %SMAPS:10113
  10964       UM; %UM: 1488
  10965       SBEND 1.94 0.07853981588 0 0.03926990817 0.03586152553 0.0392699
                  0817 0.03586152553 0.5 0.5 ; %SBEND:10385
  10966       SMAPS 109 MAPARR SPNRARR; %SMAPS:10113
  10967       UM; %UM: 1488
  10968       DL 0.3 ; %DL: 6559
  10969       SMAPS 110 MAPARR SPNRARR; %SMAPS:10113
  10970       UM; %UM: 1488
  10971       SBEND 1.94 0.07853981588 0 0.03926990817 0.03586152553 0.0392699
                  0817 0.03586152553 0.5 0.5 ; %SBEND:10385
  10972       SMAPS 111 MAPARR SPNRARR; %SMAPS:10113
  10973       UM; %UM: 1488
  10974       DL 0.289 ; %DL: 6559
  10975       SMAPS 112 MAPARR SPNRARR; %SMAPS:10113
  10976       UM; %UM: 1488
  10977       MH LEN_S SD 0.05; %MH: 7153
  10978       SMAPS 113 MAPARR SPNRARR; %SMAPS:10113
  10979       UM; %UM: 1488
  10980       DL 0.076 ; %DL: 6559
  10981       SMAPS 114 MAPARR SPNRARR; %SMAPS:10113
  10982       UM; %UM: 1488
  10983       QUAD 0.235 0 QD ; %QUAD:10321
  10984       SMAPS 115 MAPARR SPNRARR; %SMAPS:10113
  10985       UM; %UM: 1488
  10986       QUAD 0.235 0 QD ; %QUAD:10321
  10987       SMAPS 116 MAPARR SPNRARR; %SMAPS:10113
  10988       UM; %UM: 1488
  10989       DL 0.665 ; %DL: 6559
  10990       SMAPS 117 MAPARR SPNRARR; %SMAPS:10113
  10991       UM; %UM: 1488
  10992       SBEND 1.94 0.07853981588 0 0.03926990817 0.03586152553 0.0392699
                  0817 0.03586152553 0.5 0.5 ; %SBEND:10385
  10993       SMAPS 118 MAPARR SPNRARR; %SMAPS:10113
  10994       UM; %UM: 1488
  10995       DL 0.3 ; %DL: 6559
  10996       SMAPS 119 MAPARR SPNRARR; %SMAPS:10113
  10997       UM; %UM: 1488
  10998       SBEND 1.94 0.07853981588 0 0.03926990817 0.03586152553 0.0392699
                  0817 0.03586152553 0.5 0.5 ; %SBEND:10385
  10999       SMAPS 120 MAPARR SPNRARR; %SMAPS:10113
  11000       UM; %UM: 1488
  11001       DL 0.289 ; %DL: 6559
  11002       SMAPS 121 MAPARR SPNRARR; %SMAPS:10113
  11003       UM; %UM: 1488
  11004       MH LEN_S SF 0.05; %MH: 7153
  11005       SMAPS 122 MAPARR SPNRARR; %SMAPS:10113
  11006       UM; %UM: 1488
  11007       DL 0.076 ; %DL: 6559
  11008       SMAPS 123 MAPARR SPNRARR; %SMAPS:10113
  11009       UM; %UM: 1488
  11010       QUAD 0.235 0 QF1 ; %QUAD:10321
  11011       SMAPS 124 MAPARR SPNRARR; %SMAPS:10113
  11012       UM; %UM: 1488
  11013       QUAD 0.235 0 QF1 ; %QUAD:10321
  11014       SMAPS 125 MAPARR SPNRARR; %SMAPS:10113
  11015       UM; %UM: 1488
  11016       DL 0.665 ; %DL: 6559
  11017       SMAPS 126 MAPARR SPNRARR; %SMAPS:10113
  11018       UM; %UM: 1488
  11019       SBEND 1.94 0.07853981588 0 0.03926990817 0.03586152553 0.0392699
                  0817 0.03586152553 0.5 0.5 ; %SBEND:10385
  11020       SMAPS 127 MAPARR SPNRARR; %SMAPS:10113
  11021       UM; %UM: 1488
  11022       DL 0.3 ; %DL: 6559
  11023       SMAPS 128 MAPARR SPNRARR; %SMAPS:10113
  11024       UM; %UM: 1488
  11025       SBEND 1.94 0.07853981588 0 0.03926990817 0.03586152553 0.0392699
                  0817 0.03586152553 0.5 0.5 ; %SBEND:10385
  11026       SMAPS 129 MAPARR SPNRARR; %SMAPS:10113
  11027       UM; %UM: 1488
  11028       DL 0.289 ; %DL: 6559
  11029       SMAPS 130 MAPARR SPNRARR; %SMAPS:10113
  11030       UM; %UM: 1488
  11031       MH LEN_S SD 0.05; %MH: 7153
  11032       SMAPS 131 MAPARR SPNRARR; %SMAPS:10113
  11033       UM; %UM: 1488
  11034       DL 0.076 ; %DL: 6559
  11035       SMAPS 132 MAPARR SPNRARR; %SMAPS:10113
  11036       UM; %UM: 1488
  11037       QUAD 0.235 0 QD ; %QUAD:10321
  11038       SMAPS 133 MAPARR SPNRARR; %SMAPS:10113
  11039       UM; %UM: 1488
  11040       QUAD 0.235 0 QD ; %QUAD:10321
  11041       SMAPS 134 MAPARR SPNRARR; %SMAPS:10113
  11042       UM; %UM: 1488
  11043       DL 0.665 ; %DL: 6559
  11044       SMAPS 135 MAPARR SPNRARR; %SMAPS:10113
  11045       UM; %UM: 1488
  11046       SBEND 1.94 0.07853981588 0 0.03926990817 0.03586152553 0.0392699
                  0817 0.03586152553 0.5 0.5 ; %SBEND:10385
  11047       SMAPS 136 MAPARR SPNRARR; %SMAPS:10113
  11048       UM; %UM: 1488
  11049       DL 0.3 ; %DL: 6559
  11050       SMAPS 137 MAPARR SPNRARR; %SMAPS:10113
  11051       UM; %UM: 1488
  11052       SBEND 1.94 0.07853981588 0 0.03926990817 0.03586152553 0.0392699
                  0817 0.03586152553 0.5 0.5 ; %SBEND:10385
  11053       SMAPS 138 MAPARR SPNRARR; %SMAPS:10113
  11054       UM; %UM: 1488
  11055       DL 0.289 ; %DL: 6559
  11056       SMAPS 139 MAPARR SPNRARR; %SMAPS:10113
  11057       UM; %UM: 1488
  11058       MH LEN_S SF 0.05; %MH: 7153
  11059       SMAPS 140 MAPARR SPNRARR; %SMAPS:10113
  11060       UM; %UM: 1488
  11061       DL 0.076 ; %DL: 6559
  11062       SMAPS 141 MAPARR SPNRARR; %SMAPS:10113
  11063       UM; %UM: 1488
  11064       QUAD 0.235 0 QF1 ; %QUAD:10321
  11065       SMAPS 142 MAPARR SPNRARR; %SMAPS:10113
  11066       UM; %UM: 1488
  11067       QUAD 0.235 0 QF1 ; %QUAD:10321
  11068       SMAPS 143 MAPARR SPNRARR; %SMAPS:10113
  11069       UM; %UM: 1488
  11070       DL 0.665 ; %DL: 6559
  11071       SMAPS 144 MAPARR SPNRARR; %SMAPS:10113
  11072       UM; %UM: 1488
  11073       SBEND 1.94 0.07853981588 0 0.03926990817 0.03586152553 0.0392699
                  0817 0.03586152553 0.5 0.5 ; %SBEND:10385
  11074       SMAPS 145 MAPARR SPNRARR; %SMAPS:10113
  11075       UM; %UM: 1488
  11076       DL 0.3 ; %DL: 6559
  11077       SMAPS 146 MAPARR SPNRARR; %SMAPS:10113
  11078       UM; %UM: 1488
  11079       SBEND 1.94 0.07853981588 0 0.03926990817 0.03586152553 0.0392699
                  0817 0.03586152553 0.5 0.5 ; %SBEND:10385
  11080       SMAPS 147 MAPARR SPNRARR; %SMAPS:10113
  11081       UM; %UM: 1488
  11082       DL 0.289 ; %DL: 6559
  11083       SMAPS 148 MAPARR SPNRARR; %SMAPS:10113
  11084       UM; %UM: 1488
  11085       MH LEN_S SD 0.05; %MH: 7153
  11086       SMAPS 149 MAPARR SPNRARR; %SMAPS:10113
  11087       UM; %UM: 1488
  11088       DL 0.076 ; %DL: 6559
  11089       SMAPS 150 MAPARR SPNRARR; %SMAPS:10113
  11090       UM; %UM: 1488
  11091       QUAD 0.235 0 QD ; %QUAD:10321
  11092       SMAPS 151 MAPARR SPNRARR; %SMAPS:10113
  11093       UM; %UM: 1488
  11094       QUAD 0.235 0 QD ; %QUAD:10321
  11095       SMAPS 152 MAPARR SPNRARR; %SMAPS:10113
  11096       UM; %UM: 1488
  11097       DL 0.665 ; %DL: 6559
  11098       SMAPS 153 MAPARR SPNRARR; %SMAPS:10113
  11099       UM; %UM: 1488
  11100       SBEND 1.94 0.07853981588 0 0.03926990817 0.03586152553 0.0392699
                  0817 0.03586152553 0.5 0.5 ; %SBEND:10385
  11101       SMAPS 154 MAPARR SPNRARR; %SMAPS:10113
  11102       UM; %UM: 1488
  11103       DL 0.3 ; %DL: 6559
  11104       SMAPS 155 MAPARR SPNRARR; %SMAPS:10113
  11105       UM; %UM: 1488
  11106       SBEND 1.94 0.07853981588 0 0.03926990817 0.03586152553 0.0392699
                  0817 0.03586152553 0.5 0.5 ; %SBEND:10385
  11107       SMAPS 156 MAPARR SPNRARR; %SMAPS:10113
  11108       UM; %UM: 1488
  11109       DL 0.289 ; %DL: 6559
  11110       SMAPS 157 MAPARR SPNRARR; %SMAPS:10113
  11111       UM; %UM: 1488
  11112       MH LEN_S SF 0.05; %MH: 7153
  11113       SMAPS 158 MAPARR SPNRARR; %SMAPS:10113
  11114       UM; %UM: 1488
  11115       DL 0.076 ; %DL: 6559
  11116       SMAPS 159 MAPARR SPNRARR; %SMAPS:10113
  11117       UM; %UM: 1488
  11118       QUAD 0.235 0 QF1 ; %QUAD:10321
  11119       SMAPS 160 MAPARR SPNRARR; %SMAPS:10113
  11120       UM; %UM: 1488
  11121       QUAD 0.235 0 QF1 ; %QUAD:10321
  11122       SMAPS 161 MAPARR SPNRARR; %SMAPS:10113
  11123       UM; %UM: 1488
  11124       DL 0.665 ; %DL: 6559
  11125       SMAPS 162 MAPARR SPNRARR; %SMAPS:10113
  11126       UM; %UM: 1488
  11127       SBEND 1.94 0.07853981588 0 0.03926990817 0.03586152553 0.0392699
                  0817 0.03586152553 0.5 0.5 ; %SBEND:10385
  11128       SMAPS 163 MAPARR SPNRARR; %SMAPS:10113
  11129       UM; %UM: 1488
  11130       DL 0.3 ; %DL: 6559
  11131       SMAPS 164 MAPARR SPNRARR; %SMAPS:10113
  11132       UM; %UM: 1488
  11133       SBEND 1.94 0.07853981588 0 0.03926990817 0.03586152553 0.0392699
                  0817 0.03586152553 0.5 0.5 ; %SBEND:10385
  11134       SMAPS 165 MAPARR SPNRARR; %SMAPS:10113
  11135       UM; %UM: 1488
  11136       DL 0.289 ; %DL: 6559
  11137       SMAPS 166 MAPARR SPNRARR; %SMAPS:10113
  11138       UM; %UM: 1488
  11139       DL 0.3 ; %DL: 6559
  11140       SMAPS 167 MAPARR SPNRARR; %SMAPS:10113
  11141       UM; %UM: 1488
  11142       DL 0.076 ; %DL: 6559
  11143       SMAPS 168 MAPARR SPNRARR; %SMAPS:10113
  11144       UM; %UM: 1488
  11145       QUAD 0.235 0 QD ; %QUAD:10321
  11146       SMAPS 169 MAPARR SPNRARR; %SMAPS:10113
  11147       UM; %UM: 1488
  11148       QUAD 0.235 0 QD ; %QUAD:10321
  11149       SMAPS 170 MAPARR SPNRARR; %SMAPS:10113
  11150       UM; %UM: 1488
  11151       DL 0.665 ; %DL: 6559
  11152       SMAPS 171 MAPARR SPNRARR; %SMAPS:10113
  11153       UM; %UM: 1488
  11154       SBEND 1.94 0.07853981588 0 0.03926990817 0.03586152553 0.0392699
                  0817 0.03586152553 0.5 0.5 ; %SBEND:10385
  11155       SMAPS 172 MAPARR SPNRARR; %SMAPS:10113
  11156       UM; %UM: 1488
  11157       DL 0.3 ; %DL: 6559
  11158       SMAPS 173 MAPARR SPNRARR; %SMAPS:10113
  11159       UM; %UM: 1488
  11160       SBEND 1.94 0.07853981588 0 0.03926990817 0.03586152553 0.0392699
                  0817 0.03586152553 0.5 0.5 ; %SBEND:10385
  11161       SMAPS 174 MAPARR SPNRARR; %SMAPS:10113
  11162       UM; %UM: 1488
  11163       DL 0.299 ; %DL: 6559
  11164       SMAPS 175 MAPARR SPNRARR; %SMAPS:10113
  11165       UM; %UM: 1488
  11166       DL 0.3 ; %DL: 6559
  11167       SMAPS 176 MAPARR SPNRARR; %SMAPS:10113
  11168       UM; %UM: 1488
  11169       DL 0.076 ; %DL: 6559
  11170       SMAPS 177 MAPARR SPNRARR; %SMAPS:10113
  11171       UM; %UM: 1488
  11172       QUAD 0.45 0 Q9W2 ; %QUAD:10321
  11173       SMAPS 178 MAPARR SPNRARR; %SMAPS:10113
  11174       UM; %UM: 1488
  11175       DL 5.144 ; %DL: 6559
  11176       SMAPS 179 MAPARR SPNRARR; %SMAPS:10113
  11177       UM; %UM: 1488
  11178       DL 0.3 ; %DL: 6559
  11179       SMAPS 180 MAPARR SPNRARR; %SMAPS:10113
  11180       UM; %UM: 1488
  11181       DL 0.076 ; %DL: 6559
  11182       SMAPS 181 MAPARR SPNRARR; %SMAPS:10113
  11183       UM; %UM: 1488
  11184       QUAD 0.235 0 QD ; %QUAD:10321
  11185       SMAPS 182 MAPARR SPNRARR; %SMAPS:10113
  11186       UM; %UM: 1488
  11187       QUAD 0.235 0 QD ; %QUAD:10321
  11188       SMAPS 183 MAPARR SPNRARR; %SMAPS:10113
  11189       UM; %UM: 1488
  11190       DL 5.1815 ; %DL: 6559
  11191       SMAPS 184 MAPARR SPNRARR; %SMAPS:10113
  11192       UM; %UM: 1488
  11193       DL 0.3 ; %DL: 6559
  11194       SMAPS 185 MAPARR SPNRARR; %SMAPS:10113
  11195       UM; %UM: 1488
  11196       DL 0.076 ; %DL: 6559
  11197       SMAPS 186 MAPARR SPNRARR; %SMAPS:10113
  11198       UM; %UM: 1488
  11199       QUAD 0.375 0 Q7W2 ; %QUAD:10321
  11200       SMAPS 187 MAPARR SPNRARR; %SMAPS:10113
  11201       UM; %UM: 1488
  11202       DL 0.7125 ; %DL: 6559
  11203       SMAPS 188 MAPARR SPNRARR; %SMAPS:10113
  11204       UM; %UM: 1488
  11205       SBEND 1.94 0.07853981588 0 0.03926990817 0.03586152553 0.0392699
                  0817 0.03586152553 0.5 0.5 ; %SBEND:10385
  11206       SMAPS 189 MAPARR SPNRARR; %SMAPS:10113
  11207       UM; %UM: 1488
  11208       DL 0.3 ; %DL: 6559
  11209       SMAPS 190 MAPARR SPNRARR; %SMAPS:10113
  11210       UM; %UM: 1488
  11211       SBEND 1.94 0.07853981588 0 0.03926990817 0.03586152553 0.0392699
                  0817 0.03586152553 0.5 0.5 ; %SBEND:10385
  11212       SMAPS 191 MAPARR SPNRARR; %SMAPS:10113
  11213       UM; %UM: 1488
  11214       DL 0.215 ; %DL: 6559
  11215       SMAPS 192 MAPARR SPNRARR; %SMAPS:10113
  11216       UM; %UM: 1488
  11217       DL 0.085 ; %DL: 6559
  11218       SMAPS 193 MAPARR SPNRARR; %SMAPS:10113
  11219       UM; %UM: 1488
  11220       QUAD 0.785 0 Q6W2 ; %QUAD:10321
  11221       SMAPS 194 MAPARR SPNRARR; %SMAPS:10113
  11222       UM; %UM: 1488
  11223       DL 0.11787 ; %DL: 6559
  11224       SMAPS 195 MAPARR SPNRARR; %SMAPS:10113
  11225       UM; %UM: 1488
  11226       DL 0.3 ; %DL: 6559
  11227       SMAPS 196 MAPARR SPNRARR; %SMAPS:10113
  11228       UM; %UM: 1488
  11229       DL 0.1 ; %DL: 6559
  11230       SMAPS 197 MAPARR SPNRARR; %SMAPS:10113
  11231       UM; %UM: 1488
  11232       QUAD 0.69 0 Q5W2 ; %QUAD:10321
  11233       SMAPS 198 MAPARR SPNRARR; %SMAPS:10113
  11234       UM; %UM: 1488
  11235       DL 0.47; %DL: 6559
  11236       SMAPS 199 MAPARR SPNRARR; %SMAPS:10113
  11237       UM; %UM: 1488
  11238       QUAD 0.47 0 QM1 ; %QUAD:10321
  11239       SMAPS 200 MAPARR SPNRARR; %SMAPS:10113
  11240       UM; %UM: 1488
  11241       DL 0.18; %DL: 6559
  11242       SMAPS 201 MAPARR SPNRARR; %SMAPS:10113
  11243       UM; %UM: 1488
  11244       SBEND 0.5 0.1570836107 0 0 0 0 0 0 0; %SBEND:10385
  11245       SMAPS 202 MAPARR SPNRARR; %SMAPS:10113
  11246       UM; %UM: 1488
  11247       DL 1.0 ; %DL: 6559
  11248       SMAPS 203 MAPARR SPNRARR; %SMAPS:10113
  11249       UM; %UM: 1488
  11250       QUAD 0.47 0 QBP1 ; %QUAD:10321
  11251       SMAPS 204 MAPARR SPNRARR; %SMAPS:10113
  11252       UM; %UM: 1488
  11253       DL 1.0 ; %DL: 6559
  11254       SMAPS 205 MAPARR SPNRARR; %SMAPS:10113
  11255       UM; %UM: 1488
  11256       QUAD 0.47 0 QBP2 ; %QUAD:10321
  11257       SMAPS 206 MAPARR SPNRARR; %SMAPS:10113
  11258       UM; %UM: 1488
  11259       DL 1.0 ; %DL: 6559
  11260       SMAPS 207 MAPARR SPNRARR; %SMAPS:10113
  11261       UM; %UM: 1488
  11262       QUAD 0.47 0 QBP1 ; %QUAD:10321
  11263       SMAPS 208 MAPARR SPNRARR; %SMAPS:10113
  11264       UM; %UM: 1488
  11265       DL 1.0 ; %DL: 6559
  11266       SMAPS 209 MAPARR SPNRARR; %SMAPS:10113
  11267       UM; %UM: 1488
  11268       SBEND 0.5 -0.1570836107 0 0 0 0 0 0 0; %SBEND:10385
  11269       SMAPS 210 MAPARR SPNRARR; %SMAPS:10113
  11270       UM; %UM: 1488
  11271       DL 0.18; %DL: 6559
  11272       SMAPS 211 MAPARR SPNRARR; %SMAPS:10113
  11273       UM; %UM: 1488
  11274       QUAD 0.47 0 QM1 ; %QUAD:10321
  11275       SMAPS 212 MAPARR SPNRARR; %SMAPS:10113
  11276       UM; %UM: 1488
  11277       DL 0.47; %DL: 6559
  11278       SMAPS 213 MAPARR SPNRARR; %SMAPS:10113
  11279       UM; %UM: 1488
  11280       QUAD 0.69 0 Q5W2 ; %QUAD:10321
  11281       SMAPS 214 MAPARR SPNRARR; %SMAPS:10113
  11282       UM; %UM: 1488
  11283       DL 0.1 ; %DL: 6559
  11284       SMAPS 215 MAPARR SPNRARR; %SMAPS:10113
  11285       UM; %UM: 1488
  11286       DL 0.3 ; %DL: 6559
  11287       SMAPS 216 MAPARR SPNRARR; %SMAPS:10113
  11288       UM; %UM: 1488
  11289       DL 0.11787 ; %DL: 6559
  11290       SMAPS 217 MAPARR SPNRARR; %SMAPS:10113
  11291       UM; %UM: 1488
  11292       QUAD 0.785 0 Q6W2 ; %QUAD:10321
  11293       SMAPS 218 MAPARR SPNRARR; %SMAPS:10113
  11294       UM; %UM: 1488
  11295       DL 0.085 ; %DL: 6559
  11296       SMAPS 219 MAPARR SPNRARR; %SMAPS:10113
  11297       UM; %UM: 1488
  11298       DL 0.215 ; %DL: 6559
  11299       SMAPS 220 MAPARR SPNRARR; %SMAPS:10113
  11300       UM; %UM: 1488
  11301       DL 1.94 ; %DL: 6559
  11302       SMAPS 221 MAPARR SPNRARR; %SMAPS:10113
  11303       UM; %UM: 1488
  11304       DL 0.3 ; %DL: 6559
  11305       SMAPS 222 MAPARR SPNRARR; %SMAPS:10113
  11306       UM; %UM: 1488
  11307       DL 1.94 ; %DL: 6559
  11308       SMAPS 223 MAPARR SPNRARR; %SMAPS:10113
  11309       UM; %UM: 1488
  11310       DL 0.3365 ; %DL: 6559
  11311       SMAPS 224 MAPARR SPNRARR; %SMAPS:10113
  11312       UM; %UM: 1488
  11313       DL 0.3 ; %DL: 6559
  11314       SMAPS 225 MAPARR SPNRARR; %SMAPS:10113
  11315       UM; %UM: 1488
  11316       DL 0.076 ; %DL: 6559
  11317       SMAPS 226 MAPARR SPNRARR; %SMAPS:10113
  11318       UM; %UM: 1488
  11319       QUAD 0.375 0 Q7W2SS ; %QUAD:10321
  11320       SMAPS 227 MAPARR SPNRARR; %SMAPS:10113
  11321       UM; %UM: 1488
  11322       DL 5.1815 ; %DL: 6559
  11323       SMAPS 228 MAPARR SPNRARR; %SMAPS:10113
  11324       UM; %UM: 1488
  11325       DL 0.3 ; %DL: 6559
  11326       SMAPS 229 MAPARR SPNRARR; %SMAPS:10113
  11327       UM; %UM: 1488
  11328       DL 0.076 ; %DL: 6559
  11329       SMAPS 230 MAPARR SPNRARR; %SMAPS:10113
  11330       UM; %UM: 1488
  11331       QUAD 0.235 0 QDS ; %QUAD:10321
  11332       SMAPS 231 MAPARR SPNRARR; %SMAPS:10113
  11333       UM; %UM: 1488
  11334       QUAD 0.235 0 QDS ; %QUAD:10321
  11335       SMAPS 232 MAPARR SPNRARR; %SMAPS:10113
  11336       UM; %UM: 1488
  11337       DL 5.144 ; %DL: 6559
  11338       SMAPS 233 MAPARR SPNRARR; %SMAPS:10113
  11339       UM; %UM: 1488
  11340       DL 0.3 ; %DL: 6559
  11341       SMAPS 234 MAPARR SPNRARR; %SMAPS:10113
  11342       UM; %UM: 1488
  11343       DL 0.076 ; %DL: 6559
  11344       SMAPS 235 MAPARR SPNRARR; %SMAPS:10113
  11345       UM; %UM: 1488
  11346       QUAD 0.45 0 Q9W2SS ; %QUAD:10321
  11347       SMAPS 236 MAPARR SPNRARR; %SMAPS:10113
  11348       UM; %UM: 1488
  11349       DL 0.675 ; %DL: 6559
  11350       SMAPS 237 MAPARR SPNRARR; %SMAPS:10113
  11351       UM; %UM: 1488
  11352       DL 1.94 ; %DL: 6559
  11353       SMAPS 238 MAPARR SPNRARR; %SMAPS:10113
  11354       UM; %UM: 1488
  11355       DL 0.3 ; %DL: 6559
  11356       SMAPS 239 MAPARR SPNRARR; %SMAPS:10113
  11357       UM; %UM: 1488
  11358       DL 1.94 ; %DL: 6559
  11359       SMAPS 240 MAPARR SPNRARR; %SMAPS:10113
  11360       UM; %UM: 1488
  11361       DL 0.289 ; %DL: 6559
  11362       SMAPS 241 MAPARR SPNRARR; %SMAPS:10113
  11363       UM; %UM: 1488
  11364       DL 0.3 ; %DL: 6559
  11365       SMAPS 242 MAPARR SPNRARR; %SMAPS:10113
  11366       UM; %UM: 1488
  11367       DL 0.076 ; %DL: 6559
  11368       SMAPS 243 MAPARR SPNRARR; %SMAPS:10113
  11369       UM; %UM: 1488
  11370       QUAD 0.235 0 QDS ; %QUAD:10321
  11371       SMAPS 244 MAPARR SPNRARR; %SMAPS:10113
  11372       UM; %UM: 1488
  11373       QUAD 0.235 0 QDS ; %QUAD:10321
  11374       SMAPS 245 MAPARR SPNRARR; %SMAPS:10113
  11375       UM; %UM: 1488
  11376       DL 5.78 ; %DL: 6559
  11377       SMAPS 246 MAPARR SPNRARR; %SMAPS:10113
  11378       UM; %UM: 1488
  11379       QUAD 0.235 0 QFS ; %QUAD:10321
  11380       SMAPS 247 MAPARR SPNRARR; %SMAPS:10113
  11381       UM; %UM: 1488
  11382       QUAD 0.235 0 QFS ; %QUAD:10321
  11383       SMAPS 248 MAPARR SPNRARR; %SMAPS:10113
  11384       UM; %UM: 1488
  11385       DL 5.78 ; %DL: 6559
  11386       SMAPS 249 MAPARR SPNRARR; %SMAPS:10113
  11387       UM; %UM: 1488
  11388       QUAD 0.235 0 QDS ; %QUAD:10321
  11389       SMAPS 250 MAPARR SPNRARR; %SMAPS:10113
  11390       UM; %UM: 1488
  11391       QUAD 0.235 0 QDS ; %QUAD:10321
  11392       SMAPS 251 MAPARR SPNRARR; %SMAPS:10113
  11393       UM; %UM: 1488
  11394       DL 5.78 ; %DL: 6559
  11395       SMAPS 252 MAPARR SPNRARR; %SMAPS:10113
  11396       UM; %UM: 1488
  11397       QUAD 0.235 0 QFS ; %QUAD:10321
  11398       SMAPS 253 MAPARR SPNRARR; %SMAPS:10113
  11399       UM; %UM: 1488
  11400       QUAD 0.235 0 QFS ; %QUAD:10321
  11401       SMAPS 254 MAPARR SPNRARR; %SMAPS:10113
  11402       UM; %UM: 1488
  11403       DL 5.78 ; %DL: 6559
  11404       SMAPS 255 MAPARR SPNRARR; %SMAPS:10113
  11405       UM; %UM: 1488
  11406       QUAD 0.235 0 QDS ; %QUAD:10321
  11407       SMAPS 256 MAPARR SPNRARR; %SMAPS:10113
  11408       UM; %UM: 1488
  11409       QUAD 0.235 0 QDS ; %QUAD:10321
  11410       SMAPS 257 MAPARR SPNRARR; %SMAPS:10113
  11411       UM; %UM: 1488
  11412       DL 5.78 ; %DL: 6559
  11413       SMAPS 258 MAPARR SPNRARR; %SMAPS:10113
  11414       UM; %UM: 1488
  11415       QUAD 0.235 0 QFS ; %QUAD:10321
  11416       SMAPS 259 MAPARR SPNRARR; %SMAPS:10113
  11417       UM; %UM: 1488
  11418       QUAD 0.235 0 QFS ; %QUAD:10321
  11419       SMAPS 260 MAPARR SPNRARR; %SMAPS:10113
  11420       UM; %UM: 1488
  11421       DL 5.78 ; %DL: 6559
  11422       SMAPS 261 MAPARR SPNRARR; %SMAPS:10113
  11423       UM; %UM: 1488
  11424       QUAD 0.235 0 QDS ; %QUAD:10321
  11425       SMAPS 262 MAPARR SPNRARR; %SMAPS:10113
  11426       UM; %UM: 1488
  11427       QUAD 0.235 0 QDS ; %QUAD:10321
  11428       SMAPS 263 MAPARR SPNRARR; %SMAPS:10113
  11429       UM; %UM: 1488
  11430       DL 0.665 ; %DL: 6559
  11431       SMAPS 264 MAPARR SPNRARR; %SMAPS:10113
  11432       UM; %UM: 1488
  11433       DL 1.94 ; %DL: 6559
  11434       SMAPS 265 MAPARR SPNRARR; %SMAPS:10113
  11435       UM; %UM: 1488
  11436       DL 0.3 ; %DL: 6559
  11437       SMAPS 266 MAPARR SPNRARR; %SMAPS:10113
  11438       UM; %UM: 1488
  11439       DL 1.94 ; %DL: 6559
  11440       SMAPS 267 MAPARR SPNRARR; %SMAPS:10113
  11441       UM; %UM: 1488
  11442       DL 0.299 ; %DL: 6559
  11443       SMAPS 268 MAPARR SPNRARR; %SMAPS:10113
  11444       UM; %UM: 1488
  11445       DL 0.3 ; %DL: 6559
  11446       SMAPS 269 MAPARR SPNRARR; %SMAPS:10113
  11447       UM; %UM: 1488
  11448       DL 0.076 ; %DL: 6559
  11449       SMAPS 270 MAPARR SPNRARR; %SMAPS:10113
  11450       UM; %UM: 1488
  11451       QUAD 0.45 0 Q9W2SS ; %QUAD:10321
  11452       SMAPS 271 MAPARR SPNRARR; %SMAPS:10113
  11453       UM; %UM: 1488
  11454       DL 5.144 ; %DL: 6559
  11455       SMAPS 272 MAPARR SPNRARR; %SMAPS:10113
  11456       UM; %UM: 1488
  11457       DL 0.3 ; %DL: 6559
  11458       SMAPS 273 MAPARR SPNRARR; %SMAPS:10113
  11459       UM; %UM: 1488
  11460       DL 0.076 ; %DL: 6559
  11461       SMAPS 274 MAPARR SPNRARR; %SMAPS:10113
  11462       UM; %UM: 1488
  11463       QUAD 0.235 0 QDS ; %QUAD:10321
  11464       SMAPS 275 MAPARR SPNRARR; %SMAPS:10113
  11465       UM; %UM: 1488
  11466       QUAD 0.235 0 QDS ; %QUAD:10321
  11467       SMAPS 276 MAPARR SPNRARR; %SMAPS:10113
  11468       UM; %UM: 1488
  11469       DL 5.1815 ; %DL: 6559
  11470       SMAPS 277 MAPARR SPNRARR; %SMAPS:10113
  11471       UM; %UM: 1488
  11472       DL 0.3 ; %DL: 6559
  11473       SMAPS 278 MAPARR SPNRARR; %SMAPS:10113
  11474       UM; %UM: 1488
  11475       DL 0.076 ; %DL: 6559
  11476       SMAPS 279 MAPARR SPNRARR; %SMAPS:10113
  11477       UM; %UM: 1488
  11478       QUAD 0.375 0 Q7W2SS ; %QUAD:10321
  11479       SMAPS 280 MAPARR SPNRARR; %SMAPS:10113
  11480       UM; %UM: 1488
  11481       DL 0.7125 ; %DL: 6559
  11482       SMAPS 281 MAPARR SPNRARR; %SMAPS:10113
  11483       UM; %UM: 1488
  11484       DL 1.94 ; %DL: 6559
  11485       SMAPS 282 MAPARR SPNRARR; %SMAPS:10113
  11486       UM; %UM: 1488
  11487       DL 0.3 ; %DL: 6559
  11488       SMAPS 283 MAPARR SPNRARR; %SMAPS:10113
  11489       UM; %UM: 1488
  11490       DL 1.94 ; %DL: 6559
  11491       SMAPS 284 MAPARR SPNRARR; %SMAPS:10113
  11492       UM; %UM: 1488
  11493       DL 0.215 ; %DL: 6559
  11494       SMAPS 285 MAPARR SPNRARR; %SMAPS:10113
  11495       UM; %UM: 1488
  11496       DL 0.085 ; %DL: 6559
  11497       SMAPS 286 MAPARR SPNRARR; %SMAPS:10113
  11498       UM; %UM: 1488
  11499       QUAD 0.785 0 Q6W2 ; %QUAD:10321
  11500       SMAPS 287 MAPARR SPNRARR; %SMAPS:10113
  11501       UM; %UM: 1488
  11502       DL 0.11787 ; %DL: 6559
  11503       SMAPS 288 MAPARR SPNRARR; %SMAPS:10113
  11504       UM; %UM: 1488
  11505       DL 0.3 ; %DL: 6559
  11506       SMAPS 289 MAPARR SPNRARR; %SMAPS:10113
  11507       UM; %UM: 1488
  11508       DL 0.1 ; %DL: 6559
  11509       SMAPS 290 MAPARR SPNRARR; %SMAPS:10113
  11510       UM; %UM: 1488
  11511       QUAD 0.69 0 Q5W2 ; %QUAD:10321
  11512       SMAPS 291 MAPARR SPNRARR; %SMAPS:10113
  11513       UM; %UM: 1488
  11514       DL 0.47; %DL: 6559
  11515       SMAPS 292 MAPARR SPNRARR; %SMAPS:10113
  11516       UM; %UM: 1488
  11517       QUAD 0.47 0 QM1 ; %QUAD:10321
  11518       SMAPS 293 MAPARR SPNRARR; %SMAPS:10113
  11519       UM; %UM: 1488
  11520       DL 0.18; %DL: 6559
  11521       SMAPS 294 MAPARR SPNRARR; %SMAPS:10113
  11522       UM; %UM: 1488
  11523       SBEND 0.5 -0.1570836107 0 0 0 0 0 0 0; %SBEND:10385
  11524       SMAPS 295 MAPARR SPNRARR; %SMAPS:10113
  11525       UM; %UM: 1488
  11526       DL 1.0 ; %DL: 6559
  11527       SMAPS 296 MAPARR SPNRARR; %SMAPS:10113
  11528       UM; %UM: 1488
  11529       QUAD 0.47 0 QBP1 ; %QUAD:10321
  11530       SMAPS 297 MAPARR SPNRARR; %SMAPS:10113
  11531       UM; %UM: 1488
  11532       DL 1.0 ; %DL: 6559
  11533       SMAPS 298 MAPARR SPNRARR; %SMAPS:10113
  11534       UM; %UM: 1488
  11535       QUAD 0.47 0 QBP2 ; %QUAD:10321
  11536       SMAPS 299 MAPARR SPNRARR; %SMAPS:10113
  11537       UM; %UM: 1488
  11538       DL 1.0 ; %DL: 6559
  11539       SMAPS 300 MAPARR SPNRARR; %SMAPS:10113
  11540       UM; %UM: 1488
  11541       QUAD 0.47 0 QBP1 ; %QUAD:10321
  11542       SMAPS 301 MAPARR SPNRARR; %SMAPS:10113
  11543       UM; %UM: 1488
  11544       DL 1.0 ; %DL: 6559
  11545       SMAPS 302 MAPARR SPNRARR; %SMAPS:10113
  11546       UM; %UM: 1488
  11547       SBEND 0.5 0.1570836107 0 0 0 0 0 0 0; %SBEND:10385
  11548       SMAPS 303 MAPARR SPNRARR; %SMAPS:10113
  11549       UM; %UM: 1488
  11550       DL 0.18; %DL: 6559
  11551       SMAPS 304 MAPARR SPNRARR; %SMAPS:10113
  11552       UM; %UM: 1488
  11553       QUAD 0.47 0 QM1 ; %QUAD:10321
  11554       SMAPS 305 MAPARR SPNRARR; %SMAPS:10113
  11555       UM; %UM: 1488
  11556       DL 0.47; %DL: 6559
  11557       SMAPS 306 MAPARR SPNRARR; %SMAPS:10113
  11558       UM; %UM: 1488
  11559       QUAD 0.69 0 Q5W2 ; %QUAD:10321
  11560       SMAPS 307 MAPARR SPNRARR; %SMAPS:10113
  11561       UM; %UM: 1488
  11562       DL 0.1 ; %DL: 6559
  11563       SMAPS 308 MAPARR SPNRARR; %SMAPS:10113
  11564       UM; %UM: 1488
  11565       DL 0.3 ; %DL: 6559
  11566       SMAPS 309 MAPARR SPNRARR; %SMAPS:10113
  11567       UM; %UM: 1488
  11568       DL 0.11787 ; %DL: 6559
  11569       SMAPS 310 MAPARR SPNRARR; %SMAPS:10113
  11570       UM; %UM: 1488
  11571       QUAD 0.785 0 Q6W2 ; %QUAD:10321
  11572       SMAPS 311 MAPARR SPNRARR; %SMAPS:10113
  11573       UM; %UM: 1488
  11574       DL 0.085 ; %DL: 6559
  11575       SMAPS 312 MAPARR SPNRARR; %SMAPS:10113
  11576       ENDLOOP;
  11577     ENDPROCEDURE;
 --- BIN FILE WRITTEN: BYPASS_3_quad_SEQ_maps
  11578   SAVE 'BYPASS_3_quad_SEQ_maps';
