 --- BIN FILE READ: header
  10579 INCLUDE 'header';
  10580   PROCEDURE LATTICE SEXTGX1 SEXTGY1 EB1 RFFLAG;
  10581     VARIABLE VRF 1 1 1;
  10582     VARIABLE FREQ 1;
  10583     VARIABLE HNUM 1;
  10584     VARIABLE I 1;
  10585     VARIABLE LEN_S 1;
  10586     VARIABLE A 1;
  10587     VARIABLE EBE 1;
  10588     VARIABLE BBE 1;
  10589     VARIABLE SF 1;
  10590     VARIABLE SD 1;
  10591     VARIABLE SF1 1;
  10592     VARIABLE SF2 1;
  10593     VARIABLE SD1 1;
  10594     VARIABLE SD2 1;
  10595     VARIABLE QF1 1;
  10596     VARIABLE QD 1;
  10597     VARIABLE Q7W2 1;
  10598     VARIABLE Q9W2 1;
  10599     VARIABLE Q5W2 1;
  10600     VARIABLE Q6W2 1;
  10601     VARIABLE QBP1 1;
  10602     VARIABLE QBP2 1;
  10603     EBE := EB1;
  10604     A := 0.05;
  10605     LEN_S := 0.30;
  10606     SF:= SEXTGX1;
  10607     SD:= SEXTGY1;
  10608     QF1:=0.5261210101;
  10609     QD:=-0.5272650286;
  10610     Q7W2:=0.5416634378;
  10611     Q9W2:=0.5249576326;
  10612     Q6W2:=-0.5889098982;
  10613     Q5W2:=0.9481452433;
  10614     QBP1:=2.64540846;
  10615     QBP2:=-1.30226984;
  10616     HNUM := 66;
  10617     VRF(1, 1) := 100/HNUM;
  10618     FREQ := HNUM*REVFREQ(FACCLEN(1)); %REVFREQ: 9907 %FACCLEN:10534
  10619     WRITE 6 '********************************************';
  10620     WRITE 6 '*      FS NICA BYPASS 7 NOW 2022           *';
  10621     WRITE 6 '********************************************';
  10622     WRITE 6 'REVOLUTION FREQUENCY: '&ST(REVFREQ(FACCLEN(1))/1E6)&' MHZ
                  '; %REVFREQ: 9907 %FACCLEN:10534
  10623     WRITE 6 'RF FREQUENCY: '&ST(FREQ/1E6)&' MHZ';
  10624     UM; %UM: 1488
  10625     CR; %CR:  947
  10626     IF RFFLAG=1;
  10627       RF VRF 0 FREQ 0 0.05; %RF: 8697
  10628       ENDIF;
  10629     LOOP I 1 2;
  10630       QUAD 0.235 0 QD ; %QUAD:10321
  10631       DL 0.665 ; %DL: 6559
  10632       SBEND 1.94 0.07853981588 0 0.03926990817 0.03586152553 0.0392699
                  0817 0.03586152553 0.5 0.5 ; %SBEND:10385
  10633       DL 0.3 ; %DL: 6559
  10634       SBEND 1.94 0.07853981588 0 0.03926990817 0.03586152553 0.0392699
                  0817 0.03586152553 0.5 0.5 ; %SBEND:10385
  10635       DL 0.289 ; %DL: 6559
  10636       MH LEN_S SF 0.05; %MH: 7153
  10637       DL 0.076 ; %DL: 6559
  10638       QUAD 0.235 0 QF1 ; %QUAD:10321
  10639       QUAD 0.235 0 QF1 ; %QUAD:10321
  10640       DL 0.665 ; %DL: 6559
  10641       SBEND 1.94 0.07853981588 0 0.03926990817 0.03586152553 0.0392699
                  0817 0.03586152553 0.5 0.5 ; %SBEND:10385
  10642       DL 0.3 ; %DL: 6559
  10643       SBEND 1.94 0.07853981588 0 0.03926990817 0.03586152553 0.0392699
                  0817 0.03586152553 0.5 0.5 ; %SBEND:10385
  10644       DL 0.289 ; %DL: 6559
  10645       MH LEN_S SD 0.05; %MH: 7153
  10646       DL 0.076 ; %DL: 6559
  10647       QUAD 0.235 0 QD ; %QUAD:10321
  10648       QUAD 0.235 0 QD ; %QUAD:10321
  10649       DL 0.665 ; %DL: 6559
  10650       SBEND 1.94 0.07853981588 0 0.03926990817 0.03586152553 0.0392699
                  0817 0.03586152553 0.5 0.5 ; %SBEND:10385
  10651       DL 0.3 ; %DL: 6559
  10652       SBEND 1.94 0.07853981588 0 0.03926990817 0.03586152553 0.0392699
                  0817 0.03586152553 0.5 0.5 ; %SBEND:10385
  10653       DL 0.289 ; %DL: 6559
  10654       MH LEN_S SF 0.05; %MH: 7153
  10655       DL 0.076 ; %DL: 6559
  10656       QUAD 0.235 0 QF1 ; %QUAD:10321
  10657       QUAD 0.235 0 QF1 ; %QUAD:10321
  10658       DL 0.665 ; %DL: 6559
  10659       SBEND 1.94 0.07853981588 0 0.03926990817 0.03586152553 0.0392699
                  0817 0.03586152553 0.5 0.5 ; %SBEND:10385
  10660       DL 0.3 ; %DL: 6559
  10661       SBEND 1.94 0.07853981588 0 0.03926990817 0.03586152553 0.0392699
                  0817 0.03586152553 0.5 0.5 ; %SBEND:10385
  10662       DL 0.289 ; %DL: 6559
  10663       MH LEN_S SD 0.05; %MH: 7153
  10664       DL 0.076 ; %DL: 6559
  10665       QUAD 0.235 0 QD ; %QUAD:10321
  10666       QUAD 0.235 0 QD ; %QUAD:10321
  10667       DL 0.665 ; %DL: 6559
  10668       SBEND 1.94 0.07853981588 0 0.03926990817 0.03586152553 0.0392699
                  0817 0.03586152553 0.5 0.5 ; %SBEND:10385
  10669       DL 0.3 ; %DL: 6559
  10670       SBEND 1.94 0.07853981588 0 0.03926990817 0.03586152553 0.0392699
                  0817 0.03586152553 0.5 0.5 ; %SBEND:10385
  10671       DL 0.289 ; %DL: 6559
  10672       MH LEN_S SF 0.05; %MH: 7153
  10673       DL 0.076 ; %DL: 6559
  10674       QUAD 0.235 0 QF1 ; %QUAD:10321
  10675       QUAD 0.235 0 QF1 ; %QUAD:10321
  10676       DL 0.665 ; %DL: 6559
  10677       SBEND 1.94 0.07853981588 0 0.03926990817 0.03586152553 0.0392699
                  0817 0.03586152553 0.5 0.5 ; %SBEND:10385
  10678       DL 0.3 ; %DL: 6559
  10679       SBEND 1.94 0.07853981588 0 0.03926990817 0.03586152553 0.0392699
                  0817 0.03586152553 0.5 0.5 ; %SBEND:10385
  10680       DL 0.289 ; %DL: 6559
  10681       MH LEN_S SD 0.05; %MH: 7153
  10682       DL 0.076 ; %DL: 6559
  10683       QUAD 0.235 0 QD ; %QUAD:10321
  10684       QUAD 0.235 0 QD ; %QUAD:10321
  10685       DL 0.665 ; %DL: 6559
  10686       SBEND 1.94 0.07853981588 0 0.03926990817 0.03586152553 0.0392699
                  0817 0.03586152553 0.5 0.5 ; %SBEND:10385
  10687       DL 0.3 ; %DL: 6559
  10688       SBEND 1.94 0.07853981588 0 0.03926990817 0.03586152553 0.0392699
                  0817 0.03586152553 0.5 0.5 ; %SBEND:10385
  10689       DL 0.289 ; %DL: 6559
  10690       MH LEN_S SF 0.05; %MH: 7153
  10691       DL 0.076 ; %DL: 6559
  10692       QUAD 0.235 0 QF1 ; %QUAD:10321
  10693       QUAD 0.235 0 QF1 ; %QUAD:10321
  10694       DL 0.665 ; %DL: 6559
  10695       SBEND 1.94 0.07853981588 0 0.03926990817 0.03586152553 0.0392699
                  0817 0.03586152553 0.5 0.5 ; %SBEND:10385
  10696       DL 0.3 ; %DL: 6559
  10697       SBEND 1.94 0.07853981588 0 0.03926990817 0.03586152553 0.0392699
                  0817 0.03586152553 0.5 0.5 ; %SBEND:10385
  10698       DL 0.289 ; %DL: 6559
  10699       DL 0.3 ; %DL: 6559
  10700       DL 0.076 ; %DL: 6559
  10701       QUAD 0.235 0 QD ; %QUAD:10321
  10702       QUAD 0.235 0 QD ; %QUAD:10321
  10703       DL 0.665 ; %DL: 6559
  10704       SBEND 1.94 0.07853981588 0 0.03926990817 0.03586152553 0.0392699
                  0817 0.03586152553 0.5 0.5 ; %SBEND:10385
  10705       DL 0.3 ; %DL: 6559
  10706       SBEND 1.94 0.07853981588 0 0.03926990817 0.03586152553 0.0392699
                  0817 0.03586152553 0.5 0.5 ; %SBEND:10385
  10707       DL 0.299 ; %DL: 6559
  10708       DL 0.3 ; %DL: 6559
  10709       DL 0.076 ; %DL: 6559
  10710       QUAD 0.45 0 Q9W2 ; %QUAD:10321
  10711       DL 5.144 ; %DL: 6559
  10712       DL 0.3 ; %DL: 6559
  10713       DL 0.076 ; %DL: 6559
  10714       QUAD 0.235 0 QD ; %QUAD:10321
  10715       QUAD 0.235 0 QD ; %QUAD:10321
  10716       DL 5.1815 ; %DL: 6559
  10717       DL 0.3 ; %DL: 6559
  10718       DL 0.076 ; %DL: 6559
  10719       QUAD 0.375 0 Q7W2 ; %QUAD:10321
  10720       DL 0.7125 ; %DL: 6559
  10721       SBEND 1.94 0.07853981588 0 0.03926990817 0.03586152553 0.0392699
                  0817 0.03586152553 0.5 0.5 ; %SBEND:10385
  10722       DL 0.3 ; %DL: 6559
  10723       SBEND 1.94 0.07853981588 0 0.03926990817 0.03586152553 0.0392699
                  0817 0.03586152553 0.5 0.5 ; %SBEND:10385
  10724       DL 0.215 ; %DL: 6559
  10725       DL 0.085 ; %DL: 6559
  10726       QUAD 0.785 0 Q6W2 ; %QUAD:10321
  10727       DL 0.11787 ; %DL: 6559
  10728       DL 0.3 ; %DL: 6559
  10729       DL 0.1 ; %DL: 6559
  10730       QUAD 0.69 0 Q5W2 ; %QUAD:10321
  10731       DL 0.47; %DL: 6559
  10732       SBEND 0.5 0.1570836107 0 0 0 0 0 0 0; %SBEND:10385
  10733       DL 1.0 ; %DL: 6559
  10734       QUAD 0.47 0 QBP2 ; %QUAD:10321
  10735       DL 1.0 ; %DL: 6559
  10736       QUAD 0.47 0 QBP1 ; %QUAD:10321
  10737       DL 1.0 ; %DL: 6559
  10738       QUAD 0.47 0 QBP2 ; %QUAD:10321
  10739       DL 1.0 ; %DL: 6559
  10740       QUAD 0.47 0 QBP1 ; %QUAD:10321
  10741       DL 1.0 ; %DL: 6559
  10742       QUAD 0.47 0 QBP2 ; %QUAD:10321
  10743       DL 1.0 ; %DL: 6559
  10744       SBEND 0.5 -0.1570836107 0 0 0 0 0 0 0; %SBEND:10385
  10745       DL 0.47; %DL: 6559
  10746       QUAD 0.69 0 Q5W2 ; %QUAD:10321
  10747       DL 0.1 ; %DL: 6559
  10748       DL 0.3 ; %DL: 6559
  10749       DL 0.11787 ; %DL: 6559
  10750       QUAD 0.785 0 Q6W2 ; %QUAD:10321
  10751       DL 0.085 ; %DL: 6559
  10752       DL 0.215 ; %DL: 6559
  10753       DL 1.94 ; %DL: 6559
  10754       DL 0.3 ; %DL: 6559
  10755       DL 1.94 ; %DL: 6559
  10756       DL 0.3365 ; %DL: 6559
  10757       DL 0.3 ; %DL: 6559
  10758       DL 0.076 ; %DL: 6559
  10759       QUAD 0.375 0 Q7W2 ; %QUAD:10321
  10760       DL 5.1815 ; %DL: 6559
  10761       DL 0.3 ; %DL: 6559
  10762       DL 0.076 ; %DL: 6559
  10763       QUAD 0.235 0 QD ; %QUAD:10321
  10764       QUAD 0.235 0 QD ; %QUAD:10321
  10765       DL 5.144 ; %DL: 6559
  10766       DL 0.3 ; %DL: 6559
  10767       DL 0.076 ; %DL: 6559
  10768       QUAD 0.45 0 Q9W2 ; %QUAD:10321
  10769       DL 0.675 ; %DL: 6559
  10770       DL 1.94 ; %DL: 6559
  10771       DL 0.3 ; %DL: 6559
  10772       DL 1.94 ; %DL: 6559
  10773       DL 0.289 ; %DL: 6559
  10774       DL 0.3 ; %DL: 6559
  10775       DL 0.076 ; %DL: 6559
  10776       QUAD 0.235 0 QD ; %QUAD:10321
  10777       QUAD 0.235 0 QD ; %QUAD:10321
  10778       DL 5.78 ; %DL: 6559
  10779       QUAD 0.235 0 QF1 ; %QUAD:10321
  10780       QUAD 0.235 0 QF1 ; %QUAD:10321
  10781       DL 5.78 ; %DL: 6559
  10782       QUAD 0.235 0 QD ; %QUAD:10321
  10783       QUAD 0.235 0 QD ; %QUAD:10321
  10784       DL 5.78 ; %DL: 6559
  10785       QUAD 0.235 0 QF1 ; %QUAD:10321
  10786       QUAD 0.235 0 QF1 ; %QUAD:10321
  10787       DL 5.78 ; %DL: 6559
  10788       QUAD 0.235 0 QD ; %QUAD:10321
  10789       QUAD 0.235 0 QD ; %QUAD:10321
  10790       DL 5.78 ; %DL: 6559
  10791       QUAD 0.235 0 QF1 ; %QUAD:10321
  10792       QUAD 0.235 0 QF1 ; %QUAD:10321
  10793       DL 5.78 ; %DL: 6559
  10794       QUAD 0.235 0 QD ; %QUAD:10321
  10795       QUAD 0.235 0 QD ; %QUAD:10321
  10796       DL 0.665 ; %DL: 6559
  10797       DL 1.94 ; %DL: 6559
  10798       DL 0.3 ; %DL: 6559
  10799       DL 1.94 ; %DL: 6559
  10800       DL 0.299 ; %DL: 6559
  10801       DL 0.3 ; %DL: 6559
  10802       DL 0.076 ; %DL: 6559
  10803       QUAD 0.45 0 Q9W2 ; %QUAD:10321
  10804       DL 5.144 ; %DL: 6559
  10805       DL 0.3 ; %DL: 6559
  10806       DL 0.076 ; %DL: 6559
  10807       QUAD 0.235 0 QD ; %QUAD:10321
  10808       QUAD 0.235 0 QD ; %QUAD:10321
  10809       DL 5.1815 ; %DL: 6559
  10810       DL 0.3 ; %DL: 6559
  10811       DL 0.076 ; %DL: 6559
  10812       QUAD 0.375 0 Q7W2 ; %QUAD:10321
  10813       DL 0.7125 ; %DL: 6559
  10814       DL 1.94 ; %DL: 6559
  10815       DL 0.3 ; %DL: 6559
  10816       DL 1.94 ; %DL: 6559
  10817       DL 0.215 ; %DL: 6559
  10818       DL 0.085 ; %DL: 6559
  10819       QUAD 0.785 0 Q6W2 ; %QUAD:10321
  10820       DL 0.11787 ; %DL: 6559
  10821       DL 0.3 ; %DL: 6559
  10822       DL 0.1 ; %DL: 6559
  10823       QUAD 0.69 0 Q5W2 ; %QUAD:10321
  10824       DL 0.47; %DL: 6559
  10825       SBEND 0.5 -0.1570836107 0 0 0 0 0 0 0; %SBEND:10385
  10826       DL 1.0 ; %DL: 6559
  10827       QUAD 0.47 0 QBP2 ; %QUAD:10321
  10828       DL 1.0 ; %DL: 6559
  10829       QUAD 0.47 0 QBP1 ; %QUAD:10321
  10830       DL 1.0 ; %DL: 6559
  10831       QUAD 0.47 0 QBP2 ; %QUAD:10321
  10832       DL 1.0 ; %DL: 6559
  10833       QUAD 0.47 0 QBP1 ; %QUAD:10321
  10834       DL 1.0 ; %DL: 6559
  10835       QUAD 0.47 0 QBP2 ; %QUAD:10321
  10836       DL 1.0 ; %DL: 6559
  10837       SBEND 0.5 0.1570836107 0 0 0 0 0 0 0; %SBEND:10385
  10838       DL 0.47 ; %DL: 6559
  10839       QUAD 0.69 0 Q5W2 ; %QUAD:10321
  10840       DL 0.1 ; %DL: 6559
  10841       DL 0.3 ; %DL: 6559
  10842       DL 0.11787 ; %DL: 6559
  10843       QUAD 0.785 0 Q6W2 ; %QUAD:10321
  10844       DL 0.085 ; %DL: 6559
  10845       DL 0.215 ; %DL: 6559
  10846       SBEND 1.94 0.07853981588 0 0.03926990817 0.03586152553 0.0392699
                  0817 0.03586152553 0.5 0.5 ; %SBEND:10385
  10847       DL 0.3 ; %DL: 6559
  10848       SBEND 1.94 0.07853981588 0 0.03926990817 0.03586152553 0.0392699
                  0817 0.03586152553 0.5 0.5 ; %SBEND:10385
  10849       DL 0.3365 ; %DL: 6559
  10850       DL 0.3 ; %DL: 6559
  10851       DL 0.076 ; %DL: 6559
  10852       QUAD 0.375 0 Q7W2 ; %QUAD:10321
  10853       DL 5.1815 ; %DL: 6559
  10854       DL 0.3 ; %DL: 6559
  10855       DL 0.076 ; %DL: 6559
  10856       QUAD 0.235 0 QD ; %QUAD:10321
  10857       QUAD 0.235 0 QD ; %QUAD:10321
  10858       DL 5.144 ; %DL: 6559
  10859       DL 0.3 ; %DL: 6559
  10860       DL 0.076 ; %DL: 6559
  10861       QUAD 0.45 0 Q9W2 ; %QUAD:10321
  10862       DL 0.675 ; %DL: 6559
  10863       SBEND 1.94 0.07853981588 0 0.03926990817 0.03586152553 0.0392699
                  0817 0.03586152553 0.5 0.5 ; %SBEND:10385
  10864       DL 0.3 ; %DL: 6559
  10865       SBEND 1.94 0.07853981588 0 0.03926990817 0.03586152553 0.0392699
                  0817 0.03586152553 0.5 0.5 ; %SBEND:10385
  10866       DL 0.289 ; %DL: 6559
  10867       MH LEN_S SD 0.05; %MH: 7153
  10868       DL 0.076 ; %DL: 6559
  10869       QUAD 0.235 0 QD ; %QUAD:10321
  10870       QUAD 0.235 0 QD ; %QUAD:10321
  10871       DL 0.665 ; %DL: 6559
  10872       SBEND 1.94 0.07853981588 0 0.03926990817 0.03586152553 0.0392699
                  0817 0.03586152553 0.5 0.5 ; %SBEND:10385
  10873       DL 0.3 ; %DL: 6559
  10874       SBEND 1.94 0.07853981588 0 0.03926990817 0.03586152553 0.0392699
                  0817 0.03586152553 0.5 0.5 ; %SBEND:10385
  10875       DL 0.289 ; %DL: 6559
  10876       MH LEN_S SF 0.05; %MH: 7153
  10877       DL 0.076 ; %DL: 6559
  10878       QUAD 0.235 0 QF1 ; %QUAD:10321
  10879       QUAD 0.235 0 QF1 ; %QUAD:10321
  10880       DL 0.665 ; %DL: 6559
  10881       SBEND 1.94 0.07853981588 0 0.03926990817 0.03586152553 0.0392699
                  0817 0.03586152553 0.5 0.5 ; %SBEND:10385
  10882       DL 0.3 ; %DL: 6559
  10883       SBEND 1.94 0.07853981588 0 0.03926990817 0.03586152553 0.0392699
                  0817 0.03586152553 0.5 0.5 ; %SBEND:10385
  10884       DL 0.289 ; %DL: 6559
  10885       MH LEN_S SD 0.05; %MH: 7153
  10886       DL 0.076 ; %DL: 6559
  10887       QUAD 0.235 0 QD ; %QUAD:10321
  10888       QUAD 0.235 0 QD ; %QUAD:10321
  10889       DL 0.665 ; %DL: 6559
  10890       SBEND 1.94 0.07853981588 0 0.03926990817 0.03586152553 0.0392699
                  0817 0.03586152553 0.5 0.5 ; %SBEND:10385
  10891       DL 0.3 ; %DL: 6559
  10892       SBEND 1.94 0.07853981588 0 0.03926990817 0.03586152553 0.0392699
                  0817 0.03586152553 0.5 0.5 ; %SBEND:10385
  10893       DL 0.289 ; %DL: 6559
  10894       MH LEN_S SF 0.05; %MH: 7153
  10895       DL 0.076 ; %DL: 6559
  10896       QUAD 0.235 0 QF1 ; %QUAD:10321
  10897       QUAD 0.235 0 QF1 ; %QUAD:10321
  10898       DL 0.665 ; %DL: 6559
  10899       SBEND 1.94 0.07853981588 0 0.03926990817 0.03586152553 0.0392699
                  0817 0.03586152553 0.5 0.5 ; %SBEND:10385
  10900       DL 0.3 ; %DL: 6559
  10901       SBEND 1.94 0.07853981588 0 0.03926990817 0.03586152553 0.0392699
                  0817 0.03586152553 0.5 0.5 ; %SBEND:10385
  10902       DL 0.289 ; %DL: 6559
  10903       MH LEN_S SD 0.05; %MH: 7153
  10904       DL 0.076 ; %DL: 6559
  10905       QUAD 0.235 0 QD ; %QUAD:10321
  10906       QUAD 0.235 0 QD ; %QUAD:10321
  10907       DL 0.665 ; %DL: 6559
  10908       SBEND 1.94 0.07853981588 0 0.03926990817 0.03586152553 0.0392699
                  0817 0.03586152553 0.5 0.5 ; %SBEND:10385
  10909       DL 0.3 ; %DL: 6559
  10910       SBEND 1.94 0.07853981588 0 0.03926990817 0.03586152553 0.0392699
                  0817 0.03586152553 0.5 0.5 ; %SBEND:10385
  10911       DL 0.289 ; %DL: 6559
  10912       MH LEN_S SF 0.05; %MH: 7153
  10913       DL 0.076 ; %DL: 6559
  10914       QUAD 0.235 0 QF1 ; %QUAD:10321
  10915       QUAD 0.235 0 QF1 ; %QUAD:10321
  10916       DL 0.665 ; %DL: 6559
  10917       SBEND 1.94 0.07853981588 0 0.03926990817 0.03586152553 0.0392699
                  0817 0.03586152553 0.5 0.5 ; %SBEND:10385
  10918       DL 0.3 ; %DL: 6559
  10919       SBEND 1.94 0.07853981588 0 0.03926990817 0.03586152553 0.0392699
                  0817 0.03586152553 0.5 0.5 ; %SBEND:10385
  10920       DL 0.289 ; %DL: 6559
  10921       MH LEN_S SD 0.05; %MH: 7153
  10922       DL 0.076 ; %DL: 6559
  10923       QUAD 0.235 0 QD ; %QUAD:10321
  10924       QUAD 0.235 0 QD ; %QUAD:10321
  10925       DL 0.665 ; %DL: 6559
  10926       SBEND 1.94 0.07853981588 0 0.03926990817 0.03586152553 0.0392699
                  0817 0.03586152553 0.5 0.5 ; %SBEND:10385
  10927       DL 0.3 ; %DL: 6559
  10928       SBEND 1.94 0.07853981588 0 0.03926990817 0.03586152553 0.0392699
                  0817 0.03586152553 0.5 0.5 ; %SBEND:10385
  10929       DL 0.289 ; %DL: 6559
  10930       MH LEN_S SF 0.05; %MH: 7153
  10931       DL 0.076 ; %DL: 6559
  10932       QUAD 0.235 0 QF1 ; %QUAD:10321
  10933       QUAD 0.235 0 QF1 ; %QUAD:10321
  10934       DL 0.665 ; %DL: 6559
  10935       SBEND 1.94 0.07853981588 0 0.03926990817 0.03586152553 0.0392699
                  0817 0.03586152553 0.5 0.5 ; %SBEND:10385
  10936       DL 0.3 ; %DL: 6559
  10937       SBEND 1.94 0.07853981588 0 0.03926990817 0.03586152553 0.0392699
                  0817 0.03586152553 0.5 0.5 ; %SBEND:10385
  10938       DL 0.289 ; %DL: 6559
  10939       MH LEN_S SD 0.05; %MH: 7153
  10940       DL 0.076 ; %DL: 6559
  10941       QUAD 0.235 0 QD ; %QUAD:10321
  10942       ENDLOOP;
  10943     ENDPROCEDURE;
 --- BIN FILE WRITTEN: BYPASS_SEQ
  10944   SAVE 'BYPASS_SEQ';
