 --- BIN FILE READ: header
  10579 INCLUDE 'header';
  10580   PROCEDURE LATTICE SEXTGX1 SEXTGY1 EB1 RFFLAG MAPARR SPNRARR;
  10581     VARIABLE VRF 1 1 1;
  10582     VARIABLE FREQ 1;
  10583     VARIABLE HNUM 1;
  10584     VARIABLE I 1;
  10585     VARIABLE LEN_S 1;
  10586     VARIABLE A 1;
  10587     VARIABLE EBE 1;
  10588     VARIABLE BBE 1;
  10589     VARIABLE SF 1;
  10590     VARIABLE SD 1;
  10591     VARIABLE SF1 1;
  10592     VARIABLE SF2 1;
  10593     VARIABLE SD1 1;
  10594     VARIABLE SD2 1;
  10595     VARIABLE QF1 1;
  10596     VARIABLE QD 1;
  10597     VARIABLE Q7W2 1;
  10598     VARIABLE Q9W2 1;
  10599     VARIABLE Q5W2 1;
  10600     VARIABLE Q6W2 1;
  10601     VARIABLE QBP1 1;
  10602     VARIABLE QBP2 1;
  10603     EBE := EB1;
  10604     A := 0.05;
  10605     LEN_S := 0.30;
  10606     SF:= SEXTGX1;
  10607     SD:= SEXTGY1;
  10608     QF1:=0.5261210101;
  10609     QD:=-0.5272650286;
  10610     Q7W2:=0.5416634378;
  10611     Q9W2:=0.5249576326;
  10612     Q6W2:=-0.5889098982;
  10613     Q5W2:=0.9481452433;
  10614     QBP1:=2.64540846;
  10615     QBP2:=-1.30226984;
  10616     HNUM := 66;
  10617     VRF(1, 1) := 100/HNUM;
  10618     FREQ := HNUM*REVFREQ(FACCLEN(1)); %REVFREQ: 9907 %FACCLEN:10534
  10619     WRITE 6 '********************************************';
  10620     WRITE 6 '*      FS NICA BYPASS 7 NOW 2022           *';
  10621     WRITE 6 '********************************************';
  10622     WRITE 6 'REVOLUTION FREQUENCY: '&ST(REVFREQ(FACCLEN(1))/1E6)&' MHZ
                  '; %REVFREQ: 9907 %FACCLEN:10534
  10623     WRITE 6 'RF FREQUENCY: '&ST(FREQ/1E6)&' MHZ';
  10624     UM; %UM: 1488
  10625     CR; %CR:  947
  10626     IF RFFLAG=1;
  10627       RF VRF 0 FREQ 0 0.05; %RF: 8697
  10628       ENDIF;
  10629     LOOP I 1 1;
  10630       UM; %UM: 1488
  10631       DL 0.215 ; %DL: 6559
  10632       SMAPS 1 MAPARR SPNRARR; %SMAPS:10113
  10633       UM; %UM: 1488
  10634       SBEND 1.94 0.07853981588 0 0.03926990817 0.03586152553 0.0392699
                  0817 0.03586152553 0.5 0.5 ; %SBEND:10385
  10635       SMAPS 2 MAPARR SPNRARR; %SMAPS:10113
  10636       UM; %UM: 1488
  10637       DL 0.3 ; %DL: 6559
  10638       SMAPS 3 MAPARR SPNRARR; %SMAPS:10113
  10639       UM; %UM: 1488
  10640       SBEND 1.94 0.07853981588 0 0.03926990817 0.03586152553 0.0392699
                  0817 0.03586152553 0.5 0.5 ; %SBEND:10385
  10641       SMAPS 4 MAPARR SPNRARR; %SMAPS:10113
  10642       UM; %UM: 1488
  10643       DL 0.3365 ; %DL: 6559
  10644       SMAPS 5 MAPARR SPNRARR; %SMAPS:10113
  10645       UM; %UM: 1488
  10646       DL 0.3 ; %DL: 6559
  10647       SMAPS 6 MAPARR SPNRARR; %SMAPS:10113
  10648       UM; %UM: 1488
  10649       DL 0.076 ; %DL: 6559
  10650       SMAPS 7 MAPARR SPNRARR; %SMAPS:10113
  10651       UM; %UM: 1488
  10652       QUAD 0.375 0 Q7W2 ; %QUAD:10321
  10653       SMAPS 8 MAPARR SPNRARR; %SMAPS:10113
  10654       UM; %UM: 1488
  10655       DL 5.1815 ; %DL: 6559
  10656       SMAPS 9 MAPARR SPNRARR; %SMAPS:10113
  10657       UM; %UM: 1488
  10658       DL 0.3 ; %DL: 6559
  10659       SMAPS 10 MAPARR SPNRARR; %SMAPS:10113
  10660       UM; %UM: 1488
  10661       DL 0.076 ; %DL: 6559
  10662       SMAPS 11 MAPARR SPNRARR; %SMAPS:10113
  10663       UM; %UM: 1488
  10664       QUAD 0.235 0 QD ; %QUAD:10321
  10665       SMAPS 12 MAPARR SPNRARR; %SMAPS:10113
  10666       UM; %UM: 1488
  10667       QUAD 0.235 0 QD ; %QUAD:10321
  10668       SMAPS 13 MAPARR SPNRARR; %SMAPS:10113
  10669       UM; %UM: 1488
  10670       DL 5.144 ; %DL: 6559
  10671       SMAPS 14 MAPARR SPNRARR; %SMAPS:10113
  10672       UM; %UM: 1488
  10673       DL 0.3 ; %DL: 6559
  10674       SMAPS 15 MAPARR SPNRARR; %SMAPS:10113
  10675       UM; %UM: 1488
  10676       DL 0.076 ; %DL: 6559
  10677       SMAPS 16 MAPARR SPNRARR; %SMAPS:10113
  10678       UM; %UM: 1488
  10679       QUAD 0.45 0 Q9W2 ; %QUAD:10321
  10680       SMAPS 17 MAPARR SPNRARR; %SMAPS:10113
  10681       UM; %UM: 1488
  10682       DL 0.675 ; %DL: 6559
  10683       SMAPS 18 MAPARR SPNRARR; %SMAPS:10113
  10684       UM; %UM: 1488
  10685       SBEND 1.94 0.07853981588 0 0.03926990817 0.03586152553 0.0392699
                  0817 0.03586152553 0.5 0.5 ; %SBEND:10385
  10686       SMAPS 19 MAPARR SPNRARR; %SMAPS:10113
  10687       UM; %UM: 1488
  10688       DL 0.3 ; %DL: 6559
  10689       SMAPS 20 MAPARR SPNRARR; %SMAPS:10113
  10690       UM; %UM: 1488
  10691       SBEND 1.94 0.07853981588 0 0.03926990817 0.03586152553 0.0392699
                  0817 0.03586152553 0.5 0.5 ; %SBEND:10385
  10692       SMAPS 21 MAPARR SPNRARR; %SMAPS:10113
  10693       UM; %UM: 1488
  10694       DL 0.289 ; %DL: 6559
  10695       SMAPS 22 MAPARR SPNRARR; %SMAPS:10113
  10696       UM; %UM: 1488
  10697       MH LEN_S SD 0.05; %MH: 7153
  10698       SMAPS 23 MAPARR SPNRARR; %SMAPS:10113
  10699       UM; %UM: 1488
  10700       DL 0.076 ; %DL: 6559
  10701       SMAPS 24 MAPARR SPNRARR; %SMAPS:10113
  10702       UM; %UM: 1488
  10703       QUAD 0.235 0 QD ; %QUAD:10321
  10704       SMAPS 25 MAPARR SPNRARR; %SMAPS:10113
  10705       UM; %UM: 1488
  10706       QUAD 0.235 0 QD ; %QUAD:10321
  10707       SMAPS 26 MAPARR SPNRARR; %SMAPS:10113
  10708       UM; %UM: 1488
  10709       DL 0.665 ; %DL: 6559
  10710       SMAPS 27 MAPARR SPNRARR; %SMAPS:10113
  10711       UM; %UM: 1488
  10712       SBEND 1.94 0.07853981588 0 0.03926990817 0.03586152553 0.0392699
                  0817 0.03586152553 0.5 0.5 ; %SBEND:10385
  10713       SMAPS 28 MAPARR SPNRARR; %SMAPS:10113
  10714       UM; %UM: 1488
  10715       DL 0.3 ; %DL: 6559
  10716       SMAPS 29 MAPARR SPNRARR; %SMAPS:10113
  10717       UM; %UM: 1488
  10718       SBEND 1.94 0.07853981588 0 0.03926990817 0.03586152553 0.0392699
                  0817 0.03586152553 0.5 0.5 ; %SBEND:10385
  10719       SMAPS 30 MAPARR SPNRARR; %SMAPS:10113
  10720       UM; %UM: 1488
  10721       DL 0.289 ; %DL: 6559
  10722       SMAPS 31 MAPARR SPNRARR; %SMAPS:10113
  10723       UM; %UM: 1488
  10724       MH LEN_S SF 0.05; %MH: 7153
  10725       SMAPS 32 MAPARR SPNRARR; %SMAPS:10113
  10726       UM; %UM: 1488
  10727       DL 0.076 ; %DL: 6559
  10728       SMAPS 33 MAPARR SPNRARR; %SMAPS:10113
  10729       UM; %UM: 1488
  10730       QUAD 0.235 0 QF1 ; %QUAD:10321
  10731       SMAPS 34 MAPARR SPNRARR; %SMAPS:10113
  10732       UM; %UM: 1488
  10733       QUAD 0.235 0 QF1 ; %QUAD:10321
  10734       SMAPS 35 MAPARR SPNRARR; %SMAPS:10113
  10735       UM; %UM: 1488
  10736       DL 0.665 ; %DL: 6559
  10737       SMAPS 36 MAPARR SPNRARR; %SMAPS:10113
  10738       UM; %UM: 1488
  10739       SBEND 1.94 0.07853981588 0 0.03926990817 0.03586152553 0.0392699
                  0817 0.03586152553 0.5 0.5 ; %SBEND:10385
  10740       SMAPS 37 MAPARR SPNRARR; %SMAPS:10113
  10741       UM; %UM: 1488
  10742       DL 0.3 ; %DL: 6559
  10743       SMAPS 38 MAPARR SPNRARR; %SMAPS:10113
  10744       UM; %UM: 1488
  10745       SBEND 1.94 0.07853981588 0 0.03926990817 0.03586152553 0.0392699
                  0817 0.03586152553 0.5 0.5 ; %SBEND:10385
  10746       SMAPS 39 MAPARR SPNRARR; %SMAPS:10113
  10747       UM; %UM: 1488
  10748       DL 0.289 ; %DL: 6559
  10749       SMAPS 40 MAPARR SPNRARR; %SMAPS:10113
  10750       UM; %UM: 1488
  10751       MH LEN_S SD 0.05; %MH: 7153
  10752       SMAPS 41 MAPARR SPNRARR; %SMAPS:10113
  10753       UM; %UM: 1488
  10754       DL 0.076 ; %DL: 6559
  10755       SMAPS 42 MAPARR SPNRARR; %SMAPS:10113
  10756       UM; %UM: 1488
  10757       QUAD 0.235 0 QD ; %QUAD:10321
  10758       SMAPS 43 MAPARR SPNRARR; %SMAPS:10113
  10759       UM; %UM: 1488
  10760       QUAD 0.235 0 QD ; %QUAD:10321
  10761       SMAPS 44 MAPARR SPNRARR; %SMAPS:10113
  10762       UM; %UM: 1488
  10763       DL 0.665 ; %DL: 6559
  10764       SMAPS 45 MAPARR SPNRARR; %SMAPS:10113
  10765       UM; %UM: 1488
  10766       SBEND 1.94 0.07853981588 0 0.03926990817 0.03586152553 0.0392699
                  0817 0.03586152553 0.5 0.5 ; %SBEND:10385
  10767       SMAPS 46 MAPARR SPNRARR; %SMAPS:10113
  10768       UM; %UM: 1488
  10769       DL 0.3 ; %DL: 6559
  10770       SMAPS 47 MAPARR SPNRARR; %SMAPS:10113
  10771       UM; %UM: 1488
  10772       SBEND 1.94 0.07853981588 0 0.03926990817 0.03586152553 0.0392699
                  0817 0.03586152553 0.5 0.5 ; %SBEND:10385
  10773       SMAPS 48 MAPARR SPNRARR; %SMAPS:10113
  10774       UM; %UM: 1488
  10775       DL 0.289 ; %DL: 6559
  10776       SMAPS 49 MAPARR SPNRARR; %SMAPS:10113
  10777       UM; %UM: 1488
  10778       MH LEN_S SF 0.05; %MH: 7153
  10779       SMAPS 50 MAPARR SPNRARR; %SMAPS:10113
  10780       UM; %UM: 1488
  10781       DL 0.076 ; %DL: 6559
  10782       SMAPS 51 MAPARR SPNRARR; %SMAPS:10113
  10783       UM; %UM: 1488
  10784       QUAD 0.235 0 QF1 ; %QUAD:10321
  10785       SMAPS 52 MAPARR SPNRARR; %SMAPS:10113
  10786       UM; %UM: 1488
  10787       QUAD 0.235 0 QF1 ; %QUAD:10321
  10788       SMAPS 53 MAPARR SPNRARR; %SMAPS:10113
  10789       UM; %UM: 1488
  10790       DL 0.665 ; %DL: 6559
  10791       SMAPS 54 MAPARR SPNRARR; %SMAPS:10113
  10792       UM; %UM: 1488
  10793       SBEND 1.94 0.07853981588 0 0.03926990817 0.03586152553 0.0392699
                  0817 0.03586152553 0.5 0.5 ; %SBEND:10385
  10794       SMAPS 55 MAPARR SPNRARR; %SMAPS:10113
  10795       UM; %UM: 1488
  10796       DL 0.3 ; %DL: 6559
  10797       SMAPS 56 MAPARR SPNRARR; %SMAPS:10113
  10798       UM; %UM: 1488
  10799       SBEND 1.94 0.07853981588 0 0.03926990817 0.03586152553 0.0392699
                  0817 0.03586152553 0.5 0.5 ; %SBEND:10385
  10800       SMAPS 57 MAPARR SPNRARR; %SMAPS:10113
  10801       UM; %UM: 1488
  10802       DL 0.289 ; %DL: 6559
  10803       SMAPS 58 MAPARR SPNRARR; %SMAPS:10113
  10804       UM; %UM: 1488
  10805       MH LEN_S SD 0.05; %MH: 7153
  10806       SMAPS 59 MAPARR SPNRARR; %SMAPS:10113
  10807       UM; %UM: 1488
  10808       DL 0.076 ; %DL: 6559
  10809       SMAPS 60 MAPARR SPNRARR; %SMAPS:10113
  10810       UM; %UM: 1488
  10811       QUAD 0.235 0 QD ; %QUAD:10321
  10812       SMAPS 61 MAPARR SPNRARR; %SMAPS:10113
  10813       UM; %UM: 1488
  10814       QUAD 0.235 0 QD ; %QUAD:10321
  10815       SMAPS 62 MAPARR SPNRARR; %SMAPS:10113
  10816       UM; %UM: 1488
  10817       DL 0.665 ; %DL: 6559
  10818       SMAPS 63 MAPARR SPNRARR; %SMAPS:10113
  10819       UM; %UM: 1488
  10820       SBEND 1.94 0.07853981588 0 0.03926990817 0.03586152553 0.0392699
                  0817 0.03586152553 0.5 0.5 ; %SBEND:10385
  10821       SMAPS 64 MAPARR SPNRARR; %SMAPS:10113
  10822       UM; %UM: 1488
  10823       DL 0.3 ; %DL: 6559
  10824       SMAPS 65 MAPARR SPNRARR; %SMAPS:10113
  10825       UM; %UM: 1488
  10826       SBEND 1.94 0.07853981588 0 0.03926990817 0.03586152553 0.0392699
                  0817 0.03586152553 0.5 0.5 ; %SBEND:10385
  10827       SMAPS 66 MAPARR SPNRARR; %SMAPS:10113
  10828       UM; %UM: 1488
  10829       DL 0.289 ; %DL: 6559
  10830       SMAPS 67 MAPARR SPNRARR; %SMAPS:10113
  10831       UM; %UM: 1488
  10832       MH LEN_S SF 0.05; %MH: 7153
  10833       SMAPS 68 MAPARR SPNRARR; %SMAPS:10113
  10834       UM; %UM: 1488
  10835       DL 0.076 ; %DL: 6559
  10836       SMAPS 69 MAPARR SPNRARR; %SMAPS:10113
  10837       UM; %UM: 1488
  10838       QUAD 0.235 0 QF1 ; %QUAD:10321
  10839       SMAPS 70 MAPARR SPNRARR; %SMAPS:10113
  10840       UM; %UM: 1488
  10841       QUAD 0.235 0 QF1 ; %QUAD:10321
  10842       SMAPS 71 MAPARR SPNRARR; %SMAPS:10113
  10843       UM; %UM: 1488
  10844       DL 0.665 ; %DL: 6559
  10845       SMAPS 72 MAPARR SPNRARR; %SMAPS:10113
  10846       UM; %UM: 1488
  10847       SBEND 1.94 0.07853981588 0 0.03926990817 0.03586152553 0.0392699
                  0817 0.03586152553 0.5 0.5 ; %SBEND:10385
  10848       SMAPS 73 MAPARR SPNRARR; %SMAPS:10113
  10849       UM; %UM: 1488
  10850       DL 0.3 ; %DL: 6559
  10851       SMAPS 74 MAPARR SPNRARR; %SMAPS:10113
  10852       UM; %UM: 1488
  10853       SBEND 1.94 0.07853981588 0 0.03926990817 0.03586152553 0.0392699
                  0817 0.03586152553 0.5 0.5 ; %SBEND:10385
  10854       SMAPS 75 MAPARR SPNRARR; %SMAPS:10113
  10855       UM; %UM: 1488
  10856       DL 0.289 ; %DL: 6559
  10857       SMAPS 76 MAPARR SPNRARR; %SMAPS:10113
  10858       UM; %UM: 1488
  10859       MH LEN_S SD 0.05; %MH: 7153
  10860       SMAPS 77 MAPARR SPNRARR; %SMAPS:10113
  10861       UM; %UM: 1488
  10862       DL 0.076 ; %DL: 6559
  10863       SMAPS 78 MAPARR SPNRARR; %SMAPS:10113
  10864       UM; %UM: 1488
  10865       QUAD 0.235 0 QD ; %QUAD:10321
  10866       SMAPS 79 MAPARR SPNRARR; %SMAPS:10113
  10867       UM; %UM: 1488
  10868       QUAD 0.235 0 QD ; %QUAD:10321
  10869       SMAPS 80 MAPARR SPNRARR; %SMAPS:10113
  10870       UM; %UM: 1488
  10871       DL 0.665 ; %DL: 6559
  10872       SMAPS 81 MAPARR SPNRARR; %SMAPS:10113
  10873       UM; %UM: 1488
  10874       SBEND 1.94 0.07853981588 0 0.03926990817 0.03586152553 0.0392699
                  0817 0.03586152553 0.5 0.5 ; %SBEND:10385
  10875       SMAPS 82 MAPARR SPNRARR; %SMAPS:10113
  10876       UM; %UM: 1488
  10877       DL 0.3 ; %DL: 6559
  10878       SMAPS 83 MAPARR SPNRARR; %SMAPS:10113
  10879       UM; %UM: 1488
  10880       SBEND 1.94 0.07853981588 0 0.03926990817 0.03586152553 0.0392699
                  0817 0.03586152553 0.5 0.5 ; %SBEND:10385
  10881       SMAPS 84 MAPARR SPNRARR; %SMAPS:10113
  10882       UM; %UM: 1488
  10883       DL 0.289 ; %DL: 6559
  10884       SMAPS 85 MAPARR SPNRARR; %SMAPS:10113
  10885       UM; %UM: 1488
  10886       MH LEN_S SF 0.05; %MH: 7153
  10887       SMAPS 86 MAPARR SPNRARR; %SMAPS:10113
  10888       UM; %UM: 1488
  10889       DL 0.076 ; %DL: 6559
  10890       SMAPS 87 MAPARR SPNRARR; %SMAPS:10113
  10891       UM; %UM: 1488
  10892       QUAD 0.235 0 QF1 ; %QUAD:10321
  10893       SMAPS 88 MAPARR SPNRARR; %SMAPS:10113
  10894       UM; %UM: 1488
  10895       QUAD 0.235 0 QF1 ; %QUAD:10321
  10896       SMAPS 89 MAPARR SPNRARR; %SMAPS:10113
  10897       UM; %UM: 1488
  10898       DL 0.665 ; %DL: 6559
  10899       SMAPS 90 MAPARR SPNRARR; %SMAPS:10113
  10900       UM; %UM: 1488
  10901       SBEND 1.94 0.07853981588 0 0.03926990817 0.03586152553 0.0392699
                  0817 0.03586152553 0.5 0.5 ; %SBEND:10385
  10902       SMAPS 91 MAPARR SPNRARR; %SMAPS:10113
  10903       UM; %UM: 1488
  10904       DL 0.3 ; %DL: 6559
  10905       SMAPS 92 MAPARR SPNRARR; %SMAPS:10113
  10906       UM; %UM: 1488
  10907       SBEND 1.94 0.07853981588 0 0.03926990817 0.03586152553 0.0392699
                  0817 0.03586152553 0.5 0.5 ; %SBEND:10385
  10908       SMAPS 93 MAPARR SPNRARR; %SMAPS:10113
  10909       UM; %UM: 1488
  10910       DL 0.289 ; %DL: 6559
  10911       SMAPS 94 MAPARR SPNRARR; %SMAPS:10113
  10912       UM; %UM: 1488
  10913       MH LEN_S SD 0.05; %MH: 7153
  10914       SMAPS 95 MAPARR SPNRARR; %SMAPS:10113
  10915       UM; %UM: 1488
  10916       DL 0.076 ; %DL: 6559
  10917       SMAPS 96 MAPARR SPNRARR; %SMAPS:10113
  10918       UM; %UM: 1488
  10919       QUAD 0.235 0 QD ; %QUAD:10321
  10920       SMAPS 97 MAPARR SPNRARR; %SMAPS:10113
  10921       UM; %UM: 1488
  10922       QUAD 0.235 0 QD ; %QUAD:10321
  10923       SMAPS 98 MAPARR SPNRARR; %SMAPS:10113
  10924       UM; %UM: 1488
  10925       DL 0.665 ; %DL: 6559
  10926       SMAPS 99 MAPARR SPNRARR; %SMAPS:10113
  10927       UM; %UM: 1488
  10928       SBEND 1.94 0.07853981588 0 0.03926990817 0.03586152553 0.0392699
                  0817 0.03586152553 0.5 0.5 ; %SBEND:10385
  10929       SMAPS 100 MAPARR SPNRARR; %SMAPS:10113
  10930       UM; %UM: 1488
  10931       DL 0.3 ; %DL: 6559
  10932       SMAPS 101 MAPARR SPNRARR; %SMAPS:10113
  10933       UM; %UM: 1488
  10934       SBEND 1.94 0.07853981588 0 0.03926990817 0.03586152553 0.0392699
                  0817 0.03586152553 0.5 0.5 ; %SBEND:10385
  10935       SMAPS 102 MAPARR SPNRARR; %SMAPS:10113
  10936       UM; %UM: 1488
  10937       DL 0.289 ; %DL: 6559
  10938       SMAPS 103 MAPARR SPNRARR; %SMAPS:10113
  10939       UM; %UM: 1488
  10940       MH LEN_S SF 0.05; %MH: 7153
  10941       SMAPS 104 MAPARR SPNRARR; %SMAPS:10113
  10942       UM; %UM: 1488
  10943       DL 0.076 ; %DL: 6559
  10944       SMAPS 105 MAPARR SPNRARR; %SMAPS:10113
  10945       UM; %UM: 1488
  10946       QUAD 0.235 0 QF1 ; %QUAD:10321
  10947       SMAPS 106 MAPARR SPNRARR; %SMAPS:10113
  10948       UM; %UM: 1488
  10949       QUAD 0.235 0 QF1 ; %QUAD:10321
  10950       SMAPS 107 MAPARR SPNRARR; %SMAPS:10113
  10951       UM; %UM: 1488
  10952       DL 0.665 ; %DL: 6559
  10953       SMAPS 108 MAPARR SPNRARR; %SMAPS:10113
  10954       UM; %UM: 1488
  10955       SBEND 1.94 0.07853981588 0 0.03926990817 0.03586152553 0.0392699
                  0817 0.03586152553 0.5 0.5 ; %SBEND:10385
  10956       SMAPS 109 MAPARR SPNRARR; %SMAPS:10113
  10957       UM; %UM: 1488
  10958       DL 0.3 ; %DL: 6559
  10959       SMAPS 110 MAPARR SPNRARR; %SMAPS:10113
  10960       UM; %UM: 1488
  10961       SBEND 1.94 0.07853981588 0 0.03926990817 0.03586152553 0.0392699
                  0817 0.03586152553 0.5 0.5 ; %SBEND:10385
  10962       SMAPS 111 MAPARR SPNRARR; %SMAPS:10113
  10963       UM; %UM: 1488
  10964       DL 0.289 ; %DL: 6559
  10965       SMAPS 112 MAPARR SPNRARR; %SMAPS:10113
  10966       UM; %UM: 1488
  10967       MH LEN_S SD 0.05; %MH: 7153
  10968       SMAPS 113 MAPARR SPNRARR; %SMAPS:10113
  10969       UM; %UM: 1488
  10970       DL 0.076 ; %DL: 6559
  10971       SMAPS 114 MAPARR SPNRARR; %SMAPS:10113
  10972       UM; %UM: 1488
  10973       QUAD 0.235 0 QD ; %QUAD:10321
  10974       SMAPS 115 MAPARR SPNRARR; %SMAPS:10113
  10975       UM; %UM: 1488
  10976       QUAD 0.235 0 QD ; %QUAD:10321
  10977       SMAPS 116 MAPARR SPNRARR; %SMAPS:10113
  10978       UM; %UM: 1488
  10979       DL 0.665 ; %DL: 6559
  10980       SMAPS 117 MAPARR SPNRARR; %SMAPS:10113
  10981       UM; %UM: 1488
  10982       SBEND 1.94 0.07853981588 0 0.03926990817 0.03586152553 0.0392699
                  0817 0.03586152553 0.5 0.5 ; %SBEND:10385
  10983       SMAPS 118 MAPARR SPNRARR; %SMAPS:10113
  10984       UM; %UM: 1488
  10985       DL 0.3 ; %DL: 6559
  10986       SMAPS 119 MAPARR SPNRARR; %SMAPS:10113
  10987       UM; %UM: 1488
  10988       SBEND 1.94 0.07853981588 0 0.03926990817 0.03586152553 0.0392699
                  0817 0.03586152553 0.5 0.5 ; %SBEND:10385
  10989       SMAPS 120 MAPARR SPNRARR; %SMAPS:10113
  10990       UM; %UM: 1488
  10991       DL 0.289 ; %DL: 6559
  10992       SMAPS 121 MAPARR SPNRARR; %SMAPS:10113
  10993       UM; %UM: 1488
  10994       MH LEN_S SF 0.05; %MH: 7153
  10995       SMAPS 122 MAPARR SPNRARR; %SMAPS:10113
  10996       UM; %UM: 1488
  10997       DL 0.076 ; %DL: 6559
  10998       SMAPS 123 MAPARR SPNRARR; %SMAPS:10113
  10999       UM; %UM: 1488
  11000       QUAD 0.235 0 QF1 ; %QUAD:10321
  11001       SMAPS 124 MAPARR SPNRARR; %SMAPS:10113
  11002       UM; %UM: 1488
  11003       QUAD 0.235 0 QF1 ; %QUAD:10321
  11004       SMAPS 125 MAPARR SPNRARR; %SMAPS:10113
  11005       UM; %UM: 1488
  11006       DL 0.665 ; %DL: 6559
  11007       SMAPS 126 MAPARR SPNRARR; %SMAPS:10113
  11008       UM; %UM: 1488
  11009       SBEND 1.94 0.07853981588 0 0.03926990817 0.03586152553 0.0392699
                  0817 0.03586152553 0.5 0.5 ; %SBEND:10385
  11010       SMAPS 127 MAPARR SPNRARR; %SMAPS:10113
  11011       UM; %UM: 1488
  11012       DL 0.3 ; %DL: 6559
  11013       SMAPS 128 MAPARR SPNRARR; %SMAPS:10113
  11014       UM; %UM: 1488
  11015       SBEND 1.94 0.07853981588 0 0.03926990817 0.03586152553 0.0392699
                  0817 0.03586152553 0.5 0.5 ; %SBEND:10385
  11016       SMAPS 129 MAPARR SPNRARR; %SMAPS:10113
  11017       UM; %UM: 1488
  11018       DL 0.289 ; %DL: 6559
  11019       SMAPS 130 MAPARR SPNRARR; %SMAPS:10113
  11020       UM; %UM: 1488
  11021       MH LEN_S SD 0.05; %MH: 7153
  11022       SMAPS 131 MAPARR SPNRARR; %SMAPS:10113
  11023       UM; %UM: 1488
  11024       DL 0.076 ; %DL: 6559
  11025       SMAPS 132 MAPARR SPNRARR; %SMAPS:10113
  11026       UM; %UM: 1488
  11027       QUAD 0.235 0 QD ; %QUAD:10321
  11028       SMAPS 133 MAPARR SPNRARR; %SMAPS:10113
  11029       UM; %UM: 1488
  11030       QUAD 0.235 0 QD ; %QUAD:10321
  11031       SMAPS 134 MAPARR SPNRARR; %SMAPS:10113
  11032       UM; %UM: 1488
  11033       DL 0.665 ; %DL: 6559
  11034       SMAPS 135 MAPARR SPNRARR; %SMAPS:10113
  11035       UM; %UM: 1488
  11036       SBEND 1.94 0.07853981588 0 0.03926990817 0.03586152553 0.0392699
                  0817 0.03586152553 0.5 0.5 ; %SBEND:10385
  11037       SMAPS 136 MAPARR SPNRARR; %SMAPS:10113
  11038       UM; %UM: 1488
  11039       DL 0.3 ; %DL: 6559
  11040       SMAPS 137 MAPARR SPNRARR; %SMAPS:10113
  11041       UM; %UM: 1488
  11042       SBEND 1.94 0.07853981588 0 0.03926990817 0.03586152553 0.0392699
                  0817 0.03586152553 0.5 0.5 ; %SBEND:10385
  11043       SMAPS 138 MAPARR SPNRARR; %SMAPS:10113
  11044       UM; %UM: 1488
  11045       DL 0.289 ; %DL: 6559
  11046       SMAPS 139 MAPARR SPNRARR; %SMAPS:10113
  11047       UM; %UM: 1488
  11048       MH LEN_S SF 0.05; %MH: 7153
  11049       SMAPS 140 MAPARR SPNRARR; %SMAPS:10113
  11050       UM; %UM: 1488
  11051       DL 0.076 ; %DL: 6559
  11052       SMAPS 141 MAPARR SPNRARR; %SMAPS:10113
  11053       UM; %UM: 1488
  11054       QUAD 0.235 0 QF1 ; %QUAD:10321
  11055       SMAPS 142 MAPARR SPNRARR; %SMAPS:10113
  11056       UM; %UM: 1488
  11057       QUAD 0.235 0 QF1 ; %QUAD:10321
  11058       SMAPS 143 MAPARR SPNRARR; %SMAPS:10113
  11059       UM; %UM: 1488
  11060       DL 0.665 ; %DL: 6559
  11061       SMAPS 144 MAPARR SPNRARR; %SMAPS:10113
  11062       UM; %UM: 1488
  11063       SBEND 1.94 0.07853981588 0 0.03926990817 0.03586152553 0.0392699
                  0817 0.03586152553 0.5 0.5 ; %SBEND:10385
  11064       SMAPS 145 MAPARR SPNRARR; %SMAPS:10113
  11065       UM; %UM: 1488
  11066       DL 0.3 ; %DL: 6559
  11067       SMAPS 146 MAPARR SPNRARR; %SMAPS:10113
  11068       UM; %UM: 1488
  11069       SBEND 1.94 0.07853981588 0 0.03926990817 0.03586152553 0.0392699
                  0817 0.03586152553 0.5 0.5 ; %SBEND:10385
  11070       SMAPS 147 MAPARR SPNRARR; %SMAPS:10113
  11071       UM; %UM: 1488
  11072       DL 0.289 ; %DL: 6559
  11073       SMAPS 148 MAPARR SPNRARR; %SMAPS:10113
  11074       UM; %UM: 1488
  11075       MH LEN_S SD 0.05; %MH: 7153
  11076       SMAPS 149 MAPARR SPNRARR; %SMAPS:10113
  11077       UM; %UM: 1488
  11078       DL 0.076 ; %DL: 6559
  11079       SMAPS 150 MAPARR SPNRARR; %SMAPS:10113
  11080       UM; %UM: 1488
  11081       QUAD 0.235 0 QD ; %QUAD:10321
  11082       SMAPS 151 MAPARR SPNRARR; %SMAPS:10113
  11083       UM; %UM: 1488
  11084       QUAD 0.235 0 QD ; %QUAD:10321
  11085       SMAPS 152 MAPARR SPNRARR; %SMAPS:10113
  11086       UM; %UM: 1488
  11087       DL 0.665 ; %DL: 6559
  11088       SMAPS 153 MAPARR SPNRARR; %SMAPS:10113
  11089       UM; %UM: 1488
  11090       SBEND 1.94 0.07853981588 0 0.03926990817 0.03586152553 0.0392699
                  0817 0.03586152553 0.5 0.5 ; %SBEND:10385
  11091       SMAPS 154 MAPARR SPNRARR; %SMAPS:10113
  11092       UM; %UM: 1488
  11093       DL 0.3 ; %DL: 6559
  11094       SMAPS 155 MAPARR SPNRARR; %SMAPS:10113
  11095       UM; %UM: 1488
  11096       SBEND 1.94 0.07853981588 0 0.03926990817 0.03586152553 0.0392699
                  0817 0.03586152553 0.5 0.5 ; %SBEND:10385
  11097       SMAPS 156 MAPARR SPNRARR; %SMAPS:10113
  11098       UM; %UM: 1488
  11099       DL 0.289 ; %DL: 6559
  11100       SMAPS 157 MAPARR SPNRARR; %SMAPS:10113
  11101       UM; %UM: 1488
  11102       MH LEN_S SF 0.05; %MH: 7153
  11103       SMAPS 158 MAPARR SPNRARR; %SMAPS:10113
  11104       UM; %UM: 1488
  11105       DL 0.076 ; %DL: 6559
  11106       SMAPS 159 MAPARR SPNRARR; %SMAPS:10113
  11107       UM; %UM: 1488
  11108       QUAD 0.235 0 QF1 ; %QUAD:10321
  11109       SMAPS 160 MAPARR SPNRARR; %SMAPS:10113
  11110       UM; %UM: 1488
  11111       QUAD 0.235 0 QF1 ; %QUAD:10321
  11112       SMAPS 161 MAPARR SPNRARR; %SMAPS:10113
  11113       UM; %UM: 1488
  11114       DL 0.665 ; %DL: 6559
  11115       SMAPS 162 MAPARR SPNRARR; %SMAPS:10113
  11116       UM; %UM: 1488
  11117       SBEND 1.94 0.07853981588 0 0.03926990817 0.03586152553 0.0392699
                  0817 0.03586152553 0.5 0.5 ; %SBEND:10385
  11118       SMAPS 163 MAPARR SPNRARR; %SMAPS:10113
  11119       UM; %UM: 1488
  11120       DL 0.3 ; %DL: 6559
  11121       SMAPS 164 MAPARR SPNRARR; %SMAPS:10113
  11122       UM; %UM: 1488
  11123       SBEND 1.94 0.07853981588 0 0.03926990817 0.03586152553 0.0392699
                  0817 0.03586152553 0.5 0.5 ; %SBEND:10385
  11124       SMAPS 165 MAPARR SPNRARR; %SMAPS:10113
  11125       UM; %UM: 1488
  11126       DL 0.289 ; %DL: 6559
  11127       SMAPS 166 MAPARR SPNRARR; %SMAPS:10113
  11128       UM; %UM: 1488
  11129       DL 0.3 ; %DL: 6559
  11130       SMAPS 167 MAPARR SPNRARR; %SMAPS:10113
  11131       UM; %UM: 1488
  11132       DL 0.076 ; %DL: 6559
  11133       SMAPS 168 MAPARR SPNRARR; %SMAPS:10113
  11134       UM; %UM: 1488
  11135       QUAD 0.235 0 QD ; %QUAD:10321
  11136       SMAPS 169 MAPARR SPNRARR; %SMAPS:10113
  11137       UM; %UM: 1488
  11138       QUAD 0.235 0 QD ; %QUAD:10321
  11139       SMAPS 170 MAPARR SPNRARR; %SMAPS:10113
  11140       UM; %UM: 1488
  11141       DL 0.665 ; %DL: 6559
  11142       SMAPS 171 MAPARR SPNRARR; %SMAPS:10113
  11143       UM; %UM: 1488
  11144       SBEND 1.94 0.07853981588 0 0.03926990817 0.03586152553 0.0392699
                  0817 0.03586152553 0.5 0.5 ; %SBEND:10385
  11145       SMAPS 172 MAPARR SPNRARR; %SMAPS:10113
  11146       UM; %UM: 1488
  11147       DL 0.3 ; %DL: 6559
  11148       SMAPS 173 MAPARR SPNRARR; %SMAPS:10113
  11149       UM; %UM: 1488
  11150       SBEND 1.94 0.07853981588 0 0.03926990817 0.03586152553 0.0392699
                  0817 0.03586152553 0.5 0.5 ; %SBEND:10385
  11151       SMAPS 174 MAPARR SPNRARR; %SMAPS:10113
  11152       UM; %UM: 1488
  11153       DL 0.299 ; %DL: 6559
  11154       SMAPS 175 MAPARR SPNRARR; %SMAPS:10113
  11155       UM; %UM: 1488
  11156       DL 0.3 ; %DL: 6559
  11157       SMAPS 176 MAPARR SPNRARR; %SMAPS:10113
  11158       UM; %UM: 1488
  11159       DL 0.076 ; %DL: 6559
  11160       SMAPS 177 MAPARR SPNRARR; %SMAPS:10113
  11161       UM; %UM: 1488
  11162       QUAD 0.45 0 Q9W2 ; %QUAD:10321
  11163       SMAPS 178 MAPARR SPNRARR; %SMAPS:10113
  11164       UM; %UM: 1488
  11165       DL 5.144 ; %DL: 6559
  11166       SMAPS 179 MAPARR SPNRARR; %SMAPS:10113
  11167       UM; %UM: 1488
  11168       DL 0.3 ; %DL: 6559
  11169       SMAPS 180 MAPARR SPNRARR; %SMAPS:10113
  11170       UM; %UM: 1488
  11171       DL 0.076 ; %DL: 6559
  11172       SMAPS 181 MAPARR SPNRARR; %SMAPS:10113
  11173       UM; %UM: 1488
  11174       QUAD 0.235 0 QD ; %QUAD:10321
  11175       SMAPS 182 MAPARR SPNRARR; %SMAPS:10113
  11176       UM; %UM: 1488
  11177       QUAD 0.235 0 QD ; %QUAD:10321
  11178       SMAPS 183 MAPARR SPNRARR; %SMAPS:10113
  11179       UM; %UM: 1488
  11180       DL 5.1815 ; %DL: 6559
  11181       SMAPS 184 MAPARR SPNRARR; %SMAPS:10113
  11182       UM; %UM: 1488
  11183       DL 0.3 ; %DL: 6559
  11184       SMAPS 185 MAPARR SPNRARR; %SMAPS:10113
  11185       UM; %UM: 1488
  11186       DL 0.076 ; %DL: 6559
  11187       SMAPS 186 MAPARR SPNRARR; %SMAPS:10113
  11188       UM; %UM: 1488
  11189       QUAD 0.375 0 Q7W2 ; %QUAD:10321
  11190       SMAPS 187 MAPARR SPNRARR; %SMAPS:10113
  11191       UM; %UM: 1488
  11192       DL 0.7125 ; %DL: 6559
  11193       SMAPS 188 MAPARR SPNRARR; %SMAPS:10113
  11194       UM; %UM: 1488
  11195       SBEND 1.94 0.07853981588 0 0.03926990817 0.03586152553 0.0392699
                  0817 0.03586152553 0.5 0.5 ; %SBEND:10385
  11196       SMAPS 189 MAPARR SPNRARR; %SMAPS:10113
  11197       UM; %UM: 1488
  11198       DL 0.3 ; %DL: 6559
  11199       SMAPS 190 MAPARR SPNRARR; %SMAPS:10113
  11200       UM; %UM: 1488
  11201       SBEND 1.94 0.07853981588 0 0.03926990817 0.03586152553 0.0392699
                  0817 0.03586152553 0.5 0.5 ; %SBEND:10385
  11202       SMAPS 191 MAPARR SPNRARR; %SMAPS:10113
  11203       UM; %UM: 1488
  11204       DL 0.215 ; %DL: 6559
  11205       SMAPS 192 MAPARR SPNRARR; %SMAPS:10113
  11206       UM; %UM: 1488
  11207       DL 0.085 ; %DL: 6559
  11208       SMAPS 193 MAPARR SPNRARR; %SMAPS:10113
  11209       UM; %UM: 1488
  11210       QUAD 0.785 0 Q6W2 ; %QUAD:10321
  11211       SMAPS 194 MAPARR SPNRARR; %SMAPS:10113
  11212       UM; %UM: 1488
  11213       DL 0.11787 ; %DL: 6559
  11214       SMAPS 195 MAPARR SPNRARR; %SMAPS:10113
  11215       UM; %UM: 1488
  11216       DL 0.3 ; %DL: 6559
  11217       SMAPS 196 MAPARR SPNRARR; %SMAPS:10113
  11218       UM; %UM: 1488
  11219       DL 0.1 ; %DL: 6559
  11220       SMAPS 197 MAPARR SPNRARR; %SMAPS:10113
  11221       UM; %UM: 1488
  11222       QUAD 0.69 0 Q5W2 ; %QUAD:10321
  11223       SMAPS 198 MAPARR SPNRARR; %SMAPS:10113
  11224       UM; %UM: 1488
  11225       DL 0.47; %DL: 6559
  11226       SMAPS 199 MAPARR SPNRARR; %SMAPS:10113
  11227       UM; %UM: 1488
  11228       SBEND 0.5 0.1570836107 0 0 0 0 0 0 0; %SBEND:10385
  11229       SMAPS 200 MAPARR SPNRARR; %SMAPS:10113
  11230       UM; %UM: 1488
  11231       DL 1.0 ; %DL: 6559
  11232       SMAPS 201 MAPARR SPNRARR; %SMAPS:10113
  11233       UM; %UM: 1488
  11234       QUAD 0.47 0 QBP2 ; %QUAD:10321
  11235       SMAPS 202 MAPARR SPNRARR; %SMAPS:10113
  11236       UM; %UM: 1488
  11237       DL 1.0 ; %DL: 6559
  11238       SMAPS 203 MAPARR SPNRARR; %SMAPS:10113
  11239       UM; %UM: 1488
  11240       QUAD 0.47 0 QBP1 ; %QUAD:10321
  11241       SMAPS 204 MAPARR SPNRARR; %SMAPS:10113
  11242       UM; %UM: 1488
  11243       DL 1.0 ; %DL: 6559
  11244       SMAPS 205 MAPARR SPNRARR; %SMAPS:10113
  11245       UM; %UM: 1488
  11246       QUAD 0.47 0 QBP2 ; %QUAD:10321
  11247       SMAPS 206 MAPARR SPNRARR; %SMAPS:10113
  11248       UM; %UM: 1488
  11249       DL 1.0 ; %DL: 6559
  11250       SMAPS 207 MAPARR SPNRARR; %SMAPS:10113
  11251       UM; %UM: 1488
  11252       QUAD 0.47 0 QBP1 ; %QUAD:10321
  11253       SMAPS 208 MAPARR SPNRARR; %SMAPS:10113
  11254       UM; %UM: 1488
  11255       DL 1.0 ; %DL: 6559
  11256       SMAPS 209 MAPARR SPNRARR; %SMAPS:10113
  11257       UM; %UM: 1488
  11258       QUAD 0.47 0 QBP2 ; %QUAD:10321
  11259       SMAPS 210 MAPARR SPNRARR; %SMAPS:10113
  11260       UM; %UM: 1488
  11261       DL 1.0 ; %DL: 6559
  11262       SMAPS 211 MAPARR SPNRARR; %SMAPS:10113
  11263       UM; %UM: 1488
  11264       SBEND 0.5 -0.1570836107 0 0 0 0 0 0 0; %SBEND:10385
  11265       SMAPS 212 MAPARR SPNRARR; %SMAPS:10113
  11266       UM; %UM: 1488
  11267       DL 0.47; %DL: 6559
  11268       SMAPS 213 MAPARR SPNRARR; %SMAPS:10113
  11269       UM; %UM: 1488
  11270       QUAD 0.69 0 Q5W2 ; %QUAD:10321
  11271       SMAPS 214 MAPARR SPNRARR; %SMAPS:10113
  11272       UM; %UM: 1488
  11273       DL 0.1 ; %DL: 6559
  11274       SMAPS 215 MAPARR SPNRARR; %SMAPS:10113
  11275       UM; %UM: 1488
  11276       DL 0.3 ; %DL: 6559
  11277       SMAPS 216 MAPARR SPNRARR; %SMAPS:10113
  11278       UM; %UM: 1488
  11279       DL 0.11787 ; %DL: 6559
  11280       SMAPS 217 MAPARR SPNRARR; %SMAPS:10113
  11281       UM; %UM: 1488
  11282       QUAD 0.785 0 Q6W2 ; %QUAD:10321
  11283       SMAPS 218 MAPARR SPNRARR; %SMAPS:10113
  11284       UM; %UM: 1488
  11285       DL 0.085 ; %DL: 6559
  11286       SMAPS 219 MAPARR SPNRARR; %SMAPS:10113
  11287       UM; %UM: 1488
  11288       DL 0.215 ; %DL: 6559
  11289       SMAPS 220 MAPARR SPNRARR; %SMAPS:10113
  11290       UM; %UM: 1488
  11291       DL 1.94 ; %DL: 6559
  11292       SMAPS 221 MAPARR SPNRARR; %SMAPS:10113
  11293       UM; %UM: 1488
  11294       DL 0.3 ; %DL: 6559
  11295       SMAPS 222 MAPARR SPNRARR; %SMAPS:10113
  11296       UM; %UM: 1488
  11297       DL 1.94 ; %DL: 6559
  11298       SMAPS 223 MAPARR SPNRARR; %SMAPS:10113
  11299       UM; %UM: 1488
  11300       DL 0.3365 ; %DL: 6559
  11301       SMAPS 224 MAPARR SPNRARR; %SMAPS:10113
  11302       UM; %UM: 1488
  11303       DL 0.3 ; %DL: 6559
  11304       SMAPS 225 MAPARR SPNRARR; %SMAPS:10113
  11305       UM; %UM: 1488
  11306       DL 0.076 ; %DL: 6559
  11307       SMAPS 226 MAPARR SPNRARR; %SMAPS:10113
  11308       UM; %UM: 1488
  11309       QUAD 0.375 0 Q7W2 ; %QUAD:10321
  11310       SMAPS 227 MAPARR SPNRARR; %SMAPS:10113
  11311       UM; %UM: 1488
  11312       DL 5.1815 ; %DL: 6559
  11313       SMAPS 228 MAPARR SPNRARR; %SMAPS:10113
  11314       UM; %UM: 1488
  11315       DL 0.3 ; %DL: 6559
  11316       SMAPS 229 MAPARR SPNRARR; %SMAPS:10113
  11317       UM; %UM: 1488
  11318       DL 0.076 ; %DL: 6559
  11319       SMAPS 230 MAPARR SPNRARR; %SMAPS:10113
  11320       UM; %UM: 1488
  11321       QUAD 0.235 0 QD ; %QUAD:10321
  11322       SMAPS 231 MAPARR SPNRARR; %SMAPS:10113
  11323       UM; %UM: 1488
  11324       QUAD 0.235 0 QD ; %QUAD:10321
  11325       SMAPS 232 MAPARR SPNRARR; %SMAPS:10113
  11326       UM; %UM: 1488
  11327       DL 5.144 ; %DL: 6559
  11328       SMAPS 233 MAPARR SPNRARR; %SMAPS:10113
  11329       UM; %UM: 1488
  11330       DL 0.3 ; %DL: 6559
  11331       SMAPS 234 MAPARR SPNRARR; %SMAPS:10113
  11332       UM; %UM: 1488
  11333       DL 0.076 ; %DL: 6559
  11334       SMAPS 235 MAPARR SPNRARR; %SMAPS:10113
  11335       UM; %UM: 1488
  11336       QUAD 0.45 0 Q9W2 ; %QUAD:10321
  11337       SMAPS 236 MAPARR SPNRARR; %SMAPS:10113
  11338       UM; %UM: 1488
  11339       DL 0.675 ; %DL: 6559
  11340       SMAPS 237 MAPARR SPNRARR; %SMAPS:10113
  11341       UM; %UM: 1488
  11342       DL 1.94 ; %DL: 6559
  11343       SMAPS 238 MAPARR SPNRARR; %SMAPS:10113
  11344       UM; %UM: 1488
  11345       DL 0.3 ; %DL: 6559
  11346       SMAPS 239 MAPARR SPNRARR; %SMAPS:10113
  11347       UM; %UM: 1488
  11348       DL 1.94 ; %DL: 6559
  11349       SMAPS 240 MAPARR SPNRARR; %SMAPS:10113
  11350       UM; %UM: 1488
  11351       DL 0.289 ; %DL: 6559
  11352       SMAPS 241 MAPARR SPNRARR; %SMAPS:10113
  11353       UM; %UM: 1488
  11354       DL 0.3 ; %DL: 6559
  11355       SMAPS 242 MAPARR SPNRARR; %SMAPS:10113
  11356       UM; %UM: 1488
  11357       DL 0.076 ; %DL: 6559
  11358       SMAPS 243 MAPARR SPNRARR; %SMAPS:10113
  11359       UM; %UM: 1488
  11360       QUAD 0.235 0 QD ; %QUAD:10321
  11361       SMAPS 244 MAPARR SPNRARR; %SMAPS:10113
  11362       UM; %UM: 1488
  11363       QUAD 0.235 0 QD ; %QUAD:10321
  11364       SMAPS 245 MAPARR SPNRARR; %SMAPS:10113
  11365       UM; %UM: 1488
  11366       DL 0.3523103 ; %DL: 6559
  11367       SMAPS 246 MAPARR SPNRARR; %SMAPS:10113
  11368       UM; %UM: 1488
  11369       WIEN 5.0753794 BBE EBE 0; %WIEN:10506
  11370       SMAPS 247 MAPARR SPNRARR; %SMAPS:10113
  11371       UM; %UM: 1488
  11372       DL 0.3523103 ; %DL: 6559
  11373       SMAPS 248 MAPARR SPNRARR; %SMAPS:10113
  11374       UM; %UM: 1488
  11375       QUAD 0.235 0 QF1 ; %QUAD:10321
  11376       SMAPS 249 MAPARR SPNRARR; %SMAPS:10113
  11377       UM; %UM: 1488
  11378       QUAD 0.235 0 QF1 ; %QUAD:10321
  11379       SMAPS 250 MAPARR SPNRARR; %SMAPS:10113
  11380       UM; %UM: 1488
  11381       DL 0.3523103 ; %DL: 6559
  11382       SMAPS 251 MAPARR SPNRARR; %SMAPS:10113
  11383       UM; %UM: 1488
  11384       WIEN 5.0753794 BBE EBE 0; %WIEN:10506
  11385       SMAPS 252 MAPARR SPNRARR; %SMAPS:10113
  11386       UM; %UM: 1488
  11387       DL 0.3523103 ; %DL: 6559
  11388       SMAPS 253 MAPARR SPNRARR; %SMAPS:10113
  11389       UM; %UM: 1488
  11390       QUAD 0.235 0 QD ; %QUAD:10321
  11391       SMAPS 254 MAPARR SPNRARR; %SMAPS:10113
  11392       UM; %UM: 1488
  11393       QUAD 0.235 0 QD ; %QUAD:10321
  11394       SMAPS 255 MAPARR SPNRARR; %SMAPS:10113
  11395       UM; %UM: 1488
  11396       DL 0.3523103 ; %DL: 6559
  11397       SMAPS 256 MAPARR SPNRARR; %SMAPS:10113
  11398       UM; %UM: 1488
  11399       WIEN 5.0753794 BBE EBE 0; %WIEN:10506
  11400       SMAPS 257 MAPARR SPNRARR; %SMAPS:10113
  11401       UM; %UM: 1488
  11402       DL 0.3523103 ; %DL: 6559
  11403       SMAPS 258 MAPARR SPNRARR; %SMAPS:10113
  11404       UM; %UM: 1488
  11405       QUAD 0.235 0 QF1 ; %QUAD:10321
  11406       SMAPS 259 MAPARR SPNRARR; %SMAPS:10113
  11407       UM; %UM: 1488
  11408       QUAD 0.235 0 QF1 ; %QUAD:10321
  11409       SMAPS 260 MAPARR SPNRARR; %SMAPS:10113
  11410       UM; %UM: 1488
  11411       DL 0.3523103 ; %DL: 6559
  11412       SMAPS 261 MAPARR SPNRARR; %SMAPS:10113
  11413       UM; %UM: 1488
  11414       WIEN 5.0753794 BBE EBE 0; %WIEN:10506
  11415       SMAPS 262 MAPARR SPNRARR; %SMAPS:10113
  11416       UM; %UM: 1488
  11417       DL 0.3523103 ; %DL: 6559
  11418       SMAPS 263 MAPARR SPNRARR; %SMAPS:10113
  11419       UM; %UM: 1488
  11420       QUAD 0.235 0 QD ; %QUAD:10321
  11421       SMAPS 264 MAPARR SPNRARR; %SMAPS:10113
  11422       UM; %UM: 1488
  11423       QUAD 0.235 0 QD ; %QUAD:10321
  11424       SMAPS 265 MAPARR SPNRARR; %SMAPS:10113
  11425       UM; %UM: 1488
  11426       DL 0.3523103 ; %DL: 6559
  11427       SMAPS 266 MAPARR SPNRARR; %SMAPS:10113
  11428       UM; %UM: 1488
  11429       WIEN 5.0753794 BBE EBE 0; %WIEN:10506
  11430       SMAPS 267 MAPARR SPNRARR; %SMAPS:10113
  11431       UM; %UM: 1488
  11432       DL 0.3523103 ; %DL: 6559
  11433       SMAPS 268 MAPARR SPNRARR; %SMAPS:10113
  11434       UM; %UM: 1488
  11435       QUAD 0.235 0 QF1 ; %QUAD:10321
  11436       SMAPS 269 MAPARR SPNRARR; %SMAPS:10113
  11437       UM; %UM: 1488
  11438       QUAD 0.235 0 QF1 ; %QUAD:10321
  11439       SMAPS 270 MAPARR SPNRARR; %SMAPS:10113
  11440       UM; %UM: 1488
  11441       DL 0.3523103 ; %DL: 6559
  11442       SMAPS 271 MAPARR SPNRARR; %SMAPS:10113
  11443       UM; %UM: 1488
  11444       WIEN 5.0753794 BBE EBE 0; %WIEN:10506
  11445       SMAPS 272 MAPARR SPNRARR; %SMAPS:10113
  11446       UM; %UM: 1488
  11447       DL 0.3523103 ; %DL: 6559
  11448       SMAPS 273 MAPARR SPNRARR; %SMAPS:10113
  11449       UM; %UM: 1488
  11450       QUAD 0.235 0 QD ; %QUAD:10321
  11451       SMAPS 274 MAPARR SPNRARR; %SMAPS:10113
  11452       UM; %UM: 1488
  11453       QUAD 0.235 0 QD ; %QUAD:10321
  11454       SMAPS 275 MAPARR SPNRARR; %SMAPS:10113
  11455       UM; %UM: 1488
  11456       DL 0.665 ; %DL: 6559
  11457       SMAPS 276 MAPARR SPNRARR; %SMAPS:10113
  11458       UM; %UM: 1488
  11459       DL 1.94 ; %DL: 6559
  11460       SMAPS 277 MAPARR SPNRARR; %SMAPS:10113
  11461       UM; %UM: 1488
  11462       DL 0.3 ; %DL: 6559
  11463       SMAPS 278 MAPARR SPNRARR; %SMAPS:10113
  11464       UM; %UM: 1488
  11465       DL 1.94 ; %DL: 6559
  11466       SMAPS 279 MAPARR SPNRARR; %SMAPS:10113
  11467       UM; %UM: 1488
  11468       DL 0.299 ; %DL: 6559
  11469       SMAPS 280 MAPARR SPNRARR; %SMAPS:10113
  11470       UM; %UM: 1488
  11471       DL 0.3 ; %DL: 6559
  11472       SMAPS 281 MAPARR SPNRARR; %SMAPS:10113
  11473       UM; %UM: 1488
  11474       DL 0.076 ; %DL: 6559
  11475       SMAPS 282 MAPARR SPNRARR; %SMAPS:10113
  11476       UM; %UM: 1488
  11477       QUAD 0.45 0 Q9W2 ; %QUAD:10321
  11478       SMAPS 283 MAPARR SPNRARR; %SMAPS:10113
  11479       UM; %UM: 1488
  11480       DL 5.144 ; %DL: 6559
  11481       SMAPS 284 MAPARR SPNRARR; %SMAPS:10113
  11482       UM; %UM: 1488
  11483       DL 0.3 ; %DL: 6559
  11484       SMAPS 285 MAPARR SPNRARR; %SMAPS:10113
  11485       UM; %UM: 1488
  11486       DL 0.076 ; %DL: 6559
  11487       SMAPS 286 MAPARR SPNRARR; %SMAPS:10113
  11488       UM; %UM: 1488
  11489       QUAD 0.235 0 QD ; %QUAD:10321
  11490       SMAPS 287 MAPARR SPNRARR; %SMAPS:10113
  11491       UM; %UM: 1488
  11492       QUAD 0.235 0 QD ; %QUAD:10321
  11493       SMAPS 288 MAPARR SPNRARR; %SMAPS:10113
  11494       UM; %UM: 1488
  11495       DL 5.1815 ; %DL: 6559
  11496       SMAPS 289 MAPARR SPNRARR; %SMAPS:10113
  11497       UM; %UM: 1488
  11498       DL 0.3 ; %DL: 6559
  11499       SMAPS 290 MAPARR SPNRARR; %SMAPS:10113
  11500       UM; %UM: 1488
  11501       DL 0.076 ; %DL: 6559
  11502       SMAPS 291 MAPARR SPNRARR; %SMAPS:10113
  11503       UM; %UM: 1488
  11504       QUAD 0.375 0 Q7W2 ; %QUAD:10321
  11505       SMAPS 292 MAPARR SPNRARR; %SMAPS:10113
  11506       UM; %UM: 1488
  11507       DL 0.7125 ; %DL: 6559
  11508       SMAPS 293 MAPARR SPNRARR; %SMAPS:10113
  11509       UM; %UM: 1488
  11510       DL 1.94 ; %DL: 6559
  11511       SMAPS 294 MAPARR SPNRARR; %SMAPS:10113
  11512       UM; %UM: 1488
  11513       DL 0.3 ; %DL: 6559
  11514       SMAPS 295 MAPARR SPNRARR; %SMAPS:10113
  11515       UM; %UM: 1488
  11516       DL 1.94 ; %DL: 6559
  11517       SMAPS 296 MAPARR SPNRARR; %SMAPS:10113
  11518       UM; %UM: 1488
  11519       DL 0.215 ; %DL: 6559
  11520       SMAPS 297 MAPARR SPNRARR; %SMAPS:10113
  11521       UM; %UM: 1488
  11522       DL 0.085 ; %DL: 6559
  11523       SMAPS 298 MAPARR SPNRARR; %SMAPS:10113
  11524       UM; %UM: 1488
  11525       QUAD 0.785 0 Q6W2 ; %QUAD:10321
  11526       SMAPS 299 MAPARR SPNRARR; %SMAPS:10113
  11527       UM; %UM: 1488
  11528       DL 0.11787 ; %DL: 6559
  11529       SMAPS 300 MAPARR SPNRARR; %SMAPS:10113
  11530       UM; %UM: 1488
  11531       DL 0.3 ; %DL: 6559
  11532       SMAPS 301 MAPARR SPNRARR; %SMAPS:10113
  11533       UM; %UM: 1488
  11534       DL 0.1 ; %DL: 6559
  11535       SMAPS 302 MAPARR SPNRARR; %SMAPS:10113
  11536       UM; %UM: 1488
  11537       QUAD 0.69 0 Q5W2 ; %QUAD:10321
  11538       SMAPS 303 MAPARR SPNRARR; %SMAPS:10113
  11539       UM; %UM: 1488
  11540       DL 0.47; %DL: 6559
  11541       SMAPS 304 MAPARR SPNRARR; %SMAPS:10113
  11542       UM; %UM: 1488
  11543       SBEND 0.5 -0.1570836107 0 0 0 0 0 0 0; %SBEND:10385
  11544       SMAPS 305 MAPARR SPNRARR; %SMAPS:10113
  11545       UM; %UM: 1488
  11546       DL 1.0 ; %DL: 6559
  11547       SMAPS 306 MAPARR SPNRARR; %SMAPS:10113
  11548       UM; %UM: 1488
  11549       QUAD 0.47 0 QBP2 ; %QUAD:10321
  11550       SMAPS 307 MAPARR SPNRARR; %SMAPS:10113
  11551       UM; %UM: 1488
  11552       DL 1.0 ; %DL: 6559
  11553       SMAPS 308 MAPARR SPNRARR; %SMAPS:10113
  11554       UM; %UM: 1488
  11555       QUAD 0.47 0 QBP1 ; %QUAD:10321
  11556       SMAPS 309 MAPARR SPNRARR; %SMAPS:10113
  11557       UM; %UM: 1488
  11558       DL 1.0 ; %DL: 6559
  11559       SMAPS 310 MAPARR SPNRARR; %SMAPS:10113
  11560       UM; %UM: 1488
  11561       QUAD 0.47 0 QBP2 ; %QUAD:10321
  11562       SMAPS 311 MAPARR SPNRARR; %SMAPS:10113
  11563       UM; %UM: 1488
  11564       DL 1.0 ; %DL: 6559
  11565       SMAPS 312 MAPARR SPNRARR; %SMAPS:10113
  11566       UM; %UM: 1488
  11567       QUAD 0.47 0 QBP1 ; %QUAD:10321
  11568       SMAPS 313 MAPARR SPNRARR; %SMAPS:10113
  11569       UM; %UM: 1488
  11570       DL 1.0 ; %DL: 6559
  11571       SMAPS 314 MAPARR SPNRARR; %SMAPS:10113
  11572       UM; %UM: 1488
  11573       QUAD 0.47 0 QBP2 ; %QUAD:10321
  11574       SMAPS 315 MAPARR SPNRARR; %SMAPS:10113
  11575       UM; %UM: 1488
  11576       DL 1.0 ; %DL: 6559
  11577       SMAPS 316 MAPARR SPNRARR; %SMAPS:10113
  11578       UM; %UM: 1488
  11579       SBEND 0.5 0.1570836107 0 0 0 0 0 0 0; %SBEND:10385
  11580       SMAPS 317 MAPARR SPNRARR; %SMAPS:10113
  11581       UM; %UM: 1488
  11582       DL 0.47 ; %DL: 6559
  11583       SMAPS 318 MAPARR SPNRARR; %SMAPS:10113
  11584       UM; %UM: 1488
  11585       QUAD 0.69 0 Q5W2 ; %QUAD:10321
  11586       SMAPS 319 MAPARR SPNRARR; %SMAPS:10113
  11587       UM; %UM: 1488
  11588       DL 0.1 ; %DL: 6559
  11589       SMAPS 320 MAPARR SPNRARR; %SMAPS:10113
  11590       UM; %UM: 1488
  11591       DL 0.3 ; %DL: 6559
  11592       SMAPS 321 MAPARR SPNRARR; %SMAPS:10113
  11593       UM; %UM: 1488
  11594       DL 0.11787 ; %DL: 6559
  11595       SMAPS 322 MAPARR SPNRARR; %SMAPS:10113
  11596       UM; %UM: 1488
  11597       QUAD 0.785 0 Q6W2 ; %QUAD:10321
  11598       SMAPS 323 MAPARR SPNRARR; %SMAPS:10113
  11599       UM; %UM: 1488
  11600       DL 0.085 ; %DL: 6559
  11601       SMAPS 324 MAPARR SPNRARR; %SMAPS:10113
  11602       ENDLOOP;
  11603     ENDPROCEDURE;
 --- BIN FILE WRITTEN: BYPASS_SEQ_maps_WF
  11604   SAVE 'BYPASS_SEQ_maps_WF';
