 --- BIN FILE READ: header
  10579 INCLUDE 'header';
  10580   PROCEDURE LATTICE SEXTGX1 SEXTGY1 EB1 RFFLAG;
  10581     VARIABLE VRF 1 1 1;
  10582     VARIABLE FREQ 1;
  10583     VARIABLE HNUM 1;
  10584     VARIABLE I 1;
  10585     VARIABLE LEN_S 1;
  10586     VARIABLE A 1;
  10587     VARIABLE EBE 1;
  10588     VARIABLE BBE 1;
  10589     VARIABLE SF 1;
  10590     VARIABLE SD 1;
  10591     VARIABLE SF1 1;
  10592     VARIABLE SF2 1;
  10593     VARIABLE SD1 1;
  10594     VARIABLE SD2 1;
  10595     VARIABLE QF1 1;
  10596     VARIABLE QD 1;
  10597     VARIABLE QFS 1;
  10598     VARIABLE QDS 1;
  10599     VARIABLE Q7W2 1;
  10600     VARIABLE Q9W2 1;
  10601     VARIABLE Q7W2SS 1;
  10602     VARIABLE Q9W2SS 1;
  10603     VARIABLE Q5W2 1;
  10604     VARIABLE Q6W2 1;
  10605     VARIABLE QBP1 1;
  10606     VARIABLE QBP2 1;
  10607     VARIABLE QM1 1;
  10608     EBE := EB1;
  10609     A := 0.05;
  10610     LEN_S := 0.30;
  10611     SF:= SEXTGX1;
  10612     SD:= SEXTGY1;
  10613     QF1:=0.5130614376;
  10614     QD:=-0.4968439068;
  10615     Q7W2:=0.5077085493;
  10616     Q9W2:=0.5149709007;
  10617     QFS:=0.4861740825;
  10618     QDS:=-0.5158955185;
  10619     Q7W2SS:=0.4948465604;
  10620     Q9W2SS:=0.497612117;
  10621     Q6W2:=-0.7946365754;
  10622     Q5W2:=1.476827466;
  10623     QBP1:=3.226482615;
  10624     QBP2:=-2.304630439;
  10625     QM1:= -0.897884019;
  10626     HNUM := 66;
  10627     VRF(1, 1) := 100/HNUM;
  10628     FREQ := HNUM*REVFREQ(FACCLEN(1)); %REVFREQ: 9907 %FACCLEN:10534
  10629     WRITE 6 '********************************************';
  10630     WRITE 6 '*      FS NICA BYPASS 7 NOW 2022           *';
  10631     WRITE 6 '********************************************';
  10632     WRITE 6 'REVOLUTION FREQUENCY: '&ST(REVFREQ(FACCLEN(1))/1E6)&' MHZ
                  '; %REVFREQ: 9907 %FACCLEN:10534
  10633     WRITE 6 'RF FREQUENCY: '&ST(FREQ/1E6)&' MHZ';
  10634     UM; %UM: 1488
  10635     CR; %CR:  947
  10636     IF RFFLAG=1;
  10637       RF VRF 0 FREQ 0 0.05; %RF: 8697
  10638       ENDIF;
  10639     LOOP I 1 2;
  10640       QUAD 0.235 0 QD ; %QUAD:10321
  10641       DL 0.665 ; %DL: 6559
  10642       SBEND 1.94 0.07853981588 0 0.03926990817 0.03586152553 0.0392699
                  0817 0.03586152553 0.5 0.5 ; %SBEND:10385
  10643       DL 0.3 ; %DL: 6559
  10644       SBEND 1.94 0.07853981588 0 0.03926990817 0.03586152553 0.0392699
                  0817 0.03586152553 0.5 0.5 ; %SBEND:10385
  10645       DL 0.289 ; %DL: 6559
  10646       MH LEN_S SF 0.05; %MH: 7153
  10647       DL 0.076 ; %DL: 6559
  10648       QUAD 0.235 0 QF1 ; %QUAD:10321
  10649       QUAD 0.235 0 QF1 ; %QUAD:10321
  10650       DL 0.665 ; %DL: 6559
  10651       SBEND 1.94 0.07853981588 0 0.03926990817 0.03586152553 0.0392699
                  0817 0.03586152553 0.5 0.5 ; %SBEND:10385
  10652       DL 0.3 ; %DL: 6559
  10653       SBEND 1.94 0.07853981588 0 0.03926990817 0.03586152553 0.0392699
                  0817 0.03586152553 0.5 0.5 ; %SBEND:10385
  10654       DL 0.289 ; %DL: 6559
  10655       MH LEN_S SD 0.05; %MH: 7153
  10656       DL 0.076 ; %DL: 6559
  10657       QUAD 0.235 0 QD ; %QUAD:10321
  10658       QUAD 0.235 0 QD ; %QUAD:10321
  10659       DL 0.665 ; %DL: 6559
  10660       SBEND 1.94 0.07853981588 0 0.03926990817 0.03586152553 0.0392699
                  0817 0.03586152553 0.5 0.5 ; %SBEND:10385
  10661       DL 0.3 ; %DL: 6559
  10662       SBEND 1.94 0.07853981588 0 0.03926990817 0.03586152553 0.0392699
                  0817 0.03586152553 0.5 0.5 ; %SBEND:10385
  10663       DL 0.289 ; %DL: 6559
  10664       MH LEN_S SF 0.05; %MH: 7153
  10665       DL 0.076 ; %DL: 6559
  10666       QUAD 0.235 0 QF1 ; %QUAD:10321
  10667       QUAD 0.235 0 QF1 ; %QUAD:10321
  10668       DL 0.665 ; %DL: 6559
  10669       SBEND 1.94 0.07853981588 0 0.03926990817 0.03586152553 0.0392699
                  0817 0.03586152553 0.5 0.5 ; %SBEND:10385
  10670       DL 0.3 ; %DL: 6559
  10671       SBEND 1.94 0.07853981588 0 0.03926990817 0.03586152553 0.0392699
                  0817 0.03586152553 0.5 0.5 ; %SBEND:10385
  10672       DL 0.289 ; %DL: 6559
  10673       MH LEN_S SD 0.05; %MH: 7153
  10674       DL 0.076 ; %DL: 6559
  10675       QUAD 0.235 0 QD ; %QUAD:10321
  10676       QUAD 0.235 0 QD ; %QUAD:10321
  10677       DL 0.665 ; %DL: 6559
  10678       SBEND 1.94 0.07853981588 0 0.03926990817 0.03586152553 0.0392699
                  0817 0.03586152553 0.5 0.5 ; %SBEND:10385
  10679       DL 0.3 ; %DL: 6559
  10680       SBEND 1.94 0.07853981588 0 0.03926990817 0.03586152553 0.0392699
                  0817 0.03586152553 0.5 0.5 ; %SBEND:10385
  10681       DL 0.289 ; %DL: 6559
  10682       MH LEN_S SF 0.05; %MH: 7153
  10683       DL 0.076 ; %DL: 6559
  10684       QUAD 0.235 0 QF1 ; %QUAD:10321
  10685       QUAD 0.235 0 QF1 ; %QUAD:10321
  10686       DL 0.665 ; %DL: 6559
  10687       SBEND 1.94 0.07853981588 0 0.03926990817 0.03586152553 0.0392699
                  0817 0.03586152553 0.5 0.5 ; %SBEND:10385
  10688       DL 0.3 ; %DL: 6559
  10689       SBEND 1.94 0.07853981588 0 0.03926990817 0.03586152553 0.0392699
                  0817 0.03586152553 0.5 0.5 ; %SBEND:10385
  10690       DL 0.289 ; %DL: 6559
  10691       MH LEN_S SD 0.05; %MH: 7153
  10692       DL 0.076 ; %DL: 6559
  10693       QUAD 0.235 0 QD ; %QUAD:10321
  10694       QUAD 0.235 0 QD ; %QUAD:10321
  10695       DL 0.665 ; %DL: 6559
  10696       SBEND 1.94 0.07853981588 0 0.03926990817 0.03586152553 0.0392699
                  0817 0.03586152553 0.5 0.5 ; %SBEND:10385
  10697       DL 0.3 ; %DL: 6559
  10698       SBEND 1.94 0.07853981588 0 0.03926990817 0.03586152553 0.0392699
                  0817 0.03586152553 0.5 0.5 ; %SBEND:10385
  10699       DL 0.289 ; %DL: 6559
  10700       MH LEN_S SF 0.05; %MH: 7153
  10701       DL 0.076 ; %DL: 6559
  10702       QUAD 0.235 0 QF1 ; %QUAD:10321
  10703       QUAD 0.235 0 QF1 ; %QUAD:10321
  10704       DL 0.665 ; %DL: 6559
  10705       SBEND 1.94 0.07853981588 0 0.03926990817 0.03586152553 0.0392699
                  0817 0.03586152553 0.5 0.5 ; %SBEND:10385
  10706       DL 0.3 ; %DL: 6559
  10707       SBEND 1.94 0.07853981588 0 0.03926990817 0.03586152553 0.0392699
                  0817 0.03586152553 0.5 0.5 ; %SBEND:10385
  10708       DL 0.289 ; %DL: 6559
  10709       DL 0.3 ; %DL: 6559
  10710       DL 0.076 ; %DL: 6559
  10711       QUAD 0.235 0 QD ; %QUAD:10321
  10712       QUAD 0.235 0 QD ; %QUAD:10321
  10713       DL 0.665 ; %DL: 6559
  10714       SBEND 1.94 0.07853981588 0 0.03926990817 0.03586152553 0.0392699
                  0817 0.03586152553 0.5 0.5 ; %SBEND:10385
  10715       DL 0.3 ; %DL: 6559
  10716       SBEND 1.94 0.07853981588 0 0.03926990817 0.03586152553 0.0392699
                  0817 0.03586152553 0.5 0.5 ; %SBEND:10385
  10717       DL 0.299 ; %DL: 6559
  10718       DL 0.3 ; %DL: 6559
  10719       DL 0.076 ; %DL: 6559
  10720       QUAD 0.45 0 Q9W2 ; %QUAD:10321
  10721       DL 5.144 ; %DL: 6559
  10722       DL 0.3 ; %DL: 6559
  10723       DL 0.076 ; %DL: 6559
  10724       QUAD 0.235 0 QD ; %QUAD:10321
  10725       QUAD 0.235 0 QD ; %QUAD:10321
  10726       DL 5.1815 ; %DL: 6559
  10727       DL 0.3 ; %DL: 6559
  10728       DL 0.076 ; %DL: 6559
  10729       QUAD 0.375 0 Q7W2 ; %QUAD:10321
  10730       DL 0.7125 ; %DL: 6559
  10731       SBEND 1.94 0.07853981588 0 0.03926990817 0.03586152553 0.0392699
                  0817 0.03586152553 0.5 0.5 ; %SBEND:10385
  10732       DL 0.3 ; %DL: 6559
  10733       SBEND 1.94 0.07853981588 0 0.03926990817 0.03586152553 0.0392699
                  0817 0.03586152553 0.5 0.5 ; %SBEND:10385
  10734       DL 0.215 ; %DL: 6559
  10735       DL 0.085 ; %DL: 6559
  10736       QUAD 0.785 0 Q6W2 ; %QUAD:10321
  10737       DL 0.11787 ; %DL: 6559
  10738       DL 0.3 ; %DL: 6559
  10739       DL 0.1 ; %DL: 6559
  10740       QUAD 0.69 0 Q5W2 ; %QUAD:10321
  10741       DL 0.47; %DL: 6559
  10742       QUAD 0.47 0 QM1 ; %QUAD:10321
  10743       DL 0.18; %DL: 6559
  10744       SBEND 0.5 0.1570836107 0 0 0 0 0 0 0; %SBEND:10385
  10745       DL 1.0 ; %DL: 6559
  10746       QUAD 0.47 0 QBP1 ; %QUAD:10321
  10747       DL 1.0 ; %DL: 6559
  10748       QUAD 0.47 0 QBP2 ; %QUAD:10321
  10749       DL 1.0 ; %DL: 6559
  10750       QUAD 0.47 0 QBP1 ; %QUAD:10321
  10751       DL 1.0 ; %DL: 6559
  10752       SBEND 0.5 -0.1570836107 0 0 0 0 0 0 0; %SBEND:10385
  10753       DL 0.18; %DL: 6559
  10754       QUAD 0.47 0 QM1 ; %QUAD:10321
  10755       DL 0.47; %DL: 6559
  10756       QUAD 0.69 0 Q5W2 ; %QUAD:10321
  10757       DL 0.1 ; %DL: 6559
  10758       DL 0.3 ; %DL: 6559
  10759       DL 0.11787 ; %DL: 6559
  10760       QUAD 0.785 0 Q6W2 ; %QUAD:10321
  10761       DL 0.085 ; %DL: 6559
  10762       DL 0.215 ; %DL: 6559
  10763       DL 1.94 ; %DL: 6559
  10764       DL 0.3 ; %DL: 6559
  10765       DL 1.94 ; %DL: 6559
  10766       DL 0.3365 ; %DL: 6559
  10767       DL 0.3 ; %DL: 6559
  10768       DL 0.076 ; %DL: 6559
  10769       QUAD 0.375 0 Q7W2SS ; %QUAD:10321
  10770       DL 5.1815 ; %DL: 6559
  10771       DL 0.3 ; %DL: 6559
  10772       DL 0.076 ; %DL: 6559
  10773       QUAD 0.235 0 QDS ; %QUAD:10321
  10774       QUAD 0.235 0 QDS ; %QUAD:10321
  10775       DL 5.144 ; %DL: 6559
  10776       DL 0.3 ; %DL: 6559
  10777       DL 0.076 ; %DL: 6559
  10778       QUAD 0.45 0 Q9W2SS ; %QUAD:10321
  10779       DL 0.675 ; %DL: 6559
  10780       DL 1.94 ; %DL: 6559
  10781       DL 0.3 ; %DL: 6559
  10782       DL 1.94 ; %DL: 6559
  10783       DL 0.289 ; %DL: 6559
  10784       DL 0.3 ; %DL: 6559
  10785       DL 0.076 ; %DL: 6559
  10786       QUAD 0.235 0 QDS ; %QUAD:10321
  10787       QUAD 0.235 0 QDS ; %QUAD:10321
  10788       DL 5.78 ; %DL: 6559
  10789       QUAD 0.235 0 QFS ; %QUAD:10321
  10790       QUAD 0.235 0 QFS ; %QUAD:10321
  10791       DL 5.78 ; %DL: 6559
  10792       QUAD 0.235 0 QDS ; %QUAD:10321
  10793       QUAD 0.235 0 QDS ; %QUAD:10321
  10794       DL 5.78 ; %DL: 6559
  10795       QUAD 0.235 0 QFS ; %QUAD:10321
  10796       QUAD 0.235 0 QFS ; %QUAD:10321
  10797       DL 5.78 ; %DL: 6559
  10798       QUAD 0.235 0 QDS ; %QUAD:10321
  10799       QUAD 0.235 0 QDS ; %QUAD:10321
  10800       DL 5.78 ; %DL: 6559
  10801       QUAD 0.235 0 QFS ; %QUAD:10321
  10802       QUAD 0.235 0 QFS ; %QUAD:10321
  10803       DL 5.78 ; %DL: 6559
  10804       QUAD 0.235 0 QDS ; %QUAD:10321
  10805       QUAD 0.235 0 QDS ; %QUAD:10321
  10806       DL 0.665 ; %DL: 6559
  10807       DL 1.94 ; %DL: 6559
  10808       DL 0.3 ; %DL: 6559
  10809       DL 1.94 ; %DL: 6559
  10810       DL 0.299 ; %DL: 6559
  10811       DL 0.3 ; %DL: 6559
  10812       DL 0.076 ; %DL: 6559
  10813       QUAD 0.45 0 Q9W2SS ; %QUAD:10321
  10814       DL 5.144 ; %DL: 6559
  10815       DL 0.3 ; %DL: 6559
  10816       DL 0.076 ; %DL: 6559
  10817       QUAD 0.235 0 QDS ; %QUAD:10321
  10818       QUAD 0.235 0 QDS ; %QUAD:10321
  10819       DL 5.1815 ; %DL: 6559
  10820       DL 0.3 ; %DL: 6559
  10821       DL 0.076 ; %DL: 6559
  10822       QUAD 0.375 0 Q7W2SS ; %QUAD:10321
  10823       DL 0.7125 ; %DL: 6559
  10824       DL 1.94 ; %DL: 6559
  10825       DL 0.3 ; %DL: 6559
  10826       DL 1.94 ; %DL: 6559
  10827       DL 0.215 ; %DL: 6559
  10828       DL 0.085 ; %DL: 6559
  10829       QUAD 0.785 0 Q6W2 ; %QUAD:10321
  10830       DL 0.11787 ; %DL: 6559
  10831       DL 0.3 ; %DL: 6559
  10832       DL 0.1 ; %DL: 6559
  10833       QUAD 0.69 0 Q5W2 ; %QUAD:10321
  10834       DL 0.47; %DL: 6559
  10835       QUAD 0.47 0 QM1 ; %QUAD:10321
  10836       DL 0.18; %DL: 6559
  10837       SBEND 0.5 -0.1570836107 0 0 0 0 0 0 0; %SBEND:10385
  10838       DL 1.0 ; %DL: 6559
  10839       QUAD 0.47 0 QBP1 ; %QUAD:10321
  10840       DL 1.0 ; %DL: 6559
  10841       QUAD 0.47 0 QBP2 ; %QUAD:10321
  10842       DL 1.0 ; %DL: 6559
  10843       QUAD 0.47 0 QBP1 ; %QUAD:10321
  10844       DL 1.0 ; %DL: 6559
  10845       SBEND 0.5 0.1570836107 0 0 0 0 0 0 0; %SBEND:10385
  10846       DL 0.18; %DL: 6559
  10847       QUAD 0.47 0 QM1 ; %QUAD:10321
  10848       DL 0.47; %DL: 6559
  10849       QUAD 0.69 0 Q5W2 ; %QUAD:10321
  10850       DL 0.1 ; %DL: 6559
  10851       DL 0.3 ; %DL: 6559
  10852       DL 0.11787 ; %DL: 6559
  10853       QUAD 0.785 0 Q6W2 ; %QUAD:10321
  10854       DL 0.085 ; %DL: 6559
  10855       DL 0.215 ; %DL: 6559
  10856       SBEND 1.94 0.07853981588 0 0.03926990817 0.03586152553 0.0392699
                  0817 0.03586152553 0.5 0.5 ; %SBEND:10385
  10857       DL 0.3 ; %DL: 6559
  10858       SBEND 1.94 0.07853981588 0 0.03926990817 0.03586152553 0.0392699
                  0817 0.03586152553 0.5 0.5 ; %SBEND:10385
  10859       DL 0.3365 ; %DL: 6559
  10860       DL 0.3 ; %DL: 6559
  10861       DL 0.076 ; %DL: 6559
  10862       QUAD 0.375 0 Q7W2 ; %QUAD:10321
  10863       DL 5.1815 ; %DL: 6559
  10864       DL 0.3 ; %DL: 6559
  10865       DL 0.076 ; %DL: 6559
  10866       QUAD 0.235 0 QD ; %QUAD:10321
  10867       QUAD 0.235 0 QD ; %QUAD:10321
  10868       DL 5.144 ; %DL: 6559
  10869       DL 0.3 ; %DL: 6559
  10870       DL 0.076 ; %DL: 6559
  10871       QUAD 0.45 0 Q9W2 ; %QUAD:10321
  10872       DL 0.675 ; %DL: 6559
  10873       SBEND 1.94 0.07853981588 0 0.03926990817 0.03586152553 0.0392699
                  0817 0.03586152553 0.5 0.5 ; %SBEND:10385
  10874       DL 0.3 ; %DL: 6559
  10875       SBEND 1.94 0.07853981588 0 0.03926990817 0.03586152553 0.0392699
                  0817 0.03586152553 0.5 0.5 ; %SBEND:10385
  10876       DL 0.289 ; %DL: 6559
  10877       MH LEN_S SD 0.05; %MH: 7153
  10878       DL 0.076 ; %DL: 6559
  10879       QUAD 0.235 0 QD ; %QUAD:10321
  10880       QUAD 0.235 0 QD ; %QUAD:10321
  10881       DL 0.665 ; %DL: 6559
  10882       SBEND 1.94 0.07853981588 0 0.03926990817 0.03586152553 0.0392699
                  0817 0.03586152553 0.5 0.5 ; %SBEND:10385
  10883       DL 0.3 ; %DL: 6559
  10884       SBEND 1.94 0.07853981588 0 0.03926990817 0.03586152553 0.0392699
                  0817 0.03586152553 0.5 0.5 ; %SBEND:10385
  10885       DL 0.289 ; %DL: 6559
  10886       MH LEN_S SF 0.05; %MH: 7153
  10887       DL 0.076 ; %DL: 6559
  10888       QUAD 0.235 0 QF1 ; %QUAD:10321
  10889       QUAD 0.235 0 QF1 ; %QUAD:10321
  10890       DL 0.665 ; %DL: 6559
  10891       SBEND 1.94 0.07853981588 0 0.03926990817 0.03586152553 0.0392699
                  0817 0.03586152553 0.5 0.5 ; %SBEND:10385
  10892       DL 0.3 ; %DL: 6559
  10893       SBEND 1.94 0.07853981588 0 0.03926990817 0.03586152553 0.0392699
                  0817 0.03586152553 0.5 0.5 ; %SBEND:10385
  10894       DL 0.289 ; %DL: 6559
  10895       MH LEN_S SD 0.05; %MH: 7153
  10896       DL 0.076 ; %DL: 6559
  10897       QUAD 0.235 0 QD ; %QUAD:10321
  10898       QUAD 0.235 0 QD ; %QUAD:10321
  10899       DL 0.665 ; %DL: 6559
  10900       SBEND 1.94 0.07853981588 0 0.03926990817 0.03586152553 0.0392699
                  0817 0.03586152553 0.5 0.5 ; %SBEND:10385
  10901       DL 0.3 ; %DL: 6559
  10902       SBEND 1.94 0.07853981588 0 0.03926990817 0.03586152553 0.0392699
                  0817 0.03586152553 0.5 0.5 ; %SBEND:10385
  10903       DL 0.289 ; %DL: 6559
  10904       MH LEN_S SF 0.05; %MH: 7153
  10905       DL 0.076 ; %DL: 6559
  10906       QUAD 0.235 0 QF1 ; %QUAD:10321
  10907       QUAD 0.235 0 QF1 ; %QUAD:10321
  10908       DL 0.665 ; %DL: 6559
  10909       SBEND 1.94 0.07853981588 0 0.03926990817 0.03586152553 0.0392699
                  0817 0.03586152553 0.5 0.5 ; %SBEND:10385
  10910       DL 0.3 ; %DL: 6559
  10911       SBEND 1.94 0.07853981588 0 0.03926990817 0.03586152553 0.0392699
                  0817 0.03586152553 0.5 0.5 ; %SBEND:10385
  10912       DL 0.289 ; %DL: 6559
  10913       MH LEN_S SD 0.05; %MH: 7153
  10914       DL 0.076 ; %DL: 6559
  10915       QUAD 0.235 0 QD ; %QUAD:10321
  10916       QUAD 0.235 0 QD ; %QUAD:10321
  10917       DL 0.665 ; %DL: 6559
  10918       SBEND 1.94 0.07853981588 0 0.03926990817 0.03586152553 0.0392699
                  0817 0.03586152553 0.5 0.5 ; %SBEND:10385
  10919       DL 0.3 ; %DL: 6559
  10920       SBEND 1.94 0.07853981588 0 0.03926990817 0.03586152553 0.0392699
                  0817 0.03586152553 0.5 0.5 ; %SBEND:10385
  10921       DL 0.289 ; %DL: 6559
  10922       MH LEN_S SF 0.05; %MH: 7153
  10923       DL 0.076 ; %DL: 6559
  10924       QUAD 0.235 0 QF1 ; %QUAD:10321
  10925       QUAD 0.235 0 QF1 ; %QUAD:10321
  10926       DL 0.665 ; %DL: 6559
  10927       SBEND 1.94 0.07853981588 0 0.03926990817 0.03586152553 0.0392699
                  0817 0.03586152553 0.5 0.5 ; %SBEND:10385
  10928       DL 0.3 ; %DL: 6559
  10929       SBEND 1.94 0.07853981588 0 0.03926990817 0.03586152553 0.0392699
                  0817 0.03586152553 0.5 0.5 ; %SBEND:10385
  10930       DL 0.289 ; %DL: 6559
  10931       MH LEN_S SD 0.05; %MH: 7153
  10932       DL 0.076 ; %DL: 6559
  10933       QUAD 0.235 0 QD ; %QUAD:10321
  10934       QUAD 0.235 0 QD ; %QUAD:10321
  10935       DL 0.665 ; %DL: 6559
  10936       SBEND 1.94 0.07853981588 0 0.03926990817 0.03586152553 0.0392699
                  0817 0.03586152553 0.5 0.5 ; %SBEND:10385
  10937       DL 0.3 ; %DL: 6559
  10938       SBEND 1.94 0.07853981588 0 0.03926990817 0.03586152553 0.0392699
                  0817 0.03586152553 0.5 0.5 ; %SBEND:10385
  10939       DL 0.289 ; %DL: 6559
  10940       MH LEN_S SF 0.05; %MH: 7153
  10941       DL 0.076 ; %DL: 6559
  10942       QUAD 0.235 0 QF1 ; %QUAD:10321
  10943       QUAD 0.235 0 QF1 ; %QUAD:10321
  10944       DL 0.665 ; %DL: 6559
  10945       SBEND 1.94 0.07853981588 0 0.03926990817 0.03586152553 0.0392699
                  0817 0.03586152553 0.5 0.5 ; %SBEND:10385
  10946       DL 0.3 ; %DL: 6559
  10947       SBEND 1.94 0.07853981588 0 0.03926990817 0.03586152553 0.0392699
                  0817 0.03586152553 0.5 0.5 ; %SBEND:10385
  10948       DL 0.289 ; %DL: 6559
  10949       MH LEN_S SD 0.05; %MH: 7153
  10950       DL 0.076 ; %DL: 6559
  10951       QUAD 0.235 0 QD ; %QUAD:10321
  10952       ENDLOOP;
  10953     ENDPROCEDURE;
 --- BIN FILE WRITTEN: BYPASS_3_quad_SEQ
  10954   SAVE 'BYPASS_3_quad_SEQ';
