 --- BIN FILE READ: BYPASS_SEQ
  10944 INCLUDE 'BYPASS_SEQ';
  10945   PROCEDURE MAIN;
  10946     VARIABLE WHERE 100;
  10947     VARIABLE MRKR 10;
  10948     VARIABLE GAMMA 1;
  10949     VARIABLE MAPSE 1;
  10950     VARIABLE MU 800;
  10951     VARIABLE NBAR 800 3;
  10952     VARIABLE EL 1;
  10953     VARIABLE PNUM 1;
  10954     VARIABLE PSI0_DEG 1;
  10955     VARIABLE NTURN 1;
  10956     VARIABLE TUNE 800 3;
  10957     VARIABLE MU_TP 800 3;
  10958     VARIABLE CHROM_X 1;
  10959     VARIABLE CHROM_Y 1;
  10960     VARIABLE SGX1 1;
  10961     VARIABLE SGX2 1;
  10962     VARIABLE SGY1 1;
  10963     VARIABLE SGY2 1;
  10964     VARIABLE EB1 1;
  10965     VARIABLE A 100 2 ;
  10966     VARIABLE B 100 2 ;
  10967     VARIABLE G 100 2 ;
  10968     VARIABLE R 100 2 ;
  10969     VARIABLE F 100 6 ;
  10970     GROUTF 'img/dump/TR' 1;
  10971     GAMMA := 1.12792344429;
  10972     MRKR := 'CHROM_5_quad';
  10973     OV 3 2 1; %OV:  969
  10974     SET_FOR_DEUTERONS GAMMA; %SET_FOR_DEUTERONS:10561
  10975     EB1 := 0.0;
  10976     SGX1 :=  0.0;
  10977     SGY2  := 0.0;
  10978     LATTICE SGX1 SGY1 EB1 0; %LATTICE:10580
  10979     PM 6; %PM: 1574
  10980     WRITE 6 '++++++++++ Magnetic Rigidity';
  10981     WRITE 6 CONS(CHIM);
  10982     TP MU_TP ; %TP: 3955
  10983     WRITE 6 'DELTA DEPENDENT TUNES' MU_TP(1) MU_TP(2) ;
  10984     CHROM_X:= (MU_TP(1)|(0&0&0&0&1))*(1+1/GAMMA);
  10985     CHROM_Y:= (MU_TP(2)|(0&0&0&0&1))*(1+1/GAMMA);
  10986     WRITE 6 'CHROM_X' CHROM_X 'CHROM_Y' CHROM_Y;
  10987     LOOP EL 1 3;
  10988       OPENF 3618 'dat/'&MRKR&'/MU_TP'&MRK(EL)&'_'&MRKR&'.dat' 'REPLACE
                  '; %MRK: 9786
  10989       WRITE 3618 MU_TP(EL);
  10990       CLOSEF 3618;
  10991       ENDLOOP;
  10992     GT MAP F MU_TP A B G R ; %GT: 3643
  10993     WRITE 6 ' DELTA DEPENDENT ALPHAS ' A(1) A(2) ;
  10994     ENDPROCEDURE;
  10995   PROCEDURE RUN;
  10996     MAIN; %MAIN:10945
  10997     ENDPROCEDURE;
  10998   RUN; %RUN:10995
