 --- BIN FILE READ: BYPASS_SEQ_maps_WF
  11604 INCLUDE 'BYPASS_SEQ_maps_WF';
  11605   PROCEDURE INJECT;
  11606     CR; %CR:  947
  11607     SR 0 0 0 0 0 0 0 0 1; %SR: 2082
  11608     SSR 0 0 1; %SSR: 2197
  11609     SR 1E-3 0 0 0 0 0 0 0 1; %SR: 2082
  11610     SSR 0 0 1; %SSR: 2197
  11611     SR 0 0 0 0 0 1E-4 0 0 1; %SR: 2082
  11612     SSR 0 0 1; %SSR: 2197
  11613     SR .5E-3 0 0 0 0 0 0 0 1; %SR: 2082
  11614     SSR 0 0 1; %SSR: 2197
  11615     SR 0 0 .5E-3 0 0 0 0 0 1; %SR: 2082
  11616     SSR 0 0 1; %SSR: 2197
  11617     ENDPROCEDURE;
  11618   PROCEDURE INJECT1 NUM;
  11619     VARIABLE X 100;
  11620     VARIABLE I 1;
  11621     CR; %CR:  947
  11622     X := LINSPACE(-1E-3, 1E-3, NUM); %LINSPACE: 9840
  11623     LOOP I 1 NUM;
  11624       SR X|I 0 0 0 0 0 0 0 1; %SR: 2082
  11625       SSR 0 0 1; %SSR: 2197
  11626       SR 0 0 X|I 0 0 0 0 0 1; %SR: 2082
  11627       SSR 0 0 1; %SSR: 2197
  11628       SR 0 0 0 0 0 (X|I)/10 0 0 1; %SR: 2082
  11629       SSR 0 0 1; %SSR: 2197
  11630       ENDLOOP;
  11631     ENDPROCEDURE;
  11632   PROCEDURE INJECT_SPIN NUM;
  11633     VARIABLE T 100;
  11634     VARIABLE C 100;
  11635     VARIABLE S 100;
  11636     VARIABLE I 1;
  11637     T := LINSPACE(0, 2*PI, NUM); %LINSPACE: 9840
  11638     C := COS(T);
  11639     S := SIN(T);
  11640     CR; %CR:  947
  11641     LOOP I 1 NUM;
  11642       SR 0 0 0 0 0 0 0 0 1; %SR: 2082
  11643       SSR C|I S|I 0; %SSR: 2197
  11644       SR 0 0 0 0 0 0 0 0 1; %SR: 2082
  11645       SSR C|I 0 S|I; %SSR: 2197
  11646       SR 0 0 0 0 0 0 0 0 1; %SR: 2082
  11647       SSR 0 C|I S|I; %SSR: 2197
  11648       ENDLOOP;
  11649     ENDPROCEDURE;
  11650   PROCEDURE RUN;
  11651     VARIABLE WHERE 100;
  11652     VARIABLE MAPPARAMS 1 6;
  11653     VARIABLE MAPARR 1000 6 324;
  11654     VARIABLE SPNRARR 1000 3 3 324;
  11655     VARIABLE SGX1 1;
  11656     VARIABLE SGY1 1;
  11657     VARIABLE EB1 1;
  11658     GROUTF 'img/dump/TR' 1;
  11659     OV 3 3 0; %OV:  969
  11660     DAEPS 1E-12;
  11661     SET_FOR_DEUTERONS 1.12792344429; %SET_FOR_DEUTERONS:10561
  11662     EB1 := 99.14849674631157;
  11663     SGX1 :=  0.0;
  11664     SGY1  := 0.0;
  11665     LATTICE SGX1 SGY1 EB1 0 MAPARR SPNRARR; %LATTICE:10580
  11666     INJECT1 10; %INJECT1:11618
  11667     OPENF 924 'TRPRAY_SEQ.dat' 'REPLACE';
  11668     OPENF 925 'TRPSPI_SEQ.dat' 'REPLACE';
  11669     TREL MAPARR SPNRARR 1 324 1 924 925; %TREL:10140
  11670     CLOSEF 924;
  11671     CLOSEF 925;
  11672     ENDPROCEDURE;
  11673   RUN; %RUN:11650
