 --- BIN FILE READ: BYPASS_SEQ_WF
  10956 INCLUDE 'BYPASS_SEQ_WF';
  10957   PROCEDURE OPTIMIZE_OLD SEXTGX1 SEXTGX2 SEXTGY EBE BBE;
  10958     VARIABLE OBJ 1;
  10959     VARIABLE EB1 1;
  10960     VARIABLE EB2 1;
  10961     VARIABLE SXX 1;
  10962     VARIABLE SYY 1;
  10963     VARIABLE SZZ 1;
  10964     VARIABLE SXZ 1;
  10965     VARIABLE SGX1 1;
  10966     VARIABLE SGX2 1;
  10967     VARIABLE SGY 1;
  10968     SGX1 := SEXTGX1;
  10969     SGX2 := SEXTGX2;
  10970     SGY := SEXTGY;
  10971     EB1 := EBE;
  10972     EB2 := BBE;
  10973     FIT EB1 EB2;
  10974       LATTICE SGX1 SGX2 SGY EB1 EB2 1; %LATTICE:10580
  10975       SXX := CONS(SPNR(1,1));
  10976       SXZ := CONS(SPNR(1,3));
  10977       SYY := CONS(SPNR(2,2));
  10978       SZZ := CONS(SPNR(3,3));
  10979       WRITE 6 'SXX = '&ST(SXX);
  10980       WRITE 6 'SXZ = '&ST(SXZ);
  10981       WRITE 6 'SZZ = '&ST(SZZ);
  10982       OBJ := SQRT(SQR(SXX-1) + SQR(SXZ));
  10983       WRITE 6 'EBE, BBE = '&ST(EB1)&', '&ST(EB2);
  10984       WRITE 6 'OBJ ='&ST(OBJ);
  10985       ENDFIT 1E-12 1000 1 OBJ;
  10986     EBE := EB1;
  10987     BBE := EB2;
  10988     ENDPROCEDURE;
  10989   PROCEDURE OPTIMIZE SEXTGX1 SEXTGY1 EBE;
  10990     VARIABLE MU 800;
  10991     VARIABLE NBAR 800 3;
  10992     VARIABLE MU0 1;
  10993     VARIABLE OBJ1 1;
  10994     VARIABLE OBJ2 1;
  10995     VARIABLE OBJ 1;
  10996     VARIABLE SGX1 1;
  10997     VARIABLE SGY1 1;
  10998     VARIABLE EB1 1;
  10999     VARIABLE GAMMA 1;
  11000     WRITE 6 'BEGIN';
  11001     SGX1 := SEXTGX1;
  11002     SGY1 := SEXTGY1;
  11003     EB1 := EBE;
  11004     WRITE 6 'SGx1, SGy1, EB1= '&ST(SGX1)&' '&ST(SGY1)&' '&ST(EB1);
  11005     GAMMA := 1.12792344429;
  11006     FIT EB1;
  11007       LATTICE SGX1 SGY1 EB1 1; %LATTICE:10580
  11008       WRITE 6 'LATTICE ALREADY READ';
  11009       TSS MU NBAR 0; %TSS: 4289
  11010       WRITE 6 'TSS DONE';
  11011       MU0 := CONS(MU);
  11012       OBJ := ABS(MU0);
  11013       WRITE 6 'EBE, MU0 = '&ST(EB1)&', '&ST(MU0);
  11014       WRITE 6 'OBJ ='&ST(OBJ);
  11015       ENDFIT 1E-15 1000 1 OBJ;
  11016     EBE := EB1;
  11017     ENDPROCEDURE;
  11018   PROCEDURE MAIN;
  11019     VARIABLE GAMMA 1;
  11020     VARIABLE SGX1 1;
  11021     VARIABLE SGY1 1;
  11022     VARIABLE EB1 1;
  11023     VARIABLE EB2 2;
  11024     VARIABLE LEN_S 1;
  11025     VARIABLE A 1;
  11026     VARIABLE MU 800;
  11027     VARIABLE NBAR 800 3;
  11028     GAMMA := 1.12792344429;
  11029     A := 0.05;
  11030     LEN_S := 0.30;
  11031     SGX1 :=  0.0;
  11032     SGY1  := 0.0;
  11033     OV 3 3 0; %OV:  969
  11034     SET_FOR_DEUTERONS GAMMA; %SET_FOR_DEUTERONS:10561
  11035     EB1 := 99.0;
  11036     WRITE 6 'SGx1, SGy1, EB1 = '&ST(SGX1)&' '&ST(SGY1)&' '&ST(EB1);
  11037     OPTIMIZE SGX1 SGY1 EB1; %OPTIMIZE:10989
  11038     WRITE 6 'USE SGx1, SGy1, EB1 = '&ST(SGX1)&' '&ST(SGY1)&' '&ST(EB1)
                  ;
  11039     ENDPROCEDURE;
  11040   PROCEDURE RUN;
  11041     MAIN; %MAIN:11018
  11042     ENDPROCEDURE;
  11043   RUN; %RUN:11040
