 --- BIN FILE READ: BYPASS_SEQ_WF
  10956 INCLUDE 'BYPASS_SEQ_WF';
  10957   PROCEDURE OPTIMIZE_CHROM SEXTGX1 SEXTGX2 SEXTGY1 SEXTGY2 EBE;
  10958     VARIABLE MU 800;
  10959     VARIABLE NBAR 800 3;
  10960     VARIABLE OBJ1 1;
  10961     VARIABLE OBJ2 1;
  10962     VARIABLE OBJ 1;
  10963     VARIABLE SGX1 1;
  10964     VARIABLE SGX2 1;
  10965     VARIABLE SGY1 1;
  10966     VARIABLE SGY2 1;
  10967     VARIABLE EB1 1;
  10968     VARIABLE EB2 1;
  10969     VARIABLE E1 1;
  10970     VARIABLE GAMMA 1;
  10971     VARIABLE CHROM_X 1;
  10972     VARIABLE CHROM_Y 1;
  10973     VARIABLE CHROM_X_1 1;
  10974     VARIABLE CHROM_Y_1 1;
  10975     VARIABLE QUADKX 1;
  10976     VARIABLE QUADKY 1;
  10977     VARIABLE QUADKZ 1;
  10978     VARIABLE MU0 1;
  10979     VARIABLE MU_TP 800 3;
  10980     WRITE 6 'BEGIN';
  10981     SGX1 := SEXTGX1;
  10982     SGX2 := SEXTGX2;
  10983     SGY1 := SEXTGY1;
  10984     SGY2 := SEXTGY2;
  10985     EB1 := EBE;
  10986     WRITE 6 'SGx1, SGx2, SGy1, SGy2, EB1 = '&ST(SGX1)&' '&ST(SGX2)&' '
                  &ST(SGY1)&' '&ST(SGY2)&' '&ST(EB1);
  10987     GAMMA := 1.12792344429;
  10988     FIT SGX1 SGX2 SGY1 SGY2;
  10989       LATTICE SGX1 SGX2 SGY1 SGY2 EB1 1; %LATTICE:10580
  10990       TP MU_TP; %TP: 3955
  10991       CHROM_X:= (MU_TP(1)|(0&0&0&0&1))*(1+1/GAMMA);
  10992       CHROM_Y:= (MU_TP(2)|(0&0&0&0&1))*(1+1/GAMMA);
  10993       CHROM_X_1:= MU_TP(1)|(0&0&0&0&2);
  10994       CHROM_Y_1:= MU_TP(1)|(0&0&0&0&2);
  10995       OBJ:= SQRT(SQR(CHROM_X) + SQR(CHROM_Y));
  10996       WRITE 6 'SGx1, SGx2, SGy1, SGy2, EB1 = '&ST(SGX1)&' '&ST(SGX2)&'
                   '&ST(SGY1)&' '&ST(SGY2)&' '&ST(EB1);
  10997       WRITE 6 'CHROM_X, CHROM_Y, CHROM_X_1, CHROM_Y_1='&ST(CHROM_X)&' 
                  '&ST(CHROM_Y)&' '&ST(CHROM_X_1)&' '&ST(CHROM_Y_1);
  10998       WRITE 6 'OBJ ='&ST(OBJ);
  10999       ENDFIT 1E-5 2000 1 OBJ;
  11000     WRITE 6 '====================================';
  11001     WRITE 6 'SGx1, SGx2, SGy1, SGy2, EB1 = '&ST(SGX1)&' '&ST(SGX2)&' '
                  &ST(SGY1)&' '&ST(SGY2)&' '&ST(EB1);
  11002     WRITE 6 'CHROM_X, CHROM_Y='&ST(CHROM_X)&' '&ST(CHROM_Y);
  11003     WRITE 6 'OBJ ='&ST(OBJ);
  11004     SEXTGX1 := SGX1;
  11005     SEXTGX2 := SGX2;
  11006     SEXTGY1 := SGY1;
  11007     SEXTGY2 := SGY2;
  11008     ENDPROCEDURE;
  11009   PROCEDURE OPTIMIZE SEXTGX1 SEXTGY1 EBE;
  11010     VARIABLE MU 800;
  11011     VARIABLE NBAR 800 3;
  11012     VARIABLE OBJ1 1;
  11013     VARIABLE OBJ2 1;
  11014     VARIABLE OBJ 1;
  11015     VARIABLE SGX1 1;
  11016     VARIABLE SGX2 1;
  11017     VARIABLE SGY1 1;
  11018     VARIABLE SGY2 1;
  11019     VARIABLE EB1 1;
  11020     VARIABLE EB2 1;
  11021     VARIABLE E1 1;
  11022     VARIABLE GAMMA 1;
  11023     VARIABLE CHROM_X 1;
  11024     VARIABLE CHROM_Y 1;
  11025     VARIABLE QUADKX 1;
  11026     VARIABLE QUADKY 1;
  11027     VARIABLE QUADKZ 1;
  11028     VARIABLE MU0 1;
  11029     VARIABLE MU_TP 800 3;
  11030     WRITE 6 'BEGIN';
  11031     SGX1 := SEXTGX1;
  11032     SGY1 := SEXTGY1;
  11033     EB1 := EBE;
  11034     WRITE 6 'SGx1, SGy1, EB1 = '&ST(SGX1)&' '&ST(SGY1)&' '&ST(EB1);
  11035     GAMMA := 1.12792344429;
  11036     FIT SGX1 SGY1;
  11037       LATTICE SGX1 SGY1 EB1 1; %LATTICE:10580
  11038       TSS MU NBAR 0; %TSS: 4289
  11039       MU0 := CONS(MU);
  11040       DAPEE MU 11 QUADKX;
  11041       DAPEE MU 33 QUADKY;
  11042       OBJ := SQRT(SQR(QUADKX) + SQR(QUADKY));
  11043       WRITE 6 'SGx1, SGy1, EB1 = '&ST(SGX1)&' '&ST(SGY1)&' '&ST(EB1);
  11044       WRITE 6 'quadKx, quadKy= '&ST(QUADKX)&' '&ST(QUADKY);
  11045       WRITE 6 'MU0 = '&ST(MU0);
  11046       WRITE 6 'OBJ ='&ST(OBJ);
  11047       ENDFIT 1E-9 2000 1 OBJ;
  11048     WRITE 6 '====================================';
  11049     WRITE 6 'SGx1, SGy1, EB1 = '&ST(SGX1)&' '&ST(SGY1)&' '&ST(EB1);
  11050     WRITE 6 'quadKx, quadKy= '&ST(QUADKX)&' '&ST(QUADKY);
  11051     WRITE 6 'MU0 = '&ST(MU0);
  11052     WRITE 6 'OBJ ='&ST(OBJ);
  11053     SEXTGX1 := SGX1;
  11054     SEXTGY1 := SGY1;
  11055     ENDPROCEDURE;
  11056   PROCEDURE MAIN;
  11057     VARIABLE GAMMA 1;
  11058     VARIABLE SGX1 1;
  11059     VARIABLE SGX2 1;
  11060     VARIABLE SGY1 1;
  11061     VARIABLE SGY2 1;
  11062     VARIABLE EB1 1;
  11063     VARIABLE MU 800;
  11064     VARIABLE NBAR 800 3;
  11065     GAMMA := 1.12792344429;
  11066     OV 3 3 0; %OV:  969
  11067     SET_FOR_DEUTERONS GAMMA; %SET_FOR_DEUTERONS:10561
  11068     EB1 := 99.04;
  11069     SGX1 :=  0.0;
  11070     SGY1  := 0.0;
  11071     WRITE 6 'SGx1, SGy1, EB1 = '&ST(SGX1)&' '&ST(SGY1)&' '&ST(EB1);
  11072     OPTIMIZE SGX1 SGY1 EB1; %OPTIMIZE:11009
  11073     WRITE 6 'USE SGx1, SGy1, EB1 = '&ST(SGX1)&' '&ST(SGY1)&' '&ST(EB1)
                  ;
  11074     ENDPROCEDURE;
  11075   PROCEDURE RUN;
  11076     MAIN; %MAIN:11056
  11077     ENDPROCEDURE;
  11078   RUN; %RUN:11075
