 --- BIN FILE READ: BYPASS_SEQ_WF
  10956 INCLUDE 'BYPASS_SEQ_WF';
  10957   PROCEDURE MAIN;
  10958     VARIABLE WHERE 100;
  10959     VARIABLE MRKR 10;
  10960     VARIABLE GAMMA 1;
  10961     VARIABLE MAPSE 1;
  10962     VARIABLE MU 800;
  10963     VARIABLE NBAR 800 3;
  10964     VARIABLE EL 1;
  10965     VARIABLE PNUM 1;
  10966     VARIABLE PSI0_DEG 1;
  10967     VARIABLE NTURN 1;
  10968     VARIABLE TUNE 800 3;
  10969     VARIABLE MU_TP 800 3;
  10970     VARIABLE CHROM_X 1;
  10971     VARIABLE CHROM_Y 1;
  10972     VARIABLE SGX1 1;
  10973     VARIABLE SGX2 1;
  10974     VARIABLE SGY1 1;
  10975     VARIABLE SGY2 2;
  10976     VARIABLE EB1 1;
  10977     VARIABLE EB2 1;
  10978     GROUTF 'img/dump/TR' 1;
  10979     GAMMA := 1.12792344429;
  10980     MRKR := '5_qu_WF_45';
  10981     OV 3 3 0; %OV:  969
  10982     DAEPS 1E-12;
  10983     SET_FOR_DEUTERONS GAMMA; %SET_FOR_DEUTERONS:10561
  10984     EB1 := 99.04;
  10985     SGX1 :=  0.1040199617883203E-002;
  10986     SGY1  := 0.1355600297070263E-003;
  10987     LATTICE SGX1 SGY1 EB1 1; %LATTICE:10580
  10988     PM 6; %PM: 1574
  10989     WRITE 6 '++++++++++ Magnetic Rigidity';
  10990     WRITE 6 CONS(CHIM);
  10991     TSS MU NBAR 0; %TSS: 4289
  10992     OPENF 3618 'dat/'&MRKR&'/NU_'&MRKR&'.dat' 'REPLACE';
  10993     WRITE 3618 MU;
  10994     CLOSEF 3618;
  10995     LOOP EL 1 3;
  10996       OPENF 3618 'dat/'&MRKR&'/NBAR'&MRK(EL)&'_'&MRKR&'.dat' 'REPLACE'
                  ; %MRK: 9786
  10997       WRITE 3618 NBAR(EL);
  10998       CLOSEF 3618;
  10999       ENDLOOP;
  11000     OPENF 636 'dat/'&MRKR&'/TrMAP_'&MRKR&'.dat' 'REPLACE';
  11001     PM 636; %PM: 1574
  11002     CLOSEF 636;
  11003     OPENF 636 'dat/'&MRKR&'/SpTrMAP_'&MRKR&'.dat' 'REPLACE';
  11004     PSM 636; %PSM: 1582
  11005     CLOSEF 636;
  11006     OPENF 636 'dat/'&MRKR&'/ABERRATIONS_'&MRKR&'.dat' 'REPLACE';
  11007     PA 636; %PA: 1841
  11008     CLOSEF 636;
  11009     MAPSE := SE(MAP); %SE: 3017
  11010     OPENF 636 'dat/'&MRKR&'/MAP-SYM-ERR_'&MRKR&'.dat' 'REPLACE';
  11011     WRITE 636 MAPSE;
  11012     CLOSEF 636;
  11013     WRITE 6 'dat/'&MRKR&'/MAP SYMPLECTIFICATION ERROR.dat' MAPSE;
  11014     WRITE 6 'dat/'&MRKR&'/LATTICE LENGTH.dat' SPOS;
  11015     ENDPROCEDURE;
  11016   PROCEDURE RUN;
  11017     MAIN; %MAIN:10957
  11018     ENDPROCEDURE;
  11019   RUN; %RUN:11016
