 --- BIN FILE READ: BYPASS_SEQ_WF
  10956 INCLUDE 'BYPASS_SEQ_WF';
  10957   PROCEDURE INJECT NUM PSI_DEG;
  10958     VARIABLE X 100;
  10959     VARIABLE I 1;
  10960     VARIABLE PSI 1;
  10961     VARIABLE SY 1;
  10962     VARIABLE SZ 1;
  10963     PSI := DEG2RAD(PSI_DEG); %DEG2RAD: 9856
  10964     X := LINSPACE(-1E-3, 1E-3, NUM); %LINSPACE: 9840
  10965     SY := SIN(PSI);
  10966     SZ := COS(PSI);
  10967     SR 0 0 0 0 0 0 0 0 1; %SR: 2082
  10968     SSR 0 SY SZ; %SSR: 2197
  10969     LOOP I 1 NUM;
  10970       SR X|I 0 0 0 0 0 0 0 1; %SR: 2082
  10971       SSR 0 SY SZ; %SSR: 2197
  10972       SR 0 0 X|I 0 0 0 0 0 1; %SR: 2082
  10973       SSR 0 SY SZ; %SSR: 2197
  10974       SR 0 0 0 0 0 (X|I)/10 0 0 1; %SR: 2082
  10975       SSR 0 SY SZ; %SSR: 2197
  10976       ENDLOOP;
  10977     ENDPROCEDURE;
  10978   PROCEDURE MAIN;
  10979     VARIABLE WHERE 100;
  10980     VARIABLE MRKR 10;
  10981     VARIABLE GAMMA 1;
  10982     VARIABLE MAPSE 1;
  10983     VARIABLE MU 800;
  10984     VARIABLE NBAR 800 3;
  10985     VARIABLE EL 1;
  10986     VARIABLE PNUM 1;
  10987     VARIABLE PSI0_DEG 1;
  10988     VARIABLE NTURN 1;
  10989     VARIABLE SGX1 1;
  10990     VARIABLE SGY1 1;
  10991     VARIABLE EB1 1;
  10992     VARIABLE EB2 1;
  10993     GROUTF 'img/dump/TR' 1;
  10994     GAMMA := 1.12792344429;
  10995     NTURN := 3000000;
  10996     PSI0_DEG := 0;
  10997     PNUM := 10;
  10998     MRKR := '5_qu_WF_0';
  10999     OV 3 3 0; %OV:  969
  11000     DAEPS 1E-12;
  11001     SET_FOR_DEUTERONS GAMMA; %SET_FOR_DEUTERONS:10561
  11002     EB1 := 99.14849674631157;
  11003     SGX1 :=  0.0;
  11004     SGY1  := 0.0;
  11005     LATTICE SGX1 SGY1 EB1 1; %LATTICE:10580
  11006     PM 6; %PM: 1574
  11007     WRITE 6 '++++++++++ Magnetic Rigidity';
  11008     WRITE 6 CONS(CHIM);
  11009     INJECT PNUM PSI0_DEG; %INJECT:10957
  11010     WRITE 6 '******************** STARTING TRACKING';
  11011     OPENF 99 'dat/'&MRKR&'/PRAY_'&MRKR&'.dat' 'REPLACE';
  11012     PRAY 99; %PRAY: 2299
  11013     CLOSEF 99;
  11014     OPENF 772 'dat/'&MRKR&'/TRPRAY_'&MRKR&'.dat' 'REPLACE';
  11015     OPENF 893 'dat/'&MRKR&'/TRPSPI_'&MRKR&'.dat' 'REPLACE';
  11016     TRPRAY 772; %TRPRAY: 5327
  11017     TRPSPI 893; %TRPSPI: 5337
  11018     TR NTURN NINT(NTURN/5000) -1 -3 1.2 1.2 0 0 -12; %TR: 4756
  11019     CLOSEF 772;
  11020     CLOSEF 893;
  11021     ENDPROCEDURE;
  11022   PROCEDURE RUN;
  11023     MAIN; %MAIN:10978
  11024     ENDPROCEDURE;
  11025   RUN; %RUN:11022
