
  +++++++++++++++++++++++++++++++++++++++++++
  +              MAD-X 3.03.36              +
  + Code Modification Date: 22.12.2006      +
  + Execution Time Stamp: 20.01.07 09.32.58 +
  +++++++++++++++++++++++++++++++++++++++++++
!TITLE,' Example 1 for for MAD-X with PTC_TRACK_RUN';



 eg   :=  100;

 bg   :=  eg/pmass;

 en   := 3.75e-06;

 epsx := en/bg;

 epsy := en/bg;

beam, particle = proton, energy =   eg        , 

                         sigt=      0.077     , 

                         sige=      1.1e-4    , 

                         npart=     1.05e11   , 

                         exn=4*en,  eyn=4*en  , 

                         kbunch = 10,

                         et = 0.002, bv = 1,

                         ex=epsx,   ey=epsy;

value,epsx,epsy;

epsx =    3.518519993e-08 ;
epsy =    3.518519993e-08 ;
option,-echo;



use,period=fivecell;



ptc_create_universe;

 Now PTC
 MAD-X Beam Parameters
            Energy :100.0000
      Kinetic Energy 99.0617
      Partice Rest M  0.9383
          Momentum : 99.9956
 Setting MADx with 
     energy         100.0000000000000
     method         6
     Num. of steps  10
     charge         1.000000000000000
  Length of machine:  534.6000000000002
 The machine is a RING
 ------------------------------------ PTC Survey ------------------------------------
 Before start:  0.000000000000000E+00 0.000000000000000E+00 0.000000000000000E+00
 Before   end:  0.000000000000000E+00 0.000000000000000E+00 0.000000000000000E+00
 After  start:  0.000000000000000E+00 0.000000000000000E+00 0.000000000000000E+00
 After    end:  -40.58075846710216 0.000000000000000E+00 532.5334605317931
 ************ State Summary ****************
 MADTHICK=>KIND =   37  MATRIX-KICK-MATRIX     
  Rectangular Bend: input arc length (rho alpha) 
  Default integration method     6
  Default integration steps     10
 This is a proton 
       EXACT_MODEL =  TRUE 
       TOTALPATH   =  FALSE
       EXACTMIS    =  FALSE
       RADIATION   =  FALSE
       NOCAVITY    =  TRUE 
       TIME        =  TRUE 
       FRINGE      =  FALSE
       PARA_IN     =  FALSE
       ONLY_4D     =  TRUE 
       DELTA       =  FALSE
 Radiation_PTC= F
 
   ================================================================
   ptc_track: The current dimensionality of the problem is icase= 4
   ================================================================
 
 ===== ptc_track ============================
 Closed orbit:  0.000000000000000E+00 0.000000000000000E+00 0.000000000000000E+00 0.000000000000000E+00
 ============================================
 
ptc_create_layout,model=2,method=6,nst=10,exact;



ptc_start, x= 3e-3, px=0, y= 3e-3, py=0;

ptc_start, x= 6e-3, px=0, y= 6e-3, py=0;

ptc_start, x= 9e-3, px=0, y= 9e-3, py=0;

ptc_start, x=12e-3, px=0, y=12e-3, py=0;

ptc_start, x=15e-3, px=0, y=15e-3, py=0;

ptc_start, x=18e-3, px=0, y=18e-3, py=0; 



ptc_track,icase=4,closed_orbit,dump,  

       turns=1000 ,ffile=1; //onetable, turns=1000, norm_no=4; norm_out

enter PTC_TRACK module
obs_points ptc_track: 1 

++++++ table: tracksumm

    number       turn                  x                 px 
         1          0              0.003                  0 
         2          0              0.006                  0 
         3          0              0.009                  0 
         4          0              0.012                  0 
         5          0              0.015                  0 
         6          0              0.018                  0 
         1       1000    -0.002194111075   -7.120506324e-05 
         2       1000     0.003178601378   -3.424654321e-05 
         3       1000       0.0202494848    0.0002548336884 
         4       1000        0.013244639    0.0003392744552 
         5       1000     -0.02265232561   -0.0004636947897 
         6       1000     -0.03461746416   -0.0004060899002 

                 y                 py                  t                 pt 
             0.003                  0                  0                  0 
             0.006                  0                  0                  0 
             0.009                  0                  0                  0 
             0.012                  0                  0                  0 
             0.015                  0                  0                  0 
             0.018                  0                  0                  0 
   0.0003404520799    0.0001012738507                  0                  0 
   -0.001249903177    0.0002495975374                  0                  0 
   -0.005567780754    0.0003856545017                  0                  0 
    -0.01006880728    0.0004688151421                  0                  0 
    -0.02119448116    0.0003400237524                  0                  0 
    0.006142524286   -0.0007966905885                  0                  0 

                 s                  e 
                 0                100 
                 0                100 
                 0                100 
                 0                100 
                 0                100 
                 0                100 
                 0                100 
                 0                100 
                 0                100 
                 0                100 
                 0                100 
                 0                100 

*****  end of ptc_run  *****


plot, file="fv9_1_START",table=track,haxis=x,vaxis=px,

      particle=1,2,3,4,5,6, colour=1000, multiple, symbol=3;

plot, file="fv9_1_START",table=track,haxis=y,vaxis=py,

      particle=1,2,3,4,5,6, colour=1000, multiple, symbol=3;



ptc_track_end;

ptc_end;

stop;


  Number of warnings: 0

  +++++++++++++++++++++++++++++++++++
  + MAD-X 3.03.36 finished normally +
  +++++++++++++++++++++++++++++++++++
